#
# There is insufficient memory for the Java Runtime Environment to continue.
# Native memory allocation (mmap) failed to map 98566144 bytes for G1 virtual space
# Possible reasons:
#   The system is out of physical RAM or swap space
#   The process is running with CompressedOops enabled, and the Java Heap may be blocking the growth of the native heap
# Possible solutions:
#   Reduce memory load on the system
#   Increase physical memory or swap space
#   Check if swap backing store is full
#   Decrease Java heap size (-Xmx/-Xms)
#   Decrease number of Java threads
#   Decrease Java thread stack sizes (-Xss)
#   Set larger code cache with -XX:ReservedCodeCacheSize=
#   JVM is running with Zero Based Compressed Oops mode in which the Java heap is
#     placed in the first 32GB address space. The Java Heap base address is the
#     maximum limit for the native heap growth. Please use -XX:HeapBaseMinAddress
#     to set the Java Heap base and to place the Java Heap above 32GB virtual address.
# This output file may be truncated or incomplete.
#
#  Out of Memory Error (os_windows.cpp:3600), pid=16072, tid=16356
#
# JRE version: Java(TM) SE Runtime Environment (21.0.1+12) (build 21.0.1+12-LTS-29)
# Java VM: Java HotSpot(TM) 64-Bit Server VM (21.0.1+12-LTS-29, mixed mode, sharing, tiered, compressed oops, compressed class ptrs, g1 gc, windows-amd64)
# No core dump will be written. Minidumps are not enabled by default on client versions of Windows
#

---------------  S U M M A R Y ------------

Command Line: --module-path=C:\\Users\\GAMING\\.m2\\repository\\org\\openjfx\\javafx-base\\21.0.1\\javafx-base-21.0.1-win.jar;C:\\Users\\GAMING\\.m2\\repository\\org\\openjfx\\javafx-base\\21.0.1\\javafx-base-21.0.1.jar;C:\\Users\\GAMING\\.m2\\repository\\org\\openjfx\\javafx-controls\\21.0.1\\javafx-controls-21.0.1-win.jar;C:\\Users\\GAMING\\.m2\\repository\\org\\openjfx\\javafx-controls\\21.0.1\\javafx-controls-21.0.1.jar;C:\\Users\\GAMING\\.m2\\repository\\org\\openjfx\\javafx-fxml\\21.0.1\\javafx-fxml-21.0.1-win.jar;C:\\Users\\GAMING\\.m2\\repository\\org\\openjfx\\javafx-fxml\\21.0.1\\javafx-fxml-21.0.1.jar;C:\\Users\\GAMING\\.m2\\repository\\org\\openjfx\\javafx-graphics\\21.0.1\\javafx-graphics-21.0.1-win.jar;C:\\Users\\GAMING\\.m2\\repository\\org\\openjfx\\javafx-graphics\\21.0.1\\javafx-graphics-21.0.1.jar --add-modules=javafx.base,javafx.controls,javafx.fxml,javafx.graphics org.example.MainFX

Host: Intel(R) Core(TM) i5-9300HF CPU @ 2.40GHz, 8 cores, 15G,  Windows 11 , 64 bit Build 22621 (10.0.22621.3085)
Time: Mon Mar  4 19:11:34 2024 Romance Standard Time elapsed time: 19.429370 seconds (0d 0h 0m 19s)

---------------  T H R E A D  ---------------

Current thread (0x00000227ba4aeff0):  VMThread "VM Thread"          [id=16356, stack(0x0000002e1f900000,0x0000002e1fa00000) (1024K)]

Stack: [0x0000002e1f900000,0x0000002e1fa00000]
Native frames: (J=compiled Java code, j=interpreted, Vv=VM code, C=native code)
V  [jvm.dll+0x6c9029]
V  [jvm.dll+0x854b81]
V  [jvm.dll+0x856e5e]
V  [jvm.dll+0x857543]
V  [jvm.dll+0x280c06]
V  [jvm.dll+0x6c5715]
V  [jvm.dll+0x6ba10a]
V  [jvm.dll+0x3557ea]
V  [jvm.dll+0x35d436]
V  [jvm.dll+0x3ae1be]
V  [jvm.dll+0x3ae468]
V  [jvm.dll+0x3291fc]
V  [jvm.dll+0x329287]
V  [jvm.dll+0x36db3c]
V  [jvm.dll+0x36c33d]
V  [jvm.dll+0x328971]
V  [jvm.dll+0x36bd68]
V  [jvm.dll+0x85d048]
V  [jvm.dll+0x85e144]
V  [jvm.dll+0x85e680]
V  [jvm.dll+0x85e923]
V  [jvm.dll+0x7fd728]
V  [jvm.dll+0x6c777d]
C  [ucrtbase.dll+0x29363]
C  [KERNEL32.DLL+0x1257d]
C  [ntdll.dll+0x5aa58]

VM_Operation (0x0000002e209fd5a8): G1TryInitiateConcMark, mode: safepoint, requested by thread 0x00000227ba7037b0


---------------  P R O C E S S  ---------------

Threads class SMR info:
_java_thread_list=0x0000022781654aa0, length=21, elements={
0x000002279b36f7d0, 0x00000227ba4cfaf0, 0x00000227ba4d0750, 0x00000227ba4d48f0,
0x00000227ba4d8820, 0x00000227ba4d9a20, 0x00000227ba4dcd60, 0x00000227ba4e0500,
0x00000227ba4e1870, 0x00000227ba703e40, 0x00000227ba703120, 0x00000227ba701d70,
0x00000227ba702a90, 0x00000227ba7037b0, 0x00000227ba704b60, 0x00000227ba7051f0,
0x00000227ba702400, 0x0000022781665910, 0x0000022781668d90, 0x000002278006a8b0,
0x0000022787f0f970
}

Java Threads: ( => current thread )
  0x000002279b36f7d0 JavaThread "main"                              [_thread_blocked, id=15904, stack(0x0000002e1f200000,0x0000002e1f300000) (1024K)]
  0x00000227ba4cfaf0 JavaThread "Reference Handler"          daemon [_thread_blocked, id=2232, stack(0x0000002e1fa00000,0x0000002e1fb00000) (1024K)]
  0x00000227ba4d0750 JavaThread "Finalizer"                  daemon [_thread_blocked, id=24172, stack(0x0000002e1fb00000,0x0000002e1fc00000) (1024K)]
  0x00000227ba4d48f0 JavaThread "Signal Dispatcher"          daemon [_thread_blocked, id=27096, stack(0x0000002e1fc00000,0x0000002e1fd00000) (1024K)]
  0x00000227ba4d8820 JavaThread "Attach Listener"            daemon [_thread_blocked, id=15448, stack(0x0000002e1fd00000,0x0000002e1fe00000) (1024K)]
  0x00000227ba4d9a20 JavaThread "Service Thread"             daemon [_thread_blocked, id=4668, stack(0x0000002e1fe00000,0x0000002e1ff00000) (1024K)]
  0x00000227ba4dcd60 JavaThread "Monitor Deflation Thread"   daemon [_thread_blocked, id=38680, stack(0x0000002e1ff00000,0x0000002e20000000) (1024K)]
  0x00000227ba4e0500 JavaThread "C2 CompilerThread0"         daemon [_thread_in_native, id=22152, stack(0x0000002e20000000,0x0000002e20100000) (1024K)]
  0x00000227ba4e1870 JavaThread "C1 CompilerThread0"         daemon [_thread_blocked, id=7500, stack(0x0000002e20100000,0x0000002e20200000) (1024K)]
  0x00000227ba703e40 JavaThread "Common-Cleaner"             daemon [_thread_blocked, id=18568, stack(0x0000002e20200000,0x0000002e20300000) (1024K)]
  0x00000227ba703120 JavaThread "Notification Thread"        daemon [_thread_blocked, id=25804, stack(0x0000002e20500000,0x0000002e20600000) (1024K)]
  0x00000227ba701d70 JavaThread "QuantumRenderer-0"          daemon [_thread_blocked, id=31784, stack(0x0000002e20600000,0x0000002e20700000) (1024K)]
  0x00000227ba702a90 JavaThread "InvokeLaterDispatcher"      daemon [_thread_blocked, id=27460, stack(0x0000002e20800000,0x0000002e20900000) (1024K)]
  0x00000227ba7037b0 JavaThread "JavaFX Application Thread"         [_thread_blocked, id=20132, stack(0x0000002e20900000,0x0000002e20a00000) (1024K)]
  0x00000227ba704b60 JavaThread "JavaFX-Launcher"                   [_thread_blocked, id=25972, stack(0x0000002e20400000,0x0000002e20500000) (1024K)]
  0x00000227ba7051f0 JavaThread "Thread-2"                   daemon [_thread_blocked, id=34060, stack(0x0000002e20300000,0x0000002e20400000) (1024K)]
  0x00000227ba702400 JavaThread "mysql-cj-abandoned-connection-cleanup" daemon [_thread_blocked, id=13868, stack(0x0000002e21000000,0x0000002e21100000) (1024K)]
  0x0000022781665910 JavaThread "Prism Font Disposer"        daemon [_thread_blocked, id=37612, stack(0x0000002e21700000,0x0000002e21800000) (1024K)]
  0x0000022781668d90 JavaThread "Cleaner-0"                  daemon [_thread_blocked, id=3752, stack(0x0000002e21900000,0x0000002e21a00000) (1024K)]
  0x000002278006a8b0 JavaThread "C2 CompilerThread1"         daemon [_thread_blocked, id=32992, stack(0x0000002e21800000,0x0000002e21900000) (1024K)]
  0x0000022787f0f970 JavaThread "C2 CompilerThread2"         daemon [_thread_blocked, id=24204, stack(0x0000002e21a00000,0x0000002e21b00000) (1024K)]
Total: 21

Other Threads:
=>0x00000227ba4aeff0 VMThread "VM Thread"                           [id=16356, stack(0x0000002e1f900000,0x0000002e1fa00000) (1024K)]
  0x00000227ba4939c0 WatcherThread "VM Periodic Task Thread"        [id=31204, stack(0x0000002e1f800000,0x0000002e1f900000) (1024K)]
  0x000002279b3d3070 WorkerThread "GC Thread#0"                     [id=12944, stack(0x0000002e1f300000,0x0000002e1f400000) (1024K)]
  0x0000022780e35e20 WorkerThread "GC Thread#1"                     [id=20916, stack(0x0000002e20b00000,0x0000002e20c00000) (1024K)]
  0x0000022780e361c0 WorkerThread "GC Thread#2"                     [id=40344, stack(0x0000002e20c00000,0x0000002e20d00000) (1024K)]
  0x0000022780e36560 WorkerThread "GC Thread#3"                     [id=20112, stack(0x0000002e20d00000,0x0000002e20e00000) (1024K)]
  0x0000022780e36900 WorkerThread "GC Thread#4"                     [id=24312, stack(0x0000002e20e00000,0x0000002e20f00000) (1024K)]
  0x0000022780e36ca0 WorkerThread "GC Thread#5"                     [id=28124, stack(0x0000002e20f00000,0x0000002e21000000) (1024K)]
  0x000002278128f100 WorkerThread "GC Thread#6"                     [id=20604, stack(0x0000002e21300000,0x0000002e21400000) (1024K)]
  0x000002278128ed60 WorkerThread "GC Thread#7"                     [id=10364, stack(0x0000002e21400000,0x0000002e21500000) (1024K)]
  0x000002279b3e3f20 ConcurrentGCThread "G1 Main Marker"            [id=28284, stack(0x0000002e1f400000,0x0000002e1f500000) (1024K)]
  0x000002279b3e4930 WorkerThread "G1 Conc#0"                       [id=18612, stack(0x0000002e1f500000,0x0000002e1f600000) (1024K)]
  0x000002278128e280 WorkerThread "G1 Conc#1"                       [id=34852, stack(0x0000002e21100000,0x0000002e21200000) (1024K)]
  0x00000227ba359120 ConcurrentGCThread "G1 Refine#0"               [id=1472, stack(0x0000002e1f600000,0x0000002e1f700000) (1024K)]
  0x00000227ba359940 ConcurrentGCThread "G1 Service"                [id=6076, stack(0x0000002e1f700000,0x0000002e1f800000) (1024K)]
Total: 15

Threads with active compile tasks:
C2 CompilerThread0    19452 3800       4       javafx.css.CompoundSelector::applies (144 bytes)
C1 CompilerThread0    19452 4114       3       com.sun.javafx.sg.prism.NGNode::setContentBounds (13 bytes)
C2 CompilerThread1    19452 4130       4       java.lang.Character::isWhitespace (5 bytes)
C2 CompilerThread2    19452 4001       4       java.util.Map::computeIfAbsent (45 bytes)
Total: 4

VM state: at safepoint (normal execution)

VM Mutex/Monitor currently owned by a thread:  ([mutex/lock_event])
[0x00007ffb2747a5f8] Threads_lock - owner thread: 0x00000227ba4aeff0
[0x00007ffb2747a6f8] Heap_lock - owner thread: 0x00000227ba7037b0

Heap address: 0x0000000701e00000, size: 4066 MB, Compressed Oops mode: Zero based, Oop shift amount: 3

CDS archive(s) mapped at: [0x00000227bb000000-0x00000227bbc90000-0x00000227bbc90000), size 13172736, SharedBaseAddress: 0x00000227bb000000, ArchiveRelocationMode: 1.
Compressed class space mapped at: 0x00000227bc000000-0x00000227fc000000, reserved size: 1073741824
Narrow klass base: 0x00000227bb000000, Narrow klass shift: 0, Narrow klass range: 0x100000000

GC Precious Log:
 CardTable entry size: 512
 Card Set container configuration: InlinePtr #cards 4 size 8 Array Of Cards #cards 16 size 48 Howl #buckets 8 coarsen threshold 3686 Howl Bitmap #cards 512 size 80 coarsen threshold 460 Card regions per heap region 1 cards per card region 4096
 CPUs: 8 total, 8 available
 Memory: 16261M
 Large Page Support: Disabled
 NUMA Support: Disabled
 Compressed Oops: Enabled (Zero based)
 Heap Region Size: 2M
 Heap Min Capacity: 8M
 Heap Initial Capacity: 256M
 Heap Max Capacity: 4066M
 Pre-touch: Disabled
 Parallel Workers: 8
 Concurrent Workers: 2
 Concurrent Refinement Workers: 8
 Periodic GC: Disabled

Heap:
 garbage-first heap   total 337920K, used 202714K [0x0000000701e00000, 0x0000000800000000)
  region size 2048K, 5 young (10240K), 5 survivors (10240K)
 Metaspace       used 21574K, committed 22080K, reserved 1114112K
  class space    used 3017K, committed 3264K, reserved 1048576K

Heap Regions: E=young(eden), S=young(survivor), O=old, HS=humongous(starts), HC=humongous(continues), CS=collection set, F=free, TAMS=top-at-mark-start, PB=parsable bottom
|   0|0x0000000701e00000, 0x0000000702000000, 0x0000000702000000|100%| O|  |TAMS 0x0000000702000000| PB 0x0000000701e00000| Untracked 
|   1|0x0000000702000000, 0x0000000702200000, 0x0000000702200000|100%|HS|  |TAMS 0x0000000702200000| PB 0x0000000702000000| Complete 
|   2|0x0000000702200000, 0x0000000702400000, 0x0000000702400000|100%|HC|  |TAMS 0x0000000702400000| PB 0x0000000702200000| Complete 
|   3|0x0000000702400000, 0x0000000702600000, 0x0000000702600000|100%|HC|  |TAMS 0x0000000702600000| PB 0x0000000702400000| Complete 
|   4|0x0000000702600000, 0x0000000702800000, 0x0000000702800000|100%|HC|  |TAMS 0x0000000702800000| PB 0x0000000702600000| Complete 
|   5|0x0000000702800000, 0x0000000702a00000, 0x0000000702a00000|100%|HC|  |TAMS 0x0000000702a00000| PB 0x0000000702800000| Complete 
|   6|0x0000000702a00000, 0x0000000702c00000, 0x0000000702c00000|100%|HC|  |TAMS 0x0000000702c00000| PB 0x0000000702a00000| Complete 
|   7|0x0000000702c00000, 0x0000000702e00000, 0x0000000702e00000|100%|HC|  |TAMS 0x0000000702e00000| PB 0x0000000702c00000| Complete 
|   8|0x0000000702e00000, 0x0000000703000000, 0x0000000703000000|100%|HC|  |TAMS 0x0000000703000000| PB 0x0000000702e00000| Complete 
|   9|0x0000000703000000, 0x0000000703200000, 0x0000000703200000|100%|HC|  |TAMS 0x0000000703200000| PB 0x0000000703000000| Complete 
|  10|0x0000000703200000, 0x0000000703400000, 0x0000000703400000|100%|HC|  |TAMS 0x0000000703400000| PB 0x0000000703200000| Complete 
|  11|0x0000000703400000, 0x0000000703600000, 0x0000000703600000|100%|HC|  |TAMS 0x0000000703600000| PB 0x0000000703400000| Complete 
|  12|0x0000000703600000, 0x0000000703800000, 0x0000000703800000|100%|HC|  |TAMS 0x0000000703800000| PB 0x0000000703600000| Complete 
|  13|0x0000000703800000, 0x0000000703a00000, 0x0000000703a00000|100%|HC|  |TAMS 0x0000000703a00000| PB 0x0000000703800000| Complete 
|  14|0x0000000703a00000, 0x0000000703c00000, 0x0000000703c00000|100%|HC|  |TAMS 0x0000000703c00000| PB 0x0000000703a00000| Complete 
|  15|0x0000000703c00000, 0x0000000703e00000, 0x0000000703e00000|100%|HC|  |TAMS 0x0000000703e00000| PB 0x0000000703c00000| Complete 
|  16|0x0000000703e00000, 0x0000000704000000, 0x0000000704000000|100%|HC|  |TAMS 0x0000000704000000| PB 0x0000000703e00000| Complete 
|  17|0x0000000704000000, 0x0000000704200000, 0x0000000704200000|100%|HC|  |TAMS 0x0000000704200000| PB 0x0000000704000000| Complete 
|  18|0x0000000704200000, 0x0000000704400000, 0x0000000704400000|100%|HC|  |TAMS 0x0000000704400000| PB 0x0000000704200000| Complete 
|  19|0x0000000704400000, 0x0000000704600000, 0x0000000704600000|100%|HC|  |TAMS 0x0000000704600000| PB 0x0000000704400000| Complete 
|  20|0x0000000704600000, 0x0000000704800000, 0x0000000704800000|100%|HC|  |TAMS 0x0000000704800000| PB 0x0000000704600000| Complete 
|  21|0x0000000704800000, 0x0000000704a00000, 0x0000000704a00000|100%|HC|  |TAMS 0x0000000704a00000| PB 0x0000000704800000| Complete 
|  22|0x0000000704a00000, 0x0000000704c00000, 0x0000000704c00000|100%|HC|  |TAMS 0x0000000704c00000| PB 0x0000000704a00000| Complete 
|  23|0x0000000704c00000, 0x0000000704e00000, 0x0000000704e00000|100%|HC|  |TAMS 0x0000000704e00000| PB 0x0000000704c00000| Complete 
|  24|0x0000000704e00000, 0x0000000705000000, 0x0000000705000000|100%|HC|  |TAMS 0x0000000705000000| PB 0x0000000704e00000| Complete 
|  25|0x0000000705000000, 0x0000000705200000, 0x0000000705200000|100%|HC|  |TAMS 0x0000000705200000| PB 0x0000000705000000| Complete 
|  26|0x0000000705200000, 0x0000000705400000, 0x0000000705400000|100%|HC|  |TAMS 0x0000000705400000| PB 0x0000000705200000| Complete 
|  27|0x0000000705400000, 0x0000000705600000, 0x0000000705600000|100%|HC|  |TAMS 0x0000000705600000| PB 0x0000000705400000| Complete 
|  28|0x0000000705600000, 0x0000000705800000, 0x0000000705800000|100%|HC|  |TAMS 0x0000000705800000| PB 0x0000000705600000| Complete 
|  29|0x0000000705800000, 0x0000000705a00000, 0x0000000705a00000|100%|HC|  |TAMS 0x0000000705a00000| PB 0x0000000705800000| Complete 
|  30|0x0000000705a00000, 0x0000000705c00000, 0x0000000705c00000|100%|HC|  |TAMS 0x0000000705c00000| PB 0x0000000705a00000| Complete 
|  31|0x0000000705c00000, 0x0000000705e00000, 0x0000000705e00000|100%|HC|  |TAMS 0x0000000705e00000| PB 0x0000000705c00000| Complete 
|  32|0x0000000705e00000, 0x0000000706000000, 0x0000000706000000|100%|HC|  |TAMS 0x0000000706000000| PB 0x0000000705e00000| Complete 
|  33|0x0000000706000000, 0x0000000706200000, 0x0000000706200000|100%|HC|  |TAMS 0x0000000706200000| PB 0x0000000706000000| Complete 
|  34|0x0000000706200000, 0x0000000706400000, 0x0000000706400000|100%|HC|  |TAMS 0x0000000706400000| PB 0x0000000706200000| Complete 
|  35|0x0000000706400000, 0x0000000706600000, 0x0000000706600000|100%|HC|  |TAMS 0x0000000706600000| PB 0x0000000706400000| Complete 
|  36|0x0000000706600000, 0x0000000706800000, 0x0000000706800000|100%|HC|  |TAMS 0x0000000706800000| PB 0x0000000706600000| Complete 
|  37|0x0000000706800000, 0x0000000706a00000, 0x0000000706a00000|100%|HC|  |TAMS 0x0000000706a00000| PB 0x0000000706800000| Complete 
|  38|0x0000000706a00000, 0x0000000706c00000, 0x0000000706c00000|100%|HC|  |TAMS 0x0000000706c00000| PB 0x0000000706a00000| Complete 
|  39|0x0000000706c00000, 0x0000000706e00000, 0x0000000706e00000|100%|HC|  |TAMS 0x0000000706e00000| PB 0x0000000706c00000| Complete 
|  40|0x0000000706e00000, 0x0000000707000000, 0x0000000707000000|100%|HC|  |TAMS 0x0000000707000000| PB 0x0000000706e00000| Complete 
|  41|0x0000000707000000, 0x0000000707200000, 0x0000000707200000|100%|HC|  |TAMS 0x0000000707200000| PB 0x0000000707000000| Complete 
|  42|0x0000000707200000, 0x0000000707400000, 0x0000000707400000|100%|HC|  |TAMS 0x0000000707400000| PB 0x0000000707200000| Complete 
|  43|0x0000000707400000, 0x0000000707600000, 0x0000000707600000|100%|HC|  |TAMS 0x0000000707600000| PB 0x0000000707400000| Complete 
|  44|0x0000000707600000, 0x0000000707800000, 0x0000000707800000|100%|HC|  |TAMS 0x0000000707800000| PB 0x0000000707600000| Complete 
|  45|0x0000000707800000, 0x0000000707a00000, 0x0000000707a00000|100%|HC|  |TAMS 0x0000000707a00000| PB 0x0000000707800000| Complete 
|  46|0x0000000707a00000, 0x0000000707c00000, 0x0000000707c00000|100%|HC|  |TAMS 0x0000000707c00000| PB 0x0000000707a00000| Complete 
|  47|0x0000000707c00000, 0x0000000707e00000, 0x0000000707e00000|100%|HC|  |TAMS 0x0000000707e00000| PB 0x0000000707c00000| Complete 
|  48|0x0000000707e00000, 0x0000000708000000, 0x0000000708000000|100%|HC|  |TAMS 0x0000000708000000| PB 0x0000000707e00000| Complete 
|  49|0x0000000708000000, 0x0000000708200000, 0x0000000708200000|100%|HC|  |TAMS 0x0000000708200000| PB 0x0000000708000000| Complete 
|  50|0x0000000708200000, 0x0000000708400000, 0x0000000708400000|100%|HC|  |TAMS 0x0000000708400000| PB 0x0000000708200000| Complete 
|  51|0x0000000708400000, 0x0000000708600000, 0x0000000708600000|100%|HC|  |TAMS 0x0000000708600000| PB 0x0000000708400000| Complete 
|  52|0x0000000708600000, 0x0000000708800000, 0x0000000708800000|100%|HC|  |TAMS 0x0000000708800000| PB 0x0000000708600000| Complete 
|  53|0x0000000708800000, 0x0000000708a00000, 0x0000000708a00000|100%|HC|  |TAMS 0x0000000708a00000| PB 0x0000000708800000| Complete 
|  54|0x0000000708a00000, 0x0000000708c00000, 0x0000000708c00000|100%|HC|  |TAMS 0x0000000708c00000| PB 0x0000000708a00000| Complete 
|  55|0x0000000708c00000, 0x0000000708e00000, 0x0000000708e00000|100%|HC|  |TAMS 0x0000000708e00000| PB 0x0000000708c00000| Complete 
|  56|0x0000000708e00000, 0x0000000709000000, 0x0000000709000000|100%|HC|  |TAMS 0x0000000709000000| PB 0x0000000708e00000| Complete 
|  57|0x0000000709000000, 0x0000000709200000, 0x0000000709200000|100%|HC|  |TAMS 0x0000000709200000| PB 0x0000000709000000| Complete 
|  58|0x0000000709200000, 0x0000000709400000, 0x0000000709400000|100%|HC|  |TAMS 0x0000000709400000| PB 0x0000000709200000| Complete 
|  59|0x0000000709400000, 0x0000000709600000, 0x0000000709600000|100%|HC|  |TAMS 0x0000000709600000| PB 0x0000000709400000| Complete 
|  60|0x0000000709600000, 0x0000000709800000, 0x0000000709800000|100%|HC|  |TAMS 0x0000000709800000| PB 0x0000000709600000| Complete 
|  61|0x0000000709800000, 0x0000000709a00000, 0x0000000709a00000|100%|HC|  |TAMS 0x0000000709a00000| PB 0x0000000709800000| Complete 
|  62|0x0000000709a00000, 0x0000000709c00000, 0x0000000709c00000|100%|HC|  |TAMS 0x0000000709c00000| PB 0x0000000709a00000| Complete 
|  63|0x0000000709c00000, 0x0000000709e00000, 0x0000000709e00000|100%|HC|  |TAMS 0x0000000709e00000| PB 0x0000000709c00000| Complete 
|  64|0x0000000709e00000, 0x000000070a000000, 0x000000070a000000|100%|HC|  |TAMS 0x000000070a000000| PB 0x0000000709e00000| Complete 
|  65|0x000000070a000000, 0x000000070a200000, 0x000000070a200000|100%|HC|  |TAMS 0x000000070a200000| PB 0x000000070a000000| Complete 
|  66|0x000000070a200000, 0x000000070a400000, 0x000000070a400000|100%|HC|  |TAMS 0x000000070a400000| PB 0x000000070a200000| Complete 
|  67|0x000000070a400000, 0x000000070a600000, 0x000000070a600000|100%|HC|  |TAMS 0x000000070a600000| PB 0x000000070a400000| Complete 
|  68|0x000000070a600000, 0x000000070a800000, 0x000000070a800000|100%|HC|  |TAMS 0x000000070a800000| PB 0x000000070a600000| Complete 
|  69|0x000000070a800000, 0x000000070aa00000, 0x000000070aa00000|100%|HC|  |TAMS 0x000000070aa00000| PB 0x000000070a800000| Complete 
|  70|0x000000070aa00000, 0x000000070ac00000, 0x000000070ac00000|100%|HC|  |TAMS 0x000000070ac00000| PB 0x000000070aa00000| Complete 
|  71|0x000000070ac00000, 0x000000070ae00000, 0x000000070ae00000|100%|HC|  |TAMS 0x000000070ae00000| PB 0x000000070ac00000| Complete 
|  72|0x000000070ae00000, 0x000000070b000000, 0x000000070b000000|100%|HC|  |TAMS 0x000000070b000000| PB 0x000000070ae00000| Complete 
|  73|0x000000070b000000, 0x000000070b200000, 0x000000070b200000|100%|HC|  |TAMS 0x000000070b200000| PB 0x000000070b000000| Complete 
|  74|0x000000070b200000, 0x000000070b400000, 0x000000070b400000|100%|HC|  |TAMS 0x000000070b400000| PB 0x000000070b200000| Complete 
|  75|0x000000070b400000, 0x000000070b600000, 0x000000070b600000|100%|HC|  |TAMS 0x000000070b600000| PB 0x000000070b400000| Complete 
|  76|0x000000070b600000, 0x000000070b800000, 0x000000070b800000|100%|HC|  |TAMS 0x000000070b800000| PB 0x000000070b600000| Complete 
|  77|0x000000070b800000, 0x000000070ba00000, 0x000000070ba00000|100%|HC|  |TAMS 0x000000070ba00000| PB 0x000000070b800000| Complete 
|  78|0x000000070ba00000, 0x000000070bc00000, 0x000000070bc00000|100%|HC|  |TAMS 0x000000070bc00000| PB 0x000000070ba00000| Complete 
|  79|0x000000070bc00000, 0x000000070be00000, 0x000000070be00000|100%|HC|  |TAMS 0x000000070be00000| PB 0x000000070bc00000| Complete 
|  80|0x000000070be00000, 0x000000070c000000, 0x000000070c000000|100%|HC|  |TAMS 0x000000070c000000| PB 0x000000070be00000| Complete 
|  81|0x000000070c000000, 0x000000070c200000, 0x000000070c200000|100%|HC|  |TAMS 0x000000070c200000| PB 0x000000070c000000| Complete 
|  82|0x000000070c200000, 0x000000070c400000, 0x000000070c400000|100%|HC|  |TAMS 0x000000070c400000| PB 0x000000070c200000| Complete 
|  83|0x000000070c400000, 0x000000070c600000, 0x000000070c600000|100%|HC|  |TAMS 0x000000070c600000| PB 0x000000070c400000| Complete 
|  84|0x000000070c600000, 0x000000070c800000, 0x000000070c800000|100%|HC|  |TAMS 0x000000070c800000| PB 0x000000070c600000| Complete 
|  85|0x000000070c800000, 0x000000070ca00000, 0x000000070ca00000|100%|HC|  |TAMS 0x000000070ca00000| PB 0x000000070c800000| Complete 
|  86|0x000000070ca00000, 0x000000070cc00000, 0x000000070cc00000|100%|HC|  |TAMS 0x000000070cc00000| PB 0x000000070ca00000| Complete 
|  87|0x000000070cc00000, 0x000000070ce00000, 0x000000070ce00000|100%| O|  |TAMS 0x000000070ce00000| PB 0x000000070cc00000| Untracked 
|  88|0x000000070ce00000, 0x000000070d000000, 0x000000070d000000|100%|HS|  |TAMS 0x000000070d000000| PB 0x000000070ce00000| Complete 
|  89|0x000000070d000000, 0x000000070d200000, 0x000000070d200000|100%|HC|  |TAMS 0x000000070d200000| PB 0x000000070d000000| Complete 
|  90|0x000000070d200000, 0x000000070d400000, 0x000000070d400000|100%|HS|  |TAMS 0x000000070d400000| PB 0x000000070d200000| Complete 
|  91|0x000000070d400000, 0x000000070d600000, 0x000000070d600000|100%|HS|  |TAMS 0x000000070d600000| PB 0x000000070d400000| Complete 
|  92|0x000000070d600000, 0x000000070d800000, 0x000000070d800000|100%| O|  |TAMS 0x000000070d800000| PB 0x000000070d600000| Untracked 
|  93|0x000000070d800000, 0x000000070d8fed48, 0x000000070da00000| 49%| O|  |TAMS 0x000000070d8fed48| PB 0x000000070d800000| Untracked 
|  94|0x000000070da00000, 0x000000070dc00000, 0x000000070dc00000|100%|HS|  |TAMS 0x000000070dc00000| PB 0x000000070da00000| Complete 
|  95|0x000000070dc00000, 0x000000070dc00000, 0x000000070de00000|  0%| F|  |TAMS 0x000000070dc00000| PB 0x000000070dc00000| Untracked 
|  96|0x000000070de00000, 0x000000070de00000, 0x000000070e000000|  0%| F|  |TAMS 0x000000070de00000| PB 0x000000070de00000| Untracked 
|  97|0x000000070e000000, 0x000000070e000000, 0x000000070e200000|  0%| F|  |TAMS 0x000000070e000000| PB 0x000000070e000000| Untracked 
|  98|0x000000070e200000, 0x000000070e200000, 0x000000070e400000|  0%| F|  |TAMS 0x000000070e200000| PB 0x000000070e200000| Untracked 
|  99|0x000000070e400000, 0x000000070e400000, 0x000000070e600000|  0%| F|  |TAMS 0x000000070e400000| PB 0x000000070e400000| Untracked 
| 100|0x000000070e600000, 0x000000070e600000, 0x000000070e800000|  0%| F|  |TAMS 0x000000070e600000| PB 0x000000070e600000| Untracked 
| 101|0x000000070e800000, 0x000000070e800000, 0x000000070ea00000|  0%| F|  |TAMS 0x000000070e800000| PB 0x000000070e800000| Untracked 
| 102|0x000000070ea00000, 0x000000070ea00000, 0x000000070ec00000|  0%| F|  |TAMS 0x000000070ea00000| PB 0x000000070ea00000| Untracked 
| 103|0x000000070ec00000, 0x000000070ec00000, 0x000000070ee00000|  0%| F|  |TAMS 0x000000070ec00000| PB 0x000000070ec00000| Untracked 
| 104|0x000000070ee00000, 0x000000070ee00000, 0x000000070f000000|  0%| F|  |TAMS 0x000000070ee00000| PB 0x000000070ee00000| Untracked 
| 105|0x000000070f000000, 0x000000070f000000, 0x000000070f200000|  0%| F|  |TAMS 0x000000070f000000| PB 0x000000070f000000| Untracked 
| 106|0x000000070f200000, 0x000000070f200000, 0x000000070f400000|  0%| F|  |TAMS 0x000000070f200000| PB 0x000000070f200000| Untracked 
| 107|0x000000070f400000, 0x000000070f400000, 0x000000070f600000|  0%| F|  |TAMS 0x000000070f400000| PB 0x000000070f400000| Untracked 
| 108|0x000000070f600000, 0x000000070f600000, 0x000000070f800000|  0%| F|  |TAMS 0x000000070f600000| PB 0x000000070f600000| Untracked 
| 109|0x000000070f800000, 0x000000070f800000, 0x000000070fa00000|  0%| F|  |TAMS 0x000000070f800000| PB 0x000000070f800000| Untracked 
| 110|0x000000070fa00000, 0x000000070fa00000, 0x000000070fc00000|  0%| F|  |TAMS 0x000000070fa00000| PB 0x000000070fa00000| Untracked 
| 111|0x000000070fc00000, 0x000000070fc00000, 0x000000070fe00000|  0%| F|  |TAMS 0x000000070fc00000| PB 0x000000070fc00000| Untracked 
| 112|0x000000070fe00000, 0x000000070fe00000, 0x0000000710000000|  0%| F|  |TAMS 0x000000070fe00000| PB 0x000000070fe00000| Untracked 
| 113|0x0000000710000000, 0x0000000710000000, 0x0000000710200000|  0%| F|  |TAMS 0x0000000710000000| PB 0x0000000710000000| Untracked 
| 114|0x0000000710200000, 0x0000000710200000, 0x0000000710400000|  0%| F|  |TAMS 0x0000000710200000| PB 0x0000000710200000| Untracked 
| 115|0x0000000710400000, 0x0000000710400000, 0x0000000710600000|  0%| F|  |TAMS 0x0000000710400000| PB 0x0000000710400000| Untracked 
| 116|0x0000000710600000, 0x0000000710600000, 0x0000000710800000|  0%| F|  |TAMS 0x0000000710600000| PB 0x0000000710600000| Untracked 
| 117|0x0000000710800000, 0x0000000710800000, 0x0000000710a00000|  0%| F|  |TAMS 0x0000000710800000| PB 0x0000000710800000| Untracked 
| 118|0x0000000710a00000, 0x0000000710a00000, 0x0000000710c00000|  0%| F|  |TAMS 0x0000000710a00000| PB 0x0000000710a00000| Untracked 
| 119|0x0000000710c00000, 0x0000000710c00000, 0x0000000710e00000|  0%| F|  |TAMS 0x0000000710c00000| PB 0x0000000710c00000| Untracked 
| 120|0x0000000710e00000, 0x0000000710e00000, 0x0000000711000000|  0%| F|  |TAMS 0x0000000710e00000| PB 0x0000000710e00000| Untracked 
| 121|0x0000000711000000, 0x0000000711000000, 0x0000000711200000|  0%| F|  |TAMS 0x0000000711000000| PB 0x0000000711000000| Untracked 
| 122|0x0000000711200000, 0x0000000711200000, 0x0000000711400000|  0%| F|  |TAMS 0x0000000711200000| PB 0x0000000711200000| Untracked 
| 123|0x0000000711400000, 0x0000000711400000, 0x0000000711600000|  0%| F|  |TAMS 0x0000000711400000| PB 0x0000000711400000| Untracked 
| 124|0x0000000711600000, 0x0000000711600000, 0x0000000711800000|  0%| F|  |TAMS 0x0000000711600000| PB 0x0000000711600000| Untracked 
| 125|0x0000000711800000, 0x0000000711800000, 0x0000000711a00000|  0%| F|  |TAMS 0x0000000711800000| PB 0x0000000711800000| Untracked 
| 126|0x0000000711a00000, 0x0000000711a00000, 0x0000000711c00000|  0%| F|  |TAMS 0x0000000711a00000| PB 0x0000000711a00000| Untracked 
| 127|0x0000000711c00000, 0x0000000711c00000, 0x0000000711e00000|  0%| F|  |TAMS 0x0000000711c00000| PB 0x0000000711c00000| Untracked 
| 128|0x0000000711e00000, 0x0000000711e00000, 0x0000000712000000|  0%| F|  |TAMS 0x0000000711e00000| PB 0x0000000711e00000| Untracked 
| 129|0x0000000712000000, 0x0000000712000000, 0x0000000712200000|  0%| F|  |TAMS 0x0000000712000000| PB 0x0000000712000000| Untracked 
| 130|0x0000000712200000, 0x0000000712200000, 0x0000000712400000|  0%| F|  |TAMS 0x0000000712200000| PB 0x0000000712200000| Untracked 
| 131|0x0000000712400000, 0x0000000712400000, 0x0000000712600000|  0%| F|  |TAMS 0x0000000712400000| PB 0x0000000712400000| Untracked 
| 132|0x0000000712600000, 0x0000000712600000, 0x0000000712800000|  0%| F|  |TAMS 0x0000000712600000| PB 0x0000000712600000| Untracked 
| 133|0x0000000712800000, 0x0000000712800000, 0x0000000712a00000|  0%| F|  |TAMS 0x0000000712800000| PB 0x0000000712800000| Untracked 
| 134|0x0000000712a00000, 0x0000000712a00000, 0x0000000712c00000|  0%| F|  |TAMS 0x0000000712a00000| PB 0x0000000712a00000| Untracked 
| 135|0x0000000712c00000, 0x0000000712c00000, 0x0000000712e00000|  0%| F|  |TAMS 0x0000000712c00000| PB 0x0000000712c00000| Untracked 
| 136|0x0000000712e00000, 0x0000000712e00000, 0x0000000713000000|  0%| F|  |TAMS 0x0000000712e00000| PB 0x0000000712e00000| Untracked 
| 137|0x0000000713000000, 0x0000000713000000, 0x0000000713200000|  0%| F|  |TAMS 0x0000000713000000| PB 0x0000000713000000| Untracked 
| 138|0x0000000713200000, 0x0000000713200000, 0x0000000713400000|  0%| F|  |TAMS 0x0000000713200000| PB 0x0000000713200000| Untracked 
| 139|0x0000000713400000, 0x0000000713400000, 0x0000000713600000|  0%| F|  |TAMS 0x0000000713400000| PB 0x0000000713400000| Untracked 
| 140|0x0000000713600000, 0x0000000713600000, 0x0000000713800000|  0%| F|  |TAMS 0x0000000713600000| PB 0x0000000713600000| Untracked 
| 141|0x0000000713800000, 0x0000000713800000, 0x0000000713a00000|  0%| F|  |TAMS 0x0000000713800000| PB 0x0000000713800000| Untracked 
| 142|0x0000000713a00000, 0x0000000713a00000, 0x0000000713c00000|  0%| F|  |TAMS 0x0000000713a00000| PB 0x0000000713a00000| Untracked 
| 143|0x0000000713c00000, 0x0000000713c00000, 0x0000000713e00000|  0%| F|  |TAMS 0x0000000713c00000| PB 0x0000000713c00000| Untracked 
| 144|0x0000000713e00000, 0x0000000713e00000, 0x0000000714000000|  0%| F|  |TAMS 0x0000000713e00000| PB 0x0000000713e00000| Untracked 
| 145|0x0000000714000000, 0x0000000714000000, 0x0000000714200000|  0%| F|  |TAMS 0x0000000714000000| PB 0x0000000714000000| Untracked 
| 146|0x0000000714200000, 0x0000000714200000, 0x0000000714400000|  0%| F|  |TAMS 0x0000000714200000| PB 0x0000000714200000| Untracked 
| 147|0x0000000714400000, 0x0000000714400000, 0x0000000714600000|  0%| F|  |TAMS 0x0000000714400000| PB 0x0000000714400000| Untracked 
| 148|0x0000000714600000, 0x0000000714600000, 0x0000000714800000|  0%| F|  |TAMS 0x0000000714600000| PB 0x0000000714600000| Untracked 
| 149|0x0000000714800000, 0x00000007148f7c80, 0x0000000714a00000| 48%| S|CS|TAMS 0x0000000714800000| PB 0x0000000714800000| Complete 
| 150|0x0000000714a00000, 0x0000000714c00000, 0x0000000714c00000|100%| S|CS|TAMS 0x0000000714a00000| PB 0x0000000714a00000| Complete 
| 151|0x0000000714c00000, 0x0000000714e00000, 0x0000000714e00000|100%| S|CS|TAMS 0x0000000714c00000| PB 0x0000000714c00000| Complete 
| 152|0x0000000714e00000, 0x0000000715000000, 0x0000000715000000|100%| S|CS|TAMS 0x0000000714e00000| PB 0x0000000714e00000| Complete 
| 153|0x0000000715000000, 0x0000000715200000, 0x0000000715200000|100%| S|CS|TAMS 0x0000000715000000| PB 0x0000000715000000| Complete 
| 154|0x0000000715200000, 0x0000000715200000, 0x0000000715400000|  0%| F|  |TAMS 0x0000000715200000| PB 0x0000000715200000| Untracked 
| 155|0x0000000715400000, 0x0000000715400000, 0x0000000715600000|  0%| F|  |TAMS 0x0000000715400000| PB 0x0000000715400000| Untracked 
| 156|0x0000000715600000, 0x0000000715600000, 0x0000000715800000|  0%| F|  |TAMS 0x0000000715600000| PB 0x0000000715600000| Untracked 
| 157|0x0000000715800000, 0x0000000715800000, 0x0000000715a00000|  0%| F|  |TAMS 0x0000000715800000| PB 0x0000000715800000| Untracked 
| 158|0x0000000715a00000, 0x0000000715a00000, 0x0000000715c00000|  0%| F|  |TAMS 0x0000000715a00000| PB 0x0000000715a00000| Untracked 
| 159|0x0000000715c00000, 0x0000000715c00000, 0x0000000715e00000|  0%| F|  |TAMS 0x0000000715c00000| PB 0x0000000715c00000| Untracked 
| 160|0x0000000715e00000, 0x0000000715e00000, 0x0000000716000000|  0%| F|  |TAMS 0x0000000715e00000| PB 0x0000000715e00000| Untracked 
| 161|0x0000000716000000, 0x0000000716000000, 0x0000000716200000|  0%| F|  |TAMS 0x0000000716000000| PB 0x0000000716000000| Untracked 
| 162|0x0000000716200000, 0x0000000716200000, 0x0000000716400000|  0%| F|  |TAMS 0x0000000716200000| PB 0x0000000716200000| Untracked 
| 163|0x0000000716400000, 0x0000000716400000, 0x0000000716600000|  0%| F|  |TAMS 0x0000000716400000| PB 0x0000000716400000| Untracked 
| 164|0x0000000716600000, 0x0000000716600000, 0x0000000716800000|  0%| F|  |TAMS 0x0000000716600000| PB 0x0000000716600000| Untracked 

Card table byte_map: [0x00000227b32f0000,0x00000227b3af0000] _byte_map_base: 0x00000227afae1000

Marking Bits: (CMBitMap*) 0x000002279b3d3680
 Bits: [0x00000227b3af0000, 0x00000227b7a78000)

Polling page: 0x00000227994f0000

Metaspace:

Usage:
  Non-class:     18.12 MB used.
      Class:      2.95 MB used.
       Both:     21.07 MB used.

Virtual space:
  Non-class space:       64.00 MB reserved,      18.38 MB ( 29%) committed,  1 nodes.
      Class space:        1.00 GB reserved,       3.19 MB ( <1%) committed,  1 nodes.
             Both:        1.06 GB reserved,      21.56 MB (  2%) committed. 

Chunk freelists:
   Non-Class:  13.48 MB
       Class:  12.80 MB
        Both:  26.28 MB

MaxMetaspaceSize: unlimited
CompressedClassSpaceSize: 1.00 GB
Initial GC threshold: 21.00 MB
Current GC threshold: 33.88 MB
CDS: on
 - commit_granule_bytes: 65536.
 - commit_granule_words: 8192.
 - virtual_space_node_default_size: 8388608.
 - enlarge_chunks_in_place: 1.
 - use_allocation_guard: 0.


Internal statistics:

num_allocs_failed_limit: 0.
num_arena_births: 512.
num_arena_deaths: 0.
num_vsnodes_births: 2.
num_vsnodes_deaths: 0.
num_space_committed: 345.
num_space_uncommitted: 0.
num_chunks_returned_to_freelist: 0.
num_chunks_taken_from_freelist: 1269.
num_chunk_merges: 0.
num_chunk_splits: 862.
num_chunks_enlarged: 585.
num_inconsistent_stats: 0.

CodeHeap 'non-profiled nmethods': size=120000Kb used=1560Kb max_used=1560Kb free=118439Kb
 bounds [0x00000227ab290000, 0x00000227ab500000, 0x00000227b27c0000]
CodeHeap 'profiled nmethods': size=120000Kb used=7403Kb max_used=7403Kb free=112597Kb
 bounds [0x00000227a37c0000, 0x00000227a3f00000, 0x00000227aacf0000]
CodeHeap 'non-nmethods': size=5760Kb used=1896Kb max_used=1926Kb free=3863Kb
 bounds [0x00000227aacf0000, 0x00000227aaf60000, 0x00000227ab290000]
 total_blobs=4570 nmethods=3680 adapters=794
 compilation: enabled
              stopped_count=0, restarted_count=0
 full_count=0

Compilation events (20 events):
Event: 19.404 Thread 0x00000227ba4e1870 4113       3       javafx.scene.Node::clearDirty (10 bytes)
Event: 19.404 Thread 0x00000227ba4e1870 nmethod 4113 0x00000227a3eefc10 code [0x00000227a3eefdc0, 0x00000227a3eeffa0]
Event: 19.404 Thread 0x00000227ba4e1870 4100       3       javafx.scene.shape.Shape::getFill (24 bytes)
Event: 19.405 Thread 0x00000227ba4e1870 nmethod 4100 0x00000227a3ef0090 code [0x00000227a3ef0260, 0x00000227a3ef0700]
Event: 19.406 Thread 0x00000227ba4e1870 4124       3       java.lang.invoke.AbstractValidatingLambdaMetafactory::checkDescriptor (133 bytes)
Event: 19.408 Thread 0x00000227ba4e1870 nmethod 4124 0x00000227a3ef0810 code [0x00000227a3ef0b80, 0x00000227a3ef2490]
Event: 19.408 Thread 0x0000022787f0f970 nmethod 4015 0x00000227ab412410 code [0x00000227ab412780, 0x00000227ab413c90]
Event: 19.409 Thread 0x00000227ba4e1870 4103       3       javafx.scene.Node$1::doUpdatePeer (5 bytes)
Event: 19.410 Thread 0x00000227ba4e1870 nmethod 4103 0x00000227a3ef2c90 code [0x00000227a3ef2e40, 0x00000227a3ef2f80]
Event: 19.410 Thread 0x00000227ba4e1870 4104       3       javafx.scene.Node::doUpdatePeer (361 bytes)
Event: 19.412 Thread 0x0000022787f0f970 4116       4       com.sun.javafx.UnmodifiableArrayList::get (7 bytes)
Event: 19.414 Thread 0x0000022787f0f970 nmethod 4116 0x00000227ab414d90 code [0x00000227ab414f20, 0x00000227ab414ff8]
Event: 19.415 Thread 0x0000022787f0f970 4001       4       java.util.Map::computeIfAbsent (45 bytes)
Event: 19.418 Thread 0x00000227ba4e1870 nmethod 4104 0x00000227a3ef3090 code [0x00000227a3ef3940, 0x00000227a3ef9738]
Event: 19.421 Thread 0x00000227ba4e1870 4128       3       java.lang.StringLatin1::lastIndexOf (125 bytes)
Event: 19.421 Thread 0x000002278006a8b0 nmethod 4002 0x00000227ab415090 code [0x00000227ab4152e0, 0x00000227ab415cb0]
Event: 19.421 Thread 0x00000227ba4e1870 nmethod 4128 0x00000227a3efb010 code [0x00000227a3efb1e0, 0x00000227a3efb668]
Event: 19.422 Thread 0x00000227ba4e1870 4114       3       com.sun.javafx.sg.prism.NGNode::setContentBounds (13 bytes)
Event: 19.422 Thread 0x00000227ba4e1870 nmethod 4114 0x00000227a3efb910 code [0x00000227a3efbac0, 0x00000227a3efbd00]
Event: 19.423 Thread 0x000002278006a8b0 4130       4       java.lang.Character::isWhitespace (5 bytes)

GC Heap History (13 events):
Event: 0.670 GC heap before
{Heap before GC invocations=0 (full 0):
 garbage-first heap   total 262144K, used 22528K [0x0000000701e00000, 0x0000000800000000)
  region size 2048K, 11 young (22528K), 0 survivors (0K)
 Metaspace       used 3691K, committed 3904K, reserved 1114112K
  class space    used 387K, committed 448K, reserved 1048576K
}
Event: 0.673 GC heap after
{Heap after GC invocations=1 (full 0):
 garbage-first heap   total 262144K, used 3111K [0x0000000701e00000, 0x0000000800000000)
  region size 2048K, 2 young (4096K), 2 survivors (4096K)
 Metaspace       used 3691K, committed 3904K, reserved 1114112K
  class space    used 387K, committed 448K, reserved 1048576K
}
Event: 1.235 GC heap before
{Heap before GC invocations=1 (full 0):
 garbage-first heap   total 262144K, used 29735K [0x0000000701e00000, 0x0000000800000000)
  region size 2048K, 17 young (34816K), 2 survivors (4096K)
 Metaspace       used 12242K, committed 12480K, reserved 1114112K
  class space    used 1491K, committed 1600K, reserved 1048576K
}
Event: 1.241 GC heap after
{Heap after GC invocations=2 (full 0):
 garbage-first heap   total 262144K, used 6908K [0x0000000701e00000, 0x0000000800000000)
  region size 2048K, 3 young (6144K), 3 survivors (6144K)
 Metaspace       used 12242K, committed 12480K, reserved 1114112K
  class space    used 1491K, committed 1600K, reserved 1048576K
}
Event: 1.668 GC heap before
{Heap before GC invocations=2 (full 0):
 garbage-first heap   total 262144K, used 183036K [0x0000000701e00000, 0x0000000800000000)
  region size 2048K, 4 young (8192K), 3 survivors (6144K)
 Metaspace       used 12403K, committed 12672K, reserved 1114112K
  class space    used 1514K, committed 1600K, reserved 1048576K
}
Event: 1.673 GC heap after
{Heap after GC invocations=3 (full 0):
 garbage-first heap   total 262144K, used 183502K [0x0000000701e00000, 0x0000000800000000)
  region size 2048K, 3 young (6144K), 3 survivors (6144K)
 Metaspace       used 12403K, committed 12672K, reserved 1114112K
  class space    used 1514K, committed 1600K, reserved 1048576K
}
Event: 2.423 GC heap before
{Heap before GC invocations=4 (full 0):
 garbage-first heap   total 321536K, used 216270K [0x0000000701e00000, 0x0000000800000000)
  region size 2048K, 18 young (36864K), 3 survivors (6144K)
 Metaspace       used 17900K, committed 18240K, reserved 1114112K
  class space    used 2638K, committed 2816K, reserved 1048576K
}
Event: 2.428 GC heap after
{Heap after GC invocations=5 (full 0):
 garbage-first heap   total 321536K, used 189520K [0x0000000701e00000, 0x0000000800000000)
  region size 2048K, 3 young (6144K), 3 survivors (6144K)
 Metaspace       used 17900K, committed 18240K, reserved 1114112K
  class space    used 2638K, committed 2816K, reserved 1048576K
}
Event: 19.088 GC heap before
{Heap before GC invocations=6 (full 0):
 garbage-first heap   total 325632K, used 207952K [0x0000000701e00000, 0x0000000800000000)
  region size 2048K, 12 young (24576K), 3 survivors (6144K)
 Metaspace       used 20380K, committed 20800K, reserved 1114112K
  class space    used 2828K, committed 3008K, reserved 1048576K
}
Event: 19.094 GC heap after
{Heap after GC invocations=7 (full 0):
 garbage-first heap   total 325632K, used 195653K [0x0000000701e00000, 0x0000000800000000)
  region size 2048K, 5 young (10240K), 5 survivors (10240K)
 Metaspace       used 20380K, committed 20800K, reserved 1114112K
  class space    used 2828K, committed 3008K, reserved 1048576K
}
Event: 19.116 GC heap before
{Heap before GC invocations=8 (full 0):
 garbage-first heap   total 335872K, used 197701K [0x0000000701e00000, 0x0000000800000000)
  region size 2048K, 6 young (12288K), 5 survivors (10240K)
 Metaspace       used 20417K, committed 20800K, reserved 1114112K
  class space    used 2831K, committed 3008K, reserved 1048576K
}
Event: 19.121 GC heap after
{Heap after GC invocations=9 (full 0):
 garbage-first heap   total 335872K, used 197520K [0x0000000701e00000, 0x0000000800000000)
  region size 2048K, 3 young (6144K), 3 survivors (6144K)
 Metaspace       used 20417K, committed 20800K, reserved 1114112K
  class space    used 2831K, committed 3008K, reserved 1048576K
}
Event: 19.423 GC heap before
{Heap before GC invocations=10 (full 0):
 garbage-first heap   total 337920K, used 213904K [0x0000000701e00000, 0x0000000800000000)
  region size 2048K, 11 young (22528K), 3 survivors (6144K)
 Metaspace       used 21574K, committed 22080K, reserved 1114112K
  class space    used 3017K, committed 3264K, reserved 1048576K
}

Dll operation events (20 events):
Event: 0.328 Loaded shared library C:\Users\GAMING\.openjfx\cache\21.0.1+6\amd64\api-ms-win-crt-private-l1-1-0.dll
Event: 0.330 Loaded shared library C:\Users\GAMING\.openjfx\cache\21.0.1+6\amd64\api-ms-win-crt-process-l1-1-0.dll
Event: 0.331 Loaded shared library C:\Users\GAMING\.openjfx\cache\21.0.1+6\amd64\api-ms-win-crt-runtime-l1-1-0.dll
Event: 0.333 Loaded shared library C:\Users\GAMING\.openjfx\cache\21.0.1+6\amd64\api-ms-win-crt-stdio-l1-1-0.dll
Event: 0.335 Loaded shared library C:\Users\GAMING\.openjfx\cache\21.0.1+6\amd64\api-ms-win-crt-string-l1-1-0.dll
Event: 0.337 Loaded shared library C:\Users\GAMING\.openjfx\cache\21.0.1+6\amd64\api-ms-win-crt-time-l1-1-0.dll
Event: 0.339 Loaded shared library C:\Users\GAMING\.openjfx\cache\21.0.1+6\amd64\api-ms-win-crt-utility-l1-1-0.dll
Event: 0.350 Loaded shared library C:\Users\GAMING\.openjfx\cache\21.0.1+6\amd64\ucrtbase.dll
Event: 0.353 Loaded shared library C:\Users\GAMING\.openjfx\cache\21.0.1+6\amd64\vcruntime140.dll
Event: 0.355 Loaded shared library C:\Users\GAMING\.openjfx\cache\21.0.1+6\amd64\vcruntime140_1.dll
Event: 0.362 Loaded shared library C:\Users\GAMING\.openjfx\cache\21.0.1+6\amd64\msvcp140.dll
Event: 0.364 Loaded shared library C:\Users\GAMING\.openjfx\cache\21.0.1+6\amd64\msvcp140_1.dll
Event: 0.368 Loaded shared library C:\Users\GAMING\.openjfx\cache\21.0.1+6\amd64\msvcp140_2.dll
Event: 0.407 Loaded shared library C:\Users\GAMING\.openjfx\cache\21.0.1+6\amd64\prism_d3d.dll
Event: 0.470 Loaded shared library C:\Users\GAMING\.openjfx\cache\21.0.1+6\amd64\glass.dll
Event: 0.651 Loaded shared library C:\Program Files\Java\jdk-21\bin\jimage.dll
Event: 0.817 Loaded shared library C:\Program Files\Java\jdk-21\bin\extnet.dll
Event: 1.072 Loaded shared library C:\Users\GAMING\.openjfx\cache\21.0.1+6\amd64\javafx_font.dll
Event: 1.234 Loaded shared library C:\Users\GAMING\.openjfx\cache\21.0.1+6\amd64\javafx_iio.dll
Event: 18.624 Loaded shared library C:\Program Files\Java\jdk-21\bin\verify.dll

Deoptimization events (20 events):
Event: 19.284 Thread 0x00000227ba7037b0 Uncommon trap: trap_request=0xffffffc6 fr.pc=0x00000227ab3f341c relative=0x00000000000012dc
Event: 19.284 Thread 0x00000227ba7037b0 Uncommon trap: reason=bimorphic_or_optimized_type_check action=maybe_recompile pc=0x00000227ab3f341c method=java.security.DigestInputStream.read([BII)I @ 7 c2
Event: 19.284 Thread 0x00000227ba7037b0 DEOPT PACKING pc=0x00000227ab3f341c sp=0x0000002e209fbe90
Event: 19.284 Thread 0x00000227ba7037b0 DEOPT UNPACKING pc=0x00000227aad446a2 sp=0x0000002e209fbdf8 mode 2
Event: 19.337 Thread 0x00000227ba7037b0 Uncommon trap: trap_request=0xffffffbe fr.pc=0x00000227ab3ff850 relative=0x0000000000000a90
Event: 19.337 Thread 0x00000227ba7037b0 Uncommon trap: reason=profile_predicate action=maybe_recompile pc=0x00000227ab3ff850 method=com.sun.javafx.css.BitSet.addAll(Ljava/util/Collection;)Z @ 122 c2
Event: 19.337 Thread 0x00000227ba7037b0 DEOPT PACKING pc=0x00000227ab3ff850 sp=0x0000002e209fc2b0
Event: 19.337 Thread 0x00000227ba7037b0 DEOPT UNPACKING pc=0x00000227aad446a2 sp=0x0000002e209fc220 mode 2
Event: 19.337 Thread 0x00000227ba7037b0 Uncommon trap: trap_request=0xffffffbe fr.pc=0x00000227ab3ff850 relative=0x0000000000000a90
Event: 19.337 Thread 0x00000227ba7037b0 Uncommon trap: reason=profile_predicate action=maybe_recompile pc=0x00000227ab3ff850 method=com.sun.javafx.css.BitSet.addAll(Ljava/util/Collection;)Z @ 122 c2
Event: 19.337 Thread 0x00000227ba7037b0 DEOPT PACKING pc=0x00000227ab3ff850 sp=0x0000002e209fc2b0
Event: 19.337 Thread 0x00000227ba7037b0 DEOPT UNPACKING pc=0x00000227aad446a2 sp=0x0000002e209fc220 mode 2
Event: 19.337 Thread 0x00000227ba7037b0 Uncommon trap: trap_request=0xffffffbe fr.pc=0x00000227ab3ff850 relative=0x0000000000000a90
Event: 19.337 Thread 0x00000227ba7037b0 Uncommon trap: reason=profile_predicate action=maybe_recompile pc=0x00000227ab3ff850 method=com.sun.javafx.css.BitSet.addAll(Ljava/util/Collection;)Z @ 122 c2
Event: 19.337 Thread 0x00000227ba7037b0 DEOPT PACKING pc=0x00000227ab3ff850 sp=0x0000002e209fc2b0
Event: 19.337 Thread 0x00000227ba7037b0 DEOPT UNPACKING pc=0x00000227aad446a2 sp=0x0000002e209fc220 mode 2
Event: 19.338 Thread 0x00000227ba7037b0 Uncommon trap: trap_request=0xffffffbe fr.pc=0x00000227ab3ff850 relative=0x0000000000000a90
Event: 19.338 Thread 0x00000227ba7037b0 Uncommon trap: reason=profile_predicate action=maybe_recompile pc=0x00000227ab3ff850 method=com.sun.javafx.css.BitSet.addAll(Ljava/util/Collection;)Z @ 122 c2
Event: 19.338 Thread 0x00000227ba7037b0 DEOPT PACKING pc=0x00000227ab3ff850 sp=0x0000002e209fc6e0
Event: 19.338 Thread 0x00000227ba7037b0 DEOPT UNPACKING pc=0x00000227aad446a2 sp=0x0000002e209fc650 mode 2

Classes loaded (20 events):
Event: 19.077 Loading class sun/nio/ch/NativeSocketAddress
Event: 19.077 Loading class sun/nio/ch/NativeSocketAddress done
Event: 19.078 Loading class sun/nio/ch/DatagramSocketAdaptor
Event: 19.078 Loading class sun/nio/ch/DatagramSocketAdaptor done
Event: 19.078 Loading class sun/nio/ch/DatagramSocketAdaptor$DatagramSockets
Event: 19.078 Loading class sun/nio/ch/DatagramSocketAdaptor$DatagramSockets done
Event: 19.079 Loading class java/lang/invoke/VarHandleReferences$FieldStaticReadOnly
Event: 19.079 Loading class java/lang/invoke/VarHandleReferences$FieldStaticReadOnly done
Event: 19.079 Loading class sun/nio/ch/DatagramChannelImpl$DefaultOptionsHolder
Event: 19.079 Loading class sun/nio/ch/DatagramChannelImpl$DefaultOptionsHolder done
Event: 19.100 Loading class java/net/DatagramPacket
Event: 19.100 Loading class java/net/DatagramPacket done
Event: 19.407 Loading class java/util/stream/ReduceOps$5
Event: 19.407 Loading class java/util/stream/ReduceOps$5 done
Event: 19.407 Loading class java/util/stream/ReduceOps$CountingSink$OfRef
Event: 19.407 Loading class java/util/stream/ReduceOps$CountingSink
Event: 19.407 Loading class java/util/stream/ReduceOps$CountingSink done
Event: 19.407 Loading class java/util/stream/ReduceOps$CountingSink$OfRef done
Event: 19.408 Loading class java/lang/FdLibm$Acos
Event: 19.408 Loading class java/lang/FdLibm$Acos done

Classes unloaded (0 events):
No events

Classes redefined (0 events):
No events

Internal exceptions (20 events):
Event: 1.904 Thread 0x00000227ba7037b0 Exception <a 'java/lang/IncompatibleClassChangeError'{0x0000000714c84790}: Found class java.lang.Object, but interface was expected> (0x0000000714c84790) 
thrown [s\open\src\hotspot\share\interpreter\linkResolver.cpp, line 840]
Event: 1.950 Thread 0x00000227ba7037b0 Exception <a 'java/lang/ClassNotFoundException'{0x0000000714b51b18}: com/sun/javafx/scene/control/skin/resources/controls> (0x0000000714b51b18) 
thrown [s\open\src\hotspot\share\prims\jni.cpp, line 539]
Event: 1.950 Thread 0x00000227ba7037b0 Exception <a 'java/lang/ClassNotFoundException'{0x0000000714b5fd18}: com/sun/javafx/scene/control/skin/resources/controls_en> (0x0000000714b5fd18) 
thrown [s\open\src\hotspot\share\prims\jni.cpp, line 539]
Event: 1.951 Thread 0x00000227ba7037b0 Exception <a 'java/lang/ClassNotFoundException'{0x0000000714b61550}: com/sun/javafx/scene/control/skin/resources/controls_en_US> (0x0000000714b61550) 
thrown [s\open\src\hotspot\share\prims\jni.cpp, line 539]
Event: 2.005 Thread 0x00000227ba7037b0 Exception <a 'java/lang/NoSuchMethodError'{0x000000071493e210}: 'void java.lang.invoke.DirectMethodHandle$Holder.invokeSpecial(java.lang.Object, java.lang.Object, java.lang.Object, java.lang.Object, java.lang.Object, java.lang.Object)'> (0x000000071493e210) 
thrown [s\open\src\hotspot\share\interpreter\linkResolver.cpp, line 773]
Event: 2.090 Thread 0x00000227ba7037b0 Exception <a 'java/lang/NoSuchMethodError'{0x000000071425bd68}: 'int java.lang.invoke.DirectMethodHandle$Holder.invokeSpecial(java.lang.Object, java.lang.Object, int)'> (0x000000071425bd68) 
thrown [s\open\src\hotspot\share\interpreter\linkResolver.cpp, line 773]
Event: 2.103 Thread 0x00000227ba7037b0 Exception <a 'java/lang/NoSuchMethodError'{0x00000007142b6ee8}: 'java.lang.Object java.lang.invoke.DirectMethodHandle$Holder.newInvokeSpecial(java.lang.Object, java.lang.Object, int)'> (0x00000007142b6ee8) 
thrown [s\open\src\hotspot\share\interpreter\linkResolver.cpp, line 773]
Event: 2.134 Thread 0x00000227ba701d70 Exception <a 'java/lang/NoSuchMethodError'{0x0000000714020ab0}: 'int java.lang.invoke.DirectMethodHandle$Holder.invokeStaticInit(java.lang.Object, java.lang.Object)'> (0x0000000714020ab0) 
thrown [s\open\src\hotspot\share\interpreter\linkResolver.cpp, line 773]
Event: 2.135 Thread 0x00000227ba7037b0 Exception <a 'java/lang/NoSuchMethodError'{0x00000007140b3e70}: 'long java.lang.invoke.DirectMethodHandle$Holder.invokeStatic(java.lang.Object, java.lang.Object, java.lang.Object)'> (0x00000007140b3e70) 
thrown [s\open\src\hotspot\share\interpreter\linkResolver.cpp, line 773]
Event: 2.135 Thread 0x00000227ba7037b0 Exception <a 'java/lang/NoSuchMethodError'{0x00000007140b7240}: 'long java.lang.invoke.DirectMethodHandle$Holder.invokeStaticInit(java.lang.Object, java.lang.Object, java.lang.Object)'> (0x00000007140b7240) 
thrown [s\open\src\hotspot\share\interpreter\linkResolver.cpp, line 773]
Event: 2.138 Thread 0x00000227ba7037b0 Exception <a 'java/lang/NoSuchMethodError'{0x00000007140cb740}: 'java.lang.Object java.lang.invoke.DirectMethodHandle$Holder.newInvokeSpecial(java.lang.Object, java.lang.Object, long)'> (0x00000007140cb740) 
thrown [s\open\src\hotspot\share\interpreter\linkResolver.cpp, line 773]
Event: 2.139 Thread 0x00000227ba7037b0 Exception <a 'java/lang/NoSuchMethodError'{0x00000007140cf038}: 'java.lang.Object java.lang.invoke.Invokers$Holder.linkToTargetMethod(java.lang.Object, long, java.lang.Object)'> (0x00000007140cf038) 
thrown [s\open\src\hotspot\share\interpreter\linkResolver.cpp, line 773]
Event: 2.151 Thread 0x00000227ba701d70 Exception <a 'java/lang/NoSuchMethodError'{0x00000007141ae9d0}: 'java.lang.Object java.lang.invoke.Invokers$Holder.invokeExact_MT(java.lang.Object, java.lang.Object, java.lang.Object, java.lang.Object, java.lang.Object)'> (0x00000007141ae9d0) 
thrown [s\open\src\hotspot\share\interpreter\linkResolver.cpp, line 773]
Event: 18.767 Thread 0x00000227ba7037b0 Exception <a 'java/lang/NoSuchMethodError'{0x00000007154a74d8}: 'void java.lang.invoke.DirectMethodHandle$Holder.invokeVirtual(java.lang.Object, java.lang.Object)'> (0x00000007154a74d8) 
thrown [s\open\src\hotspot\share\interpreter\linkResolver.cpp, line 773]
Event: 18.838 Thread 0x00000227ba7037b0 Exception <a 'java/lang/NoSuchMethodError'{0x00000007152b1ea0}: 'java.lang.Object java.lang.invoke.DirectMethodHandle$Holder.newInvokeSpecial(java.lang.Object, double)'> (0x00000007152b1ea0) 
thrown [s\open\src\hotspot\share\interpreter\linkResolver.cpp, line 773]
Event: 19.139 Thread 0x00000227ba7037b0 Exception <a 'java/io/FileNotFoundException'{0x0000000715ecdae8}> (0x0000000715ecdae8) 
thrown [s\open\src\hotspot\share\prims\jni.cpp, line 520]
Event: 19.283 Thread 0x00000227ba7037b0 Exception <a 'java/io/FileNotFoundException'{0x0000000715876608}> (0x0000000715876608) 
thrown [s\open\src\hotspot\share\prims\jni.cpp, line 520]
Event: 19.377 Thread 0x00000227ba7037b0 Exception <a 'java/lang/NoSuchMethodError'{0x00000007157e2588}: 'void java.lang.invoke.DirectMethodHandle$Holder.invokeSpecial(java.lang.Object, java.lang.Object, int, int)'> (0x00000007157e2588) 
thrown [s\open\src\hotspot\share\interpreter\linkResolver.cpp, line 773]
Event: 19.378 Thread 0x00000227ba7037b0 Exception <a 'java/lang/NoSuchMethodError'{0x00000007157e8380}: 'java.lang.Object java.lang.invoke.DirectMethodHandle$Holder.newInvokeSpecial(java.lang.Object, java.lang.Object, int, int)'> (0x00000007157e8380) 
thrown [s\open\src\hotspot\share\interpreter\linkResolver.cpp, line 773]
Event: 19.378 Thread 0x00000227ba7037b0 Exception <a 'java/lang/NoSuchMethodError'{0x00000007157ec2e0}: 'java.lang.Object java.lang.invoke.DirectMethodHandle$Holder.invokeSpecial(java.lang.Object, java.lang.Object, java.lang.Object, int, int)'> (0x00000007157ec2e0) 
thrown [s\open\src\hotspot\share\interpreter\linkResolver.cpp, line 773]

ZGC Phase Switch (0 events):
No events

VM Operations (20 events):
Event: 18.754 Executing VM operation: Cleanup done
Event: 18.828 Executing VM operation: HandshakeAllThreads (Deoptimize)
Event: 18.828 Executing VM operation: HandshakeAllThreads (Deoptimize) done
Event: 19.088 Executing VM operation: G1TryInitiateConcMark (G1 Humongous Allocation)
Event: 19.094 Executing VM operation: G1TryInitiateConcMark (G1 Humongous Allocation) done
Event: 19.101 Executing VM operation: G1PauseRemark
Event: 19.103 Executing VM operation: G1PauseRemark done
Event: 19.104 Executing VM operation: G1PauseCleanup
Event: 19.105 Executing VM operation: G1PauseCleanup done
Event: 19.116 Executing VM operation: G1TryInitiateConcMark (G1 Humongous Allocation)
Event: 19.121 Executing VM operation: G1TryInitiateConcMark (G1 Humongous Allocation) done
Event: 19.127 Executing VM operation: G1PauseRemark
Event: 19.130 Executing VM operation: G1PauseRemark done
Event: 19.132 Executing VM operation: G1PauseCleanup
Event: 19.133 Executing VM operation: G1PauseCleanup done
Event: 19.337 Executing VM operation: ICBufferFull
Event: 19.337 Executing VM operation: ICBufferFull done
Event: 19.391 Executing VM operation: HandshakeAllThreads (Deoptimize)
Event: 19.391 Executing VM operation: HandshakeAllThreads (Deoptimize) done
Event: 19.422 Executing VM operation: G1TryInitiateConcMark (G1 Humongous Allocation)

Events (20 events):
Event: 19.130 Thread 0x00000227ba4aeff0 flushing nmethod 0x00000227a37d7690
Event: 19.130 Thread 0x00000227ba4aeff0 flushing nmethod 0x00000227a37f5590
Event: 19.130 Thread 0x00000227ba4aeff0 flushing nmethod 0x00000227a37f7a90
Event: 19.130 Thread 0x00000227ba4aeff0 flushing nmethod 0x00000227a37ea690
Event: 19.130 Thread 0x00000227ba4aeff0 flushing nmethod 0x00000227a37ea310
Event: 19.130 Thread 0x00000227ba4aeff0 flushing nmethod 0x00000227a37e8b10
Event: 19.130 Thread 0x00000227ba4aeff0 flushing nmethod 0x00000227a37e8610
Event: 19.130 Thread 0x00000227ba4aeff0 flushing nmethod 0x00000227a37f0910
Event: 19.130 Thread 0x00000227ba4aeff0 flushing nmethod 0x00000227a37db810
Event: 19.130 Thread 0x00000227ba4aeff0 flushing nmethod 0x00000227ab350810
Event: 19.130 Thread 0x00000227ba4aeff0 flushing nmethod 0x00000227ab3bc390
Event: 19.130 Thread 0x00000227ba4aeff0 flushing nmethod 0x00000227ab3a9210
Event: 19.130 Thread 0x00000227ba4aeff0 flushing nmethod 0x00000227ab2ea810
Event: 19.130 Thread 0x00000227ba4aeff0 flushing nmethod 0x00000227ab2d8e10
Event: 19.130 Thread 0x00000227ba4aeff0 flushing nmethod 0x00000227ab2d4e90
Event: 19.130 Thread 0x00000227ba4aeff0 flushing nmethod 0x00000227ab2db390
Event: 19.130 Thread 0x00000227ba4aeff0 flushing nmethod 0x00000227ab2db090
Event: 19.130 Thread 0x00000227ba4aeff0 flushing nmethod 0x00000227ab29d010
Event: 19.130 Thread 0x00000227ba4aeff0 flushing nmethod 0x00000227ab29be90
Event: 19.130 Thread 0x00000227ba4aeff0 flushing nmethod 0x00000227ab29b410


Dynamic libraries:
0x00007ff647bc0000 - 0x00007ff647bd0000 	C:\Program Files\Java\jdk-21\bin\java.exe
0x00007ffb985f0000 - 0x00007ffb98807000 	C:\Windows\SYSTEM32\ntdll.dll
0x00007ffb97070000 - 0x00007ffb97134000 	C:\Windows\System32\KERNEL32.DLL
0x00007ffb95af0000 - 0x00007ffb95e96000 	C:\Windows\System32\KERNELBASE.dll
0x00007ffb95f50000 - 0x00007ffb96061000 	C:\Windows\System32\ucrtbase.dll
0x00007ffb86090000 - 0x00007ffb860ab000 	C:\Program Files\Java\jdk-21\bin\VCRUNTIME140.dll
0x00007ffb8b2d0000 - 0x00007ffb8b2e9000 	C:\Program Files\Java\jdk-21\bin\jli.dll
0x00007ffb96f20000 - 0x00007ffb96fd3000 	C:\Windows\System32\ADVAPI32.dll
0x00007ffb965c0000 - 0x00007ffb96667000 	C:\Windows\System32\msvcrt.dll
0x00007ffb983b0000 - 0x00007ffb98458000 	C:\Windows\System32\sechost.dll
0x00007ffb959a0000 - 0x00007ffb959c8000 	C:\Windows\System32\bcrypt.dll
0x00007ffb96470000 - 0x00007ffb96587000 	C:\Windows\System32\RPCRT4.dll
0x00007ffb97aa0000 - 0x00007ffb97c4e000 	C:\Windows\System32\USER32.dll
0x00007ffb7dbd0000 - 0x00007ffb7de63000 	C:\Windows\WinSxS\amd64_microsoft.windows.common-controls_6595b64144ccf1df_6.0.22621.2506_none_270c5ae97388e100\COMCTL32.dll
0x00007ffb95ea0000 - 0x00007ffb95ec6000 	C:\Windows\System32\win32u.dll
0x00007ffb98460000 - 0x00007ffb98489000 	C:\Windows\System32\GDI32.dll
0x00007ffb959d0000 - 0x00007ffb95ae8000 	C:\Windows\System32\gdi32full.dll
0x00007ffb962a0000 - 0x00007ffb9633a000 	C:\Windows\System32\msvcp_win.dll
0x00007ffb8df40000 - 0x00007ffb8df4a000 	C:\Windows\SYSTEM32\VERSION.dll
0x00007ffb98570000 - 0x00007ffb985a1000 	C:\Windows\System32\IMM32.DLL
0x00007ffb90810000 - 0x00007ffb9081c000 	C:\Program Files\Java\jdk-21\bin\vcruntime140_1.dll
0x00007ffb79ec0000 - 0x00007ffb79f4e000 	C:\Program Files\Java\jdk-21\bin\msvcp140.dll
0x00007ffb26840000 - 0x00007ffb27555000 	C:\Program Files\Java\jdk-21\bin\server\jvm.dll
0x00007ffb963a0000 - 0x00007ffb96411000 	C:\Windows\System32\WS2_32.dll
0x00007ffb94eb0000 - 0x00007ffb94efd000 	C:\Windows\SYSTEM32\POWRPROF.dll
0x00007ffb8e150000 - 0x00007ffb8e184000 	C:\Windows\SYSTEM32\WINMM.dll
0x00007ffb94e20000 - 0x00007ffb94e33000 	C:\Windows\SYSTEM32\UMPDC.dll
0x00007ffb94930000 - 0x00007ffb94948000 	C:\Windows\SYSTEM32\kernel.appcore.dll
0x00007ffb8b730000 - 0x00007ffb8b73a000 	C:\Program Files\Java\jdk-21\bin\jimage.dll
0x00007ffb8c560000 - 0x00007ffb8c793000 	C:\Windows\SYSTEM32\DBGHELP.DLL
0x00007ffb96670000 - 0x00007ffb969f9000 	C:\Windows\System32\combase.dll
0x00007ffb96e20000 - 0x00007ffb96ef7000 	C:\Windows\System32\OLEAUT32.dll
0x00007ffb7c070000 - 0x00007ffb7c0a2000 	C:\Windows\SYSTEM32\dbgcore.DLL
0x00007ffb95ed0000 - 0x00007ffb95f4a000 	C:\Windows\System32\bcryptPrimitives.dll
0x00007ffb85ca0000 - 0x00007ffb85cbf000 	C:\Program Files\Java\jdk-21\bin\java.dll
0x00007ffb97240000 - 0x00007ffb97a9b000 	C:\Windows\System32\SHELL32.dll
0x00007ffb93840000 - 0x00007ffb94136000 	C:\Windows\SYSTEM32\windows.storage.dll
0x00007ffb93700000 - 0x00007ffb9383e000 	C:\Windows\SYSTEM32\wintypes.dll
0x00007ffb982b0000 - 0x00007ffb983a3000 	C:\Windows\System32\SHCORE.dll
0x00007ffb98510000 - 0x00007ffb9856e000 	C:\Windows\System32\shlwapi.dll
0x00007ffb95860000 - 0x00007ffb95886000 	C:\Windows\SYSTEM32\profapi.dll
0x00007ffb578e0000 - 0x00007ffb579b7000 	C:\Program Files\Java\jdk-21\bin\jsvml.dll
0x00007ffb8a9e0000 - 0x00007ffb8a9f0000 	C:\Program Files\Java\jdk-21\bin\net.dll
0x00007ffb8f620000 - 0x00007ffb8f757000 	C:\Windows\SYSTEM32\WINHTTP.dll
0x00007ffb94e40000 - 0x00007ffb94ea9000 	C:\Windows\system32\mswsock.dll
0x00007ffb7f060000 - 0x00007ffb7f076000 	C:\Program Files\Java\jdk-21\bin\nio.dll
0x00007ffb80940000 - 0x00007ffb80958000 	C:\Program Files\Java\jdk-21\bin\zip.dll
0x00000227baa20000 - 0x00000227baa23000 	C:\Users\GAMING\.openjfx\cache\21.0.1+6\amd64\api-ms-win-core-console-l1-1-0.dll
0x00000227baa30000 - 0x00000227baa33000 	C:\Users\GAMING\.openjfx\cache\21.0.1+6\amd64\api-ms-win-core-console-l1-2-0.dll
0x00000227baa40000 - 0x00000227baa43000 	C:\Users\GAMING\.openjfx\cache\21.0.1+6\amd64\api-ms-win-core-datetime-l1-1-0.dll
0x00000227baa50000 - 0x00000227baa53000 	C:\Users\GAMING\.openjfx\cache\21.0.1+6\amd64\api-ms-win-core-debug-l1-1-0.dll
0x00000227baa60000 - 0x00000227baa63000 	C:\Users\GAMING\.openjfx\cache\21.0.1+6\amd64\api-ms-win-core-errorhandling-l1-1-0.dll
0x00000227baa70000 - 0x00000227baa74000 	C:\Users\GAMING\.openjfx\cache\21.0.1+6\amd64\api-ms-win-core-file-l1-1-0.dll
0x00000227baa80000 - 0x00000227baa83000 	C:\Users\GAMING\.openjfx\cache\21.0.1+6\amd64\api-ms-win-core-file-l1-2-0.dll
0x00000227baa90000 - 0x00000227baa93000 	C:\Users\GAMING\.openjfx\cache\21.0.1+6\amd64\api-ms-win-core-file-l2-1-0.dll
0x00000227baaa0000 - 0x00000227baaa3000 	C:\Users\GAMING\.openjfx\cache\21.0.1+6\amd64\api-ms-win-core-handle-l1-1-0.dll
0x00000227baab0000 - 0x00000227baab3000 	C:\Users\GAMING\.openjfx\cache\21.0.1+6\amd64\api-ms-win-core-heap-l1-1-0.dll
0x00000227baac0000 - 0x00000227baac3000 	C:\Users\GAMING\.openjfx\cache\21.0.1+6\amd64\api-ms-win-core-interlocked-l1-1-0.dll
0x00000227baad0000 - 0x00000227baad3000 	C:\Users\GAMING\.openjfx\cache\21.0.1+6\amd64\api-ms-win-core-libraryloader-l1-1-0.dll
0x00000227baae0000 - 0x00000227baae3000 	C:\Users\GAMING\.openjfx\cache\21.0.1+6\amd64\api-ms-win-core-localization-l1-2-0.dll
0x00000227baaf0000 - 0x00000227baaf3000 	C:\Users\GAMING\.openjfx\cache\21.0.1+6\amd64\api-ms-win-core-memory-l1-1-0.dll
0x00000227bab00000 - 0x00000227bab03000 	C:\Users\GAMING\.openjfx\cache\21.0.1+6\amd64\api-ms-win-core-namedpipe-l1-1-0.dll
0x00000227bab10000 - 0x00000227bab13000 	C:\Users\GAMING\.openjfx\cache\21.0.1+6\amd64\api-ms-win-core-processenvironment-l1-1-0.dll
0x00000227bab20000 - 0x00000227bab23000 	C:\Users\GAMING\.openjfx\cache\21.0.1+6\amd64\api-ms-win-core-processthreads-l1-1-0.dll
0x00000227bab30000 - 0x00000227bab33000 	C:\Users\GAMING\.openjfx\cache\21.0.1+6\amd64\api-ms-win-core-processthreads-l1-1-1.dll
0x00000227bab40000 - 0x00000227bab43000 	C:\Users\GAMING\.openjfx\cache\21.0.1+6\amd64\api-ms-win-core-profile-l1-1-0.dll
0x00000227bab50000 - 0x00000227bab53000 	C:\Users\GAMING\.openjfx\cache\21.0.1+6\amd64\api-ms-win-core-rtlsupport-l1-1-0.dll
0x00000227bab60000 - 0x00000227bab63000 	C:\Users\GAMING\.openjfx\cache\21.0.1+6\amd64\api-ms-win-core-string-l1-1-0.dll
0x00000227bab70000 - 0x00000227bab73000 	C:\Users\GAMING\.openjfx\cache\21.0.1+6\amd64\api-ms-win-core-synch-l1-1-0.dll
0x00000227bab80000 - 0x00000227bab83000 	C:\Users\GAMING\.openjfx\cache\21.0.1+6\amd64\api-ms-win-core-synch-l1-2-0.dll
0x00000227bab90000 - 0x00000227bab93000 	C:\Users\GAMING\.openjfx\cache\21.0.1+6\amd64\api-ms-win-core-sysinfo-l1-1-0.dll
0x00000227baba0000 - 0x00000227baba3000 	C:\Users\GAMING\.openjfx\cache\21.0.1+6\amd64\api-ms-win-core-timezone-l1-1-0.dll
0x00000227babb0000 - 0x00000227babb3000 	C:\Users\GAMING\.openjfx\cache\21.0.1+6\amd64\api-ms-win-core-util-l1-1-0.dll
0x00000227babc0000 - 0x00000227babc3000 	C:\Users\GAMING\.openjfx\cache\21.0.1+6\amd64\api-ms-win-crt-conio-l1-1-0.dll
0x00000227babd0000 - 0x00000227babd4000 	C:\Users\GAMING\.openjfx\cache\21.0.1+6\amd64\api-ms-win-crt-convert-l1-1-0.dll
0x00000227babe0000 - 0x00000227babe3000 	C:\Users\GAMING\.openjfx\cache\21.0.1+6\amd64\api-ms-win-crt-environment-l1-1-0.dll
0x00000227babf0000 - 0x00000227babf3000 	C:\Users\GAMING\.openjfx\cache\21.0.1+6\amd64\api-ms-win-crt-filesystem-l1-1-0.dll
0x00000227bac00000 - 0x00000227bac03000 	C:\Users\GAMING\.openjfx\cache\21.0.1+6\amd64\api-ms-win-crt-heap-l1-1-0.dll
0x00000227bac10000 - 0x00000227bac13000 	C:\Users\GAMING\.openjfx\cache\21.0.1+6\amd64\api-ms-win-crt-locale-l1-1-0.dll
0x00000227bac20000 - 0x00000227bac25000 	C:\Users\GAMING\.openjfx\cache\21.0.1+6\amd64\api-ms-win-crt-math-l1-1-0.dll
0x00000227bac30000 - 0x00000227bac35000 	C:\Users\GAMING\.openjfx\cache\21.0.1+6\amd64\api-ms-win-crt-multibyte-l1-1-0.dll
0x00000227bac40000 - 0x00000227bac50000 	C:\Users\GAMING\.openjfx\cache\21.0.1+6\amd64\api-ms-win-crt-private-l1-1-0.dll
0x00000227bac50000 - 0x00000227bac53000 	C:\Users\GAMING\.openjfx\cache\21.0.1+6\amd64\api-ms-win-crt-process-l1-1-0.dll
0x00000227bac60000 - 0x00000227bac64000 	C:\Users\GAMING\.openjfx\cache\21.0.1+6\amd64\api-ms-win-crt-runtime-l1-1-0.dll
0x00000227bac70000 - 0x00000227bac74000 	C:\Users\GAMING\.openjfx\cache\21.0.1+6\amd64\api-ms-win-crt-stdio-l1-1-0.dll
0x00000227bac80000 - 0x00000227bac84000 	C:\Users\GAMING\.openjfx\cache\21.0.1+6\amd64\api-ms-win-crt-string-l1-1-0.dll
0x00000227bac90000 - 0x00000227bac93000 	C:\Users\GAMING\.openjfx\cache\21.0.1+6\amd64\api-ms-win-crt-time-l1-1-0.dll
0x00000227baca0000 - 0x00000227baca3000 	C:\Users\GAMING\.openjfx\cache\21.0.1+6\amd64\api-ms-win-crt-utility-l1-1-0.dll
0x00007ffb543d0000 - 0x00007ffb544cc000 	C:\Users\GAMING\.openjfx\cache\21.0.1+6\amd64\ucrtbase.dll
0x00007ffb7e570000 - 0x00007ffb7e58b000 	C:\Users\GAMING\.openjfx\cache\21.0.1+6\amd64\vcruntime140.dll
0x00007ffb7f050000 - 0x00007ffb7f05c000 	C:\Users\GAMING\.openjfx\cache\21.0.1+6\amd64\vcruntime140_1.dll
0x00007ffb5dfd0000 - 0x00007ffb5e05e000 	C:\Users\GAMING\.openjfx\cache\21.0.1+6\amd64\msvcp140.dll
0x00007ffb96c80000 - 0x00007ffb96e20000 	C:\Windows\System32\ole32.dll
0x00007ffb7e2e0000 - 0x00007ffb7e2e9000 	C:\Users\GAMING\.openjfx\cache\21.0.1+6\amd64\msvcp140_1.dll
0x00007ffb7dff0000 - 0x00007ffb7e01f000 	C:\Users\GAMING\.openjfx\cache\21.0.1+6\amd64\msvcp140_2.dll
0x00007ffb79a40000 - 0x00007ffb79a6f000 	C:\Users\GAMING\.openjfx\cache\21.0.1+6\amd64\prism_d3d.dll
0x00007ffb6d540000 - 0x00007ffb6d6e9000 	C:\Windows\system32\d3d9.dll
0x00007ffb930b0000 - 0x00007ffb930db000 	C:\Windows\SYSTEM32\dwmapi.dll
0x00007ffb92f60000 - 0x00007ffb92f99000 	C:\Windows\SYSTEM32\dxcore.dll
0x00007ffb92e30000 - 0x00007ffb92edb000 	C:\Windows\system32\uxtheme.dll
0x00007ffb8cdb0000 - 0x00007ffb8ce6e000 	C:\Windows\System32\DriverStore\FileRepository\nvlti.inf_amd64_4431f809be2dd54c\nvldumdx.dll
0x00007ffb955d0000 - 0x00007ffb955e2000 	C:\Windows\SYSTEM32\msasn1.dll
0x00007ffb8cd70000 - 0x00007ffb8cda2000 	C:\Windows\SYSTEM32\cryptnet.dll
0x00007ffb96070000 - 0x00007ffb961d6000 	C:\Windows\System32\CRYPT32.dll
0x00007ffb8cc10000 - 0x00007ffb8cd68000 	C:\Windows\SYSTEM32\drvstore.dll
0x00007ffb955f0000 - 0x00007ffb9561c000 	C:\Windows\SYSTEM32\devobj.dll
0x00007ffb95620000 - 0x00007ffb9566e000 	C:\Windows\SYSTEM32\cfgmgr32.dll
0x00007ffb95110000 - 0x00007ffb9515b000 	C:\Windows\SYSTEM32\wldp.dll
0x00007ffb951c0000 - 0x00007ffb951cc000 	C:\Windows\SYSTEM32\cryptbase.dll
0x00007ffb95930000 - 0x00007ffb9599b000 	C:\Windows\System32\wintrust.dll
0x00007ffb965a0000 - 0x00007ffb965bf000 	C:\Windows\System32\imagehlp.dll
0x00007ffb951e0000 - 0x00007ffb951fb000 	C:\Windows\SYSTEM32\CRYPTSP.dll
0x00007ffb94890000 - 0x00007ffb948c5000 	C:\Windows\system32\rsaenh.dll
0x00007ffb87b50000 - 0x00007ffb89d6d000 	C:\Windows\System32\DriverStore\FileRepository\nvlti.inf_amd64_4431f809be2dd54c\nvgpucomp64.dll
0x00007ffb34d70000 - 0x00007ffb3711f000 	C:\Windows\System32\DriverStore\FileRepository\nvlti.inf_amd64_4431f809be2dd54c\nvd3dumx.dll
0x00007ffb8fc80000 - 0x00007ffb8fcca000 	C:\Windows\SYSTEM32\directxdatabasehelper.dll
0x00007ffb6f3a0000 - 0x00007ffb6f3e2000 	C:\Users\GAMING\.openjfx\cache\21.0.1+6\amd64\glass.dll
0x00007ffb97140000 - 0x00007ffb97239000 	C:\Windows\System32\COMDLG32.dll
0x00007ffb97c50000 - 0x00007ffb97da1000 	C:\Windows\System32\MSCTF.dll
0x00007ffb44e40000 - 0x00007ffb45111000 	C:\Windows\system32\nvspcap64.dll
0x00007ffb94950000 - 0x00007ffb94984000 	C:\Windows\SYSTEM32\ntmarta.dll
0x00007ffb94f00000 - 0x00007ffb94f26000 	C:\Windows\SYSTEM32\gpapi.dll
0x00007ffb94410000 - 0x00007ffb94509000 	C:\Windows\SYSTEM32\DNSAPI.dll
0x00007ffb943a0000 - 0x00007ffb943cd000 	C:\Windows\SYSTEM32\IPHLPAPI.DLL
0x00007ffb96c70000 - 0x00007ffb96c79000 	C:\Windows\System32\NSI.dll
0x00007ffb89e50000 - 0x00007ffb89e5a000 	C:\Windows\System32\rasadhlp.dll
0x00007ffb8dd50000 - 0x00007ffb8ddd3000 	C:\Windows\System32\fwpuclnt.dll
0x00007ffb86dd0000 - 0x00007ffb86dd7000 	C:\Program Files\Java\jdk-21\bin\extnet.dll

dbghelp: loaded successfully - version: 4.0.5 - missing functions: none
symbol engine: initialized successfully - sym options: 0x614 - pdb path: .;C:\Program Files\Java\jdk-21\bin;C:\Windows\SYSTEM32;C:\Windows\WinSxS\amd64_microsoft.windows.common-controls_6595b64144ccf1df_6.0.22621.2506_none_270c5ae97388e100;C:\Program Files\Java\jdk-21\bin\server;C:\Users\GAMING\.openjfx\cache\21.0.1+6\amd64;C:\Windows\System32\DriverStore\FileRepository\nvlti.inf_amd64_4431f809be2dd54c;C:\Program Files\Common Files\Microsoft Shared\Ink

VM Arguments:
jvm_args: --module-path=C:\\Users\\GAMING\\.m2\\repository\\org\\openjfx\\javafx-base\\21.0.1\\javafx-base-21.0.1-win.jar;C:\\Users\\GAMING\\.m2\\repository\\org\\openjfx\\javafx-base\\21.0.1\\javafx-base-21.0.1.jar;C:\\Users\\GAMING\\.m2\\repository\\org\\openjfx\\javafx-controls\\21.0.1\\javafx-controls-21.0.1-win.jar;C:\\Users\\GAMING\\.m2\\repository\\org\\openjfx\\javafx-controls\\21.0.1\\javafx-controls-21.0.1.jar;C:\\Users\\GAMING\\.m2\\repository\\org\\openjfx\\javafx-fxml\\21.0.1\\javafx-fxml-21.0.1-win.jar;C:\\Users\\GAMING\\.m2\\repository\\org\\openjfx\\javafx-fxml\\21.0.1\\javafx-fxml-21.0.1.jar;C:\\Users\\GAMING\\.m2\\repository\\org\\openjfx\\javafx-graphics\\21.0.1\\javafx-graphics-21.0.1-win.jar;C:\\Users\\GAMING\\.m2\\repository\\org\\openjfx\\javafx-graphics\\21.0.1\\javafx-graphics-21.0.1.jar --add-modules=javafx.base,javafx.controls,javafx.fxml,javafx.graphics 
java_command: org.example.MainFX
java_class_path (initial): C:\\Users\\GAMING\\Desktop\\pidev-2024\\pidev-2024\\target\\classes;C:\\Users\\GAMING\\.m2\\repository\\com\\google\\protobuf\\protobuf-java\\3.19.4\\protobuf-java-3.19.4.jar;C:\\Users\\GAMING\\.m2\\repository\\com\\mysql\\mysql-connector-j\\8.0.31\\mysql-connector-j-8.0.31.jar;C:\\Users\\GAMING\\.m2\\repository\\com\\squareup\\okhttp3\\okhttp\\4.12.0\\okhttp-4.12.0.jar;C:\\Users\\GAMING\\.m2\\repository\\com\\squareup\\okio\\okio\\3.6.0\\okio-3.6.0.jar;C:\\Users\\GAMING\\.m2\\repository\\com\\squareup\\okio\\okio-jvm\\3.6.0\\okio-jvm-3.6.0.jar;C:\\Users\\GAMING\\.m2\\repository\\javax\\activation\\activation\\1.1\\activation-1.1.jar;C:\\Users\\GAMING\\.m2\\repository\\javax\\mail\\mail\\1.4\\mail-1.4.jar;C:\\Users\\GAMING\\.m2\\repository\\org\\jetbrains\\annotations\\13.0\\annotations-13.0.jar;C:\\Users\\GAMING\\.m2\\repository\\org\\jetbrains\\kotlin\\kotlin-stdlib\\1.8.21\\kotlin-stdlib-1.8.21.jar;C:\\Users\\GAMING\\.m2\\repository\\org\\jetbrains\\kotlin\\kotlin-stdlib-common\\1.9.10\\kotlin-stdlib-common-1.9.10.jar;C:\\Users\\GAMING\\.m2\\repository\\org\\jetbrains\\kotlin\\kotlin-stdlib-jdk7\\1.8.21\\kotlin-stdlib-jdk7-1.8.21.jar;C:\\Users\\GAMING\\.m2\\repository\\org\\jetbrains\\kotlin\\kotlin-stdlib-jdk8\\1.8.21\\kotlin-stdlib-jdk8-1.8.21.jar;C:\\Users\\GAMING\\.m2\\repository\\org\\json\\json\\20240205\\json-20240205.jar;C:\\Users\\GAMING\\.m2\\repository\\org\\mindrot\\jbcrypt\\0.4\\jbcrypt-0.4.jar
Launcher Type: SUN_STANDARD

[Global flags]
     intx CICompilerCount                          = 4                                         {product} {ergonomic}
     uint ConcGCThreads                            = 2                                         {product} {ergonomic}
     uint G1ConcRefinementThreads                  = 8                                         {product} {ergonomic}
   size_t G1HeapRegionSize                         = 2097152                                   {product} {ergonomic}
    uintx GCDrainStackTargetSize                   = 64                                        {product} {ergonomic}
   size_t InitialHeapSize                          = 268435456                                 {product} {ergonomic}
   size_t MarkStackSize                            = 4194304                                   {product} {ergonomic}
   size_t MaxHeapSize                              = 4263510016                                {product} {ergonomic}
   size_t MaxNewSize                               = 2556428288                                {product} {ergonomic}
   size_t MinHeapDeltaBytes                        = 2097152                                   {product} {ergonomic}
   size_t MinHeapSize                              = 8388608                                   {product} {ergonomic}
    uintx NonNMethodCodeHeapSize                   = 5839372                                {pd product} {ergonomic}
    uintx NonProfiledCodeHeapSize                  = 122909434                              {pd product} {ergonomic}
    uintx ProfiledCodeHeapSize                     = 122909434                              {pd product} {ergonomic}
    uintx ReservedCodeCacheSize                    = 251658240                              {pd product} {ergonomic}
     bool SegmentedCodeCache                       = true                                      {product} {ergonomic}
   size_t SoftMaxHeapSize                          = 4263510016                             {manageable} {ergonomic}
     bool UseCompressedOops                        = true                           {product lp64_product} {ergonomic}
     bool UseG1GC                                  = true                                      {product} {ergonomic}
     bool UseLargePagesIndividualAllocation        = false                                  {pd product} {ergonomic}

Logging:
Log output configuration:
 #0: stdout all=warning uptime,level,tags foldmultilines=false
 #1: stderr all=off uptime,level,tags foldmultilines=false

Environment Variables:
PATH=C:\oraclexe\app\oracle\product\11.2.0\server\bin;;C:\Program Files\Python312\Scripts\;C:\Program Files\Python312\;C:\Program Files\Common Files\Oracle\Java\javapath;C:\Windows\system32;C:\Windows;C:\Windows\System32\Wbem;C:\Windows\System32\WindowsPowerShell\v1.0\;C:\Windows\System32\OpenSSH\;C:\Program Files\Java\jdk-21\bin;C:\Program Files\Git\cmd;C:\Program Files\NVIDIA Corporation\NVIDIA NvDLISR;C:\Program Files (x86)\NVIDIA Corporation\PhysX\Common;C:\Program Files\apache-maven-3.9.6\bin;C:\Program Files\nodejs\;C:\xampp\php;C:\ProgramData\ComposerSetup\bin;C:\Users\GAMING\scoop\shims;C:\Users\GAMING\AppData\Local\Microsoft\WindowsApps;;C:\Users\GAMING\AppData\Local\Programs\Microsoft VS Code\bin;C:\Program Files\JetBrains\IntelliJ IDEA Educational Edition 2022.2.2\bin;;C:\Users\GAMING\AppData\Roaming\npm;C:\Users\GAMING\AppData\Roaming\Composer\vendor\bin
USERNAME=GAMING
OS=Windows_NT
PROCESSOR_IDENTIFIER=Intel64 Family 6 Model 158 Stepping 13, GenuineIntel
TMP=C:\Users\GAMING\AppData\Local\Temp
TEMP=C:\Users\GAMING\AppData\Local\Temp




Periodic native trim disabled

---------------  S Y S T E M  ---------------

OS:
 Windows 11 , 64 bit Build 22621 (10.0.22621.3085)
OS uptime: 9 days 7:21 hours
Hyper-V role detected

CPU: total 8 (initial active 8) (4 cores per cpu, 2 threads per core) family 6 model 158 stepping 13 microcode 0xf0, cx8, cmov, fxsr, ht, mmx, 3dnowpref, sse, sse2, sse3, ssse3, sse4.1, sse4.2, popcnt, lzcnt, tsc, tscinvbit, avx, avx2, aes, erms, clmul, bmi1, bmi2, adx, fma, vzeroupper, clflush, clflushopt, hv, rdtscp, f16c
Processor Information for processor 0
  Max Mhz: 2400, Current Mhz: 1500, Mhz Limit: 2400
Processor Information for processor 1
  Max Mhz: 2400, Current Mhz: 1500, Mhz Limit: 2400
Processor Information for processor 2
  Max Mhz: 2400, Current Mhz: 2400, Mhz Limit: 2400
Processor Information for processor 3
  Max Mhz: 2400, Current Mhz: 1500, Mhz Limit: 2400
Processor Information for processor 4
  Max Mhz: 2400, Current Mhz: 1500, Mhz Limit: 2400
Processor Information for processor 5
  Max Mhz: 2400, Current Mhz: 1500, Mhz Limit: 2400
Processor Information for processor 6
  Max Mhz: 2400, Current Mhz: 2400, Mhz Limit: 2400
Processor Information for processor 7
  Max Mhz: 2400, Current Mhz: 1500, Mhz Limit: 2400

Memory: 4k page, system-wide physical 16261M (790M free)
TotalPageFile size 46674M (AvailPageFile size 63M)
current process WorkingSet (physical memory assigned to process): 473M, peak: 473M
current process commit charge ("private bytes"): 838M, peak: 929M

vm_info: Java HotSpot(TM) 64-Bit Server VM (21.0.1+12-LTS-29) for windows-amd64 JRE (21.0.1+12-LTS-29), built on 2023-10-05T13:27:09Z by "mach5one" with MS VC++ 17.1 (VS2022)

END.
