#
# There is insufficient memory for the Java Runtime Environment to continue.
# Native memory allocation (malloc) failed to allocate 473280 bytes for Chunk::new
# Possible reasons:
#   The system is out of physical RAM or swap space
#   The process is running with CompressedOops enabled, and the Java Heap may be blocking the growth of the native heap
# Possible solutions:
#   Reduce memory load on the system
#   Increase physical memory or swap space
#   Check if swap backing store is full
#   Decrease Java heap size (-Xmx/-Xms)
#   Decrease number of Java threads
#   Decrease Java thread stack sizes (-Xss)
#   Set larger code cache with -XX:ReservedCodeCacheSize=
#   JVM is running with Zero Based Compressed Oops mode in which the Java heap is
#     placed in the first 32GB address space. The Java Heap base address is the
#     maximum limit for the native heap growth. Please use -XX:HeapBaseMinAddress
#     to set the Java Heap base and to place the Java Heap above 32GB virtual address.
# This output file may be truncated or incomplete.
#
#  Out of Memory Error (arena.cpp:168), pid=13340, tid=39388
#
# JRE version: Java(TM) SE Runtime Environment (21.0.1+12) (build 21.0.1+12-LTS-29)
# Java VM: Java HotSpot(TM) 64-Bit Server VM (21.0.1+12-LTS-29, mixed mode, sharing, tiered, compressed oops, compressed class ptrs, g1 gc, windows-amd64)
# No core dump will be written. Minidumps are not enabled by default on client versions of Windows
#

---------------  S U M M A R Y ------------

Command Line: --module-path=C:\\Users\\GAMING\\.m2\\repository\\org\\openjfx\\javafx-base\\21.0.1\\javafx-base-21.0.1-win.jar;C:\\Users\\GAMING\\.m2\\repository\\org\\openjfx\\javafx-base\\21.0.1\\javafx-base-21.0.1.jar;C:\\Users\\GAMING\\.m2\\repository\\org\\openjfx\\javafx-controls\\21.0.1\\javafx-controls-21.0.1-win.jar;C:\\Users\\GAMING\\.m2\\repository\\org\\openjfx\\javafx-controls\\21.0.1\\javafx-controls-21.0.1.jar;C:\\Users\\GAMING\\.m2\\repository\\org\\openjfx\\javafx-fxml\\21.0.1\\javafx-fxml-21.0.1-win.jar;C:\\Users\\GAMING\\.m2\\repository\\org\\openjfx\\javafx-fxml\\21.0.1\\javafx-fxml-21.0.1.jar;C:\\Users\\GAMING\\.m2\\repository\\org\\openjfx\\javafx-graphics\\21.0.1\\javafx-graphics-21.0.1-win.jar;C:\\Users\\GAMING\\.m2\\repository\\org\\openjfx\\javafx-graphics\\21.0.1\\javafx-graphics-21.0.1.jar --add-modules=javafx.base,javafx.controls,javafx.fxml,javafx.graphics org.example.MainFX

Host: Intel(R) Core(TM) i5-9300HF CPU @ 2.40GHz, 8 cores, 15G,  Windows 11 , 64 bit Build 22621 (10.0.22621.3085)
Time: Mon Mar  4 19:11:22 2024 Romance Standard Time elapsed time: 2.297203 seconds (0d 0h 0m 2s)

---------------  T H R E A D  ---------------

Current thread (0x000002769f47b130):  JavaThread "C2 CompilerThread0" daemon [_thread_in_native, id=39388, stack(0x000000ae1f000000,0x000000ae1f100000) (1024K)]


Current CompileTask:
C2:   2297 2117       4       jdk.internal.org.objectweb.asm.Frame::execute (2305 bytes)

Stack: [0x000000ae1f000000,0x000000ae1f100000]
Native frames: (J=compiled Java code, j=interpreted, Vv=VM code, C=native code)
V  [jvm.dll+0x6c9029]
V  [jvm.dll+0x854b81]
V  [jvm.dll+0x856e5e]
V  [jvm.dll+0x857543]
V  [jvm.dll+0x280c06]
V  [jvm.dll+0xc3ead]
V  [jvm.dll+0xc43c3]
V  [jvm.dll+0x3b576c]
V  [jvm.dll+0x382475]
V  [jvm.dll+0x3818ea]
V  [jvm.dll+0x249ad0]
V  [jvm.dll+0x2490b1]
V  [jvm.dll+0x1c9ca1]
V  [jvm.dll+0x2586b9]
V  [jvm.dll+0x256c9a]
V  [jvm.dll+0x3ef1b6]
V  [jvm.dll+0x7fd728]
V  [jvm.dll+0x6c777d]
C  [ucrtbase.dll+0x29363]
C  [KERNEL32.DLL+0x1257d]
C  [ntdll.dll+0x5aa58]


---------------  P R O C E S S  ---------------

Threads class SMR info:
_java_thread_list=0x00000276ec3816c0, length=19, elements={
0x00000276ffabf2f0, 0x000002769f46d000, 0x000002769f46dc60, 0x000002769f46fc30,
0x000002769f473f80, 0x000002769f4749e0, 0x000002769f475be0, 0x000002769f47b130,
0x000002769f481150, 0x000002769f6a4f70, 0x000002769f9593c0, 0x00000276e543ad70,
0x00000276e5535b10, 0x00000276e51549a0, 0x00000276ebccfa00, 0x00000276ebcd6490,
0x00000276ebd1ccd0, 0x00000276ec3c9d00, 0x00000276ec3ca390
}

Java Threads: ( => current thread )
  0x00000276ffabf2f0 JavaThread "main"                              [_thread_blocked, id=9792, stack(0x000000ae1e200000,0x000000ae1e300000) (1024K)]
  0x000002769f46d000 JavaThread "Reference Handler"          daemon [_thread_blocked, id=11012, stack(0x000000ae1ea00000,0x000000ae1eb00000) (1024K)]
  0x000002769f46dc60 JavaThread "Finalizer"                  daemon [_thread_blocked, id=34804, stack(0x000000ae1eb00000,0x000000ae1ec00000) (1024K)]
  0x000002769f46fc30 JavaThread "Signal Dispatcher"          daemon [_thread_blocked, id=29260, stack(0x000000ae1ec00000,0x000000ae1ed00000) (1024K)]
  0x000002769f473f80 JavaThread "Attach Listener"            daemon [_thread_blocked, id=32072, stack(0x000000ae1ed00000,0x000000ae1ee00000) (1024K)]
  0x000002769f4749e0 JavaThread "Service Thread"             daemon [_thread_blocked, id=27208, stack(0x000000ae1ee00000,0x000000ae1ef00000) (1024K)]
  0x000002769f475be0 JavaThread "Monitor Deflation Thread"   daemon [_thread_blocked, id=39912, stack(0x000000ae1ef00000,0x000000ae1f000000) (1024K)]
=>0x000002769f47b130 JavaThread "C2 CompilerThread0"         daemon [_thread_in_native, id=39388, stack(0x000000ae1f000000,0x000000ae1f100000) (1024K)]
  0x000002769f481150 JavaThread "C1 CompilerThread0"         daemon [_thread_blocked, id=25884, stack(0x000000ae1f100000,0x000000ae1f200000) (1024K)]
  0x000002769f6a4f70 JavaThread "Common-Cleaner"             daemon [_thread_blocked, id=37988, stack(0x000000ae1f200000,0x000000ae1f300000) (1024K)]
  0x000002769f9593c0 JavaThread "Notification Thread"        daemon [_thread_blocked, id=21108, stack(0x000000ae1f500000,0x000000ae1f600000) (1024K)]
  0x00000276e543ad70 JavaThread "QuantumRenderer-0"          daemon [_thread_blocked, id=40364, stack(0x000000ae1f600000,0x000000ae1f700000) (1024K)]
  0x00000276e5535b10 JavaThread "InvokeLaterDispatcher"      daemon [_thread_blocked, id=9468, stack(0x000000ae1f800000,0x000000ae1f900000) (1024K)]
  0x00000276e51549a0 JavaThread "JavaFX Application Thread"         [_thread_blocked, id=39504, stack(0x000000ae1f900000,0x000000ae1fa00000) (1024K)]
  0x00000276ebccfa00 JavaThread "JavaFX-Launcher"                   [_thread_blocked, id=26920, stack(0x000000ae1f400000,0x000000ae1f500000) (1024K)]
  0x00000276ebcd6490 JavaThread "Thread-2"                   daemon [_thread_blocked, id=19684, stack(0x000000ae1f300000,0x000000ae1f400000) (1024K)]
  0x00000276ebd1ccd0 JavaThread "mysql-cj-abandoned-connection-cleanup" daemon [_thread_blocked, id=15776, stack(0x000000ae20010000,0x000000ae20110000) (1024K)]
  0x00000276ec3c9d00 JavaThread "Prism Font Disposer"        daemon [_thread_blocked, id=40384, stack(0x000000ae20710000,0x000000ae20810000) (1024K)]
  0x00000276ec3ca390 JavaThread "Cleaner-0"                  daemon [_thread_blocked, id=10432, stack(0x000000ae20810000,0x000000ae20910000) (1024K)]
Total: 19

Other Threads:
  0x000002769f44d230 VMThread "VM Thread"                           [id=3656, stack(0x000000ae1e900000,0x000000ae1ea00000) (1024K)]
  0x000002769f433d40 WatcherThread "VM Periodic Task Thread"        [id=35096, stack(0x000000ae1e800000,0x000000ae1e900000) (1024K)]
  0x00000276ffb20940 WorkerThread "GC Thread#0"                     [id=38124, stack(0x000000ae1e300000,0x000000ae1e400000) (1024K)]
  0x00000276ebd19230 WorkerThread "GC Thread#1"                     [id=25608, stack(0x000000ae1fb10000,0x000000ae1fc10000) (1024K)]
  0x00000276ebd195d0 WorkerThread "GC Thread#2"                     [id=14364, stack(0x000000ae1fc10000,0x000000ae1fd10000) (1024K)]
  0x00000276ebd19970 WorkerThread "GC Thread#3"                     [id=10204, stack(0x000000ae1fd10000,0x000000ae1fe10000) (1024K)]
  0x00000276ebd19d10 WorkerThread "GC Thread#4"                     [id=4272, stack(0x000000ae1fe10000,0x000000ae1ff10000) (1024K)]
  0x00000276ebd1a4d0 WorkerThread "GC Thread#5"                     [id=31408, stack(0x000000ae1ff10000,0x000000ae20010000) (1024K)]
  0x00000276ec3cf260 WorkerThread "GC Thread#6"                     [id=33232, stack(0x000000ae20310000,0x000000ae20410000) (1024K)]
  0x00000276ec353900 WorkerThread "GC Thread#7"                     [id=1620, stack(0x000000ae20410000,0x000000ae20510000) (1024K)]
  0x00000276ffb31640 ConcurrentGCThread "G1 Main Marker"            [id=11788, stack(0x000000ae1e400000,0x000000ae1e500000) (1024K)]
  0x00000276ffb32200 WorkerThread "G1 Conc#0"                       [id=31768, stack(0x000000ae1e500000,0x000000ae1e600000) (1024K)]
  0x00000276ec3ce640 WorkerThread "G1 Conc#1"                       [id=27940, stack(0x000000ae20110000,0x000000ae20210000) (1024K)]
  0x00000276ffb7e5e0 ConcurrentGCThread "G1 Refine#0"               [id=14012, stack(0x000000ae1e600000,0x000000ae1e700000) (1024K)]
  0x000002769f2f7670 ConcurrentGCThread "G1 Service"                [id=23936, stack(0x000000ae1e700000,0x000000ae1e800000) (1024K)]
Total: 15

Threads with active compile tasks:
C2 CompilerThread0     2318 2117       4       jdk.internal.org.objectweb.asm.Frame::execute (2305 bytes)
Total: 1

VM state: at safepoint (normal execution)

VM Mutex/Monitor currently owned by a thread:  ([mutex/lock_event])
[0x00007ffb2747a5f8] Threads_lock - owner thread: 0x000002769f44d230
[0x00007ffb2747a6f8] Heap_lock - owner thread: 0x00000276ffb31640

Heap address: 0x0000000701e00000, size: 4066 MB, Compressed Oops mode: Zero based, Oop shift amount: 3

CDS archive(s) mapped at: [0x00000276a0000000-0x00000276a0c90000-0x00000276a0c90000), size 13172736, SharedBaseAddress: 0x00000276a0000000, ArchiveRelocationMode: 1.
Compressed class space mapped at: 0x00000276a1000000-0x00000276e1000000, reserved size: 1073741824
Narrow klass base: 0x00000276a0000000, Narrow klass shift: 0, Narrow klass range: 0x100000000

GC Precious Log:
 CardTable entry size: 512
 Card Set container configuration: InlinePtr #cards 4 size 8 Array Of Cards #cards 16 size 48 Howl #buckets 8 coarsen threshold 3686 Howl Bitmap #cards 512 size 80 coarsen threshold 460 Card regions per heap region 1 cards per card region 4096
 CPUs: 8 total, 8 available
 Memory: 16261M
 Large Page Support: Disabled
 NUMA Support: Disabled
 Compressed Oops: Enabled (Zero based)
 Heap Region Size: 2M
 Heap Min Capacity: 8M
 Heap Initial Capacity: 256M
 Heap Max Capacity: 4066M
 Pre-touch: Disabled
 Parallel Workers: 8
 Concurrent Workers: 2
 Concurrent Refinement Workers: 8
 Periodic GC: Disabled

Heap:
 garbage-first heap   total 317440K, used 191466K [0x0000000701e00000, 0x0000000800000000)
  region size 2048K, 4 young (8192K), 3 survivors (6144K)
 Metaspace       used 17946K, committed 18304K, reserved 1114112K
  class space    used 2645K, committed 2816K, reserved 1048576K

Heap Regions: E=young(eden), S=young(survivor), O=old, HS=humongous(starts), HC=humongous(continues), CS=collection set, F=free, TAMS=top-at-mark-start, PB=parsable bottom
|   0|0x0000000701e00000, 0x0000000702000000, 0x0000000702000000|100%| O|  |TAMS 0x0000000702000000| PB 0x0000000702000000| Untracked 
|   1|0x0000000702000000, 0x0000000702200000, 0x0000000702200000|100%|HS|  |TAMS 0x0000000702200000| PB 0x0000000702000000| Complete 
|   2|0x0000000702200000, 0x0000000702400000, 0x0000000702400000|100%|HC|  |TAMS 0x0000000702400000| PB 0x0000000702200000| Complete 
|   3|0x0000000702400000, 0x0000000702600000, 0x0000000702600000|100%|HC|  |TAMS 0x0000000702600000| PB 0x0000000702400000| Complete 
|   4|0x0000000702600000, 0x0000000702800000, 0x0000000702800000|100%|HC|  |TAMS 0x0000000702800000| PB 0x0000000702600000| Complete 
|   5|0x0000000702800000, 0x0000000702a00000, 0x0000000702a00000|100%|HC|  |TAMS 0x0000000702a00000| PB 0x0000000702800000| Complete 
|   6|0x0000000702a00000, 0x0000000702c00000, 0x0000000702c00000|100%|HC|  |TAMS 0x0000000702c00000| PB 0x0000000702a00000| Complete 
|   7|0x0000000702c00000, 0x0000000702e00000, 0x0000000702e00000|100%|HC|  |TAMS 0x0000000702e00000| PB 0x0000000702c00000| Complete 
|   8|0x0000000702e00000, 0x0000000703000000, 0x0000000703000000|100%|HC|  |TAMS 0x0000000703000000| PB 0x0000000702e00000| Complete 
|   9|0x0000000703000000, 0x0000000703200000, 0x0000000703200000|100%|HC|  |TAMS 0x0000000703200000| PB 0x0000000703000000| Complete 
|  10|0x0000000703200000, 0x0000000703400000, 0x0000000703400000|100%|HC|  |TAMS 0x0000000703400000| PB 0x0000000703200000| Complete 
|  11|0x0000000703400000, 0x0000000703600000, 0x0000000703600000|100%|HC|  |TAMS 0x0000000703600000| PB 0x0000000703400000| Complete 
|  12|0x0000000703600000, 0x0000000703800000, 0x0000000703800000|100%|HC|  |TAMS 0x0000000703800000| PB 0x0000000703600000| Complete 
|  13|0x0000000703800000, 0x0000000703a00000, 0x0000000703a00000|100%|HC|  |TAMS 0x0000000703a00000| PB 0x0000000703800000| Complete 
|  14|0x0000000703a00000, 0x0000000703c00000, 0x0000000703c00000|100%|HC|  |TAMS 0x0000000703c00000| PB 0x0000000703a00000| Complete 
|  15|0x0000000703c00000, 0x0000000703e00000, 0x0000000703e00000|100%|HC|  |TAMS 0x0000000703e00000| PB 0x0000000703c00000| Complete 
|  16|0x0000000703e00000, 0x0000000704000000, 0x0000000704000000|100%|HC|  |TAMS 0x0000000704000000| PB 0x0000000703e00000| Complete 
|  17|0x0000000704000000, 0x0000000704200000, 0x0000000704200000|100%|HC|  |TAMS 0x0000000704200000| PB 0x0000000704000000| Complete 
|  18|0x0000000704200000, 0x0000000704400000, 0x0000000704400000|100%|HC|  |TAMS 0x0000000704400000| PB 0x0000000704200000| Complete 
|  19|0x0000000704400000, 0x0000000704600000, 0x0000000704600000|100%|HC|  |TAMS 0x0000000704600000| PB 0x0000000704400000| Complete 
|  20|0x0000000704600000, 0x0000000704800000, 0x0000000704800000|100%|HC|  |TAMS 0x0000000704800000| PB 0x0000000704600000| Complete 
|  21|0x0000000704800000, 0x0000000704a00000, 0x0000000704a00000|100%|HC|  |TAMS 0x0000000704a00000| PB 0x0000000704800000| Complete 
|  22|0x0000000704a00000, 0x0000000704c00000, 0x0000000704c00000|100%|HC|  |TAMS 0x0000000704c00000| PB 0x0000000704a00000| Complete 
|  23|0x0000000704c00000, 0x0000000704e00000, 0x0000000704e00000|100%|HC|  |TAMS 0x0000000704e00000| PB 0x0000000704c00000| Complete 
|  24|0x0000000704e00000, 0x0000000705000000, 0x0000000705000000|100%|HC|  |TAMS 0x0000000705000000| PB 0x0000000704e00000| Complete 
|  25|0x0000000705000000, 0x0000000705200000, 0x0000000705200000|100%|HC|  |TAMS 0x0000000705200000| PB 0x0000000705000000| Complete 
|  26|0x0000000705200000, 0x0000000705400000, 0x0000000705400000|100%|HC|  |TAMS 0x0000000705400000| PB 0x0000000705200000| Complete 
|  27|0x0000000705400000, 0x0000000705600000, 0x0000000705600000|100%|HC|  |TAMS 0x0000000705600000| PB 0x0000000705400000| Complete 
|  28|0x0000000705600000, 0x0000000705800000, 0x0000000705800000|100%|HC|  |TAMS 0x0000000705800000| PB 0x0000000705600000| Complete 
|  29|0x0000000705800000, 0x0000000705a00000, 0x0000000705a00000|100%|HC|  |TAMS 0x0000000705a00000| PB 0x0000000705800000| Complete 
|  30|0x0000000705a00000, 0x0000000705c00000, 0x0000000705c00000|100%|HC|  |TAMS 0x0000000705c00000| PB 0x0000000705a00000| Complete 
|  31|0x0000000705c00000, 0x0000000705e00000, 0x0000000705e00000|100%|HC|  |TAMS 0x0000000705e00000| PB 0x0000000705c00000| Complete 
|  32|0x0000000705e00000, 0x0000000706000000, 0x0000000706000000|100%|HC|  |TAMS 0x0000000706000000| PB 0x0000000705e00000| Complete 
|  33|0x0000000706000000, 0x0000000706200000, 0x0000000706200000|100%|HC|  |TAMS 0x0000000706200000| PB 0x0000000706000000| Complete 
|  34|0x0000000706200000, 0x0000000706400000, 0x0000000706400000|100%|HC|  |TAMS 0x0000000706400000| PB 0x0000000706200000| Complete 
|  35|0x0000000706400000, 0x0000000706600000, 0x0000000706600000|100%|HC|  |TAMS 0x0000000706600000| PB 0x0000000706400000| Complete 
|  36|0x0000000706600000, 0x0000000706800000, 0x0000000706800000|100%|HC|  |TAMS 0x0000000706800000| PB 0x0000000706600000| Complete 
|  37|0x0000000706800000, 0x0000000706a00000, 0x0000000706a00000|100%|HC|  |TAMS 0x0000000706a00000| PB 0x0000000706800000| Complete 
|  38|0x0000000706a00000, 0x0000000706c00000, 0x0000000706c00000|100%|HC|  |TAMS 0x0000000706c00000| PB 0x0000000706a00000| Complete 
|  39|0x0000000706c00000, 0x0000000706e00000, 0x0000000706e00000|100%|HC|  |TAMS 0x0000000706e00000| PB 0x0000000706c00000| Complete 
|  40|0x0000000706e00000, 0x0000000707000000, 0x0000000707000000|100%|HC|  |TAMS 0x0000000707000000| PB 0x0000000706e00000| Complete 
|  41|0x0000000707000000, 0x0000000707200000, 0x0000000707200000|100%|HC|  |TAMS 0x0000000707200000| PB 0x0000000707000000| Complete 
|  42|0x0000000707200000, 0x0000000707400000, 0x0000000707400000|100%|HC|  |TAMS 0x0000000707400000| PB 0x0000000707200000| Complete 
|  43|0x0000000707400000, 0x0000000707600000, 0x0000000707600000|100%|HC|  |TAMS 0x0000000707600000| PB 0x0000000707400000| Complete 
|  44|0x0000000707600000, 0x0000000707800000, 0x0000000707800000|100%|HC|  |TAMS 0x0000000707800000| PB 0x0000000707600000| Complete 
|  45|0x0000000707800000, 0x0000000707a00000, 0x0000000707a00000|100%|HC|  |TAMS 0x0000000707a00000| PB 0x0000000707800000| Complete 
|  46|0x0000000707a00000, 0x0000000707c00000, 0x0000000707c00000|100%|HC|  |TAMS 0x0000000707c00000| PB 0x0000000707a00000| Complete 
|  47|0x0000000707c00000, 0x0000000707e00000, 0x0000000707e00000|100%|HC|  |TAMS 0x0000000707e00000| PB 0x0000000707c00000| Complete 
|  48|0x0000000707e00000, 0x0000000708000000, 0x0000000708000000|100%|HC|  |TAMS 0x0000000708000000| PB 0x0000000707e00000| Complete 
|  49|0x0000000708000000, 0x0000000708200000, 0x0000000708200000|100%|HC|  |TAMS 0x0000000708200000| PB 0x0000000708000000| Complete 
|  50|0x0000000708200000, 0x0000000708400000, 0x0000000708400000|100%|HC|  |TAMS 0x0000000708400000| PB 0x0000000708200000| Complete 
|  51|0x0000000708400000, 0x0000000708600000, 0x0000000708600000|100%|HC|  |TAMS 0x0000000708600000| PB 0x0000000708400000| Complete 
|  52|0x0000000708600000, 0x0000000708800000, 0x0000000708800000|100%|HC|  |TAMS 0x0000000708800000| PB 0x0000000708600000| Complete 
|  53|0x0000000708800000, 0x0000000708a00000, 0x0000000708a00000|100%|HC|  |TAMS 0x0000000708a00000| PB 0x0000000708800000| Complete 
|  54|0x0000000708a00000, 0x0000000708c00000, 0x0000000708c00000|100%|HC|  |TAMS 0x0000000708c00000| PB 0x0000000708a00000| Complete 
|  55|0x0000000708c00000, 0x0000000708e00000, 0x0000000708e00000|100%|HC|  |TAMS 0x0000000708e00000| PB 0x0000000708c00000| Complete 
|  56|0x0000000708e00000, 0x0000000709000000, 0x0000000709000000|100%|HC|  |TAMS 0x0000000709000000| PB 0x0000000708e00000| Complete 
|  57|0x0000000709000000, 0x0000000709200000, 0x0000000709200000|100%|HC|  |TAMS 0x0000000709200000| PB 0x0000000709000000| Complete 
|  58|0x0000000709200000, 0x0000000709400000, 0x0000000709400000|100%|HC|  |TAMS 0x0000000709400000| PB 0x0000000709200000| Complete 
|  59|0x0000000709400000, 0x0000000709600000, 0x0000000709600000|100%|HC|  |TAMS 0x0000000709600000| PB 0x0000000709400000| Complete 
|  60|0x0000000709600000, 0x0000000709800000, 0x0000000709800000|100%|HC|  |TAMS 0x0000000709800000| PB 0x0000000709600000| Complete 
|  61|0x0000000709800000, 0x0000000709a00000, 0x0000000709a00000|100%|HC|  |TAMS 0x0000000709a00000| PB 0x0000000709800000| Complete 
|  62|0x0000000709a00000, 0x0000000709c00000, 0x0000000709c00000|100%|HC|  |TAMS 0x0000000709c00000| PB 0x0000000709a00000| Complete 
|  63|0x0000000709c00000, 0x0000000709e00000, 0x0000000709e00000|100%|HC|  |TAMS 0x0000000709e00000| PB 0x0000000709c00000| Complete 
|  64|0x0000000709e00000, 0x000000070a000000, 0x000000070a000000|100%|HC|  |TAMS 0x000000070a000000| PB 0x0000000709e00000| Complete 
|  65|0x000000070a000000, 0x000000070a200000, 0x000000070a200000|100%|HC|  |TAMS 0x000000070a200000| PB 0x000000070a000000| Complete 
|  66|0x000000070a200000, 0x000000070a400000, 0x000000070a400000|100%|HC|  |TAMS 0x000000070a400000| PB 0x000000070a200000| Complete 
|  67|0x000000070a400000, 0x000000070a600000, 0x000000070a600000|100%|HC|  |TAMS 0x000000070a600000| PB 0x000000070a400000| Complete 
|  68|0x000000070a600000, 0x000000070a800000, 0x000000070a800000|100%|HC|  |TAMS 0x000000070a800000| PB 0x000000070a600000| Complete 
|  69|0x000000070a800000, 0x000000070aa00000, 0x000000070aa00000|100%|HC|  |TAMS 0x000000070aa00000| PB 0x000000070a800000| Complete 
|  70|0x000000070aa00000, 0x000000070ac00000, 0x000000070ac00000|100%|HC|  |TAMS 0x000000070ac00000| PB 0x000000070aa00000| Complete 
|  71|0x000000070ac00000, 0x000000070ae00000, 0x000000070ae00000|100%|HC|  |TAMS 0x000000070ae00000| PB 0x000000070ac00000| Complete 
|  72|0x000000070ae00000, 0x000000070b000000, 0x000000070b000000|100%|HC|  |TAMS 0x000000070b000000| PB 0x000000070ae00000| Complete 
|  73|0x000000070b000000, 0x000000070b200000, 0x000000070b200000|100%|HC|  |TAMS 0x000000070b200000| PB 0x000000070b000000| Complete 
|  74|0x000000070b200000, 0x000000070b400000, 0x000000070b400000|100%|HC|  |TAMS 0x000000070b400000| PB 0x000000070b200000| Complete 
|  75|0x000000070b400000, 0x000000070b600000, 0x000000070b600000|100%|HC|  |TAMS 0x000000070b600000| PB 0x000000070b400000| Complete 
|  76|0x000000070b600000, 0x000000070b800000, 0x000000070b800000|100%|HC|  |TAMS 0x000000070b800000| PB 0x000000070b600000| Complete 
|  77|0x000000070b800000, 0x000000070ba00000, 0x000000070ba00000|100%|HC|  |TAMS 0x000000070ba00000| PB 0x000000070b800000| Complete 
|  78|0x000000070ba00000, 0x000000070bc00000, 0x000000070bc00000|100%|HC|  |TAMS 0x000000070bc00000| PB 0x000000070ba00000| Complete 
|  79|0x000000070bc00000, 0x000000070be00000, 0x000000070be00000|100%|HC|  |TAMS 0x000000070be00000| PB 0x000000070bc00000| Complete 
|  80|0x000000070be00000, 0x000000070c000000, 0x000000070c000000|100%|HC|  |TAMS 0x000000070c000000| PB 0x000000070be00000| Complete 
|  81|0x000000070c000000, 0x000000070c200000, 0x000000070c200000|100%|HC|  |TAMS 0x000000070c200000| PB 0x000000070c000000| Complete 
|  82|0x000000070c200000, 0x000000070c400000, 0x000000070c400000|100%|HC|  |TAMS 0x000000070c400000| PB 0x000000070c200000| Complete 
|  83|0x000000070c400000, 0x000000070c600000, 0x000000070c600000|100%|HC|  |TAMS 0x000000070c600000| PB 0x000000070c400000| Complete 
|  84|0x000000070c600000, 0x000000070c800000, 0x000000070c800000|100%|HC|  |TAMS 0x000000070c800000| PB 0x000000070c600000| Complete 
|  85|0x000000070c800000, 0x000000070ca00000, 0x000000070ca00000|100%|HC|  |TAMS 0x000000070ca00000| PB 0x000000070c800000| Complete 
|  86|0x000000070ca00000, 0x000000070cc00000, 0x000000070cc00000|100%|HC|  |TAMS 0x000000070cc00000| PB 0x000000070ca00000| Complete 
|  87|0x000000070cc00000, 0x000000070cdb81c0, 0x000000070ce00000| 85%| O|  |TAMS 0x000000070cdb81c0| PB 0x000000070cdb81c0| Updating 
|  88|0x000000070ce00000, 0x000000070d000000, 0x000000070d000000|100%|HS|  |TAMS 0x000000070d000000| PB 0x000000070ce00000| Complete 
|  89|0x000000070d000000, 0x000000070d200000, 0x000000070d200000|100%|HC|  |TAMS 0x000000070d200000| PB 0x000000070d000000| Complete 
|  90|0x000000070d200000, 0x000000070d400000, 0x000000070d400000|100%|HS|  |TAMS 0x000000070d200000| PB 0x000000070d200000| Complete 
|  91|0x000000070d400000, 0x000000070d400000, 0x000000070d600000|  0%| F|  |TAMS 0x000000070d400000| PB 0x000000070d400000| Untracked 
|  92|0x000000070d600000, 0x000000070d600000, 0x000000070d800000|  0%| F|  |TAMS 0x000000070d600000| PB 0x000000070d600000| Untracked 
|  93|0x000000070d800000, 0x000000070d800000, 0x000000070da00000|  0%| F|  |TAMS 0x000000070d800000| PB 0x000000070d800000| Untracked 
|  94|0x000000070da00000, 0x000000070da00000, 0x000000070dc00000|  0%| F|  |TAMS 0x000000070da00000| PB 0x000000070da00000| Untracked 
|  95|0x000000070dc00000, 0x000000070dc00000, 0x000000070de00000|  0%| F|  |TAMS 0x000000070dc00000| PB 0x000000070dc00000| Untracked 
|  96|0x000000070de00000, 0x000000070de00000, 0x000000070e000000|  0%| F|  |TAMS 0x000000070de00000| PB 0x000000070de00000| Untracked 
|  97|0x000000070e000000, 0x000000070e000000, 0x000000070e200000|  0%| F|  |TAMS 0x000000070e000000| PB 0x000000070e000000| Untracked 
|  98|0x000000070e200000, 0x000000070e200000, 0x000000070e400000|  0%| F|  |TAMS 0x000000070e200000| PB 0x000000070e200000| Untracked 
|  99|0x000000070e400000, 0x000000070e400000, 0x000000070e600000|  0%| F|  |TAMS 0x000000070e400000| PB 0x000000070e400000| Untracked 
| 100|0x000000070e600000, 0x000000070e600000, 0x000000070e800000|  0%| F|  |TAMS 0x000000070e600000| PB 0x000000070e600000| Untracked 
| 101|0x000000070e800000, 0x000000070e800000, 0x000000070ea00000|  0%| F|  |TAMS 0x000000070e800000| PB 0x000000070e800000| Untracked 
| 102|0x000000070ea00000, 0x000000070ea00000, 0x000000070ec00000|  0%| F|  |TAMS 0x000000070ea00000| PB 0x000000070ea00000| Untracked 
| 103|0x000000070ec00000, 0x000000070ec00000, 0x000000070ee00000|  0%| F|  |TAMS 0x000000070ec00000| PB 0x000000070ec00000| Untracked 
| 104|0x000000070ee00000, 0x000000070ee00000, 0x000000070f000000|  0%| F|  |TAMS 0x000000070ee00000| PB 0x000000070ee00000| Untracked 
| 105|0x000000070f000000, 0x000000070f000000, 0x000000070f200000|  0%| F|  |TAMS 0x000000070f000000| PB 0x000000070f000000| Untracked 
| 106|0x000000070f200000, 0x000000070f200000, 0x000000070f400000|  0%| F|  |TAMS 0x000000070f200000| PB 0x000000070f200000| Untracked 
| 107|0x000000070f400000, 0x000000070f400000, 0x000000070f600000|  0%| F|  |TAMS 0x000000070f400000| PB 0x000000070f400000| Untracked 
| 108|0x000000070f600000, 0x000000070f600000, 0x000000070f800000|  0%| F|  |TAMS 0x000000070f600000| PB 0x000000070f600000| Untracked 
| 109|0x000000070f800000, 0x000000070f800000, 0x000000070fa00000|  0%| F|  |TAMS 0x000000070f800000| PB 0x000000070f800000| Untracked 
| 110|0x000000070fa00000, 0x000000070fa00000, 0x000000070fc00000|  0%| F|  |TAMS 0x000000070fa00000| PB 0x000000070fa00000| Untracked 
| 111|0x000000070fc00000, 0x000000070fc00000, 0x000000070fe00000|  0%| F|  |TAMS 0x000000070fc00000| PB 0x000000070fc00000| Untracked 
| 112|0x000000070fe00000, 0x000000070fe00000, 0x0000000710000000|  0%| F|  |TAMS 0x000000070fe00000| PB 0x000000070fe00000| Untracked 
| 113|0x0000000710000000, 0x0000000710000000, 0x0000000710200000|  0%| F|  |TAMS 0x0000000710000000| PB 0x0000000710000000| Untracked 
| 114|0x0000000710200000, 0x0000000710200000, 0x0000000710400000|  0%| F|  |TAMS 0x0000000710200000| PB 0x0000000710200000| Untracked 
| 115|0x0000000710400000, 0x0000000710400000, 0x0000000710600000|  0%| F|  |TAMS 0x0000000710400000| PB 0x0000000710400000| Untracked 
| 116|0x0000000710600000, 0x0000000710600000, 0x0000000710800000|  0%| F|  |TAMS 0x0000000710600000| PB 0x0000000710600000| Untracked 
| 117|0x0000000710800000, 0x0000000710800000, 0x0000000710a00000|  0%| F|  |TAMS 0x0000000710800000| PB 0x0000000710800000| Untracked 
| 118|0x0000000710a00000, 0x0000000710a00000, 0x0000000710c00000|  0%| F|  |TAMS 0x0000000710a00000| PB 0x0000000710a00000| Untracked 
| 119|0x0000000710c00000, 0x0000000710c00000, 0x0000000710e00000|  0%| F|  |TAMS 0x0000000710c00000| PB 0x0000000710c00000| Untracked 
| 120|0x0000000710e00000, 0x0000000710e00000, 0x0000000711000000|  0%| F|  |TAMS 0x0000000710e00000| PB 0x0000000710e00000| Untracked 
| 121|0x0000000711000000, 0x0000000711000000, 0x0000000711200000|  0%| F|  |TAMS 0x0000000711000000| PB 0x0000000711000000| Untracked 
| 122|0x0000000711200000, 0x0000000711200000, 0x0000000711400000|  0%| F|  |TAMS 0x0000000711200000| PB 0x0000000711200000| Untracked 
| 123|0x0000000711400000, 0x0000000711400000, 0x0000000711600000|  0%| F|  |TAMS 0x0000000711400000| PB 0x0000000711400000| Untracked 
| 124|0x0000000711600000, 0x0000000711600000, 0x0000000711800000|  0%| F|  |TAMS 0x0000000711600000| PB 0x0000000711600000| Untracked 
| 125|0x0000000711800000, 0x0000000711800000, 0x0000000711a00000|  0%| F|  |TAMS 0x0000000711800000| PB 0x0000000711800000| Untracked 
| 126|0x0000000711a00000, 0x0000000711a00000, 0x0000000711c00000|  0%| F|  |TAMS 0x0000000711a00000| PB 0x0000000711a00000| Untracked 
| 127|0x0000000711c00000, 0x0000000711c00000, 0x0000000711e00000|  0%| F|  |TAMS 0x0000000711c00000| PB 0x0000000711c00000| Untracked 
| 128|0x0000000711e00000, 0x0000000711e00000, 0x0000000712000000|  0%| F|  |TAMS 0x0000000711e00000| PB 0x0000000711e00000| Untracked 
| 129|0x0000000712000000, 0x0000000712000000, 0x0000000712200000|  0%| F|  |TAMS 0x0000000712000000| PB 0x0000000712000000| Untracked 
| 130|0x0000000712200000, 0x0000000712200000, 0x0000000712400000|  0%| F|  |TAMS 0x0000000712200000| PB 0x0000000712200000| Untracked 
| 131|0x0000000712400000, 0x0000000712400000, 0x0000000712600000|  0%| F|  |TAMS 0x0000000712400000| PB 0x0000000712400000| Untracked 
| 132|0x0000000712600000, 0x0000000712600000, 0x0000000712800000|  0%| F|  |TAMS 0x0000000712600000| PB 0x0000000712600000| Untracked 
| 133|0x0000000712800000, 0x0000000712800000, 0x0000000712a00000|  0%| F|  |TAMS 0x0000000712800000| PB 0x0000000712800000| Untracked 
| 134|0x0000000712a00000, 0x0000000712a00000, 0x0000000712c00000|  0%| F|  |TAMS 0x0000000712a00000| PB 0x0000000712a00000| Untracked 
| 135|0x0000000712c00000, 0x0000000712c00000, 0x0000000712e00000|  0%| F|  |TAMS 0x0000000712c00000| PB 0x0000000712c00000| Untracked 
| 136|0x0000000712e00000, 0x0000000712e00000, 0x0000000713000000|  0%| F|  |TAMS 0x0000000712e00000| PB 0x0000000712e00000| Untracked 
| 137|0x0000000713000000, 0x0000000713000000, 0x0000000713200000|  0%| F|  |TAMS 0x0000000713000000| PB 0x0000000713000000| Untracked 
| 138|0x0000000713200000, 0x0000000713200000, 0x0000000713400000|  0%| F|  |TAMS 0x0000000713200000| PB 0x0000000713200000| Untracked 
| 139|0x0000000713400000, 0x0000000713542788, 0x0000000713600000| 62%| S|CS|TAMS 0x0000000713400000| PB 0x0000000713400000| Complete 
| 140|0x0000000713600000, 0x0000000713800000, 0x0000000713800000|100%| S|CS|TAMS 0x0000000713600000| PB 0x0000000713600000| Complete 
| 141|0x0000000713800000, 0x0000000713a00000, 0x0000000713a00000|100%| S|CS|TAMS 0x0000000713800000| PB 0x0000000713800000| Complete 
| 142|0x0000000713a00000, 0x0000000713a00000, 0x0000000713c00000|  0%| F|  |TAMS 0x0000000713a00000| PB 0x0000000713a00000| Untracked 
| 143|0x0000000713c00000, 0x0000000713c00000, 0x0000000713e00000|  0%| F|  |TAMS 0x0000000713c00000| PB 0x0000000713c00000| Untracked 
| 144|0x0000000713e00000, 0x0000000713e00000, 0x0000000714000000|  0%| F|  |TAMS 0x0000000713e00000| PB 0x0000000713e00000| Untracked 
| 145|0x0000000714000000, 0x0000000714000000, 0x0000000714200000|  0%| F|  |TAMS 0x0000000714000000| PB 0x0000000714000000| Untracked 
| 146|0x0000000714200000, 0x0000000714200000, 0x0000000714400000|  0%| F|  |TAMS 0x0000000714200000| PB 0x0000000714200000| Untracked 
| 147|0x0000000714400000, 0x0000000714400000, 0x0000000714600000|  0%| F|  |TAMS 0x0000000714400000| PB 0x0000000714400000| Untracked 
| 148|0x0000000714600000, 0x0000000714600000, 0x0000000714800000|  0%| F|  |TAMS 0x0000000714600000| PB 0x0000000714600000| Untracked 
| 149|0x0000000714800000, 0x0000000714800000, 0x0000000714a00000|  0%| F|  |TAMS 0x0000000714800000| PB 0x0000000714800000| Untracked 
| 150|0x0000000714a00000, 0x0000000714a00000, 0x0000000714c00000|  0%| F|  |TAMS 0x0000000714a00000| PB 0x0000000714a00000| Untracked 
| 151|0x0000000714c00000, 0x0000000714c00000, 0x0000000714e00000|  0%| F|  |TAMS 0x0000000714c00000| PB 0x0000000714c00000| Untracked 
| 152|0x0000000714e00000, 0x0000000714e00000, 0x0000000715000000|  0%| F|  |TAMS 0x0000000714e00000| PB 0x0000000714e00000| Untracked 
| 153|0x0000000715000000, 0x0000000715000000, 0x0000000715200000|  0%| F|  |TAMS 0x0000000715000000| PB 0x0000000715000000| Untracked 
| 154|0x0000000715200000, 0x00000007152ff590, 0x0000000715400000| 49%| E|  |TAMS 0x0000000715200000| PB 0x0000000715200000| Complete 

Card table byte_map: [0x0000027698200000,0x0000027698a00000] _byte_map_base: 0x00000276949f1000

Marking Bits: (CMBitMap*) 0x00000276ffb20f50
 Bits: [0x0000027698a00000, 0x000002769c988000)

Polling page: 0x00000276fe280000

Metaspace:

Usage:
  Non-class:     14.94 MB used.
      Class:      2.58 MB used.
       Both:     17.53 MB used.

Virtual space:
  Non-class space:       64.00 MB reserved,      15.12 MB ( 24%) committed,  1 nodes.
      Class space:        1.00 GB reserved,       2.75 MB ( <1%) committed,  1 nodes.
             Both:        1.06 GB reserved,      17.88 MB (  2%) committed. 

Chunk freelists:
   Non-Class:  128.00 KB
       Class:  13.16 MB
        Both:  13.28 MB

MaxMetaspaceSize: unlimited
CompressedClassSpaceSize: 1.00 GB
Initial GC threshold: 21.00 MB
Current GC threshold: 21.00 MB
CDS: on
 - commit_granule_bytes: 65536.
 - commit_granule_words: 8192.
 - virtual_space_node_default_size: 8388608.
 - enlarge_chunks_in_place: 1.
 - use_allocation_guard: 0.


Internal statistics:

num_allocs_failed_limit: 0.
num_arena_births: 368.
num_arena_deaths: 0.
num_vsnodes_births: 2.
num_vsnodes_deaths: 0.
num_space_committed: 286.
num_space_uncommitted: 0.
num_chunks_returned_to_freelist: 0.
num_chunks_taken_from_freelist: 955.
num_chunk_merges: 0.
num_chunk_splits: 665.
num_chunks_enlarged: 490.
num_inconsistent_stats: 0.

CodeHeap 'non-profiled nmethods': size=120000Kb used=808Kb max_used=873Kb free=119191Kb
 bounds [0x000002768fe60000, 0x00000276900d0000, 0x0000027697390000]
CodeHeap 'profiled nmethods': size=120000Kb used=3407Kb max_used=4002Kb free=116592Kb
 bounds [0x0000027688390000, 0x0000027688780000, 0x000002768f8c0000]
CodeHeap 'non-nmethods': size=5760Kb used=1812Kb max_used=1828Kb free=3947Kb
 bounds [0x000002768f8c0000, 0x000002768fb30000, 0x000002768fe60000]
 total_blobs=2744 nmethods=1915 adapters=733
 compilation: enabled
              stopped_count=0, restarted_count=0
 full_count=0

Compilation events (20 events):
Event: 2.279 Thread 0x000002769f47b130 nmethod 2113 0x000002768ff38a10 code [0x000002768ff38c00, 0x000002768ff39640]
Event: 2.279 Thread 0x000002769f47b130 2117       4       jdk.internal.org.objectweb.asm.Frame::execute (2305 bytes)
Event: 2.287 Thread 0x000002769f481150 2130       3       java.lang.invoke.MethodHandleNatives$CallSiteContext::run (5 bytes)
Event: 2.287 Thread 0x000002769f481150 nmethod 2130 0x0000027688775990 code [0x0000027688775b40, 0x0000027688775c78]
Event: 2.287 Thread 0x000002769f481150 2132   !   3       java.lang.ref.ReferenceQueue::remove (61 bytes)
Event: 2.288 Thread 0x000002769f481150 nmethod 2132 0x0000027688775d10 code [0x0000027688775fa0, 0x0000027688776ba0]
Event: 2.288 Thread 0x000002769f481150 2133       3       java.lang.ref.ReferenceQueue::remove0 (64 bytes)
Event: 2.288 Thread 0x000002769f481150 nmethod 2133 0x0000027688776f90 code [0x00000276887771a0, 0x0000027688777658]
Event: 2.288 Thread 0x000002769f481150 2134   !   3       jdk.internal.ref.PhantomCleanable::isListEmpty (34 bytes)
Event: 2.288 Thread 0x000002769f481150 nmethod 2134 0x0000027688777790 code [0x0000027688777940, 0x0000027688777bb0]
Event: 2.288 Thread 0x000002769f481150 2135       3       jdk.internal.misc.InnocuousThread::eraseThreadLocals (23 bytes)
Event: 2.288 Thread 0x000002769f481150 nmethod 2135 0x0000027688777d10 code [0x0000027688777ec0, 0x00000276887780c0]
Event: 2.292 Thread 0x000002769f481150 2138       1       com.sun.javafx.UnmodifiableArrayList::size (5 bytes)
Event: 2.292 Thread 0x000002769f481150 nmethod 2138 0x000002768ff39e90 code [0x000002768ff3a020, 0x000002768ff3a0e8]
Event: 2.292 Thread 0x000002769f481150 2139       3       com.sun.marlin.FloatMath::max (11 bytes)
Event: 2.292 Thread 0x000002769f481150 nmethod 2139 0x0000027688778190 code [0x0000027688778320, 0x0000027688778460]
Event: 2.292 Thread 0x000002769f481150 2140       3       com.sun.marlin.FloatMath::min (11 bytes)
Event: 2.292 Thread 0x000002769f481150 nmethod 2140 0x0000027688778510 code [0x00000276887786a0, 0x00000276887787e0]
Event: 2.292 Thread 0x000002769f481150 2141       1       com.sun.prism.PixelFormat::getDataType (5 bytes)
Event: 2.292 Thread 0x000002769f481150 nmethod 2141 0x000002768ff3a190 code [0x000002768ff3a320, 0x000002768ff3a3f0]

GC Heap History (8 events):
Event: 0.623 GC heap before
{Heap before GC invocations=0 (full 0):
 garbage-first heap   total 262144K, used 22528K [0x0000000701e00000, 0x0000000800000000)
  region size 2048K, 11 young (22528K), 0 survivors (0K)
 Metaspace       used 3686K, committed 3904K, reserved 1114112K
  class space    used 386K, committed 448K, reserved 1048576K
}
Event: 0.626 GC heap after
{Heap after GC invocations=1 (full 0):
 garbage-first heap   total 262144K, used 2904K [0x0000000701e00000, 0x0000000800000000)
  region size 2048K, 2 young (4096K), 2 survivors (4096K)
 Metaspace       used 3686K, committed 3904K, reserved 1114112K
  class space    used 386K, committed 448K, reserved 1048576K
}
Event: 1.195 GC heap before
{Heap before GC invocations=1 (full 0):
 garbage-first heap   total 262144K, used 29528K [0x0000000701e00000, 0x0000000800000000)
  region size 2048K, 17 young (34816K), 2 survivors (4096K)
 Metaspace       used 12251K, committed 12480K, reserved 1114112K
  class space    used 1492K, committed 1600K, reserved 1048576K
}
Event: 1.201 GC heap after
{Heap after GC invocations=2 (full 0):
 garbage-first heap   total 262144K, used 7620K [0x0000000701e00000, 0x0000000800000000)
  region size 2048K, 3 young (6144K), 3 survivors (6144K)
 Metaspace       used 12251K, committed 12480K, reserved 1114112K
  class space    used 1492K, committed 1600K, reserved 1048576K
}
Event: 1.678 GC heap before
{Heap before GC invocations=2 (full 0):
 garbage-first heap   total 262144K, used 183748K [0x0000000701e00000, 0x0000000800000000)
  region size 2048K, 4 young (8192K), 3 survivors (6144K)
 Metaspace       used 12410K, committed 12736K, reserved 1114112K
  class space    used 1516K, committed 1664K, reserved 1048576K
}
Event: 1.682 GC heap after
{Heap after GC invocations=3 (full 0):
 garbage-first heap   total 262144K, used 183589K [0x0000000701e00000, 0x0000000800000000)
  region size 2048K, 2 young (4096K), 2 survivors (4096K)
 Metaspace       used 12410K, committed 12736K, reserved 1114112K
  class space    used 1516K, committed 1664K, reserved 1048576K
}
Event: 2.281 GC heap before
{Heap before GC invocations=4 (full 0):
 garbage-first heap   total 317440K, used 214309K [0x0000000701e00000, 0x0000000800000000)
  region size 2048K, 16 young (32768K), 2 survivors (4096K)
 Metaspace       used 17906K, committed 18304K, reserved 1114112K
  class space    used 2638K, committed 2816K, reserved 1048576K
}
Event: 2.286 GC heap after
{Heap after GC invocations=5 (full 0):
 garbage-first heap   total 317440K, used 189418K [0x0000000701e00000, 0x0000000800000000)
  region size 2048K, 3 young (6144K), 3 survivors (6144K)
 Metaspace       used 17906K, committed 18304K, reserved 1114112K
  class space    used 2638K, committed 2816K, reserved 1048576K
}

Dll operation events (20 events):
Event: 0.313 Loaded shared library C:\Users\GAMING\.openjfx\cache\21.0.1+6\amd64\api-ms-win-crt-multibyte-l1-1-0.dll
Event: 0.315 Loaded shared library C:\Users\GAMING\.openjfx\cache\21.0.1+6\amd64\api-ms-win-crt-private-l1-1-0.dll
Event: 0.317 Loaded shared library C:\Users\GAMING\.openjfx\cache\21.0.1+6\amd64\api-ms-win-crt-process-l1-1-0.dll
Event: 0.319 Loaded shared library C:\Users\GAMING\.openjfx\cache\21.0.1+6\amd64\api-ms-win-crt-runtime-l1-1-0.dll
Event: 0.321 Loaded shared library C:\Users\GAMING\.openjfx\cache\21.0.1+6\amd64\api-ms-win-crt-stdio-l1-1-0.dll
Event: 0.323 Loaded shared library C:\Users\GAMING\.openjfx\cache\21.0.1+6\amd64\api-ms-win-crt-string-l1-1-0.dll
Event: 0.324 Loaded shared library C:\Users\GAMING\.openjfx\cache\21.0.1+6\amd64\api-ms-win-crt-time-l1-1-0.dll
Event: 0.326 Loaded shared library C:\Users\GAMING\.openjfx\cache\21.0.1+6\amd64\api-ms-win-crt-utility-l1-1-0.dll
Event: 0.338 Loaded shared library C:\Users\GAMING\.openjfx\cache\21.0.1+6\amd64\ucrtbase.dll
Event: 0.341 Loaded shared library C:\Users\GAMING\.openjfx\cache\21.0.1+6\amd64\vcruntime140.dll
Event: 0.343 Loaded shared library C:\Users\GAMING\.openjfx\cache\21.0.1+6\amd64\vcruntime140_1.dll
Event: 0.350 Loaded shared library C:\Users\GAMING\.openjfx\cache\21.0.1+6\amd64\msvcp140.dll
Event: 0.352 Loaded shared library C:\Users\GAMING\.openjfx\cache\21.0.1+6\amd64\msvcp140_1.dll
Event: 0.355 Loaded shared library C:\Users\GAMING\.openjfx\cache\21.0.1+6\amd64\msvcp140_2.dll
Event: 0.398 Loaded shared library C:\Users\GAMING\.openjfx\cache\21.0.1+6\amd64\prism_d3d.dll
Event: 0.469 Loaded shared library C:\Users\GAMING\.openjfx\cache\21.0.1+6\amd64\glass.dll
Event: 0.605 Loaded shared library C:\Program Files\Java\jdk-21\bin\jimage.dll
Event: 0.764 Loaded shared library C:\Program Files\Java\jdk-21\bin\extnet.dll
Event: 1.019 Loaded shared library C:\Users\GAMING\.openjfx\cache\21.0.1+6\amd64\javafx_font.dll
Event: 1.193 Loaded shared library C:\Users\GAMING\.openjfx\cache\21.0.1+6\amd64\javafx_iio.dll

Deoptimization events (20 events):
Event: 2.088 Thread 0x00000276e543ad70 Uncommon trap: trap_request=0xffffffde fr.pc=0x000002768fee5770 relative=0x0000000000000bd0
Event: 2.088 Thread 0x00000276e543ad70 Uncommon trap: reason=class_check action=maybe_recompile pc=0x000002768fee5770 method=java.io.BufferedInputStream.read1([BII)I @ 52 c2
Event: 2.089 Thread 0x00000276e543ad70 DEOPT PACKING pc=0x000002768fee5770 sp=0x000000ae1f6fdf90
Event: 2.089 Thread 0x00000276e543ad70 DEOPT UNPACKING pc=0x000002768f9146a2 sp=0x000000ae1f6fdec8 mode 2
Event: 2.089 Thread 0x00000276e543ad70 Uncommon trap: trap_request=0xffffff45 fr.pc=0x000002768fee53f4 relative=0x0000000000000854
Event: 2.089 Thread 0x00000276e543ad70 Uncommon trap: reason=unstable_if action=reinterpret pc=0x000002768fee53f4 method=java.io.BufferedInputStream.implRead([BII)I @ 55 c2
Event: 2.089 Thread 0x00000276e543ad70 DEOPT PACKING pc=0x000002768fee53f4 sp=0x000000ae1f6fdf90
Event: 2.089 Thread 0x00000276e543ad70 DEOPT UNPACKING pc=0x000002768f9146a2 sp=0x000000ae1f6fdf68 mode 2
Event: 2.094 Thread 0x00000276e543ad70 Uncommon trap: trap_request=0xffffffde fr.pc=0x000002768fee44d4 relative=0x00000000000004d4
Event: 2.094 Thread 0x00000276e543ad70 Uncommon trap: reason=class_check action=maybe_recompile pc=0x000002768fee44d4 method=java.io.BufferedInputStream.read1([BII)I @ 52 c2
Event: 2.094 Thread 0x00000276e543ad70 DEOPT PACKING pc=0x000002768fee44d4 sp=0x000000ae1f6fda80
Event: 2.094 Thread 0x00000276e543ad70 DEOPT UNPACKING pc=0x000002768f9146a2 sp=0x000000ae1f6fda38 mode 2
Event: 2.096 Thread 0x00000276e543ad70 Uncommon trap: trap_request=0xffffffde fr.pc=0x000002768fee44d4 relative=0x00000000000004d4
Event: 2.096 Thread 0x00000276e543ad70 Uncommon trap: reason=class_check action=maybe_recompile pc=0x000002768fee44d4 method=java.io.BufferedInputStream.read1([BII)I @ 52 c2
Event: 2.096 Thread 0x00000276e543ad70 DEOPT PACKING pc=0x000002768fee44d4 sp=0x000000ae1f6fdb50
Event: 2.096 Thread 0x00000276e543ad70 DEOPT UNPACKING pc=0x000002768f9146a2 sp=0x000000ae1f6fdb08 mode 2
Event: 2.130 Thread 0x00000276e543ad70 Uncommon trap: trap_request=0xffffffde fr.pc=0x000002768fee44d4 relative=0x00000000000004d4
Event: 2.130 Thread 0x00000276e543ad70 Uncommon trap: reason=class_check action=maybe_recompile pc=0x000002768fee44d4 method=java.io.BufferedInputStream.read1([BII)I @ 52 c2
Event: 2.130 Thread 0x00000276e543ad70 DEOPT PACKING pc=0x000002768fee44d4 sp=0x000000ae1f6fdd70
Event: 2.130 Thread 0x00000276e543ad70 DEOPT UNPACKING pc=0x000002768f9146a2 sp=0x000000ae1f6fdd28 mode 2

Classes loaded (20 events):
Event: 2.056 Loading class java/util/WeakHashMap$EntryIterator
Event: 2.056 Loading class java/util/WeakHashMap$EntryIterator done
Event: 2.059 Loading class java/util/ConcurrentModificationException
Event: 2.059 Loading class java/util/ConcurrentModificationException done
Event: 2.085 Loading class java/util/concurrent/ConcurrentLinkedQueue
Event: 2.085 Loading class java/util/concurrent/ConcurrentLinkedQueue done
Event: 2.085 Loading class java/util/concurrent/ConcurrentLinkedQueue$Node
Event: 2.085 Loading class java/util/concurrent/ConcurrentLinkedQueue$Node done
Event: 2.098 Loading class java/nio/ShortBuffer
Event: 2.098 Loading class java/nio/ShortBuffer done
Event: 2.098 Loading class java/nio/DoubleBuffer
Event: 2.098 Loading class java/nio/DoubleBuffer done
Event: 2.099 Loading class java/nio/DirectFloatBufferU
Event: 2.099 Loading class java/nio/DirectFloatBufferU done
Event: 2.260 Loading class jdk/internal/ref/CleanerImpl$InnocuousThreadFactory
Event: 2.260 Loading class jdk/internal/ref/CleanerImpl$InnocuousThreadFactory done
Event: 2.265 Loading class sun/misc/Unsafe
Event: 2.265 Loading class sun/misc/Unsafe done
Event: 2.266 Loading class java/lang/invoke/DirectMethodHandle$StaticAccessor
Event: 2.266 Loading class java/lang/invoke/DirectMethodHandle$StaticAccessor done

Classes unloaded (0 events):
No events

Classes redefined (0 events):
No events

Internal exceptions (20 events):
Event: 1.708 Thread 0x00000276e51549a0 Exception <a 'java/lang/NoSuchMethodError'{0x0000000711d1c198}: 'void java.lang.invoke.Invokers$Holder.invokeExact_MT(java.lang.Object, java.lang.Object, java.lang.Object, java.lang.Object)'> (0x0000000711d1c198) 
thrown [s\open\src\hotspot\share\interpreter\linkResolver.cpp, line 773]
Event: 1.716 Thread 0x00000276e51549a0 Exception <a 'java/lang/NoSuchMethodError'{0x0000000711d81728}: 'java.lang.Object java.lang.invoke.DelegatingMethodHandle$Holder.reinvoke_L(java.lang.Object, double, double, double, double)'> (0x0000000711d81728) 
thrown [s\open\src\hotspot\share\interpreter\linkResolver.cpp, line 773]
Event: 1.717 Thread 0x00000276e51549a0 Exception <a 'java/lang/NoSuchMethodError'{0x0000000711d8c3b0}: 'java.lang.Object java.lang.invoke.DirectMethodHandle$Holder.invokeStatic(java.lang.Object, java.lang.Object, int)'> (0x0000000711d8c3b0) 
thrown [s\open\src\hotspot\share\interpreter\linkResolver.cpp, line 773]
Event: 1.717 Thread 0x00000276e51549a0 Exception <a 'java/lang/NoSuchMethodError'{0x0000000711d8ff88}: 'void java.lang.invoke.DirectMethodHandle$Holder.invokeStatic(java.lang.Object, java.lang.Object, int, java.lang.Object)'> (0x0000000711d8ff88) 
thrown [s\open\src\hotspot\share\interpreter\linkResolver.cpp, line 773]
Event: 1.719 Thread 0x00000276e51549a0 Exception <a 'java/lang/NoSuchMethodError'{0x0000000711d969f8}: 'void java.lang.invoke.DelegatingMethodHandle$Holder.delegate(java.lang.Object, java.lang.Object, int, java.lang.Object)'> (0x0000000711d969f8) 
thrown [s\open\src\hotspot\share\interpreter\linkResolver.cpp, line 773]
Event: 1.759 Thread 0x00000276e51549a0 Implicit null exception at 0x000002768feb2366 to 0x000002768feb2412
Event: 1.878 Thread 0x00000276e51549a0 Exception <a 'java/lang/NoSuchMethodError'{0x00000007148bcac0}: 'java.lang.Object java.lang.invoke.DirectMethodHandle$Holder.invokeInterface(java.lang.Object, java.lang.Object, java.lang.Object)'> (0x00000007148bcac0) 
thrown [s\open\src\hotspot\share\interpreter\linkResolver.cpp, line 773]
Event: 1.879 Thread 0x00000276e51549a0 Exception <a 'java/lang/IncompatibleClassChangeError'{0x00000007148bfea8}: Found class java.lang.Object, but interface was expected> (0x00000007148bfea8) 
thrown [s\open\src\hotspot\share\interpreter\linkResolver.cpp, line 840]
Event: 1.915 Thread 0x00000276e51549a0 Exception <a 'java/lang/ClassNotFoundException'{0x000000071478c250}: com/sun/javafx/scene/control/skin/resources/controls> (0x000000071478c250) 
thrown [s\open\src\hotspot\share\prims\jni.cpp, line 539]
Event: 1.916 Thread 0x00000276e51549a0 Exception <a 'java/lang/ClassNotFoundException'{0x000000071479a450}: com/sun/javafx/scene/control/skin/resources/controls_en> (0x000000071479a450) 
thrown [s\open\src\hotspot\share\prims\jni.cpp, line 539]
Event: 1.917 Thread 0x00000276e51549a0 Exception <a 'java/lang/ClassNotFoundException'{0x000000071479bc88}: com/sun/javafx/scene/control/skin/resources/controls_en_US> (0x000000071479bc88) 
thrown [s\open\src\hotspot\share\prims\jni.cpp, line 539]
Event: 1.949 Thread 0x00000276e51549a0 Exception <a 'java/lang/NoSuchMethodError'{0x00000007145789d8}: 'void java.lang.invoke.DirectMethodHandle$Holder.invokeSpecial(java.lang.Object, java.lang.Object, java.lang.Object, java.lang.Object, java.lang.Object, java.lang.Object)'> (0x00000007145789d8) 
thrown [s\open\src\hotspot\share\interpreter\linkResolver.cpp, line 773]
Event: 2.029 Thread 0x00000276e51549a0 Exception <a 'java/lang/NoSuchMethodError'{0x0000000713e91c40}: 'int java.lang.invoke.DirectMethodHandle$Holder.invokeSpecial(java.lang.Object, java.lang.Object, int)'> (0x0000000713e91c40) 
thrown [s\open\src\hotspot\share\interpreter\linkResolver.cpp, line 773]
Event: 2.043 Thread 0x00000276e51549a0 Exception <a 'java/lang/NoSuchMethodError'{0x0000000713eef810}: 'java.lang.Object java.lang.invoke.DirectMethodHandle$Holder.newInvokeSpecial(java.lang.Object, java.lang.Object, int)'> (0x0000000713eef810) 
thrown [s\open\src\hotspot\share\interpreter\linkResolver.cpp, line 773]
Event: 2.073 Thread 0x00000276e543ad70 Exception <a 'java/lang/NoSuchMethodError'{0x0000000713c20eb0}: 'int java.lang.invoke.DirectMethodHandle$Holder.invokeStaticInit(java.lang.Object, java.lang.Object)'> (0x0000000713c20eb0) 
thrown [s\open\src\hotspot\share\interpreter\linkResolver.cpp, line 773]
Event: 2.086 Thread 0x00000276e51549a0 Exception <a 'java/lang/NoSuchMethodError'{0x0000000713f69760}: 'long java.lang.invoke.DirectMethodHandle$Holder.invokeStatic(java.lang.Object, java.lang.Object, java.lang.Object)'> (0x0000000713f69760) 
thrown [s\open\src\hotspot\share\interpreter\linkResolver.cpp, line 773]
Event: 2.086 Thread 0x00000276e51549a0 Exception <a 'java/lang/NoSuchMethodError'{0x0000000713f6cb30}: 'long java.lang.invoke.DirectMethodHandle$Holder.invokeStaticInit(java.lang.Object, java.lang.Object, java.lang.Object)'> (0x0000000713f6cb30) 
thrown [s\open\src\hotspot\share\interpreter\linkResolver.cpp, line 773]
Event: 2.088 Thread 0x00000276e543ad70 Exception <a 'java/lang/NoSuchMethodError'{0x0000000713cd5ab8}: 'java.lang.Object java.lang.invoke.Invokers$Holder.invokeExact_MT(java.lang.Object, java.lang.Object, java.lang.Object, java.lang.Object, java.lang.Object)'> (0x0000000713cd5ab8) 
thrown [s\open\src\hotspot\share\interpreter\linkResolver.cpp, line 773]
Event: 2.091 Thread 0x00000276e51549a0 Exception <a 'java/lang/NoSuchMethodError'{0x0000000713f81030}: 'java.lang.Object java.lang.invoke.DirectMethodHandle$Holder.newInvokeSpecial(java.lang.Object, java.lang.Object, long)'> (0x0000000713f81030) 
thrown [s\open\src\hotspot\share\interpreter\linkResolver.cpp, line 773]
Event: 2.091 Thread 0x00000276e51549a0 Exception <a 'java/lang/NoSuchMethodError'{0x0000000713f84928}: 'java.lang.Object java.lang.invoke.Invokers$Holder.linkToTargetMethod(java.lang.Object, long, java.lang.Object)'> (0x0000000713f84928) 
thrown [s\open\src\hotspot\share\interpreter\linkResolver.cpp, line 773]

ZGC Phase Switch (0 events):
No events

VM Operations (20 events):
Event: 0.665 Executing VM operation: HandshakeAllThreads (Deoptimize) done
Event: 0.679 Executing VM operation: HandshakeAllThreads (Deoptimize)
Event: 0.679 Executing VM operation: HandshakeAllThreads (Deoptimize) done
Event: 1.195 Executing VM operation: G1TryInitiateConcMark (G1 Humongous Allocation)
Event: 1.201 Executing VM operation: G1TryInitiateConcMark (G1 Humongous Allocation) done
Event: 1.678 Executing VM operation: G1TryInitiateConcMark (G1 Humongous Allocation)
Event: 1.682 Executing VM operation: G1TryInitiateConcMark (G1 Humongous Allocation) done
Event: 1.689 Executing VM operation: G1PauseRemark
Event: 1.690 Executing VM operation: G1PauseRemark done
Event: 1.691 Executing VM operation: G1PauseCleanup
Event: 1.691 Executing VM operation: G1PauseCleanup done
Event: 1.715 Executing VM operation: HandshakeAllThreads (Deoptimize)
Event: 1.715 Executing VM operation: HandshakeAllThreads (Deoptimize) done
Event: 1.717 Executing VM operation: HandshakeAllThreads (Deoptimize)
Event: 1.717 Executing VM operation: HandshakeAllThreads (Deoptimize) done
Event: 2.015 Executing VM operation: ICBufferFull
Event: 2.015 Executing VM operation: ICBufferFull done
Event: 2.281 Executing VM operation: G1TryInitiateConcMark (G1 Humongous Allocation)
Event: 2.286 Executing VM operation: G1TryInitiateConcMark (G1 Humongous Allocation) done
Event: 2.293 Executing VM operation: G1PauseRemark

Events (20 events):
Event: 2.295 Thread 0x000002769f44d230 flushing nmethod 0x000002768fe8ab90
Event: 2.295 Thread 0x000002769f44d230 flushing nmethod 0x000002768fe88910
Event: 2.295 Thread 0x000002769f44d230 flushing nmethod 0x000002768fe9dd90
Event: 2.295 Thread 0x000002769f44d230 flushing nmethod 0x000002768fe82a10
Event: 2.295 Thread 0x000002769f44d230 flushing nmethod 0x000002768fe9aa90
Event: 2.295 Thread 0x000002769f44d230 flushing nmethod 0x000002768fe9a590
Event: 2.295 Thread 0x000002769f44d230 flushing nmethod 0x000002768fe86090
Event: 2.295 Thread 0x000002769f44d230 flushing nmethod 0x000002768fe80c10
Event: 2.295 Thread 0x000002769f44d230 flushing nmethod 0x000002768fe7c110
Event: 2.295 Thread 0x000002769f44d230 flushing nmethod 0x000002768fe6c910
Event: 2.295 Thread 0x000002769f44d230 flushing nmethod 0x000002768fe7aa90
Event: 2.295 Thread 0x000002769f44d230 flushing nmethod 0x000002768fe74290
Event: 2.295 Thread 0x000002769f44d230 flushing nmethod 0x000002768fe72290
Event: 2.295 Thread 0x000002769f44d230 flushing nmethod 0x000002768fe75f10
Event: 2.295 Thread 0x000002769f44d230 flushing nmethod 0x000002768fe71a90
Event: 2.295 Thread 0x000002769f44d230 flushing nmethod 0x000002768fe70b10
Event: 2.295 Thread 0x000002769f44d230 flushing nmethod 0x000002768fe6ff90
Event: 2.295 Thread 0x000002769f44d230 flushing nmethod 0x000002768fe70e10
Event: 2.295 Thread 0x000002769f44d230 flushing nmethod 0x000002768fe6b690
Event: 2.295 Thread 0x000002769f44d230 flushing nmethod 0x000002768fe6a390


Dynamic libraries:
0x00007ff647bc0000 - 0x00007ff647bd0000 	C:\Program Files\Java\jdk-21\bin\java.exe
0x00007ffb985f0000 - 0x00007ffb98807000 	C:\Windows\SYSTEM32\ntdll.dll
0x00007ffb97070000 - 0x00007ffb97134000 	C:\Windows\System32\KERNEL32.DLL
0x00007ffb95af0000 - 0x00007ffb95e96000 	C:\Windows\System32\KERNELBASE.dll
0x00007ffb8b2d0000 - 0x00007ffb8b2e9000 	C:\Program Files\Java\jdk-21\bin\jli.dll
0x00007ffb86090000 - 0x00007ffb860ab000 	C:\Program Files\Java\jdk-21\bin\VCRUNTIME140.dll
0x00007ffb95f50000 - 0x00007ffb96061000 	C:\Windows\System32\ucrtbase.dll
0x00007ffb96f20000 - 0x00007ffb96fd3000 	C:\Windows\System32\ADVAPI32.dll
0x00007ffb965c0000 - 0x00007ffb96667000 	C:\Windows\System32\msvcrt.dll
0x00007ffb983b0000 - 0x00007ffb98458000 	C:\Windows\System32\sechost.dll
0x00007ffb959a0000 - 0x00007ffb959c8000 	C:\Windows\System32\bcrypt.dll
0x00007ffb96470000 - 0x00007ffb96587000 	C:\Windows\System32\RPCRT4.dll
0x00007ffb97aa0000 - 0x00007ffb97c4e000 	C:\Windows\System32\USER32.dll
0x00007ffb7dbd0000 - 0x00007ffb7de63000 	C:\Windows\WinSxS\amd64_microsoft.windows.common-controls_6595b64144ccf1df_6.0.22621.2506_none_270c5ae97388e100\COMCTL32.dll
0x00007ffb95ea0000 - 0x00007ffb95ec6000 	C:\Windows\System32\win32u.dll
0x00007ffb98460000 - 0x00007ffb98489000 	C:\Windows\System32\GDI32.dll
0x00007ffb959d0000 - 0x00007ffb95ae8000 	C:\Windows\System32\gdi32full.dll
0x00007ffb962a0000 - 0x00007ffb9633a000 	C:\Windows\System32\msvcp_win.dll
0x00007ffb8df40000 - 0x00007ffb8df4a000 	C:\Windows\SYSTEM32\VERSION.dll
0x00007ffb98570000 - 0x00007ffb985a1000 	C:\Windows\System32\IMM32.DLL
0x00007ffb90810000 - 0x00007ffb9081c000 	C:\Program Files\Java\jdk-21\bin\vcruntime140_1.dll
0x00007ffb79ec0000 - 0x00007ffb79f4e000 	C:\Program Files\Java\jdk-21\bin\msvcp140.dll
0x00007ffb26840000 - 0x00007ffb27555000 	C:\Program Files\Java\jdk-21\bin\server\jvm.dll
0x00007ffb963a0000 - 0x00007ffb96411000 	C:\Windows\System32\WS2_32.dll
0x00007ffb94eb0000 - 0x00007ffb94efd000 	C:\Windows\SYSTEM32\POWRPROF.dll
0x00007ffb8e150000 - 0x00007ffb8e184000 	C:\Windows\SYSTEM32\WINMM.dll
0x00007ffb94e20000 - 0x00007ffb94e33000 	C:\Windows\SYSTEM32\UMPDC.dll
0x00007ffb94930000 - 0x00007ffb94948000 	C:\Windows\SYSTEM32\kernel.appcore.dll
0x00007ffb8b730000 - 0x00007ffb8b73a000 	C:\Program Files\Java\jdk-21\bin\jimage.dll
0x00007ffb8c560000 - 0x00007ffb8c793000 	C:\Windows\SYSTEM32\DBGHELP.DLL
0x00007ffb96670000 - 0x00007ffb969f9000 	C:\Windows\System32\combase.dll
0x00007ffb96e20000 - 0x00007ffb96ef7000 	C:\Windows\System32\OLEAUT32.dll
0x00007ffb7c070000 - 0x00007ffb7c0a2000 	C:\Windows\SYSTEM32\dbgcore.DLL
0x00007ffb95ed0000 - 0x00007ffb95f4a000 	C:\Windows\System32\bcryptPrimitives.dll
0x00007ffb85ca0000 - 0x00007ffb85cbf000 	C:\Program Files\Java\jdk-21\bin\java.dll
0x00007ffb97240000 - 0x00007ffb97a9b000 	C:\Windows\System32\SHELL32.dll
0x00007ffb93840000 - 0x00007ffb94136000 	C:\Windows\SYSTEM32\windows.storage.dll
0x00007ffb93700000 - 0x00007ffb9383e000 	C:\Windows\SYSTEM32\wintypes.dll
0x00007ffb982b0000 - 0x00007ffb983a3000 	C:\Windows\System32\SHCORE.dll
0x00007ffb98510000 - 0x00007ffb9856e000 	C:\Windows\System32\shlwapi.dll
0x00007ffb95860000 - 0x00007ffb95886000 	C:\Windows\SYSTEM32\profapi.dll
0x00007ffb578e0000 - 0x00007ffb579b7000 	C:\Program Files\Java\jdk-21\bin\jsvml.dll
0x00007ffb8a9e0000 - 0x00007ffb8a9f0000 	C:\Program Files\Java\jdk-21\bin\net.dll
0x00007ffb8f620000 - 0x00007ffb8f757000 	C:\Windows\SYSTEM32\WINHTTP.dll
0x00007ffb94e40000 - 0x00007ffb94ea9000 	C:\Windows\system32\mswsock.dll
0x00007ffb7f060000 - 0x00007ffb7f076000 	C:\Program Files\Java\jdk-21\bin\nio.dll
0x00007ffb80940000 - 0x00007ffb80958000 	C:\Program Files\Java\jdk-21\bin\zip.dll
0x000002769f9f0000 - 0x000002769f9f3000 	C:\Users\GAMING\.openjfx\cache\21.0.1+6\amd64\api-ms-win-core-console-l1-1-0.dll
0x000002769fa00000 - 0x000002769fa03000 	C:\Users\GAMING\.openjfx\cache\21.0.1+6\amd64\api-ms-win-core-console-l1-2-0.dll
0x000002769fa10000 - 0x000002769fa13000 	C:\Users\GAMING\.openjfx\cache\21.0.1+6\amd64\api-ms-win-core-datetime-l1-1-0.dll
0x000002769fa20000 - 0x000002769fa23000 	C:\Users\GAMING\.openjfx\cache\21.0.1+6\amd64\api-ms-win-core-debug-l1-1-0.dll
0x000002769fa30000 - 0x000002769fa33000 	C:\Users\GAMING\.openjfx\cache\21.0.1+6\amd64\api-ms-win-core-errorhandling-l1-1-0.dll
0x000002769fa40000 - 0x000002769fa44000 	C:\Users\GAMING\.openjfx\cache\21.0.1+6\amd64\api-ms-win-core-file-l1-1-0.dll
0x000002769fa50000 - 0x000002769fa53000 	C:\Users\GAMING\.openjfx\cache\21.0.1+6\amd64\api-ms-win-core-file-l1-2-0.dll
0x000002769fa60000 - 0x000002769fa63000 	C:\Users\GAMING\.openjfx\cache\21.0.1+6\amd64\api-ms-win-core-file-l2-1-0.dll
0x000002769fa70000 - 0x000002769fa73000 	C:\Users\GAMING\.openjfx\cache\21.0.1+6\amd64\api-ms-win-core-handle-l1-1-0.dll
0x000002769fa80000 - 0x000002769fa83000 	C:\Users\GAMING\.openjfx\cache\21.0.1+6\amd64\api-ms-win-core-heap-l1-1-0.dll
0x000002769fa90000 - 0x000002769fa93000 	C:\Users\GAMING\.openjfx\cache\21.0.1+6\amd64\api-ms-win-core-interlocked-l1-1-0.dll
0x000002769faa0000 - 0x000002769faa3000 	C:\Users\GAMING\.openjfx\cache\21.0.1+6\amd64\api-ms-win-core-libraryloader-l1-1-0.dll
0x000002769fab0000 - 0x000002769fab3000 	C:\Users\GAMING\.openjfx\cache\21.0.1+6\amd64\api-ms-win-core-localization-l1-2-0.dll
0x000002769fac0000 - 0x000002769fac3000 	C:\Users\GAMING\.openjfx\cache\21.0.1+6\amd64\api-ms-win-core-memory-l1-1-0.dll
0x000002769fad0000 - 0x000002769fad3000 	C:\Users\GAMING\.openjfx\cache\21.0.1+6\amd64\api-ms-win-core-namedpipe-l1-1-0.dll
0x000002769fae0000 - 0x000002769fae3000 	C:\Users\GAMING\.openjfx\cache\21.0.1+6\amd64\api-ms-win-core-processenvironment-l1-1-0.dll
0x000002769faf0000 - 0x000002769faf3000 	C:\Users\GAMING\.openjfx\cache\21.0.1+6\amd64\api-ms-win-core-processthreads-l1-1-0.dll
0x000002769fb00000 - 0x000002769fb03000 	C:\Users\GAMING\.openjfx\cache\21.0.1+6\amd64\api-ms-win-core-processthreads-l1-1-1.dll
0x000002769fb10000 - 0x000002769fb13000 	C:\Users\GAMING\.openjfx\cache\21.0.1+6\amd64\api-ms-win-core-profile-l1-1-0.dll
0x000002769fb20000 - 0x000002769fb23000 	C:\Users\GAMING\.openjfx\cache\21.0.1+6\amd64\api-ms-win-core-rtlsupport-l1-1-0.dll
0x000002769fb30000 - 0x000002769fb33000 	C:\Users\GAMING\.openjfx\cache\21.0.1+6\amd64\api-ms-win-core-string-l1-1-0.dll
0x000002769fb40000 - 0x000002769fb43000 	C:\Users\GAMING\.openjfx\cache\21.0.1+6\amd64\api-ms-win-core-synch-l1-1-0.dll
0x000002769fb50000 - 0x000002769fb53000 	C:\Users\GAMING\.openjfx\cache\21.0.1+6\amd64\api-ms-win-core-synch-l1-2-0.dll
0x000002769fb60000 - 0x000002769fb63000 	C:\Users\GAMING\.openjfx\cache\21.0.1+6\amd64\api-ms-win-core-sysinfo-l1-1-0.dll
0x000002769fb70000 - 0x000002769fb73000 	C:\Users\GAMING\.openjfx\cache\21.0.1+6\amd64\api-ms-win-core-timezone-l1-1-0.dll
0x000002769fb80000 - 0x000002769fb83000 	C:\Users\GAMING\.openjfx\cache\21.0.1+6\amd64\api-ms-win-core-util-l1-1-0.dll
0x000002769fb90000 - 0x000002769fb93000 	C:\Users\GAMING\.openjfx\cache\21.0.1+6\amd64\api-ms-win-crt-conio-l1-1-0.dll
0x000002769fba0000 - 0x000002769fba4000 	C:\Users\GAMING\.openjfx\cache\21.0.1+6\amd64\api-ms-win-crt-convert-l1-1-0.dll
0x000002769fbb0000 - 0x000002769fbb3000 	C:\Users\GAMING\.openjfx\cache\21.0.1+6\amd64\api-ms-win-crt-environment-l1-1-0.dll
0x000002769fbc0000 - 0x000002769fbc3000 	C:\Users\GAMING\.openjfx\cache\21.0.1+6\amd64\api-ms-win-crt-filesystem-l1-1-0.dll
0x000002769fbd0000 - 0x000002769fbd3000 	C:\Users\GAMING\.openjfx\cache\21.0.1+6\amd64\api-ms-win-crt-heap-l1-1-0.dll
0x000002769fbe0000 - 0x000002769fbe3000 	C:\Users\GAMING\.openjfx\cache\21.0.1+6\amd64\api-ms-win-crt-locale-l1-1-0.dll
0x000002769fbf0000 - 0x000002769fbf5000 	C:\Users\GAMING\.openjfx\cache\21.0.1+6\amd64\api-ms-win-crt-math-l1-1-0.dll
0x000002769fc00000 - 0x000002769fc05000 	C:\Users\GAMING\.openjfx\cache\21.0.1+6\amd64\api-ms-win-crt-multibyte-l1-1-0.dll
0x000002769fc10000 - 0x000002769fc20000 	C:\Users\GAMING\.openjfx\cache\21.0.1+6\amd64\api-ms-win-crt-private-l1-1-0.dll
0x000002769fc20000 - 0x000002769fc23000 	C:\Users\GAMING\.openjfx\cache\21.0.1+6\amd64\api-ms-win-crt-process-l1-1-0.dll
0x000002769fc30000 - 0x000002769fc34000 	C:\Users\GAMING\.openjfx\cache\21.0.1+6\amd64\api-ms-win-crt-runtime-l1-1-0.dll
0x000002769fc40000 - 0x000002769fc44000 	C:\Users\GAMING\.openjfx\cache\21.0.1+6\amd64\api-ms-win-crt-stdio-l1-1-0.dll
0x000002769fc50000 - 0x000002769fc54000 	C:\Users\GAMING\.openjfx\cache\21.0.1+6\amd64\api-ms-win-crt-string-l1-1-0.dll
0x000002769fc60000 - 0x000002769fc63000 	C:\Users\GAMING\.openjfx\cache\21.0.1+6\amd64\api-ms-win-crt-time-l1-1-0.dll
0x000002769fc70000 - 0x000002769fc73000 	C:\Users\GAMING\.openjfx\cache\21.0.1+6\amd64\api-ms-win-crt-utility-l1-1-0.dll
0x00007ffb543d0000 - 0x00007ffb544cc000 	C:\Users\GAMING\.openjfx\cache\21.0.1+6\amd64\ucrtbase.dll
0x00007ffb7e570000 - 0x00007ffb7e58b000 	C:\Users\GAMING\.openjfx\cache\21.0.1+6\amd64\vcruntime140.dll
0x00007ffb7f050000 - 0x00007ffb7f05c000 	C:\Users\GAMING\.openjfx\cache\21.0.1+6\amd64\vcruntime140_1.dll
0x00007ffb5dfd0000 - 0x00007ffb5e05e000 	C:\Users\GAMING\.openjfx\cache\21.0.1+6\amd64\msvcp140.dll
0x00007ffb96c80000 - 0x00007ffb96e20000 	C:\Windows\System32\ole32.dll
0x00007ffb7e2e0000 - 0x00007ffb7e2e9000 	C:\Users\GAMING\.openjfx\cache\21.0.1+6\amd64\msvcp140_1.dll
0x00007ffb7dff0000 - 0x00007ffb7e01f000 	C:\Users\GAMING\.openjfx\cache\21.0.1+6\amd64\msvcp140_2.dll
0x00007ffb79a40000 - 0x00007ffb79a6f000 	C:\Users\GAMING\.openjfx\cache\21.0.1+6\amd64\prism_d3d.dll
0x00007ffb6d540000 - 0x00007ffb6d6e9000 	C:\Windows\system32\d3d9.dll
0x00007ffb930b0000 - 0x00007ffb930db000 	C:\Windows\SYSTEM32\dwmapi.dll
0x00007ffb92f60000 - 0x00007ffb92f99000 	C:\Windows\SYSTEM32\dxcore.dll
0x00007ffb92e30000 - 0x00007ffb92edb000 	C:\Windows\system32\uxtheme.dll
0x00007ffb8cdb0000 - 0x00007ffb8ce6e000 	C:\Windows\System32\DriverStore\FileRepository\nvlti.inf_amd64_4431f809be2dd54c\nvldumdx.dll
0x00007ffb955d0000 - 0x00007ffb955e2000 	C:\Windows\SYSTEM32\msasn1.dll
0x00007ffb8cd70000 - 0x00007ffb8cda2000 	C:\Windows\SYSTEM32\cryptnet.dll
0x00007ffb96070000 - 0x00007ffb961d6000 	C:\Windows\System32\CRYPT32.dll
0x00007ffb8cc10000 - 0x00007ffb8cd68000 	C:\Windows\SYSTEM32\drvstore.dll
0x00007ffb955f0000 - 0x00007ffb9561c000 	C:\Windows\SYSTEM32\devobj.dll
0x00007ffb95620000 - 0x00007ffb9566e000 	C:\Windows\SYSTEM32\CFGMGR32.dll
0x00007ffb95110000 - 0x00007ffb9515b000 	C:\Windows\SYSTEM32\wldp.dll
0x00007ffb951c0000 - 0x00007ffb951cc000 	C:\Windows\SYSTEM32\cryptbase.dll
0x00007ffb95930000 - 0x00007ffb9599b000 	C:\Windows\System32\wintrust.dll
0x00007ffb965a0000 - 0x00007ffb965bf000 	C:\Windows\System32\imagehlp.dll
0x00007ffb951e0000 - 0x00007ffb951fb000 	C:\Windows\SYSTEM32\CRYPTSP.dll
0x00007ffb94890000 - 0x00007ffb948c5000 	C:\Windows\system32\rsaenh.dll
0x00007ffb87b50000 - 0x00007ffb89d6d000 	C:\Windows\System32\DriverStore\FileRepository\nvlti.inf_amd64_4431f809be2dd54c\nvgpucomp64.dll
0x00007ffb34d70000 - 0x00007ffb3711f000 	C:\Windows\System32\DriverStore\FileRepository\nvlti.inf_amd64_4431f809be2dd54c\nvd3dumx.dll
0x00007ffb8fc80000 - 0x00007ffb8fcca000 	C:\Windows\SYSTEM32\directxdatabasehelper.dll
0x00007ffb6f3a0000 - 0x00007ffb6f3e2000 	C:\Users\GAMING\.openjfx\cache\21.0.1+6\amd64\glass.dll
0x00007ffb97140000 - 0x00007ffb97239000 	C:\Windows\System32\COMDLG32.dll
0x00007ffb97c50000 - 0x00007ffb97da1000 	C:\Windows\System32\MSCTF.dll
0x00007ffb44e40000 - 0x00007ffb45111000 	C:\Windows\system32\nvspcap64.dll
0x00007ffb94950000 - 0x00007ffb94984000 	C:\Windows\SYSTEM32\ntmarta.dll
0x00007ffb94f00000 - 0x00007ffb94f26000 	C:\Windows\SYSTEM32\gpapi.dll
0x00007ffb94410000 - 0x00007ffb94509000 	C:\Windows\SYSTEM32\DNSAPI.dll
0x00007ffb943a0000 - 0x00007ffb943cd000 	C:\Windows\SYSTEM32\IPHLPAPI.DLL
0x00007ffb96c70000 - 0x00007ffb96c79000 	C:\Windows\System32\NSI.dll
0x00007ffb89e50000 - 0x00007ffb89e5a000 	C:\Windows\System32\rasadhlp.dll
0x00007ffb8dd50000 - 0x00007ffb8ddd3000 	C:\Windows\System32\fwpuclnt.dll
0x00007ffb86dd0000 - 0x00007ffb86dd7000 	C:\Program Files\Java\jdk-21\bin\extnet.dll

dbghelp: loaded successfully - version: 4.0.5 - missing functions: none
symbol engine: initialized successfully - sym options: 0x614 - pdb path: .;C:\Program Files\Java\jdk-21\bin;C:\Windows\SYSTEM32;C:\Windows\WinSxS\amd64_microsoft.windows.common-controls_6595b64144ccf1df_6.0.22621.2506_none_270c5ae97388e100;C:\Program Files\Java\jdk-21\bin\server;C:\Users\GAMING\.openjfx\cache\21.0.1+6\amd64;C:\Windows\System32\DriverStore\FileRepository\nvlti.inf_amd64_4431f809be2dd54c;C:\Program Files\Common Files\Microsoft Shared\Ink

VM Arguments:
jvm_args: --module-path=C:\\Users\\GAMING\\.m2\\repository\\org\\openjfx\\javafx-base\\21.0.1\\javafx-base-21.0.1-win.jar;C:\\Users\\GAMING\\.m2\\repository\\org\\openjfx\\javafx-base\\21.0.1\\javafx-base-21.0.1.jar;C:\\Users\\GAMING\\.m2\\repository\\org\\openjfx\\javafx-controls\\21.0.1\\javafx-controls-21.0.1-win.jar;C:\\Users\\GAMING\\.m2\\repository\\org\\openjfx\\javafx-controls\\21.0.1\\javafx-controls-21.0.1.jar;C:\\Users\\GAMING\\.m2\\repository\\org\\openjfx\\javafx-fxml\\21.0.1\\javafx-fxml-21.0.1-win.jar;C:\\Users\\GAMING\\.m2\\repository\\org\\openjfx\\javafx-fxml\\21.0.1\\javafx-fxml-21.0.1.jar;C:\\Users\\GAMING\\.m2\\repository\\org\\openjfx\\javafx-graphics\\21.0.1\\javafx-graphics-21.0.1-win.jar;C:\\Users\\GAMING\\.m2\\repository\\org\\openjfx\\javafx-graphics\\21.0.1\\javafx-graphics-21.0.1.jar --add-modules=javafx.base,javafx.controls,javafx.fxml,javafx.graphics 
java_command: org.example.MainFX
java_class_path (initial): C:\\Users\\GAMING\\Desktop\\pidev-2024\\pidev-2024\\target\\classes;C:\\Users\\GAMING\\.m2\\repository\\com\\google\\protobuf\\protobuf-java\\3.19.4\\protobuf-java-3.19.4.jar;C:\\Users\\GAMING\\.m2\\repository\\com\\mysql\\mysql-connector-j\\8.0.31\\mysql-connector-j-8.0.31.jar;C:\\Users\\GAMING\\.m2\\repository\\com\\squareup\\okhttp3\\okhttp\\4.12.0\\okhttp-4.12.0.jar;C:\\Users\\GAMING\\.m2\\repository\\com\\squareup\\okio\\okio\\3.6.0\\okio-3.6.0.jar;C:\\Users\\GAMING\\.m2\\repository\\com\\squareup\\okio\\okio-jvm\\3.6.0\\okio-jvm-3.6.0.jar;C:\\Users\\GAMING\\.m2\\repository\\javax\\activation\\activation\\1.1\\activation-1.1.jar;C:\\Users\\GAMING\\.m2\\repository\\javax\\mail\\mail\\1.4\\mail-1.4.jar;C:\\Users\\GAMING\\.m2\\repository\\org\\jetbrains\\annotations\\13.0\\annotations-13.0.jar;C:\\Users\\GAMING\\.m2\\repository\\org\\jetbrains\\kotlin\\kotlin-stdlib\\1.8.21\\kotlin-stdlib-1.8.21.jar;C:\\Users\\GAMING\\.m2\\repository\\org\\jetbrains\\kotlin\\kotlin-stdlib-common\\1.9.10\\kotlin-stdlib-common-1.9.10.jar;C:\\Users\\GAMING\\.m2\\repository\\org\\jetbrains\\kotlin\\kotlin-stdlib-jdk7\\1.8.21\\kotlin-stdlib-jdk7-1.8.21.jar;C:\\Users\\GAMING\\.m2\\repository\\org\\jetbrains\\kotlin\\kotlin-stdlib-jdk8\\1.8.21\\kotlin-stdlib-jdk8-1.8.21.jar;C:\\Users\\GAMING\\.m2\\repository\\org\\json\\json\\20240205\\json-20240205.jar;C:\\Users\\GAMING\\.m2\\repository\\org\\mindrot\\jbcrypt\\0.4\\jbcrypt-0.4.jar
Launcher Type: SUN_STANDARD

[Global flags]
     intx CICompilerCount                          = 4                                         {product} {ergonomic}
     uint ConcGCThreads                            = 2                                         {product} {ergonomic}
     uint G1ConcRefinementThreads                  = 8                                         {product} {ergonomic}
   size_t G1HeapRegionSize                         = 2097152                                   {product} {ergonomic}
    uintx GCDrainStackTargetSize                   = 64                                        {product} {ergonomic}
   size_t InitialHeapSize                          = 268435456                                 {product} {ergonomic}
   size_t MarkStackSize                            = 4194304                                   {product} {ergonomic}
   size_t MaxHeapSize                              = 4263510016                                {product} {ergonomic}
   size_t MaxNewSize                               = 2556428288                                {product} {ergonomic}
   size_t MinHeapDeltaBytes                        = 2097152                                   {product} {ergonomic}
   size_t MinHeapSize                              = 8388608                                   {product} {ergonomic}
    uintx NonNMethodCodeHeapSize                   = 5839372                                {pd product} {ergonomic}
    uintx NonProfiledCodeHeapSize                  = 122909434                              {pd product} {ergonomic}
    uintx ProfiledCodeHeapSize                     = 122909434                              {pd product} {ergonomic}
    uintx ReservedCodeCacheSize                    = 251658240                              {pd product} {ergonomic}
     bool SegmentedCodeCache                       = true                                      {product} {ergonomic}
   size_t SoftMaxHeapSize                          = 4263510016                             {manageable} {ergonomic}
     bool UseCompressedOops                        = true                           {product lp64_product} {ergonomic}
     bool UseG1GC                                  = true                                      {product} {ergonomic}
     bool UseLargePagesIndividualAllocation        = false                                  {pd product} {ergonomic}

Logging:
Log output configuration:
 #0: stdout all=warning uptime,level,tags foldmultilines=false
 #1: stderr all=off uptime,level,tags foldmultilines=false

Environment Variables:
PATH=C:\oraclexe\app\oracle\product\11.2.0\server\bin;;C:\Program Files\Python312\Scripts\;C:\Program Files\Python312\;C:\Program Files\Common Files\Oracle\Java\javapath;C:\Windows\system32;C:\Windows;C:\Windows\System32\Wbem;C:\Windows\System32\WindowsPowerShell\v1.0\;C:\Windows\System32\OpenSSH\;C:\Program Files\Java\jdk-21\bin;C:\Program Files\Git\cmd;C:\Program Files\NVIDIA Corporation\NVIDIA NvDLISR;C:\Program Files (x86)\NVIDIA Corporation\PhysX\Common;C:\Program Files\apache-maven-3.9.6\bin;C:\Program Files\nodejs\;C:\xampp\php;C:\ProgramData\ComposerSetup\bin;C:\Users\GAMING\scoop\shims;C:\Users\GAMING\AppData\Local\Microsoft\WindowsApps;;C:\Users\GAMING\AppData\Local\Programs\Microsoft VS Code\bin;C:\Program Files\JetBrains\IntelliJ IDEA Educational Edition 2022.2.2\bin;;C:\Users\GAMING\AppData\Roaming\npm;C:\Users\GAMING\AppData\Roaming\Composer\vendor\bin
USERNAME=GAMING
OS=Windows_NT
PROCESSOR_IDENTIFIER=Intel64 Family 6 Model 158 Stepping 13, GenuineIntel
TMP=C:\Users\GAMING\AppData\Local\Temp
TEMP=C:\Users\GAMING\AppData\Local\Temp




Periodic native trim disabled

---------------  S Y S T E M  ---------------

OS:
 Windows 11 , 64 bit Build 22621 (10.0.22621.3085)
OS uptime: 9 days 7:20 hours
Hyper-V role detected

CPU: total 8 (initial active 8) (4 cores per cpu, 2 threads per core) family 6 model 158 stepping 13 microcode 0xf0, cx8, cmov, fxsr, ht, mmx, 3dnowpref, sse, sse2, sse3, ssse3, sse4.1, sse4.2, popcnt, lzcnt, tsc, tscinvbit, avx, avx2, aes, erms, clmul, bmi1, bmi2, adx, fma, vzeroupper, clflush, clflushopt, hv, rdtscp, f16c
Processor Information for processor 0
  Max Mhz: 2400, Current Mhz: 1500, Mhz Limit: 2400
Processor Information for processor 1
  Max Mhz: 2400, Current Mhz: 1500, Mhz Limit: 2400
Processor Information for processor 2
  Max Mhz: 2400, Current Mhz: 1500, Mhz Limit: 2400
Processor Information for processor 3
  Max Mhz: 2400, Current Mhz: 1500, Mhz Limit: 2400
Processor Information for processor 4
  Max Mhz: 2400, Current Mhz: 2400, Mhz Limit: 2400
Processor Information for processor 5
  Max Mhz: 2400, Current Mhz: 1500, Mhz Limit: 2400
Processor Information for processor 6
  Max Mhz: 2400, Current Mhz: 2400, Mhz Limit: 2400
Processor Information for processor 7
  Max Mhz: 2400, Current Mhz: 1500, Mhz Limit: 2400

Memory: 4k page, system-wide physical 16261M (765M free)
TotalPageFile size 46674M (AvailPageFile size 5M)
current process WorkingSet (physical memory assigned to process): 447M, peak: 447M
current process commit charge ("private bytes"): 815M, peak: 823M

vm_info: Java HotSpot(TM) 64-Bit Server VM (21.0.1+12-LTS-29) for windows-amd64 JRE (21.0.1+12-LTS-29), built on 2023-10-05T13:27:09Z by "mach5one" with MS VC++ 17.1 (VS2022)

END.
