#
# There is insufficient memory for the Java Runtime Environment to continue.
# Native memory allocation (mmap) failed to map 549453824 bytes for G1 virtual space
# Possible reasons:
#   The system is out of physical RAM or swap space
#   The process is running with CompressedOops enabled, and the Java Heap may be blocking the growth of the native heap
# Possible solutions:
#   Reduce memory load on the system
#   Increase physical memory or swap space
#   Check if swap backing store is full
#   Decrease Java heap size (-Xmx/-Xms)
#   Decrease number of Java threads
#   Decrease Java thread stack sizes (-Xss)
#   Set larger code cache with -XX:ReservedCodeCacheSize=
#   JVM is running with Zero Based Compressed Oops mode in which the Java heap is
#     placed in the first 32GB address space. The Java Heap base address is the
#     maximum limit for the native heap growth. Please use -XX:HeapBaseMinAddress
#     to set the Java Heap base and to place the Java Heap above 32GB virtual address.
# This output file may be truncated or incomplete.
#
#  Out of Memory Error (os_windows.cpp:3530), pid=34764, tid=63336
#
# JRE version: Java(TM) SE Runtime Environment (18.0.1.1+2) (build 18.0.1.1+2-6)
# Java VM: Java HotSpot(TM) 64-Bit Server VM (18.0.1.1+2-6, mixed mode, sharing, tiered, compressed oops, compressed class ptrs, g1 gc, windows-amd64)
# No core dump will be written. Minidumps are not enabled by default on client versions of Windows
#

---------------  S U M M A R Y ------------

Command Line: --module-path=C:\Users\raahm\.m2\repository\org\openjfx\javafx-base\21.0.2\javafx-base-21.0.2-win.jar;C:\Users\raahm\.m2\repository\org\openjfx\javafx-base\21.0.2\javafx-base-21.0.2.jar;C:\Users\raahm\.m2\repository\org\openjfx\javafx-controls\21.0.2\javafx-controls-21.0.2-win.jar;C:\Users\raahm\.m2\repository\org\openjfx\javafx-controls\21.0.2\javafx-controls-21.0.2.jar;C:\Users\raahm\.m2\repository\org\openjfx\javafx-fxml\21.0.2\javafx-fxml-21.0.2-win.jar;C:\Users\raahm\.m2\repository\org\openjfx\javafx-fxml\21.0.2\javafx-fxml-21.0.2.jar;C:\Users\raahm\.m2\repository\org\openjfx\javafx-graphics\21.0.2\javafx-graphics-21.0.2-win.jar;C:\Users\raahm\.m2\repository\org\openjfx\javafx-graphics\21.0.2\javafx-graphics-21.0.2.jar --add-modules=javafx.base,javafx.controls,javafx.fxml,javafx.graphics MainFX

Host: Intel(R) Core(TM) i7-7700HQ CPU @ 2.80GHz, 8 cores, 11G,  Windows 10 , 64 bit Build 19041 (10.0.19041.3393)
Time: Fri Mar  1 01:44:43 2024 Afr. centrale Ouest elapsed time: 2.815759 seconds (0d 0h 0m 2s)

---------------  T H R E A D  ---------------

Current thread (0x000002054f8b4590):  VMThread "VM Thread" [stack: 0x000000c5ef600000,0x000000c5ef700000] [id=63336]

Stack: [0x000000c5ef600000,0x000000c5ef700000]
Native frames: (J=compiled Java code, j=interpreted, Vv=VM code, C=native code)
V  [jvm.dll+0x69887a]
V  [jvm.dll+0x7f38bd]
V  [jvm.dll+0x7f51ce]
V  [jvm.dll+0x7f5883]
V  [jvm.dll+0x25ca3f]
V  [jvm.dll+0x6957c9]
V  [jvm.dll+0x68a2fa]
V  [jvm.dll+0x321efb]
V  [jvm.dll+0x3298d6]
V  [jvm.dll+0x37e47e]
V  [jvm.dll+0x37e6af]
V  [jvm.dll+0x2f9c7a]
V  [jvm.dll+0x2f9d27]
V  [jvm.dll+0x33e262]
V  [jvm.dll+0x33c804]
V  [jvm.dll+0x2f9450]
V  [jvm.dll+0x33c0fd]
V  [jvm.dll+0x7fa66b]
V  [jvm.dll+0x7fb404]
V  [jvm.dll+0x7fb93c]
V  [jvm.dll+0x7fbd94]
V  [jvm.dll+0x7fbe57]
V  [jvm.dll+0x7a03ea]
V  [jvm.dll+0x697725]
C  [ucrtbase.dll+0x21bb2]
C  [KERNEL32.DLL+0x17344]
C  [ntdll.dll+0x526b1]

VM_Operation (0x000000c5f06fd390): G1TryInitiateConcMark, mode: safepoint, requested by thread 0x0000020574ba4aa0


---------------  P R O C E S S  ---------------

Threads class SMR info:
_java_thread_list=0x0000020574ebf900, length=19, elements={
0x000002054f831910, 0x000002056ff74c20, 0x000002056ff765d0, 0x000002056ff85e80,
0x000002056ff86730, 0x000002056ff870d0, 0x000002056ff87a70, 0x000002056ff88880,
0x000002056ff89260, 0x000002056ff91c50, 0x000002057447f780, 0x00000205745975a0,
0x0000020574b116d0, 0x0000020574ba45e0, 0x0000020574ba4aa0, 0x0000020574d40c40,
0x0000020574d92000, 0x0000020574eaa270, 0x0000020574ed5940
}

Java Threads: ( => current thread )
  0x000002054f831910 JavaThread "main" [_thread_blocked, id=13228, stack(0x000000c5ef000000,0x000000c5ef100000)]
  0x000002056ff74c20 JavaThread "Reference Handler" daemon [_thread_blocked, id=28512, stack(0x000000c5ef700000,0x000000c5ef800000)]
  0x000002056ff765d0 JavaThread "Finalizer" daemon [_thread_blocked, id=37476, stack(0x000000c5ef800000,0x000000c5ef900000)]
  0x000002056ff85e80 JavaThread "Signal Dispatcher" daemon [_thread_blocked, id=36796, stack(0x000000c5ef900000,0x000000c5efa00000)]
  0x000002056ff86730 JavaThread "Attach Listener" daemon [_thread_blocked, id=38564, stack(0x000000c5efa00000,0x000000c5efb00000)]
  0x000002056ff870d0 JavaThread "Service Thread" daemon [_thread_blocked, id=64296, stack(0x000000c5efb00000,0x000000c5efc00000)]
  0x000002056ff87a70 JavaThread "Monitor Deflation Thread" daemon [_thread_blocked, id=49360, stack(0x000000c5efc00000,0x000000c5efd00000)]
  0x000002056ff88880 JavaThread "C2 CompilerThread0" daemon [_thread_blocked, id=17940, stack(0x000000c5efd00000,0x000000c5efe00000)]
  0x000002056ff89260 JavaThread "C1 CompilerThread0" daemon [_thread_blocked, id=17672, stack(0x000000c5efe00000,0x000000c5eff00000)]
  0x000002056ff91c50 JavaThread "Sweeper thread" daemon [_thread_blocked, id=45228, stack(0x000000c5eff00000,0x000000c5f0000000)]
  0x000002057447f780 JavaThread "Common-Cleaner" daemon [_thread_blocked, id=10300, stack(0x000000c5f0000000,0x000000c5f0100000)]
  0x00000205745975a0 JavaThread "Notification Thread" daemon [_thread_blocked, id=47204, stack(0x000000c5f0200000,0x000000c5f0300000)]
  0x0000020574b116d0 JavaThread "QuantumRenderer-0" daemon [_thread_blocked, id=59208, stack(0x000000c5f0400000,0x000000c5f0500000)]
  0x0000020574ba45e0 JavaThread "InvokeLaterDispatcher" daemon [_thread_blocked, id=52404, stack(0x000000c5f0500000,0x000000c5f0600000)]
  0x0000020574ba4aa0 JavaThread "JavaFX Application Thread" [_thread_blocked, id=11604, stack(0x000000c5f0600000,0x000000c5f0700000)]
  0x0000020574d40c40 JavaThread "JavaFX-Launcher" [_thread_blocked, id=34664, stack(0x000000c5f0b00000,0x000000c5f0c00000)]
  0x0000020574d92000 JavaThread "Thread-2" daemon [_thread_blocked, id=19968, stack(0x000000c5f0a00000,0x000000c5f0b00000)]
  0x0000020574eaa270 JavaThread "mysql-cj-abandoned-connection-cleanup" daemon [_thread_blocked, id=63724, stack(0x000000c5f1100000,0x000000c5f1200000)]
  0x0000020574ed5940 JavaThread "Prism Font Disposer" daemon [_thread_blocked, id=47660, stack(0x000000c5f1200000,0x000000c5f1300000)]

Other Threads:
=>0x000002054f8b4590 VMThread "VM Thread" [stack: 0x000000c5ef600000,0x000000c5ef700000] [id=63336]
  0x00000205744bfd90 WatcherThread "VM Periodic Task Thread" [stack: 0x000000c5f0300000,0x000000c5f0400000] [id=36696]
  0x000002054f88e7c0 WorkerThread "GC Thread#0" [stack: 0x000000c5ef100000,0x000000c5ef200000] [id=57128]
  0x0000020574bb0770 WorkerThread "GC Thread#1" [stack: 0x000000c5f0c00000,0x000000c5f0d00000] [id=60896]
  0x0000020574bafa50 WorkerThread "GC Thread#2" [stack: 0x000000c5f0d00000,0x000000c5f0e00000] [id=29064]
  0x0000020574bb0230 WorkerThread "GC Thread#3" [stack: 0x000000c5f0e00000,0x000000c5f0f00000] [id=3256]
  0x0000020574e95850 WorkerThread "GC Thread#4" [stack: 0x000000c5f0f00000,0x000000c5f1000000] [id=23280]
  0x0000020574e93390 WorkerThread "GC Thread#5" [stack: 0x000000c5f1000000,0x000000c5f1100000] [id=36592]
  0x0000020574e938d0 WorkerThread "GC Thread#6" [stack: 0x000000c5f1300000,0x000000c5f1400000] [id=30560]
  0x0000020574e95070 WorkerThread "GC Thread#7" [stack: 0x000000c5f1400000,0x000000c5f1500000] [id=28836]
  0x000002054f89c3e0 ConcurrentGCThread "G1 Main Marker" [stack: 0x000000c5ef200000,0x000000c5ef300000] [id=58464]
  0x000002054f89cc70 WorkerThread "G1 Conc#0" [stack: 0x000000c5ef300000,0x000000c5ef400000] [id=65016]
  0x0000020574e923d0 WorkerThread "G1 Conc#1" [stack: 0x000000c5f1600000,0x000000c5f1700000] [id=16140]
  0x000002054f8de0b0 ConcurrentGCThread "G1 Refine#0" [stack: 0x000000c5ef400000,0x000000c5ef500000] [id=38312]
  0x0000020574855dd0 ConcurrentGCThread "G1 Refine#1" [stack: 0x000000c5f1500000,0x000000c5f1600000] [id=32460]
  0x0000020574854a20 ConcurrentGCThread "G1 Refine#2" [stack: 0x000000c5f1700000,0x000000c5f1800000] [id=23124]
  0x0000020574854fc0 ConcurrentGCThread "G1 Refine#3" [stack: 0x000000c5f1800000,0x000000c5f1900000] [id=37076]
  0x000002054f8de860 ConcurrentGCThread "G1 Service" [stack: 0x000000c5ef500000,0x000000c5ef600000] [id=49316]

Threads with active compile tasks:
C2 CompilerThread0     2884 2152       4       java.lang.invoke.LambdaForm$MH/0x0000000800c15800::invoke (27 bytes)
C1 CompilerThread0     2884 2151       3       com.sun.org.apache.xerces.internal.impl.XMLEntityScanner::scanData (782 bytes)

VM state: at safepoint (normal execution)

VM Mutex/Monitor currently owned by a thread:  ([mutex/lock_event])
[0x000002054f8307f0] Threads_lock - owner thread: 0x000002054f8b4590
[0x000002054f82fdd0] Heap_lock - owner thread: 0x0000020574ba4aa0

Heap address: 0x0000000741c00000, size: 3044 MB, Compressed Oops mode: Zero based, Oop shift amount: 3

CDS archive(s) mapped at: [0x0000000800000000-0x0000000800ba0000-0x0000000800ba0000), size 12189696, SharedBaseAddress: 0x0000000800000000, ArchiveRelocationMode: 0.
Compressed class space mapped at: 0x0000000800c00000-0x0000000840c00000, reserved size: 1073741824
Narrow klass base: 0x0000000800000000, Narrow klass shift: 0, Narrow klass range: 0x100000000

GC Precious Log:
 CardTable entry size: 512
 Card Set container configuration: InlinePtr #cards 4 size 8 Array Of Cards #cards 16 size 48 Howl #buckets 8 coarsen threshold 3686 Howl Bitmap #cards 512 size 80 coarsen threshold 460 Card regions per heap region 1 cards per card region 4096
 CPUs: 8 total, 8 available
 Memory: 12168M
 Large Page Support: Disabled
 NUMA Support: Disabled
 Compressed Oops: Enabled (Zero based)
 Heap Region Size: 2M
 Heap Min Capacity: 8M
 Heap Initial Capacity: 192M
 Heap Max Capacity: 3044M
 Pre-touch: Disabled
 Parallel Workers: 8
 Concurrent Workers: 2
 Concurrent Refinement Workers: 8
 Periodic GC: Disabled

Heap:
 garbage-first heap   total 305152K, used 150143K [0x0000000741c00000, 0x0000000800000000)
  region size 2048K, 2 young (4096K), 2 survivors (4096K)
 Metaspace       used 13945K, committed 14336K, reserved 1114112K
  class space    used 1714K, committed 1920K, reserved 1048576K

Heap Regions: E=young(eden), S=young(survivor), O=old, HS=humongous(starts), HC=humongous(continues), CS=collection set, F=free, OA=open archive, CA=closed archive, TAMS=top-at-mark-start (previous, next)
|   0|0x0000000741c00000, 0x0000000741e00000, 0x0000000741e00000|100%|HS|  |TAMS 0x0000000741e00000, 0x0000000741e00000| Complete 
|   1|0x0000000741e00000, 0x0000000742000000, 0x0000000742000000|100%|HS|  |TAMS 0x0000000742000000, 0x0000000742000000| Complete 
|   2|0x0000000742000000, 0x0000000742200000, 0x0000000742200000|100%|HS|  |TAMS 0x0000000742200000, 0x0000000742200000| Complete 
|   3|0x0000000742200000, 0x0000000742400000, 0x0000000742400000|100%|HS|  |TAMS 0x0000000742400000, 0x0000000742400000| Complete 
|   4|0x0000000742400000, 0x0000000742600000, 0x0000000742600000|100%|HS|  |TAMS 0x0000000742600000, 0x0000000742600000| Complete 
|   5|0x0000000742600000, 0x0000000742800000, 0x0000000742800000|100%|HS|  |TAMS 0x0000000742800000, 0x0000000742800000| Complete 
|   6|0x0000000742800000, 0x0000000742a00000, 0x0000000742a00000|100%|HS|  |TAMS 0x0000000742a00000, 0x0000000742a00000| Complete 
|   7|0x0000000742a00000, 0x0000000742c00000, 0x0000000742c00000|100%|HS|  |TAMS 0x0000000742c00000, 0x0000000742c00000| Complete 
|   8|0x0000000742c00000, 0x0000000742e00000, 0x0000000742e00000|100%|HS|  |TAMS 0x0000000742e00000, 0x0000000742e00000| Complete 
|   9|0x0000000742e00000, 0x0000000743000000, 0x0000000743000000|100%|HS|  |TAMS 0x0000000743000000, 0x0000000743000000| Complete 
|  10|0x0000000743000000, 0x0000000743200000, 0x0000000743200000|100%|HS|  |TAMS 0x0000000743200000, 0x0000000743200000| Complete 
|  11|0x0000000743200000, 0x0000000743400000, 0x0000000743400000|100%|HS|  |TAMS 0x0000000743400000, 0x0000000743400000| Complete 
|  12|0x0000000743400000, 0x0000000743600000, 0x0000000743600000|100%|HS|  |TAMS 0x0000000743600000, 0x0000000743600000| Complete 
|  13|0x0000000743600000, 0x0000000743800000, 0x0000000743800000|100%|HS|  |TAMS 0x0000000743800000, 0x0000000743800000| Complete 
|  14|0x0000000743800000, 0x0000000743a00000, 0x0000000743a00000|100%|HS|  |TAMS 0x0000000743a00000, 0x0000000743a00000| Complete 
|  15|0x0000000743a00000, 0x0000000743c00000, 0x0000000743c00000|100%|HS|  |TAMS 0x0000000743c00000, 0x0000000743c00000| Complete 
|  16|0x0000000743c00000, 0x0000000743e00000, 0x0000000743e00000|100%|HS|  |TAMS 0x0000000743e00000, 0x0000000743e00000| Complete 
|  17|0x0000000743e00000, 0x0000000744000000, 0x0000000744000000|100%|HS|  |TAMS 0x0000000744000000, 0x0000000744000000| Complete 
|  18|0x0000000744000000, 0x0000000744200000, 0x0000000744200000|100%|HS|  |TAMS 0x0000000744200000, 0x0000000744200000| Complete 
|  19|0x0000000744200000, 0x0000000744400000, 0x0000000744400000|100%|HS|  |TAMS 0x0000000744400000, 0x0000000744400000| Complete 
|  20|0x0000000744400000, 0x0000000744600000, 0x0000000744600000|100%|HS|  |TAMS 0x0000000744600000, 0x0000000744600000| Complete 
|  21|0x0000000744600000, 0x0000000744800000, 0x0000000744800000|100%|HS|  |TAMS 0x0000000744800000, 0x0000000744800000| Complete 
|  22|0x0000000744800000, 0x0000000744a00000, 0x0000000744a00000|100%|HS|  |TAMS 0x0000000744a00000, 0x0000000744a00000| Complete 
|  23|0x0000000744a00000, 0x0000000744c00000, 0x0000000744c00000|100%|HS|  |TAMS 0x0000000744c00000, 0x0000000744c00000| Complete 
|  24|0x0000000744c00000, 0x0000000744e00000, 0x0000000744e00000|100%|HS|  |TAMS 0x0000000744e00000, 0x0000000744e00000| Complete 
|  25|0x0000000744e00000, 0x0000000745000000, 0x0000000745000000|100%|HS|  |TAMS 0x0000000745000000, 0x0000000745000000| Complete 
|  26|0x0000000745000000, 0x0000000745200000, 0x0000000745200000|100%|HS|  |TAMS 0x0000000745200000, 0x0000000745200000| Complete 
|  27|0x0000000745200000, 0x0000000745400000, 0x0000000745400000|100%|HS|  |TAMS 0x0000000745400000, 0x0000000745400000| Complete 
|  28|0x0000000745400000, 0x0000000745600000, 0x0000000745600000|100%|HS|  |TAMS 0x0000000745600000, 0x0000000745600000| Complete 
|  29|0x0000000745600000, 0x0000000745800000, 0x0000000745800000|100%|HS|  |TAMS 0x0000000745800000, 0x0000000745800000| Complete 
|  30|0x0000000745800000, 0x0000000745a00000, 0x0000000745a00000|100%|HS|  |TAMS 0x0000000745a00000, 0x0000000745a00000| Complete 
|  31|0x0000000745a00000, 0x0000000745c00000, 0x0000000745c00000|100%|HS|  |TAMS 0x0000000745c00000, 0x0000000745c00000| Complete 
|  32|0x0000000745c00000, 0x0000000745e00000, 0x0000000745e00000|100%|HS|  |TAMS 0x0000000745e00000, 0x0000000745e00000| Complete 
|  33|0x0000000745e00000, 0x0000000746000000, 0x0000000746000000|100%|HS|  |TAMS 0x0000000746000000, 0x0000000746000000| Complete 
|  34|0x0000000746000000, 0x0000000746200000, 0x0000000746200000|100%|HS|  |TAMS 0x0000000746200000, 0x0000000746200000| Complete 
|  35|0x0000000746200000, 0x0000000746400000, 0x0000000746400000|100%|HS|  |TAMS 0x0000000746400000, 0x0000000746400000| Complete 
|  36|0x0000000746400000, 0x0000000746600000, 0x0000000746600000|100%|HS|  |TAMS 0x0000000746600000, 0x0000000746600000| Complete 
|  37|0x0000000746600000, 0x0000000746800000, 0x0000000746800000|100%|HS|  |TAMS 0x0000000746800000, 0x0000000746800000| Complete 
|  38|0x0000000746800000, 0x0000000746a00000, 0x0000000746a00000|100%|HS|  |TAMS 0x0000000746a00000, 0x0000000746a00000| Complete 
|  39|0x0000000746a00000, 0x0000000746c00000, 0x0000000746c00000|100%|HS|  |TAMS 0x0000000746c00000, 0x0000000746c00000| Complete 
|  40|0x0000000746c00000, 0x0000000746e00000, 0x0000000746e00000|100%|HS|  |TAMS 0x0000000746e00000, 0x0000000746e00000| Complete 
|  41|0x0000000746e00000, 0x0000000747000000, 0x0000000747000000|100%|HS|  |TAMS 0x0000000747000000, 0x0000000747000000| Complete 
|  42|0x0000000747000000, 0x0000000747200000, 0x0000000747200000|100%|HS|  |TAMS 0x0000000747200000, 0x0000000747200000| Complete 
|  43|0x0000000747200000, 0x0000000747400000, 0x0000000747400000|100%| O|  |TAMS 0x0000000747400000, 0x0000000747400000| Untracked 
|  44|0x0000000747400000, 0x0000000747600000, 0x0000000747600000|100%| O|  |TAMS 0x0000000747600000, 0x0000000747600000| Untracked 
|  45|0x0000000747600000, 0x0000000747800000, 0x0000000747800000|100%|HS|  |TAMS 0x0000000747800000, 0x0000000747800000| Complete 
|  46|0x0000000747800000, 0x0000000747a00000, 0x0000000747a00000|100%|HS|  |TAMS 0x0000000747a00000, 0x0000000747a00000| Complete 
|  47|0x0000000747a00000, 0x0000000747a9fe00, 0x0000000747c00000| 31%| O|  |TAMS 0x0000000747a9fe00, 0x0000000747a9fe00| Untracked 
|  48|0x0000000747c00000, 0x0000000747e00000, 0x0000000747e00000|100%|HS|  |TAMS 0x0000000747e00000, 0x0000000747e00000| Complete 
|  49|0x0000000747e00000, 0x0000000748000000, 0x0000000748000000|100%|HS|  |TAMS 0x0000000748000000, 0x0000000748000000| Complete 
|  50|0x0000000748000000, 0x0000000748200000, 0x0000000748200000|100%|HS|  |TAMS 0x0000000748200000, 0x0000000748200000| Complete 
|  51|0x0000000748200000, 0x0000000748400000, 0x0000000748400000|100%|HS|  |TAMS 0x0000000748400000, 0x0000000748400000| Complete 
|  52|0x0000000748400000, 0x0000000748600000, 0x0000000748600000|100%|HS|  |TAMS 0x0000000748600000, 0x0000000748600000| Complete 
|  53|0x0000000748600000, 0x0000000748800000, 0x0000000748800000|100%|HS|  |TAMS 0x0000000748800000, 0x0000000748800000| Complete 
|  54|0x0000000748800000, 0x0000000748a00000, 0x0000000748a00000|100%|HS|  |TAMS 0x0000000748a00000, 0x0000000748a00000| Complete 
|  55|0x0000000748a00000, 0x0000000748c00000, 0x0000000748c00000|100%|HS|  |TAMS 0x0000000748c00000, 0x0000000748c00000| Complete 
|  56|0x0000000748c00000, 0x0000000748e00000, 0x0000000748e00000|100%|HS|  |TAMS 0x0000000748e00000, 0x0000000748e00000| Complete 
|  57|0x0000000748e00000, 0x0000000749000000, 0x0000000749000000|100%|HS|  |TAMS 0x0000000749000000, 0x0000000749000000| Complete 
|  58|0x0000000749000000, 0x0000000749200000, 0x0000000749200000|100%|HS|  |TAMS 0x0000000749200000, 0x0000000749200000| Complete 
|  59|0x0000000749200000, 0x0000000749400000, 0x0000000749400000|100%|HS|  |TAMS 0x0000000749400000, 0x0000000749400000| Complete 
|  60|0x0000000749400000, 0x0000000749600000, 0x0000000749600000|100%|HS|  |TAMS 0x0000000749600000, 0x0000000749600000| Complete 
|  61|0x0000000749600000, 0x0000000749800000, 0x0000000749800000|100%|HS|  |TAMS 0x0000000749800000, 0x0000000749800000| Complete 
|  62|0x0000000749800000, 0x0000000749a00000, 0x0000000749a00000|100%|HS|  |TAMS 0x0000000749a00000, 0x0000000749a00000| Complete 
|  63|0x0000000749a00000, 0x0000000749c00000, 0x0000000749c00000|100%|HS|  |TAMS 0x0000000749c00000, 0x0000000749c00000| Complete 
|  64|0x0000000749c00000, 0x0000000749e00000, 0x0000000749e00000|100%|HS|  |TAMS 0x0000000749e00000, 0x0000000749e00000| Complete 
|  65|0x0000000749e00000, 0x000000074a000000, 0x000000074a000000|100%|HS|  |TAMS 0x000000074a000000, 0x000000074a000000| Complete 
|  66|0x000000074a000000, 0x000000074a200000, 0x000000074a200000|100%|HS|  |TAMS 0x000000074a200000, 0x000000074a200000| Complete 
|  67|0x000000074a200000, 0x000000074a400000, 0x000000074a400000|100%|HS|  |TAMS 0x000000074a400000, 0x000000074a400000| Complete 
|  68|0x000000074a400000, 0x000000074a600000, 0x000000074a600000|100%|HS|  |TAMS 0x000000074a600000, 0x000000074a600000| Complete 
|  69|0x000000074a600000, 0x000000074a800000, 0x000000074a800000|100%|HS|  |TAMS 0x000000074a800000, 0x000000074a800000| Complete 
|  70|0x000000074a800000, 0x000000074aa00000, 0x000000074aa00000|100%|HS|  |TAMS 0x000000074a800000, 0x000000074aa00000| Complete 
|  71|0x000000074aa00000, 0x000000074ac00000, 0x000000074ac00000|100%|HS|  |TAMS 0x000000074aa00000, 0x000000074ac00000| Complete 
|  72|0x000000074ac00000, 0x000000074ac00000, 0x000000074ae00000|  0%| F|  |TAMS 0x000000074ac00000, 0x000000074ac00000| Untracked 
|  73|0x000000074ae00000, 0x000000074ae00000, 0x000000074b000000|  0%| F|  |TAMS 0x000000074ae00000, 0x000000074ae00000| Untracked 
|  74|0x000000074b000000, 0x000000074b000000, 0x000000074b200000|  0%| F|  |TAMS 0x000000074b000000, 0x000000074b000000| Untracked 
|  75|0x000000074b200000, 0x000000074b200000, 0x000000074b400000|  0%| F|  |TAMS 0x000000074b200000, 0x000000074b200000| Untracked 
|  76|0x000000074b400000, 0x000000074b400000, 0x000000074b600000|  0%| F|  |TAMS 0x000000074b400000, 0x000000074b400000| Untracked 
|  77|0x000000074b600000, 0x000000074b600000, 0x000000074b800000|  0%| F|  |TAMS 0x000000074b600000, 0x000000074b600000| Untracked 
|  78|0x000000074b800000, 0x000000074b800000, 0x000000074ba00000|  0%| F|  |TAMS 0x000000074b800000, 0x000000074b800000| Untracked 
|  79|0x000000074ba00000, 0x000000074ba00000, 0x000000074bc00000|  0%| F|  |TAMS 0x000000074ba00000, 0x000000074ba00000| Untracked 
|  80|0x000000074bc00000, 0x000000074bc00000, 0x000000074be00000|  0%| F|  |TAMS 0x000000074bc00000, 0x000000074bc00000| Untracked 
|  81|0x000000074be00000, 0x000000074be00000, 0x000000074c000000|  0%| F|  |TAMS 0x000000074be00000, 0x000000074be00000| Untracked 
|  82|0x000000074c000000, 0x000000074c000000, 0x000000074c200000|  0%| F|  |TAMS 0x000000074c000000, 0x000000074c000000| Untracked 
|  83|0x000000074c200000, 0x000000074c200000, 0x000000074c400000|  0%| F|  |TAMS 0x000000074c200000, 0x000000074c200000| Untracked 
|  84|0x000000074c400000, 0x000000074c400000, 0x000000074c600000|  0%| F|  |TAMS 0x000000074c400000, 0x000000074c400000| Untracked 
|  85|0x000000074c600000, 0x000000074c600000, 0x000000074c800000|  0%| F|  |TAMS 0x000000074c600000, 0x000000074c600000| Untracked 
|  86|0x000000074c800000, 0x000000074c800000, 0x000000074ca00000|  0%| F|  |TAMS 0x000000074c800000, 0x000000074c800000| Untracked 
|  87|0x000000074ca00000, 0x000000074ca00000, 0x000000074cc00000|  0%| F|  |TAMS 0x000000074ca00000, 0x000000074ca00000| Untracked 
|  88|0x000000074cc00000, 0x000000074cc00000, 0x000000074ce00000|  0%| F|  |TAMS 0x000000074cc00000, 0x000000074cc00000| Untracked 
|  89|0x000000074ce00000, 0x000000074ce00000, 0x000000074d000000|  0%| F|  |TAMS 0x000000074ce00000, 0x000000074ce00000| Untracked 
|  90|0x000000074d000000, 0x000000074d000000, 0x000000074d200000|  0%| F|  |TAMS 0x000000074d000000, 0x000000074d000000| Untracked 
|  91|0x000000074d200000, 0x000000074d200000, 0x000000074d400000|  0%| F|  |TAMS 0x000000074d200000, 0x000000074d200000| Untracked 
|  92|0x000000074d400000, 0x000000074d400000, 0x000000074d600000|  0%| F|  |TAMS 0x000000074d400000, 0x000000074d400000| Untracked 
|  93|0x000000074d600000, 0x000000074d600000, 0x000000074d800000|  0%| F|  |TAMS 0x000000074d600000, 0x000000074d600000| Untracked 
|  94|0x000000074d800000, 0x000000074d800000, 0x000000074da00000|  0%| F|  |TAMS 0x000000074d800000, 0x000000074d800000| Untracked 
|  95|0x000000074da00000, 0x000000074da00000, 0x000000074dc00000|  0%| F|  |TAMS 0x000000074da00000, 0x000000074da00000| Untracked 
|  96|0x000000074dc00000, 0x000000074dc00000, 0x000000074de00000|  0%| F|  |TAMS 0x000000074dc00000, 0x000000074dc00000| Untracked 
|  97|0x000000074de00000, 0x000000074de00000, 0x000000074e000000|  0%| F|  |TAMS 0x000000074de00000, 0x000000074de00000| Untracked 
|  98|0x000000074e000000, 0x000000074e000000, 0x000000074e200000|  0%| F|  |TAMS 0x000000074e000000, 0x000000074e000000| Untracked 
|  99|0x000000074e200000, 0x000000074e200000, 0x000000074e400000|  0%| F|  |TAMS 0x000000074e200000, 0x000000074e200000| Untracked 
| 100|0x000000074e400000, 0x000000074e400000, 0x000000074e600000|  0%| F|  |TAMS 0x000000074e400000, 0x000000074e400000| Untracked 
| 101|0x000000074e600000, 0x000000074e600000, 0x000000074e800000|  0%| F|  |TAMS 0x000000074e600000, 0x000000074e600000| Untracked 
| 102|0x000000074e800000, 0x000000074e800000, 0x000000074ea00000|  0%| F|  |TAMS 0x000000074e800000, 0x000000074e800000| Untracked 
| 103|0x000000074ea00000, 0x000000074ea00000, 0x000000074ec00000|  0%| F|  |TAMS 0x000000074ea00000, 0x000000074ea00000| Untracked 
| 104|0x000000074ec00000, 0x000000074ec00000, 0x000000074ee00000|  0%| F|  |TAMS 0x000000074ec00000, 0x000000074ec00000| Untracked 
| 105|0x000000074ee00000, 0x000000074ee00000, 0x000000074f000000|  0%| F|  |TAMS 0x000000074ee00000, 0x000000074ee00000| Untracked 
| 106|0x000000074f000000, 0x000000074f000000, 0x000000074f200000|  0%| F|  |TAMS 0x000000074f000000, 0x000000074f000000| Untracked 
| 107|0x000000074f200000, 0x000000074f200000, 0x000000074f400000|  0%| F|  |TAMS 0x000000074f200000, 0x000000074f200000| Untracked 
| 108|0x000000074f400000, 0x000000074f400000, 0x000000074f600000|  0%| F|  |TAMS 0x000000074f400000, 0x000000074f400000| Untracked 
| 109|0x000000074f600000, 0x000000074f600000, 0x000000074f800000|  0%| F|  |TAMS 0x000000074f600000, 0x000000074f600000| Untracked 
| 110|0x000000074f800000, 0x000000074f800000, 0x000000074fa00000|  0%| F|  |TAMS 0x000000074f800000, 0x000000074f800000| Untracked 
| 111|0x000000074fa00000, 0x000000074fa00000, 0x000000074fc00000|  0%| F|  |TAMS 0x000000074fa00000, 0x000000074fa00000| Untracked 
| 112|0x000000074fc00000, 0x000000074fc00000, 0x000000074fe00000|  0%| F|  |TAMS 0x000000074fc00000, 0x000000074fc00000| Untracked 
| 113|0x000000074fe00000, 0x000000074fe00000, 0x0000000750000000|  0%| F|  |TAMS 0x000000074fe00000, 0x000000074fe00000| Untracked 
| 114|0x0000000750000000, 0x0000000750000000, 0x0000000750200000|  0%| F|  |TAMS 0x0000000750000000, 0x0000000750000000| Untracked 
| 115|0x0000000750200000, 0x0000000750200000, 0x0000000750400000|  0%| F|  |TAMS 0x0000000750200000, 0x0000000750200000| Untracked 
| 116|0x0000000750400000, 0x0000000750400000, 0x0000000750600000|  0%| F|  |TAMS 0x0000000750400000, 0x0000000750400000| Untracked 
| 117|0x0000000750600000, 0x0000000750600000, 0x0000000750800000|  0%| F|  |TAMS 0x0000000750600000, 0x0000000750600000| Untracked 
| 118|0x0000000750800000, 0x0000000750800000, 0x0000000750a00000|  0%| F|  |TAMS 0x0000000750800000, 0x0000000750800000| Untracked 
| 119|0x0000000750a00000, 0x0000000750a00000, 0x0000000750c00000|  0%| F|  |TAMS 0x0000000750a00000, 0x0000000750a00000| Untracked 
| 120|0x0000000750c00000, 0x0000000750c00000, 0x0000000750e00000|  0%| F|  |TAMS 0x0000000750c00000, 0x0000000750c00000| Untracked 
| 121|0x0000000750e00000, 0x0000000750e00000, 0x0000000751000000|  0%| F|  |TAMS 0x0000000750e00000, 0x0000000750e00000| Untracked 
| 122|0x0000000751000000, 0x0000000751000000, 0x0000000751200000|  0%| F|  |TAMS 0x0000000751000000, 0x0000000751000000| Untracked 
| 123|0x0000000751200000, 0x0000000751200000, 0x0000000751400000|  0%| F|  |TAMS 0x0000000751200000, 0x0000000751200000| Untracked 
| 124|0x0000000751400000, 0x0000000751400000, 0x0000000751600000|  0%| F|  |TAMS 0x0000000751400000, 0x0000000751400000| Untracked 
| 125|0x0000000751600000, 0x0000000751600000, 0x0000000751800000|  0%| F|  |TAMS 0x0000000751600000, 0x0000000751600000| Untracked 
| 126|0x0000000751800000, 0x0000000751800000, 0x0000000751a00000|  0%| F|  |TAMS 0x0000000751800000, 0x0000000751800000| Untracked 
| 127|0x0000000751a00000, 0x0000000751a00000, 0x0000000751c00000|  0%| F|  |TAMS 0x0000000751a00000, 0x0000000751a00000| Untracked 
| 128|0x0000000751c00000, 0x0000000751c00000, 0x0000000751e00000|  0%| F|  |TAMS 0x0000000751c00000, 0x0000000751c00000| Untracked 
| 129|0x0000000751e00000, 0x0000000751e00000, 0x0000000752000000|  0%| F|  |TAMS 0x0000000751e00000, 0x0000000751e00000| Untracked 
| 130|0x0000000752000000, 0x0000000752000000, 0x0000000752200000|  0%| F|  |TAMS 0x0000000752000000, 0x0000000752000000| Untracked 
| 131|0x0000000752200000, 0x0000000752200000, 0x0000000752400000|  0%| F|  |TAMS 0x0000000752200000, 0x0000000752200000| Untracked 
| 132|0x0000000752400000, 0x0000000752400000, 0x0000000752600000|  0%| F|  |TAMS 0x0000000752400000, 0x0000000752400000| Untracked 
| 133|0x0000000752600000, 0x0000000752600000, 0x0000000752800000|  0%| F|  |TAMS 0x0000000752600000, 0x0000000752600000| Untracked 
| 134|0x0000000752800000, 0x0000000752800000, 0x0000000752a00000|  0%| F|  |TAMS 0x0000000752800000, 0x0000000752800000| Untracked 
| 135|0x0000000752a00000, 0x0000000752a00000, 0x0000000752c00000|  0%| F|  |TAMS 0x0000000752a00000, 0x0000000752a00000| Untracked 
| 136|0x0000000752c00000, 0x0000000752c00000, 0x0000000752e00000|  0%| F|  |TAMS 0x0000000752c00000, 0x0000000752c00000| Untracked 
| 137|0x0000000752e00000, 0x0000000752e00000, 0x0000000753000000|  0%| F|  |TAMS 0x0000000752e00000, 0x0000000752e00000| Untracked 
| 138|0x0000000753000000, 0x0000000753000000, 0x0000000753200000|  0%| F|  |TAMS 0x0000000753000000, 0x0000000753000000| Untracked 
| 139|0x0000000753200000, 0x0000000753200000, 0x0000000753400000|  0%| F|  |TAMS 0x0000000753200000, 0x0000000753200000| Untracked 
| 140|0x0000000753400000, 0x0000000753400000, 0x0000000753600000|  0%| F|  |TAMS 0x0000000753400000, 0x0000000753400000| Untracked 
| 141|0x0000000753600000, 0x0000000753600000, 0x0000000753800000|  0%| F|  |TAMS 0x0000000753600000, 0x0000000753600000| Untracked 
| 142|0x0000000753800000, 0x0000000753800000, 0x0000000753a00000|  0%| F|  |TAMS 0x0000000753800000, 0x0000000753800000| Untracked 
| 143|0x0000000753a00000, 0x0000000753a00000, 0x0000000753c00000|  0%| F|  |TAMS 0x0000000753a00000, 0x0000000753a00000| Untracked 
| 144|0x0000000753c00000, 0x0000000753e00000, 0x0000000753e00000|100%| S|CS|TAMS 0x0000000753c00000, 0x0000000753c00000| Complete 
| 145|0x0000000753e00000, 0x0000000754000000, 0x0000000754000000|100%| S|CS|TAMS 0x0000000753e00000, 0x0000000753e00000| Complete 
| 146|0x0000000754000000, 0x0000000754000000, 0x0000000754200000|  0%| F|  |TAMS 0x0000000754000000, 0x0000000754000000| Untracked 
| 147|0x0000000754200000, 0x0000000754200000, 0x0000000754400000|  0%| F|  |TAMS 0x0000000754200000, 0x0000000754200000| Untracked 
| 148|0x0000000754400000, 0x0000000754400000, 0x0000000754600000|  0%| F|  |TAMS 0x0000000754400000, 0x0000000754400000| Untracked 

Card table byte_map: [0x0000020566a80000,0x0000020567080000] _byte_map_base: 0x0000020563072000

Marking Bits (Prev, Next): (CMBitMap*) 0x000002054f88ec60, (CMBitMap*) 0x000002054f88eca0
 Prev Bits: [0x0000020567680000, 0x000002056a610000)
 Next Bits: [0x000002056a610000, 0x000002056d5a0000)

Polling page: 0x000002054d800000

Metaspace:

Usage:
  Non-class:     11.94 MB used.
      Class:      1.67 MB used.
       Both:     13.62 MB used.

Virtual space:
  Non-class space:       64.00 MB reserved,      12.12 MB ( 19%) committed,  1 nodes.
      Class space:        1.00 GB reserved,       1.88 MB ( <1%) committed,  1 nodes.
             Both:        1.06 GB reserved,      14.00 MB (  1%) committed. 

Chunk freelists:
   Non-Class:  2.98 MB
       Class:  2.00 MB
        Both:  4.98 MB

MaxMetaspaceSize: unlimited
CompressedClassSpaceSize: 1.00 GB
Initial GC threshold: 21.00 MB
Current GC threshold: 23.25 MB
CDS: on
MetaspaceReclaimPolicy: balanced
 - commit_granule_bytes: 65536.
 - commit_granule_words: 8192.
 - virtual_space_node_default_size: 8388608.
 - enlarge_chunks_in_place: 1.
 - new_chunks_are_fully_committed: 0.
 - uncommit_free_chunks: 1.
 - use_allocation_guard: 0.


Internal statistics:

num_allocs_failed_limit: 0.
num_arena_births: 298.
num_arena_deaths: 0.
num_vsnodes_births: 2.
num_vsnodes_deaths: 0.
num_space_committed: 224.
num_space_uncommitted: 0.
num_chunks_returned_to_freelist: 0.
num_chunks_taken_from_freelist: 732.
num_chunk_merges: 0.
num_chunk_splits: 505.
num_chunks_enlarged: 373.
num_inconsistent_stats: 0.

CodeHeap 'non-profiled nmethods': size=120000Kb used=765Kb max_used=765Kb free=119234Kb
 bounds [0x000002055ec20000, 0x000002055ee90000, 0x0000020566150000]
CodeHeap 'profiled nmethods': size=120000Kb used=4533Kb max_used=4533Kb free=115466Kb
 bounds [0x00000205576f0000, 0x0000020557b60000, 0x000002055ec20000]
CodeHeap 'non-nmethods': size=5760Kb used=1338Kb max_used=1377Kb free=4421Kb
 bounds [0x0000020557150000, 0x00000205573c0000, 0x00000205576f0000]
 total_blobs=2816 nmethods=2149 adapters=579
 compilation: enabled
              stopped_count=0, restarted_count=0
 full_count=0

Compilation events (20 events):
Event: 2.153 Thread 0x000002056ff89260 2142       3       java.lang.Class::getConstructor0 (83 bytes)
Event: 2.153 Thread 0x000002056ff89260 nmethod 2142 0x0000020557b53990 code [0x0000020557b53c00, 0x0000020557b54698]
Event: 2.153 Thread 0x000002056ff89260 2143       3       javafx.fxml.FXMLLoader$ValueElement::processValue (241 bytes)
Event: 2.155 Thread 0x000002056ff89260 nmethod 2143 0x0000020557b54b90 code [0x0000020557b55060, 0x0000020557b574b8]
Event: 2.158 Thread 0x000002056ff89260 2144       3       javafx.fxml.FXMLLoader$ValueElement::processEndElement (194 bytes)
Event: 2.158 Thread 0x000002056ff88880 2145       4       java.io.SequenceInputStream::read (31 bytes)
Event: 2.162 Thread 0x000002056ff89260 nmethod 2144 0x0000020557b58190 code [0x0000020557b58540, 0x0000020557b5a2a8]
Event: 2.164 Thread 0x000002056ff88880 nmethod 2145 0x000002055ecde990 code [0x000002055ecdeb40, 0x000002055ecdf1d8]
Event: 2.165 Thread 0x000002056ff89260 2146       3       javafx.beans.property.SimpleObjectProperty::<init> (25 bytes)
Event: 2.166 Thread 0x000002056ff89260 nmethod 2146 0x0000020557b5aa10 code [0x0000020557b5abe0, 0x0000020557b5b0d8]
Event: 2.198 Thread 0x000002056ff89260 2147       3       java.lang.System$2::getEnumConstantsShared (8 bytes)
Event: 2.198 Thread 0x000002056ff89260 nmethod 2147 0x0000020557b5b290 code [0x0000020557b5b440, 0x0000020557b5b688]
Event: 2.198 Thread 0x000002056ff89260 2148       3       javafx.fxml.FXMLLoader$PropertyElement::isCollection (16 bytes)
Event: 2.199 Thread 0x000002056ff89260 nmethod 2148 0x0000020557b5b790 code [0x0000020557b5b940, 0x0000020557b5bac8]
Event: 2.199 Thread 0x000002056ff89260 2149   !   3       javafx.fxml.JavaFXBuilderFactory::getBuilder (179 bytes)
Event: 2.199 Thread 0x000002056ff89260 nmethod 2149 0x0000020557b5bb90 code [0x0000020557b5bea0, 0x0000020557b5ccf8]
Event: 2.199 Thread 0x000002056ff89260 2150       3       java.lang.Thread::getContextClassLoader (32 bytes)
Event: 2.200 Thread 0x000002056ff89260 nmethod 2150 0x0000020557b5d210 code [0x0000020557b5d3c0, 0x0000020557b5d638]
Event: 2.200 Thread 0x000002056ff89260 2151       3       com.sun.org.apache.xerces.internal.impl.XMLEntityScanner::scanData (782 bytes)
Event: 2.200 Thread 0x000002056ff88880 2152       4       java.lang.invoke.LambdaForm$MH/0x0000000800c15800::invoke (27 bytes)

GC Heap History (19 events):
Event: 1.009 GC heap before
{Heap before GC invocations=0 (full 0):
 garbage-first heap   total 196608K, used 20480K [0x0000000741c00000, 0x0000000800000000)
  region size 2048K, 11 young (22528K), 0 survivors (0K)
 Metaspace       used 5264K, committed 5440K, reserved 1114112K
  class space    used 587K, committed 704K, reserved 1048576K
}
Event: 1.012 GC heap after
{Heap after GC invocations=1 (full 0):
 garbage-first heap   total 196608K, used 3109K [0x0000000741c00000, 0x0000000800000000)
  region size 2048K, 2 young (4096K), 2 survivors (4096K)
 Metaspace       used 5264K, committed 5440K, reserved 1114112K
  class space    used 587K, committed 704K, reserved 1048576K
}
Event: 1.976 GC heap before
{Heap before GC invocations=1 (full 0):
 garbage-first heap   total 196608K, used 119845K [0x0000000741c00000, 0x0000000800000000)
  region size 2048K, 18 young (36864K), 2 survivors (4096K)
 Metaspace       used 13918K, committed 14272K, reserved 1114112K
  class space    used 1713K, committed 1856K, reserved 1048576K
}
Event: 1.983 GC heap after
{Heap after GC invocations=2 (full 0):
 garbage-first heap   total 196608K, used 96432K [0x0000000741c00000, 0x0000000800000000)
  region size 2048K, 3 young (6144K), 3 survivors (6144K)
 Metaspace       used 13918K, committed 14272K, reserved 1114112K
  class space    used 1713K, committed 1856K, reserved 1048576K
}
Event: 1.999 GC heap before
{Heap before GC invocations=3 (full 0):
 garbage-first heap   total 196608K, used 100528K [0x0000000741c00000, 0x0000000800000000)
  region size 2048K, 4 young (8192K), 3 survivors (6144K)
 Metaspace       used 13920K, committed 14272K, reserved 1114112K
  class space    used 1713K, committed 1856K, reserved 1048576K
}
Event: 2.004 GC heap after
{Heap after GC invocations=4 (full 0):
 garbage-first heap   total 196608K, used 100991K [0x0000000741c00000, 0x0000000800000000)
  region size 2048K, 2 young (4096K), 2 survivors (4096K)
 Metaspace       used 13920K, committed 14272K, reserved 1114112K
  class space    used 1713K, committed 1856K, reserved 1048576K
}
Event: 2.017 GC heap before
{Heap before GC invocations=5 (full 0):
 garbage-first heap   total 196608K, used 105087K [0x0000000741c00000, 0x0000000800000000)
  region size 2048K, 3 young (6144K), 2 survivors (4096K)
 Metaspace       used 13920K, committed 14272K, reserved 1114112K
  class space    used 1713K, committed 1856K, reserved 1048576K
}
Event: 2.020 GC heap after
{Heap after GC invocations=6 (full 0):
 garbage-first heap   total 196608K, used 105034K [0x0000000741c00000, 0x0000000800000000)
  region size 2048K, 2 young (4096K), 2 survivors (4096K)
 Metaspace       used 13920K, committed 14272K, reserved 1114112K
  class space    used 1713K, committed 1856K, reserved 1048576K
}
Event: 2.034 GC heap before
{Heap before GC invocations=7 (full 0):
 garbage-first heap   total 196608K, used 109130K [0x0000000741c00000, 0x0000000800000000)
  region size 2048K, 3 young (6144K), 2 survivors (4096K)
 Metaspace       used 13923K, committed 14272K, reserved 1114112K
  class space    used 1713K, committed 1856K, reserved 1048576K
}
Event: 2.038 GC heap after
{Heap after GC invocations=8 (full 0):
 garbage-first heap   total 196608K, used 109306K [0x0000000741c00000, 0x0000000800000000)
  region size 2048K, 3 young (6144K), 3 survivors (6144K)
 Metaspace       used 13923K, committed 14272K, reserved 1114112K
  class space    used 1713K, committed 1856K, reserved 1048576K
}
Event: 2.050 GC heap before
{Heap before GC invocations=9 (full 0):
 garbage-first heap   total 198656K, used 113402K [0x0000000741c00000, 0x0000000800000000)
  region size 2048K, 4 young (8192K), 3 survivors (6144K)
 Metaspace       used 13923K, committed 14272K, reserved 1114112K
  class space    used 1713K, committed 1856K, reserved 1048576K
}
Event: 2.074 GC heap after
{Heap after GC invocations=10 (full 0):
 garbage-first heap   total 305152K, used 113224K [0x0000000741c00000, 0x0000000800000000)
  region size 2048K, 2 young (4096K), 2 survivors (4096K)
 Metaspace       used 13923K, committed 14272K, reserved 1114112K
  class space    used 1713K, committed 1856K, reserved 1048576K
}
Event: 2.158 GC heap before
{Heap before GC invocations=10 (full 0):
 garbage-first heap   total 305152K, used 139848K [0x0000000741c00000, 0x0000000800000000)
  region size 2048K, 3 young (6144K), 2 survivors (4096K)
 Metaspace       used 13942K, committed 14336K, reserved 1114112K
  class space    used 1714K, committed 1920K, reserved 1048576K
}
Event: 2.161 GC heap after
{Heap after GC invocations=11 (full 0):
 garbage-first heap   total 305152K, used 139863K [0x0000000741c00000, 0x0000000800000000)
  region size 2048K, 2 young (4096K), 2 survivors (4096K)
 Metaspace       used 13942K, committed 14336K, reserved 1114112K
  class space    used 1714K, committed 1920K, reserved 1048576K
}
Event: 2.168 GC heap before
{Heap before GC invocations=11 (full 0):
 garbage-first heap   total 305152K, used 141911K [0x0000000741c00000, 0x0000000800000000)
  region size 2048K, 3 young (6144K), 2 survivors (4096K)
 Metaspace       used 13942K, committed 14336K, reserved 1114112K
  class space    used 1714K, committed 1920K, reserved 1048576K
}
Event: 2.171 GC heap after
{Heap after GC invocations=12 (full 0):
 garbage-first heap   total 305152K, used 141940K [0x0000000741c00000, 0x0000000800000000)
  region size 2048K, 2 young (4096K), 2 survivors (4096K)
 Metaspace       used 13942K, committed 14336K, reserved 1114112K
  class space    used 1714K, committed 1920K, reserved 1048576K
}
Event: 2.182 GC heap before
{Heap before GC invocations=13 (full 0):
 garbage-first heap   total 305152K, used 146036K [0x0000000741c00000, 0x0000000800000000)
  region size 2048K, 3 young (6144K), 2 survivors (4096K)
 Metaspace       used 13942K, committed 14336K, reserved 1114112K
  class space    used 1714K, committed 1920K, reserved 1048576K
}
Event: 2.185 GC heap after
{Heap after GC invocations=14 (full 0):
 garbage-first heap   total 305152K, used 146047K [0x0000000741c00000, 0x0000000800000000)
  region size 2048K, 2 young (4096K), 2 survivors (4096K)
 Metaspace       used 13942K, committed 14336K, reserved 1114112K
  class space    used 1714K, committed 1920K, reserved 1048576K
}
Event: 2.201 GC heap before
{Heap before GC invocations=15 (full 0):
 garbage-first heap   total 305152K, used 150143K [0x0000000741c00000, 0x0000000800000000)
  region size 2048K, 3 young (6144K), 2 survivors (4096K)
 Metaspace       used 13945K, committed 14336K, reserved 1114112K
  class space    used 1714K, committed 1920K, reserved 1048576K
}

Deoptimization events (20 events):
Event: 1.739 Thread 0x0000020574ba4aa0 Uncommon trap: trap_request=0xffffff45 fr.pc=0x000002055ec697a0 relative=0x0000000000000400
Event: 1.739 Thread 0x0000020574ba4aa0 Uncommon trap: reason=unstable_if action=reinterpret pc=0x000002055ec697a0 method=java.lang.AbstractStringBuilder.isLatin1()Z @ 10 c2
Event: 1.739 Thread 0x0000020574ba4aa0 DEOPT PACKING pc=0x000002055ec697a0 sp=0x000000c5f06fdf60
Event: 1.739 Thread 0x0000020574ba4aa0 DEOPT UNPACKING pc=0x00000205571a23a3 sp=0x000000c5f06fdee0 mode 2
Event: 1.741 Thread 0x0000020574ba4aa0 Uncommon trap: trap_request=0xffffff45 fr.pc=0x000002055ec299dc relative=0x000000000000005c
Event: 1.741 Thread 0x0000020574ba4aa0 Uncommon trap: reason=unstable_if action=reinterpret pc=0x000002055ec299dc method=java.lang.String.isLatin1()Z @ 10 c2
Event: 1.742 Thread 0x0000020574ba4aa0 DEOPT PACKING pc=0x000002055ec299dc sp=0x000000c5f06fdbd0
Event: 1.742 Thread 0x0000020574ba4aa0 DEOPT UNPACKING pc=0x00000205571a23a3 sp=0x000000c5f06fdb60 mode 2
Event: 1.742 Thread 0x0000020574ba4aa0 Uncommon trap: trap_request=0xffffff45 fr.pc=0x000002055ec2af48 relative=0x0000000000000048
Event: 1.742 Thread 0x0000020574ba4aa0 Uncommon trap: reason=unstable_if action=reinterpret pc=0x000002055ec2af48 method=java.lang.CharacterData.of(I)Ljava/lang/CharacterData; @ 4 c2
Event: 1.742 Thread 0x0000020574ba4aa0 DEOPT PACKING pc=0x000002055ec2af48 sp=0x000000c5f06fd700
Event: 1.742 Thread 0x0000020574ba4aa0 DEOPT UNPACKING pc=0x00000205571a23a3 sp=0x000000c5f06fd6a0 mode 2
Event: 1.749 Thread 0x0000020574ba4aa0 DEOPT PACKING pc=0x00000205579af29b sp=0x000000c5f06fd960
Event: 1.749 Thread 0x0000020574ba4aa0 DEOPT UNPACKING pc=0x00000205571a2b43 sp=0x000000c5f06fcdf0 mode 0
Event: 1.754 Thread 0x0000020574ba4aa0 DEOPT PACKING pc=0x00000205579af29b sp=0x000000c5f06fd960
Event: 1.754 Thread 0x0000020574ba4aa0 DEOPT UNPACKING pc=0x00000205571a2b43 sp=0x000000c5f06fcdf0 mode 0
Event: 1.759 Thread 0x0000020574ba4aa0 DEOPT PACKING pc=0x00000205579af29b sp=0x000000c5f06fd960
Event: 1.759 Thread 0x0000020574ba4aa0 DEOPT UNPACKING pc=0x00000205571a2b43 sp=0x000000c5f06fcdf0 mode 0
Event: 1.764 Thread 0x0000020574ba4aa0 DEOPT PACKING pc=0x00000205579af29b sp=0x000000c5f06fd960
Event: 1.764 Thread 0x0000020574ba4aa0 DEOPT UNPACKING pc=0x00000205571a2b43 sp=0x000000c5f06fcdf0 mode 0

Classes loaded (20 events):
Event: 1.566 Loading class java/lang/invoke/DirectMethodHandle$StaticAccessor
Event: 1.566 Loading class java/lang/invoke/DirectMethodHandle$StaticAccessor done
Event: 1.584 Loading class java/lang/Byte$ByteCache
Event: 1.584 Loading class java/lang/Byte$ByteCache done
Event: 1.584 Loading class java/lang/Short$ShortCache
Event: 1.584 Loading class java/lang/Short$ShortCache done
Event: 1.623 Loading class java/util/TimerTask
Event: 1.624 Loading class java/util/TimerTask done
Event: 1.666 Loading class java/time/format/DateTimeParseException
Event: 1.667 Loading class java/time/DateTimeException
Event: 1.667 Loading class java/time/DateTimeException done
Event: 1.667 Loading class java/time/format/DateTimeParseException done
Event: 1.737 Loading class sun/util/resources/LocaleData$CommonResourceBundleProvider
Event: 1.737 Loading class sun/util/resources/LocaleData$LocaleDataResourceBundleProvider
Event: 1.737 Loading class java/util/spi/ResourceBundleProvider
Event: 1.737 Loading class java/util/spi/ResourceBundleProvider done
Event: 1.737 Loading class sun/util/resources/LocaleData$LocaleDataResourceBundleProvider done
Event: 1.737 Loading class sun/util/resources/LocaleData$CommonResourceBundleProvider done
Event: 1.737 Loading class sun/util/resources/Bundles$2
Event: 1.737 Loading class sun/util/resources/Bundles$2 done

Classes unloaded (0 events):
No events

Classes redefined (0 events):
No events

Internal exceptions (20 events):
Event: 1.293 Thread 0x0000020574ba4aa0 Exception <a 'java/lang/NoSuchMethodError'{0x000000074d0c96b8}: 'java.lang.Object java.lang.invoke.DirectMethodHandle$Holder.invokeStaticInit(java.lang.Object, java.lang.Object, java.lang.Object, java.lang.Object)'> (0x000000074d0c96b8) 
thrown [s\open\src\hotspot\share\interpreter\linkResolver.cpp, line 766]
Event: 1.294 Thread 0x0000020574ba4aa0 Exception <a 'java/lang/NullPointerException'{0x000000074d0d5478}> (0x000000074d0d5478) 
thrown [s\open\src\hotspot\share\interpreter\linkResolver.cpp, line 1357]
Event: 1.351 Thread 0x0000020574ba4aa0 Exception <a 'java/lang/NoSuchMethodError'{0x000000074cc35db0}: 'void java.lang.invoke.DirectMethodHandle$Holder.invokeSpecial(java.lang.Object, java.lang.Object, double)'> (0x000000074cc35db0) 
thrown [s\open\src\hotspot\share\interpreter\linkResolver.cpp, line 766]
Event: 1.352 Thread 0x0000020574ba4aa0 Exception <a 'java/lang/NoSuchMethodError'{0x000000074cc41598}: 'double java.lang.invoke.DelegatingMethodHandle$Holder.reinvoke_L(java.lang.Object, java.lang.Object, int)'> (0x000000074cc41598) 
thrown [s\open\src\hotspot\share\interpreter\linkResolver.cpp, line 766]
Event: 1.353 Thread 0x0000020574ba4aa0 Exception <a 'java/lang/NoSuchMethodError'{0x000000074cc53540}: 'java.lang.Object java.lang.invoke.DirectMethodHandle$Holder.invokeStatic(java.lang.Object, java.lang.Object, java.lang.Object, java.lang.Object, int)'> (0x000000074cc53540) 
thrown [s\open\src\hotspot\share\interpreter\linkResolver.cpp, line 766]
Event: 1.354 Thread 0x0000020574ba4aa0 Exception <a 'java/lang/NoSuchMethodError'{0x000000074cc61d98}: 'void java.lang.invoke.DelegatingMethodHandle$Holder.reinvoke_L(java.lang.Object, java.lang.Object, double)'> (0x000000074cc61d98) 
thrown [s\open\src\hotspot\share\interpreter\linkResolver.cpp, line 766]
Event: 1.359 Thread 0x0000020574ba4aa0 Exception <a 'java/lang/NoSuchMethodError'{0x000000074cc759e0}: 'void java.lang.invoke.DirectMethodHandle$Holder.invokeSpecial(java.lang.Object, java.lang.Object, int)'> (0x000000074cc759e0) 
thrown [s\open\src\hotspot\share\interpreter\linkResolver.cpp, line 766]
Event: 1.359 Thread 0x0000020574ba4aa0 Exception <a 'java/lang/NoSuchMethodError'{0x000000074cc79ab0}: 'int java.lang.invoke.DirectMethodHandle$Holder.invokeSpecial(java.lang.Object, java.lang.Object, java.lang.Object, int)'> (0x000000074cc79ab0) 
thrown [s\open\src\hotspot\share\interpreter\linkResolver.cpp, line 766]
Event: 1.360 Thread 0x0000020574ba4aa0 Exception <a 'java/lang/NoSuchMethodError'{0x000000074cc84440}: 'void java.lang.invoke.DelegatingMethodHandle$Holder.reinvoke_L(java.lang.Object, java.lang.Object, int)'> (0x000000074cc84440) 
thrown [s\open\src\hotspot\share\interpreter\linkResolver.cpp, line 766]
Event: 1.361 Thread 0x0000020574ba4aa0 Exception <a 'java/lang/NoSuchMethodError'{0x000000074cc8b768}: 'int java.lang.invoke.DirectMethodHandle$Holder.invokeSpecial(java.lang.Object, java.lang.Object, java.lang.Object)'> (0x000000074cc8b768) 
thrown [s\open\src\hotspot\share\interpreter\linkResolver.cpp, line 766]
Event: 1.486 Thread 0x0000020574ba4aa0 Exception <a 'java/lang/ClassNotFoundException'{0x000000074c610710}: com/sun/glass/ui/win/themes> (0x000000074c610710) 
thrown [s\open\src\hotspot\share\prims\jni.cpp, line 535]
Event: 1.486 Thread 0x0000020574ba4aa0 Exception <a 'java/lang/ClassNotFoundException'{0x000000074c61c3a0}: com/sun/glass/ui/win/themes_fr> (0x000000074c61c3a0) 
thrown [s\open\src\hotspot\share\prims\jni.cpp, line 535]
Event: 1.487 Thread 0x0000020574ba4aa0 Exception <a 'java/lang/ClassNotFoundException'{0x000000074c624468}: com/sun/glass/ui/win/themes_fr_FR> (0x000000074c624468) 
thrown [s\open\src\hotspot\share\prims\jni.cpp, line 535]
Event: 1.544 Thread 0x0000020574ba4aa0 Exception <a 'java/lang/NoSuchMethodError'{0x000000074c19f770}: 'void java.lang.invoke.DirectMethodHandle$Holder.invokeStaticInit(java.lang.Object, java.lang.Object)'> (0x000000074c19f770) 
thrown [s\open\src\hotspot\share\interpreter\linkResolver.cpp, line 766]
Event: 1.561 Thread 0x0000020574ba4aa0 Exception <a 'java/lang/NoSuchMethodError'{0x000000074be4b9c0}: 'void java.lang.invoke.Invokers$Holder.invokeExact_MT(java.lang.Object, java.lang.Object, java.lang.Object, java.lang.Object)'> (0x000000074be4b9c0) 
thrown [s\open\src\hotspot\share\interpreter\linkResolver.cpp, line 766]
Event: 1.576 Thread 0x0000020574ba4aa0 Exception <a 'java/lang/NoSuchMethodError'{0x000000074bee0f10}: 'java.lang.Object java.lang.invoke.Invokers$Holder.invokeExact_MT(java.lang.Object, java.lang.Object, java.lang.Object, java.lang.Object, java.lang.Object)'> (0x000000074bee0f10) 
thrown [s\open\src\hotspot\share\interpreter\linkResolver.cpp, line 766]
Event: 1.590 Thread 0x0000020574ba4aa0 Exception <a 'java/lang/NoSuchMethodError'{0x000000074bf516c8}: 'java.lang.Object java.lang.invoke.DelegatingMethodHandle$Holder.reinvoke_L(java.lang.Object, double, double, double, double)'> (0x000000074bf516c8) 
thrown [s\open\src\hotspot\share\interpreter\linkResolver.cpp, line 766]
Event: 1.592 Thread 0x0000020574ba4aa0 Exception <a 'java/lang/NoSuchMethodError'{0x000000074bf5ca68}: 'java.lang.Object java.lang.invoke.DirectMethodHandle$Holder.invokeStatic(java.lang.Object, java.lang.Object, int)'> (0x000000074bf5ca68) 
thrown [s\open\src\hotspot\share\interpreter\linkResolver.cpp, line 766]
Event: 1.593 Thread 0x0000020574ba4aa0 Exception <a 'java/lang/NoSuchMethodError'{0x000000074bf609c8}: 'void java.lang.invoke.DirectMethodHandle$Holder.invokeStatic(java.lang.Object, java.lang.Object, int, java.lang.Object)'> (0x000000074bf609c8) 
thrown [s\open\src\hotspot\share\interpreter\linkResolver.cpp, line 766]
Event: 1.593 Thread 0x0000020574ba4aa0 Exception <a 'java/lang/NoSuchMethodError'{0x000000074bf679d0}: 'void java.lang.invoke.DelegatingMethodHandle$Holder.delegate(java.lang.Object, java.lang.Object, int, java.lang.Object)'> (0x000000074bf679d0) 
thrown [s\open\src\hotspot\share\interpreter\linkResolver.cpp, line 766]

VM Operations (20 events):
Event: 2.046 Executing VM operation: G1Concurrent done
Event: 2.047 Executing VM operation: G1Concurrent
Event: 2.047 Executing VM operation: G1Concurrent done
Event: 2.050 Executing VM operation: G1TryInitiateConcMark
Event: 2.074 Executing VM operation: G1TryInitiateConcMark done
Event: 2.158 Executing VM operation: G1TryInitiateConcMark
Event: 2.161 Executing VM operation: G1TryInitiateConcMark done
Event: 2.168 Executing VM operation: G1TryInitiateConcMark
Event: 2.171 Executing VM operation: G1TryInitiateConcMark done
Event: 2.176 Executing VM operation: G1Concurrent
Event: 2.177 Executing VM operation: G1Concurrent done
Event: 2.178 Executing VM operation: G1Concurrent
Event: 2.179 Executing VM operation: G1Concurrent done
Event: 2.182 Executing VM operation: G1TryInitiateConcMark
Event: 2.185 Executing VM operation: G1TryInitiateConcMark done
Event: 2.192 Executing VM operation: G1Concurrent
Event: 2.193 Executing VM operation: G1Concurrent done
Event: 2.195 Executing VM operation: G1Concurrent
Event: 2.195 Executing VM operation: G1Concurrent done
Event: 2.201 Executing VM operation: G1TryInitiateConcMark

Events (20 events):
Event: 0.734 Loaded shared library C:\Users\raahm\.openjfx\cache\21.0.2+5\amd64\api-ms-win-crt-time-l1-1-0.dll
Event: 0.737 Loaded shared library C:\Users\raahm\.openjfx\cache\21.0.2+5\amd64\api-ms-win-crt-utility-l1-1-0.dll
Event: 0.754 Loaded shared library C:\Users\raahm\.openjfx\cache\21.0.2+5\amd64\ucrtbase.dll
Event: 0.758 Loaded shared library C:\Users\raahm\.openjfx\cache\21.0.2+5\amd64\vcruntime140.dll
Event: 0.761 Loaded shared library C:\Users\raahm\.openjfx\cache\21.0.2+5\amd64\vcruntime140_1.dll
Event: 0.784 Loaded shared library C:\Users\raahm\.openjfx\cache\21.0.2+5\amd64\msvcp140.dll
Event: 0.787 Loaded shared library C:\Users\raahm\.openjfx\cache\21.0.2+5\amd64\msvcp140_1.dll
Event: 0.792 Loaded shared library C:\Users\raahm\.openjfx\cache\21.0.2+5\amd64\msvcp140_2.dll
Event: 0.818 Thread 0x0000020574b116d0 Thread added: 0x0000020574b116d0
Event: 0.826 Loaded shared library C:\Users\raahm\.openjfx\cache\21.0.2+5\amd64\prism_d3d.dll
Event: 0.865 Loaded shared library C:\Users\raahm\.openjfx\cache\21.0.2+5\amd64\glass.dll
Event: 0.867 Thread 0x0000020574ba45e0 Thread added: 0x0000020574ba45e0
Event: 0.872 Thread 0x0000020574ba4aa0 Thread added: 0x0000020574ba4aa0
Event: 0.939 Thread 0x0000020574d40c40 Thread added: 0x0000020574d40c40
Event: 0.950 Thread 0x0000020574d92000 Thread added: 0x0000020574d92000
Event: 0.971 Loaded shared library C:\Program Files\Java\jdk-18.0.1.1\bin\jimage.dll
Event: 1.030 Thread 0x0000020574eaa270 Thread added: 0x0000020574eaa270
Event: 1.380 Loaded shared library C:\Users\raahm\.openjfx\cache\21.0.2+5\amd64\javafx_font.dll
Event: 1.441 Thread 0x0000020574ed5940 Thread added: 0x0000020574ed5940
Event: 2.033 Thread 0x000002057457ac00 Thread exited: 0x000002057457ac00


Dynamic libraries:
0x00007ff7900d0000 - 0x00007ff7900e0000 	C:\Program Files\Java\jdk-18.0.1.1\bin\java.exe
0x00007ffeb4fb0000 - 0x00007ffeb51a8000 	C:\WINDOWS\SYSTEM32\ntdll.dll
0x00007ffeb49f0000 - 0x00007ffeb4aad000 	C:\WINDOWS\System32\KERNEL32.DLL
0x00007ffeb2c10000 - 0x00007ffeb2f06000 	C:\WINDOWS\System32\KERNELBASE.dll
0x00007ffeb2f10000 - 0x00007ffeb3010000 	C:\WINDOWS\System32\ucrtbase.dll
0x00007ffe7efd0000 - 0x00007ffe7efe8000 	C:\Program Files\Java\jdk-18.0.1.1\bin\jli.dll
0x00007ffe7e040000 - 0x00007ffe7e05a000 	C:\Program Files\Java\jdk-18.0.1.1\bin\VCRUNTIME140.dll
0x00007ffeb4940000 - 0x00007ffeb49ee000 	C:\WINDOWS\System32\ADVAPI32.dll
0x00007ffeb4ab0000 - 0x00007ffeb4b4e000 	C:\WINDOWS\System32\msvcrt.dll
0x00007ffeb4c80000 - 0x00007ffeb4d1c000 	C:\WINDOWS\System32\sechost.dll
0x00007ffeb47b0000 - 0x00007ffeb48d6000 	C:\WINDOWS\System32\RPCRT4.dll
0x00007ffeb4dd0000 - 0x00007ffeb4f6e000 	C:\WINDOWS\System32\USER32.dll
0x00007ffeb2b10000 - 0x00007ffeb2b32000 	C:\WINDOWS\System32\win32u.dll
0x00007ffeb4780000 - 0x00007ffeb47ac000 	C:\WINDOWS\System32\GDI32.dll
0x00007ffeb26e0000 - 0x00007ffeb27fa000 	C:\WINDOWS\System32\gdi32full.dll
0x00007ffea19b0000 - 0x00007ffea1c4a000 	C:\WINDOWS\WinSxS\amd64_microsoft.windows.common-controls_6595b64144ccf1df_6.0.19041.1110_none_60b5254171f9507e\COMCTL32.dll
0x00007ffeb2b70000 - 0x00007ffeb2c0d000 	C:\WINDOWS\System32\msvcp_win.dll
0x00007ffeb2120000 - 0x00007ffeb212a000 	C:\WINDOWS\SYSTEM32\VERSION.dll
0x00007ffeb3810000 - 0x00007ffeb3840000 	C:\WINDOWS\System32\IMM32.DLL
0x000000006b3e0000 - 0x000000006b3ec000 	C:\Program Files (x86)\360\Total Security\safemon\SafeWrapper.dll
0x00007ffe79e10000 - 0x00007ffe79ea2000 	C:\Program Files (x86)\360\Total Security\safemon\libzdtp64.dll
0x00007ffeb3010000 - 0x00007ffeb3755000 	C:\WINDOWS\System32\SHELL32.dll
0x00007ffeb39f0000 - 0x00007ffeb3a45000 	C:\WINDOWS\System32\SHLWAPI.dll
0x00007ffe95f70000 - 0x00007ffe95f7c000 	C:\Program Files\Java\jdk-18.0.1.1\bin\vcruntime140_1.dll
0x00007ffe634f0000 - 0x00007ffe6357d000 	C:\Program Files\Java\jdk-18.0.1.1\bin\msvcp140.dll
0x00007ffe50f20000 - 0x00007ffe51b30000 	C:\Program Files\Java\jdk-18.0.1.1\bin\server\jvm.dll
0x00007ffeb3eb0000 - 0x00007ffeb3eb8000 	C:\WINDOWS\System32\PSAPI.DLL
0x00007ffeae0b0000 - 0x00007ffeae0b9000 	C:\WINDOWS\SYSTEM32\WSOCK32.dll
0x00007ffea3400000 - 0x00007ffea3427000 	C:\WINDOWS\SYSTEM32\WINMM.dll
0x00007ffeb45f0000 - 0x00007ffeb465b000 	C:\WINDOWS\System32\WS2_32.dll
0x00007ffeb0470000 - 0x00007ffeb0482000 	C:\WINDOWS\SYSTEM32\kernel.appcore.dll
0x00007ffe942d0000 - 0x00007ffe942da000 	C:\Program Files\Java\jdk-18.0.1.1\bin\jimage.dll
0x00007ffe9bb00000 - 0x00007ffe9bce4000 	C:\WINDOWS\SYSTEM32\DBGHELP.DLL
0x00007ffe9b690000 - 0x00007ffe9b6c4000 	C:\WINDOWS\SYSTEM32\dbgcore.DLL
0x00007ffeb29d0000 - 0x00007ffeb2a52000 	C:\WINDOWS\System32\bcryptPrimitives.dll
0x00007ffe7ba60000 - 0x00007ffe7ba85000 	C:\Program Files\Java\jdk-18.0.1.1\bin\java.dll
0x00007ffe61cd0000 - 0x00007ffe61da6000 	C:\Program Files\Java\jdk-18.0.1.1\bin\jsvml.dll
0x00007ffeb0670000 - 0x00007ffeb0e0b000 	C:\WINDOWS\SYSTEM32\windows.storage.dll
0x00007ffeb3a50000 - 0x00007ffeb3da4000 	C:\WINDOWS\System32\combase.dll
0x00007ffeb1f80000 - 0x00007ffeb1fae000 	C:\WINDOWS\SYSTEM32\Wldp.dll
0x00007ffeb4d20000 - 0x00007ffeb4dcd000 	C:\WINDOWS\System32\SHCORE.dll
0x00007ffeb25c0000 - 0x00007ffeb25e5000 	C:\WINDOWS\SYSTEM32\profapi.dll
0x00007ffe7e020000 - 0x00007ffe7e033000 	C:\Program Files\Java\jdk-18.0.1.1\bin\net.dll
0x00007ffeac140000 - 0x00007ffeac24a000 	C:\WINDOWS\SYSTEM32\WINHTTP.dll
0x00007ffeb1d60000 - 0x00007ffeb1dca000 	C:\WINDOWS\system32\mswsock.dll
0x00007ffe7ba40000 - 0x00007ffe7ba56000 	C:\Program Files\Java\jdk-18.0.1.1\bin\nio.dll
0x00007ffe7ba20000 - 0x00007ffe7ba38000 	C:\Program Files\Java\jdk-18.0.1.1\bin\zip.dll
0x000002054f7a0000 - 0x000002054f7a3000 	C:\Users\raahm\.openjfx\cache\21.0.2+5\amd64\api-ms-win-core-console-l1-1-0.dll
0x000002054f7b0000 - 0x000002054f7b3000 	C:\Users\raahm\.openjfx\cache\21.0.2+5\amd64\api-ms-win-core-console-l1-2-0.dll
0x000002054f7c0000 - 0x000002054f7c3000 	C:\Users\raahm\.openjfx\cache\21.0.2+5\amd64\api-ms-win-core-datetime-l1-1-0.dll
0x000002054f7d0000 - 0x000002054f7d3000 	C:\Users\raahm\.openjfx\cache\21.0.2+5\amd64\api-ms-win-core-debug-l1-1-0.dll
0x0000020570150000 - 0x0000020570153000 	C:\Users\raahm\.openjfx\cache\21.0.2+5\amd64\api-ms-win-core-errorhandling-l1-1-0.dll
0x0000020570160000 - 0x0000020570164000 	C:\Users\raahm\.openjfx\cache\21.0.2+5\amd64\api-ms-win-core-file-l1-1-0.dll
0x0000020570170000 - 0x0000020570173000 	C:\Users\raahm\.openjfx\cache\21.0.2+5\amd64\api-ms-win-core-file-l1-2-0.dll
0x0000020570180000 - 0x0000020570183000 	C:\Users\raahm\.openjfx\cache\21.0.2+5\amd64\api-ms-win-core-file-l2-1-0.dll
0x0000020570190000 - 0x0000020570193000 	C:\Users\raahm\.openjfx\cache\21.0.2+5\amd64\api-ms-win-core-handle-l1-1-0.dll
0x00000205701a0000 - 0x00000205701a3000 	C:\Users\raahm\.openjfx\cache\21.0.2+5\amd64\api-ms-win-core-heap-l1-1-0.dll
0x00000205701b0000 - 0x00000205701b3000 	C:\Users\raahm\.openjfx\cache\21.0.2+5\amd64\api-ms-win-core-interlocked-l1-1-0.dll
0x00000205701c0000 - 0x00000205701c3000 	C:\Users\raahm\.openjfx\cache\21.0.2+5\amd64\api-ms-win-core-libraryloader-l1-1-0.dll
0x00000205701d0000 - 0x00000205701d3000 	C:\Users\raahm\.openjfx\cache\21.0.2+5\amd64\api-ms-win-core-localization-l1-2-0.dll
0x00000205701e0000 - 0x00000205701e3000 	C:\Users\raahm\.openjfx\cache\21.0.2+5\amd64\api-ms-win-core-memory-l1-1-0.dll
0x00000205701f0000 - 0x00000205701f3000 	C:\Users\raahm\.openjfx\cache\21.0.2+5\amd64\api-ms-win-core-namedpipe-l1-1-0.dll
0x0000020570200000 - 0x0000020570203000 	C:\Users\raahm\.openjfx\cache\21.0.2+5\amd64\api-ms-win-core-processenvironment-l1-1-0.dll
0x0000020570210000 - 0x0000020570213000 	C:\Users\raahm\.openjfx\cache\21.0.2+5\amd64\api-ms-win-core-processthreads-l1-1-0.dll
0x0000020570220000 - 0x0000020570223000 	C:\Users\raahm\.openjfx\cache\21.0.2+5\amd64\api-ms-win-core-processthreads-l1-1-1.dll
0x0000020570230000 - 0x0000020570233000 	C:\Users\raahm\.openjfx\cache\21.0.2+5\amd64\api-ms-win-core-profile-l1-1-0.dll
0x0000020570240000 - 0x0000020570243000 	C:\Users\raahm\.openjfx\cache\21.0.2+5\amd64\api-ms-win-core-rtlsupport-l1-1-0.dll
0x0000020570250000 - 0x0000020570253000 	C:\Users\raahm\.openjfx\cache\21.0.2+5\amd64\api-ms-win-core-string-l1-1-0.dll
0x0000020570260000 - 0x0000020570263000 	C:\Users\raahm\.openjfx\cache\21.0.2+5\amd64\api-ms-win-core-synch-l1-1-0.dll
0x0000020570270000 - 0x0000020570273000 	C:\Users\raahm\.openjfx\cache\21.0.2+5\amd64\api-ms-win-core-synch-l1-2-0.dll
0x0000020570280000 - 0x0000020570283000 	C:\Users\raahm\.openjfx\cache\21.0.2+5\amd64\api-ms-win-core-sysinfo-l1-1-0.dll
0x0000020570290000 - 0x0000020570293000 	C:\Users\raahm\.openjfx\cache\21.0.2+5\amd64\api-ms-win-core-timezone-l1-1-0.dll
0x00000205702a0000 - 0x00000205702a3000 	C:\Users\raahm\.openjfx\cache\21.0.2+5\amd64\api-ms-win-core-util-l1-1-0.dll
0x00000205702b0000 - 0x00000205702b3000 	C:\Users\raahm\.openjfx\cache\21.0.2+5\amd64\api-ms-win-crt-conio-l1-1-0.dll
0x00000205702c0000 - 0x00000205702c4000 	C:\Users\raahm\.openjfx\cache\21.0.2+5\amd64\api-ms-win-crt-convert-l1-1-0.dll
0x00000205702d0000 - 0x00000205702d3000 	C:\Users\raahm\.openjfx\cache\21.0.2+5\amd64\api-ms-win-crt-environment-l1-1-0.dll
0x00000205702e0000 - 0x00000205702e3000 	C:\Users\raahm\.openjfx\cache\21.0.2+5\amd64\api-ms-win-crt-filesystem-l1-1-0.dll
0x00000205702f0000 - 0x00000205702f3000 	C:\Users\raahm\.openjfx\cache\21.0.2+5\amd64\api-ms-win-crt-heap-l1-1-0.dll
0x0000020570300000 - 0x0000020570303000 	C:\Users\raahm\.openjfx\cache\21.0.2+5\amd64\api-ms-win-crt-locale-l1-1-0.dll
0x0000020570310000 - 0x0000020570315000 	C:\Users\raahm\.openjfx\cache\21.0.2+5\amd64\api-ms-win-crt-math-l1-1-0.dll
0x0000020570320000 - 0x0000020570325000 	C:\Users\raahm\.openjfx\cache\21.0.2+5\amd64\api-ms-win-crt-multibyte-l1-1-0.dll
0x0000020570330000 - 0x0000020570340000 	C:\Users\raahm\.openjfx\cache\21.0.2+5\amd64\api-ms-win-crt-private-l1-1-0.dll
0x0000020570340000 - 0x0000020570343000 	C:\Users\raahm\.openjfx\cache\21.0.2+5\amd64\api-ms-win-crt-process-l1-1-0.dll
0x0000020570350000 - 0x0000020570354000 	C:\Users\raahm\.openjfx\cache\21.0.2+5\amd64\api-ms-win-crt-runtime-l1-1-0.dll
0x0000020570360000 - 0x0000020570364000 	C:\Users\raahm\.openjfx\cache\21.0.2+5\amd64\api-ms-win-crt-stdio-l1-1-0.dll
0x0000020570370000 - 0x0000020570374000 	C:\Users\raahm\.openjfx\cache\21.0.2+5\amd64\api-ms-win-crt-string-l1-1-0.dll
0x0000020570380000 - 0x0000020570383000 	C:\Users\raahm\.openjfx\cache\21.0.2+5\amd64\api-ms-win-crt-time-l1-1-0.dll
0x0000020570390000 - 0x0000020570393000 	C:\Users\raahm\.openjfx\cache\21.0.2+5\amd64\api-ms-win-crt-utility-l1-1-0.dll
0x00007ffe60af0000 - 0x00007ffe60bec000 	C:\Users\raahm\.openjfx\cache\21.0.2+5\amd64\ucrtbase.dll
0x00007ffe7b890000 - 0x00007ffe7b8ab000 	C:\Users\raahm\.openjfx\cache\21.0.2+5\amd64\vcruntime140.dll
0x00007ffe93610000 - 0x00007ffe9361c000 	C:\Users\raahm\.openjfx\cache\21.0.2+5\amd64\vcruntime140_1.dll
0x00007ffe60a60000 - 0x00007ffe60aee000 	C:\Users\raahm\.openjfx\cache\21.0.2+5\amd64\msvcp140.dll
0x00007ffe93340000 - 0x00007ffe93349000 	C:\Users\raahm\.openjfx\cache\21.0.2+5\amd64\msvcp140_1.dll
0x00007ffe79f00000 - 0x00007ffe79f41000 	C:\Users\raahm\.openjfx\cache\21.0.2+5\amd64\msvcp140_2.dll
0x00007ffe7b860000 - 0x00007ffe7b890000 	C:\Users\raahm\.openjfx\cache\21.0.2+5\amd64\prism_d3d.dll
0x00007ffe62650000 - 0x00007ffe6281d000 	C:\WINDOWS\system32\d3d9.dll
0x00007ffeb0290000 - 0x00007ffeb02bf000 	C:\WINDOWS\SYSTEM32\dwmapi.dll
0x00007ffeaffa0000 - 0x00007ffeb003e000 	C:\WINDOWS\system32\uxtheme.dll
0x00007ffe61db0000 - 0x00007ffe61f5f000 	C:\WINDOWS\System32\DriverStore\FileRepository\iigd_dch.inf_amd64_51f685305808e3a5\igdumdim64.dll
0x00007ffeb4b50000 - 0x00007ffeb4c7a000 	C:\WINDOWS\System32\ole32.dll
0x00007ffe527c0000 - 0x00007ffe55863000 	C:\WINDOWS\System32\DriverStore\FileRepository\iigd_dch.inf_amd64_51f685305808e3a5\igd9dxva64.dll
0x00007ffeb3ec0000 - 0x00007ffeb3f8d000 	C:\WINDOWS\System32\OLEAUT32.dll
0x00007ffeb4070000 - 0x00007ffeb44de000 	C:\WINDOWS\System32\SETUPAPI.dll
0x00007ffeb2690000 - 0x00007ffeb26de000 	C:\WINDOWS\System32\cfgmgr32.dll
0x00007ffeb2b40000 - 0x00007ffeb2b67000 	C:\WINDOWS\System32\bcrypt.dll
0x00007ffea7800000 - 0x00007ffea7c09000 	C:\WINDOWS\System32\DriverStore\FileRepository\iigd_dch.inf_amd64_51f685305808e3a5\igdgmm64.dll
0x00007ffe77ea0000 - 0x00007ffe77ee2000 	C:\Users\raahm\.openjfx\cache\21.0.2+5\amd64\glass.dll
0x00007ffeb3f90000 - 0x00007ffeb406a000 	C:\WINDOWS\System32\COMDLG32.dll
0x00007ffeb4660000 - 0x00007ffeb4774000 	C:\WINDOWS\System32\MSCTF.dll
0x00007ffe6f520000 - 0x00007ffe6f547000 	C:\WINDOWS\System32\DriverStore\FileRepository\iigd_dch.inf_amd64_51f685305808e3a5\igdinfo64.dll
0x00007ffea4060000 - 0x00007ffea77f4000 	C:\WINDOWS\System32\DriverStore\FileRepository\iigd_dch.inf_amd64_51f685305808e3a5\igc64.dll
0x00007ffeaa290000 - 0x00007ffeaa2cb000 	C:\WINDOWS\SYSTEM32\dxcore.dll
0x00007ffeb1a70000 - 0x00007ffeb1b3a000 	C:\WINDOWS\SYSTEM32\DNSAPI.dll
0x00007ffeb1a20000 - 0x00007ffeb1a5b000 	C:\WINDOWS\SYSTEM32\IPHLPAPI.DLL
0x00007ffeb3ea0000 - 0x00007ffeb3ea8000 	C:\WINDOWS\System32\NSI.dll
0x00007ffea8560000 - 0x00007ffea856a000 	C:\Windows\System32\rasadhlp.dll
0x00007ffea8450000 - 0x00007ffea84d2000 	C:\WINDOWS\System32\fwpuclnt.dll
0x00007ffe7a760000 - 0x00007ffe7a774000 	C:\Users\raahm\.openjfx\cache\21.0.2+5\amd64\javafx_font.dll
0x00007ffe93350000 - 0x00007ffe935cf000 	C:\WINDOWS\SYSTEM32\dwrite.dll

dbghelp: loaded successfully - version: 4.0.5 - missing functions: none
symbol engine: initialized successfully - sym options: 0x614 - pdb path: .;C:\Program Files\Java\jdk-18.0.1.1\bin;C:\WINDOWS\SYSTEM32;C:\WINDOWS\WinSxS\amd64_microsoft.windows.common-controls_6595b64144ccf1df_6.0.19041.1110_none_60b5254171f9507e;C:\Program Files (x86)\360\Total Security\safemon;C:\Program Files\Java\jdk-18.0.1.1\bin\server;C:\Users\raahm\.openjfx\cache\21.0.2+5\amd64;C:\WINDOWS\System32\DriverStore\FileRepository\iigd_dch.inf_amd64_51f685305808e3a5

VM Arguments:
jvm_args: --module-path=C:\Users\raahm\.m2\repository\org\openjfx\javafx-base\21.0.2\javafx-base-21.0.2-win.jar;C:\Users\raahm\.m2\repository\org\openjfx\javafx-base\21.0.2\javafx-base-21.0.2.jar;C:\Users\raahm\.m2\repository\org\openjfx\javafx-controls\21.0.2\javafx-controls-21.0.2-win.jar;C:\Users\raahm\.m2\repository\org\openjfx\javafx-controls\21.0.2\javafx-controls-21.0.2.jar;C:\Users\raahm\.m2\repository\org\openjfx\javafx-fxml\21.0.2\javafx-fxml-21.0.2-win.jar;C:\Users\raahm\.m2\repository\org\openjfx\javafx-fxml\21.0.2\javafx-fxml-21.0.2.jar;C:\Users\raahm\.m2\repository\org\openjfx\javafx-graphics\21.0.2\javafx-graphics-21.0.2-win.jar;C:\Users\raahm\.m2\repository\org\openjfx\javafx-graphics\21.0.2\javafx-graphics-21.0.2.jar --add-modules=javafx.base,javafx.controls,javafx.fxml,javafx.graphics 
java_command: MainFX
java_class_path (initial): C:\Users\raahm\IdeaProjects\pidev-2024\target\classes;C:\Users\raahm\.m2\repository\com\google\protobuf\protobuf-java\3.21.9\protobuf-java-3.21.9.jar;C:\Users\raahm\.m2\repository\com\mysql\mysql-connector-j\8.0.33\mysql-connector-j-8.0.33.jar;C:\Users\raahm\.m2\repository\org\mindrot\jbcrypt\0.4\jbcrypt-0.4.jar
Launcher Type: SUN_STANDARD

[Global flags]
     intx CICompilerCount                          = 4                                         {product} {ergonomic}
     uint ConcGCThreads                            = 2                                         {product} {ergonomic}
     uint G1ConcRefinementThreads                  = 8                                         {product} {ergonomic}
   size_t G1HeapRegionSize                         = 2097152                                   {product} {ergonomic}
    uintx GCDrainStackTargetSize                   = 64                                        {product} {ergonomic}
   size_t InitialHeapSize                          = 201326592                                 {product} {ergonomic}
   size_t MarkStackSize                            = 4194304                                   {product} {ergonomic}
   size_t MaxHeapSize                              = 3191865344                                {product} {ergonomic}
   size_t MaxNewSize                               = 1914699776                                {product} {ergonomic}
   size_t MinHeapDeltaBytes                        = 2097152                                   {product} {ergonomic}
   size_t MinHeapSize                              = 8388608                                   {product} {ergonomic}
    uintx NonNMethodCodeHeapSize                   = 5839372                                {pd product} {ergonomic}
    uintx NonProfiledCodeHeapSize                  = 122909434                              {pd product} {ergonomic}
    uintx ProfiledCodeHeapSize                     = 122909434                              {pd product} {ergonomic}
    uintx ReservedCodeCacheSize                    = 251658240                              {pd product} {ergonomic}
     bool SegmentedCodeCache                       = true                                      {product} {ergonomic}
   size_t SoftMaxHeapSize                          = 3191865344                             {manageable} {ergonomic}
     bool UseCompressedClassPointers               = true                           {product lp64_product} {ergonomic}
     bool UseCompressedOops                        = true                           {product lp64_product} {ergonomic}
     bool UseG1GC                                  = true                                      {product} {ergonomic}
     bool UseLargePagesIndividualAllocation        = false                                  {pd product} {ergonomic}

Logging:
Log output configuration:
 #0: stdout all=warning uptime,level,tags foldmultilines=false
 #1: stderr all=off uptime,level,tags foldmultilines=false

Environment Variables:
JAVA_HOME=C:\Program Files\Java\jdk-18.0.1.1
PATH=C:\oraclexe\app\oracle\product\11.2.0\server\bin;C:\app\raahm\product\18.0.0\dbhomeXE\bin;C:\ProgramData\Oracle\Java\javapath;C:\oraclexe\app\oracle\product\11.2.0\server\bin;C:\app\WINDOWS.X64_193000_db_home\bin;C:\Program Files\Common Files\Oracle\Java\javapath;C:\WINDOWS\system32;C:\WINDOWS;C:\WINDOWS\System32\Wbem;C:\WINDOWS\System32\WindowsPowerShell\v1.0\;C:\WINDOWS\System32\OpenSSH\;C:\Program Files\Java\jdk-18.0.1.1\bin;D:\xampp\php;C:\composer;C:\Program Files\Git\cmd;C:\Users\raahm\scoop\shims;C:\Users\raahm\AppData\Local\Microsoft\WindowsApps;C:\Users\raahm\AppData\Local\Programs\Microsoft VS Code\bin;C:\src\flutter\bin;C:\Program Files\nodejs\node_modules\npm\bin;C:\Program Files\Java\jdk-14.0.1\bin;C:\Program Files\JetBrains\IntelliJ IDEA 2023.3.3\bin;;C:\Users\raahm\AppData\Roaming\Composer\vendor\bin
USERNAME=raahm
OS=Windows_NT
PROCESSOR_IDENTIFIER=Intel64 Family 6 Model 158 Stepping 9, GenuineIntel



---------------  S Y S T E M  ---------------

OS:
 Windows 10 , 64 bit Build 19041 (10.0.19041.3393)
OS uptime: 20 days 1:50 hours
Hyper-V role detected

CPU: total 8 (initial active 8) (4 cores per cpu, 2 threads per core) family 6 model 158 stepping 9 microcode 0xb4, cx8, cmov, fxsr, ht, mmx, 3dnowpref, sse, sse2, sse3, ssse3, sse4.1, sse4.2, popcnt, lzcnt, tsc, tscinvbit, avx, avx2, aes, erms, clmul, bmi1, bmi2, adx, fma, vzeroupper, clflush, clflushopt, hv

Memory: 4k page, system-wide physical 12168M (465M free)
TotalPageFile size 27172M (AvailPageFile size 270M)
current process WorkingSet (physical memory assigned to process): 236M, peak: 236M
current process commit charge ("private bytes"): 447M, peak: 971M

vm_info: Java HotSpot(TM) 64-Bit Server VM (18.0.1.1+2-6) for windows-amd64 JRE (18.0.1.1+2-6), built on Apr 25 2022 21:53:15 by "mach5one" with MS VC++ 16.8 / 16.9 (VS2019)

END.
