#
# There is insufficient memory for the Java Runtime Environment to continue.
# Native memory allocation (mmap) failed to map 268435456 bytes for G1 virtual space
# Possible reasons:
#   The system is out of physical RAM or swap space
#   The process is running with CompressedOops enabled, and the Java Heap may be blocking the growth of the native heap
# Possible solutions:
#   Reduce memory load on the system
#   Increase physical memory or swap space
#   Check if swap backing store is full
#   Decrease Java heap size (-Xmx/-Xms)
#   Decrease number of Java threads
#   Decrease Java thread stack sizes (-Xss)
#   Set larger code cache with -XX:ReservedCodeCacheSize=
#   JVM is running with Zero Based Compressed Oops mode in which the Java heap is
#     placed in the first 32GB address space. The Java Heap base address is the
#     maximum limit for the native heap growth. Please use -XX:HeapBaseMinAddress
#     to set the Java Heap base and to place the Java Heap above 32GB virtual address.
# This output file may be truncated or incomplete.
#
#  Out of Memory Error (os_windows.cpp:3600), pid=16848, tid=27420
#
# JRE version:  (21.0.1+12) (build )
# Java VM: Java HotSpot(TM) 64-Bit Server VM (21.0.1+12-LTS-29, mixed mode, sharing, tiered, compressed oops, compressed class ptrs, g1 gc, windows-amd64)
# No core dump will be written. Minidumps are not enabled by default on client versions of Windows
#

---------------  S U M M A R Y ------------

Command Line: --module-path=C:\\Users\\GAMING\\.m2\\repository\\org\\openjfx\\javafx-base\\21.0.1\\javafx-base-21.0.1-win.jar;C:\\Users\\GAMING\\.m2\\repository\\org\\openjfx\\javafx-base\\21.0.1\\javafx-base-21.0.1.jar;C:\\Users\\GAMING\\.m2\\repository\\org\\openjfx\\javafx-controls\\21.0.1\\javafx-controls-21.0.1-win.jar;C:\\Users\\GAMING\\.m2\\repository\\org\\openjfx\\javafx-controls\\21.0.1\\javafx-controls-21.0.1.jar;C:\\Users\\GAMING\\.m2\\repository\\org\\openjfx\\javafx-fxml\\21.0.1\\javafx-fxml-21.0.1-win.jar;C:\\Users\\GAMING\\.m2\\repository\\org\\openjfx\\javafx-fxml\\21.0.1\\javafx-fxml-21.0.1.jar;C:\\Users\\GAMING\\.m2\\repository\\org\\openjfx\\javafx-graphics\\21.0.1\\javafx-graphics-21.0.1-win.jar;C:\\Users\\GAMING\\.m2\\repository\\org\\openjfx\\javafx-graphics\\21.0.1\\javafx-graphics-21.0.1.jar --add-modules=javafx.base,javafx.controls,javafx.fxml,javafx.graphics org.example.MainFX

Host: Intel(R) Core(TM) i5-9300HF CPU @ 2.40GHz, 8 cores, 15G,  Windows 11 , 64 bit Build 22621 (10.0.22621.3085)
Time: Mon Mar  4 19:08:06 2024 Romance Standard Time elapsed time: 0.011739 seconds (0d 0h 0m 0s)

---------------  T H R E A D  ---------------

Current thread (0x000002232b70a830):  JavaThread "Unknown thread" [_thread_in_vm, id=27420, stack(0x000000379ec00000,0x000000379ed00000) (1024K)]

Stack: [0x000000379ec00000,0x000000379ed00000]
Native frames: (J=compiled Java code, j=interpreted, Vv=VM code, C=native code)
V  [jvm.dll+0x6c9029]
V  [jvm.dll+0x854b81]
V  [jvm.dll+0x856e5e]
V  [jvm.dll+0x857543]
V  [jvm.dll+0x280c06]
V  [jvm.dll+0x6c5715]
V  [jvm.dll+0x6ba10a]
V  [jvm.dll+0x3557ea]
V  [jvm.dll+0x35d436]
V  [jvm.dll+0x3ae1be]
V  [jvm.dll+0x3ae468]
V  [jvm.dll+0x3291fc]
V  [jvm.dll+0x329d8b]
V  [jvm.dll+0x81d179]
V  [jvm.dll+0x3bb4f1]
V  [jvm.dll+0x805ae8]
V  [jvm.dll+0x44effe]
V  [jvm.dll+0x450901]
C  [jli.dll+0x52a3]
C  [ucrtbase.dll+0x29363]
C  [KERNEL32.DLL+0x1257d]
C  [ntdll.dll+0x5aa58]


---------------  P R O C E S S  ---------------

Threads class SMR info:
_java_thread_list=0x00007ffb27409b88, length=0, elements={
}

Java Threads: ( => current thread )
Total: 0

Other Threads:
  0x000002232d9e0780 WorkerThread "GC Thread#0"                     [id=33808, stack(0x000000379ed00000,0x000000379ee00000) (1024K)]
  0x000002232d9f1500 ConcurrentGCThread "G1 Main Marker"            [id=26208, stack(0x000000379ee00000,0x000000379ef00000) (1024K)]
  0x000002232d9f20c0 WorkerThread "G1 Conc#0"                       [id=30924, stack(0x000000379ef00000,0x000000379f000000) (1024K)]

[error occurred during error reporting (printing all threads), id 0xc0000005, EXCEPTION_ACCESS_VIOLATION (0xc0000005) at pc=0x00007ffb26b7c2c7]
VM state: not at safepoint (not fully initialized)

VM Mutex/Monitor currently owned by a thread:  ([mutex/lock_event])
[0x00007ffb2747a6f8] Heap_lock - owner thread: 0x000002232b70a830

Heap address: 0x0000000701e00000, size: 4066 MB, Compressed Oops mode: Zero based, Oop shift amount: 3

CDS archive(s) mapped at: [0x0000000000000000-0x0000000000000000-0x0000000000000000), size 0, SharedBaseAddress: 0x0000000800000000, ArchiveRelocationMode: 1.
Narrow klass base: 0x0000000000000000, Narrow klass shift: 0, Narrow klass range: 0x0

GC Precious Log:
 CardTable entry size: 512
 Card Set container configuration: InlinePtr #cards 4 size 8 Array Of Cards #cards 16 size 48 Howl #buckets 8 coarsen threshold 3686 Howl Bitmap #cards 512 size 80 coarsen threshold 460 Card regions per heap region 1 cards per card region 4096

Heap:
 garbage-first heap   total 0K, used 0K [0x0000000701e00000, 0x0000000800000000)
  region size 2048K, 0 young (0K), 0 survivors (0K)

[error occurred during error reporting (printing heap information), id 0xc0000005, EXCEPTION_ACCESS_VIOLATION (0xc0000005) at pc=0x00007ffb26f61be9]
GC Heap History (0 events):
No events

Dll operation events (1 events):
Event: 0.007 Loaded shared library C:\Program Files\Java\jdk-21\bin\java.dll

Deoptimization events (0 events):
No events

Classes loaded (0 events):
No events

Classes unloaded (0 events):
No events

Classes redefined (0 events):
No events

Internal exceptions (0 events):
No events

ZGC Phase Switch (0 events):
No events

VM Operations (0 events):
No events

Events (0 events):
No events


Dynamic libraries:
0x00007ff647bc0000 - 0x00007ff647bd0000 	C:\Program Files\Java\jdk-21\bin\java.exe
0x00007ffb985f0000 - 0x00007ffb98807000 	C:\Windows\SYSTEM32\ntdll.dll
0x00007ffb97070000 - 0x00007ffb97134000 	C:\Windows\System32\KERNEL32.DLL
0x00007ffb95af0000 - 0x00007ffb95e96000 	C:\Windows\System32\KERNELBASE.dll
0x00007ffb95f50000 - 0x00007ffb96061000 	C:\Windows\System32\ucrtbase.dll
0x00007ffb8b2d0000 - 0x00007ffb8b2e9000 	C:\Program Files\Java\jdk-21\bin\jli.dll
0x00007ffb86090000 - 0x00007ffb860ab000 	C:\Program Files\Java\jdk-21\bin\VCRUNTIME140.dll
0x00007ffb96f20000 - 0x00007ffb96fd3000 	C:\Windows\System32\ADVAPI32.dll
0x00007ffb965c0000 - 0x00007ffb96667000 	C:\Windows\System32\msvcrt.dll
0x00007ffb983b0000 - 0x00007ffb98458000 	C:\Windows\System32\sechost.dll
0x00007ffb959a0000 - 0x00007ffb959c8000 	C:\Windows\System32\bcrypt.dll
0x00007ffb96470000 - 0x00007ffb96587000 	C:\Windows\System32\RPCRT4.dll
0x00007ffb97aa0000 - 0x00007ffb97c4e000 	C:\Windows\System32\USER32.dll
0x00007ffb95ea0000 - 0x00007ffb95ec6000 	C:\Windows\System32\win32u.dll
0x00007ffb7dbd0000 - 0x00007ffb7de63000 	C:\Windows\WinSxS\amd64_microsoft.windows.common-controls_6595b64144ccf1df_6.0.22621.2506_none_270c5ae97388e100\COMCTL32.dll
0x00007ffb98460000 - 0x00007ffb98489000 	C:\Windows\System32\GDI32.dll
0x00007ffb959d0000 - 0x00007ffb95ae8000 	C:\Windows\System32\gdi32full.dll
0x00007ffb962a0000 - 0x00007ffb9633a000 	C:\Windows\System32\msvcp_win.dll
0x00007ffb8df40000 - 0x00007ffb8df4a000 	C:\Windows\SYSTEM32\VERSION.dll
0x00007ffb98570000 - 0x00007ffb985a1000 	C:\Windows\System32\IMM32.DLL
0x00007ffb90810000 - 0x00007ffb9081c000 	C:\Program Files\Java\jdk-21\bin\vcruntime140_1.dll
0x00007ffb79ec0000 - 0x00007ffb79f4e000 	C:\Program Files\Java\jdk-21\bin\msvcp140.dll
0x00007ffb26840000 - 0x00007ffb27555000 	C:\Program Files\Java\jdk-21\bin\server\jvm.dll
0x00007ffb963a0000 - 0x00007ffb96411000 	C:\Windows\System32\WS2_32.dll
0x00007ffb94eb0000 - 0x00007ffb94efd000 	C:\Windows\SYSTEM32\POWRPROF.dll
0x00007ffb8e150000 - 0x00007ffb8e184000 	C:\Windows\SYSTEM32\WINMM.dll
0x00007ffb94e20000 - 0x00007ffb94e33000 	C:\Windows\SYSTEM32\UMPDC.dll
0x00007ffb94930000 - 0x00007ffb94948000 	C:\Windows\SYSTEM32\kernel.appcore.dll
0x00007ffb8b730000 - 0x00007ffb8b73a000 	C:\Program Files\Java\jdk-21\bin\jimage.dll
0x00007ffb8c560000 - 0x00007ffb8c793000 	C:\Windows\SYSTEM32\DBGHELP.DLL
0x00007ffb96670000 - 0x00007ffb969f9000 	C:\Windows\System32\combase.dll
0x00007ffb96e20000 - 0x00007ffb96ef7000 	C:\Windows\System32\OLEAUT32.dll
0x00007ffb7c070000 - 0x00007ffb7c0a2000 	C:\Windows\SYSTEM32\dbgcore.DLL
0x00007ffb95ed0000 - 0x00007ffb95f4a000 	C:\Windows\System32\bcryptPrimitives.dll
0x00007ffb85ca0000 - 0x00007ffb85cbf000 	C:\Program Files\Java\jdk-21\bin\java.dll

dbghelp: loaded successfully - version: 4.0.5 - missing functions: none
symbol engine: initialized successfully - sym options: 0x614 - pdb path: .;C:\Program Files\Java\jdk-21\bin;C:\Windows\SYSTEM32;C:\Windows\WinSxS\amd64_microsoft.windows.common-controls_6595b64144ccf1df_6.0.22621.2506_none_270c5ae97388e100;C:\Program Files\Java\jdk-21\bin\server

VM Arguments:
jvm_args: --module-path=C:\\Users\\GAMING\\.m2\\repository\\org\\openjfx\\javafx-base\\21.0.1\\javafx-base-21.0.1-win.jar;C:\\Users\\GAMING\\.m2\\repository\\org\\openjfx\\javafx-base\\21.0.1\\javafx-base-21.0.1.jar;C:\\Users\\GAMING\\.m2\\repository\\org\\openjfx\\javafx-controls\\21.0.1\\javafx-controls-21.0.1-win.jar;C:\\Users\\GAMING\\.m2\\repository\\org\\openjfx\\javafx-controls\\21.0.1\\javafx-controls-21.0.1.jar;C:\\Users\\GAMING\\.m2\\repository\\org\\openjfx\\javafx-fxml\\21.0.1\\javafx-fxml-21.0.1-win.jar;C:\\Users\\GAMING\\.m2\\repository\\org\\openjfx\\javafx-fxml\\21.0.1\\javafx-fxml-21.0.1.jar;C:\\Users\\GAMING\\.m2\\repository\\org\\openjfx\\javafx-graphics\\21.0.1\\javafx-graphics-21.0.1-win.jar;C:\\Users\\GAMING\\.m2\\repository\\org\\openjfx\\javafx-graphics\\21.0.1\\javafx-graphics-21.0.1.jar --add-modules=javafx.base,javafx.controls,javafx.fxml,javafx.graphics 
java_command: org.example.MainFX
java_class_path (initial): C:\\Users\\GAMING\\Desktop\\pidev-2024\\pidev-2024\\target\\classes;C:\\Users\\GAMING\\.m2\\repository\\com\\google\\protobuf\\protobuf-java\\3.19.4\\protobuf-java-3.19.4.jar;C:\\Users\\GAMING\\.m2\\repository\\com\\mysql\\mysql-connector-j\\8.0.31\\mysql-connector-j-8.0.31.jar;C:\\Users\\GAMING\\.m2\\repository\\com\\squareup\\okhttp3\\okhttp\\4.12.0\\okhttp-4.12.0.jar;C:\\Users\\GAMING\\.m2\\repository\\com\\squareup\\okio\\okio\\3.6.0\\okio-3.6.0.jar;C:\\Users\\GAMING\\.m2\\repository\\com\\squareup\\okio\\okio-jvm\\3.6.0\\okio-jvm-3.6.0.jar;C:\\Users\\GAMING\\.m2\\repository\\javax\\activation\\activation\\1.1\\activation-1.1.jar;C:\\Users\\GAMING\\.m2\\repository\\javax\\mail\\mail\\1.4\\mail-1.4.jar;C:\\Users\\GAMING\\.m2\\repository\\org\\jetbrains\\annotations\\13.0\\annotations-13.0.jar;C:\\Users\\GAMING\\.m2\\repository\\org\\jetbrains\\kotlin\\kotlin-stdlib\\1.8.21\\kotlin-stdlib-1.8.21.jar;C:\\Users\\GAMING\\.m2\\repository\\org\\jetbrains\\kotlin\\kotlin-stdlib-common\\1.9.10\\kotlin-stdlib-common-1.9.10.jar;C:\\Users\\GAMING\\.m2\\repository\\org\\jetbrains\\kotlin\\kotlin-stdlib-jdk7\\1.8.21\\kotlin-stdlib-jdk7-1.8.21.jar;C:\\Users\\GAMING\\.m2\\repository\\org\\jetbrains\\kotlin\\kotlin-stdlib-jdk8\\1.8.21\\kotlin-stdlib-jdk8-1.8.21.jar;C:\\Users\\GAMING\\.m2\\repository\\org\\json\\json\\20240205\\json-20240205.jar;C:\\Users\\GAMING\\.m2\\repository\\org\\mindrot\\jbcrypt\\0.4\\jbcrypt-0.4.jar
Launcher Type: SUN_STANDARD

[Global flags]
     intx CICompilerCount                          = 4                                         {product} {ergonomic}
     uint ConcGCThreads                            = 2                                         {product} {ergonomic}
     uint G1ConcRefinementThreads                  = 8                                         {product} {ergonomic}
   size_t G1HeapRegionSize                         = 2097152                                   {product} {ergonomic}
    uintx GCDrainStackTargetSize                   = 64                                        {product} {ergonomic}
   size_t InitialHeapSize                          = 268435456                                 {product} {ergonomic}
   size_t MarkStackSize                            = 4194304                                   {product} {ergonomic}
   size_t MaxHeapSize                              = 4263510016                                {product} {ergonomic}
   size_t MinHeapDeltaBytes                        = 2097152                                   {product} {ergonomic}
   size_t MinHeapSize                              = 8388608                                   {product} {ergonomic}
    uintx NonNMethodCodeHeapSize                   = 5839372                                {pd product} {ergonomic}
    uintx NonProfiledCodeHeapSize                  = 122909434                              {pd product} {ergonomic}
    uintx ProfiledCodeHeapSize                     = 122909434                              {pd product} {ergonomic}
    uintx ReservedCodeCacheSize                    = 251658240                              {pd product} {ergonomic}
     bool SegmentedCodeCache                       = true                                      {product} {ergonomic}
   size_t SoftMaxHeapSize                          = 4263510016                             {manageable} {ergonomic}
     bool UseCompressedOops                        = true                           {product lp64_product} {ergonomic}
     bool UseG1GC                                  = true                                      {product} {ergonomic}
     bool UseLargePagesIndividualAllocation        = false                                  {pd product} {ergonomic}

Logging:
Log output configuration:
 #0: stdout all=warning uptime,level,tags foldmultilines=false
 #1: stderr all=off uptime,level,tags foldmultilines=false

Environment Variables:
PATH=C:\oraclexe\app\oracle\product\11.2.0\server\bin;;C:\Program Files\Python312\Scripts\;C:\Program Files\Python312\;C:\Program Files\Common Files\Oracle\Java\javapath;C:\Windows\system32;C:\Windows;C:\Windows\System32\Wbem;C:\Windows\System32\WindowsPowerShell\v1.0\;C:\Windows\System32\OpenSSH\;C:\Program Files\Java\jdk-21\bin;C:\Program Files\Git\cmd;C:\Program Files\NVIDIA Corporation\NVIDIA NvDLISR;C:\Program Files (x86)\NVIDIA Corporation\PhysX\Common;C:\Program Files\apache-maven-3.9.6\bin;C:\Program Files\nodejs\;C:\xampp\php;C:\ProgramData\ComposerSetup\bin;C:\Users\GAMING\scoop\shims;C:\Users\GAMING\AppData\Local\Microsoft\WindowsApps;;C:\Users\GAMING\AppData\Local\Programs\Microsoft VS Code\bin;C:\Program Files\JetBrains\IntelliJ IDEA Educational Edition 2022.2.2\bin;;C:\Users\GAMING\AppData\Roaming\npm;C:\Users\GAMING\AppData\Roaming\Composer\vendor\bin
USERNAME=GAMING
OS=Windows_NT
PROCESSOR_IDENTIFIER=Intel64 Family 6 Model 158 Stepping 13, GenuineIntel
TMP=C:\Users\GAMING\AppData\Local\Temp
TEMP=C:\Users\GAMING\AppData\Local\Temp




Periodic native trim disabled

---------------  S Y S T E M  ---------------

OS:
 Windows 11 , 64 bit Build 22621 (10.0.22621.3085)
OS uptime: 9 days 7:17 hours
Hyper-V role detected

CPU: total 8 (initial active 8) (4 cores per cpu, 2 threads per core) family 6 model 158 stepping 13 microcode 0xf0, cx8, cmov, fxsr, ht, mmx, 3dnowpref, sse, sse2, sse3, ssse3, sse4.1, sse4.2, popcnt, lzcnt, tsc, tscinvbit, avx, avx2, aes, erms, clmul, bmi1, bmi2, adx, fma, vzeroupper, clflush, clflushopt, hv, rdtscp, f16c
Processor Information for processor 0
  Max Mhz: 2400, Current Mhz: 1500, Mhz Limit: 2400
Processor Information for processor 1
  Max Mhz: 2400, Current Mhz: 1500, Mhz Limit: 2400
Processor Information for processor 2
  Max Mhz: 2400, Current Mhz: 1500, Mhz Limit: 2400
Processor Information for processor 3
  Max Mhz: 2400, Current Mhz: 1500, Mhz Limit: 2400
Processor Information for processor 4
  Max Mhz: 2400, Current Mhz: 2400, Mhz Limit: 2400
Processor Information for processor 5
  Max Mhz: 2400, Current Mhz: 1500, Mhz Limit: 2400
Processor Information for processor 6
  Max Mhz: 2400, Current Mhz: 2400, Mhz Limit: 2400
Processor Information for processor 7
  Max Mhz: 2400, Current Mhz: 1500, Mhz Limit: 2400

Memory: 4k page, system-wide physical 16261M (781M free)
TotalPageFile size 46674M (AvailPageFile size 205M)
current process WorkingSet (physical memory assigned to process): 11M, peak: 11M
current process commit charge ("private bytes"): 60M, peak: 316M

vm_info: Java HotSpot(TM) 64-Bit Server VM (21.0.1+12-LTS-29) for windows-amd64 JRE (21.0.1+12-LTS-29), built on 2023-10-05T13:27:09Z by "mach5one" with MS VC++ 17.1 (VS2022)

END.
