#
# There is insufficient memory for the Java Runtime Environment to continue.
# Native memory allocation (mmap) failed to map 4194304 bytes for G1 virtual space
# Possible reasons:
#   The system is out of physical RAM or swap space
#   The process is running with CompressedOops enabled, and the Java Heap may be blocking the growth of the native heap
# Possible solutions:
#   Reduce memory load on the system
#   Increase physical memory or swap space
#   Check if swap backing store is full
#   Decrease Java heap size (-Xmx/-Xms)
#   Decrease number of Java threads
#   Decrease Java thread stack sizes (-Xss)
#   Set larger code cache with -XX:ReservedCodeCacheSize=
#   JVM is running with Zero Based Compressed Oops mode in which the Java heap is
#     placed in the first 32GB address space. The Java Heap base address is the
#     maximum limit for the native heap growth. Please use -XX:HeapBaseMinAddress
#     to set the Java Heap base and to place the Java Heap above 32GB virtual address.
# This output file may be truncated or incomplete.
#
#  Out of Memory Error (os_windows.cpp:3600), pid=18780, tid=9928
#
# JRE version: Java(TM) SE Runtime Environment (21.0.1+12) (build 21.0.1+12-LTS-29)
# Java VM: Java HotSpot(TM) 64-Bit Server VM (21.0.1+12-LTS-29, mixed mode, sharing, tiered, compressed oops, compressed class ptrs, g1 gc, windows-amd64)
# No core dump will be written. Minidumps are not enabled by default on client versions of Windows
#

---------------  S U M M A R Y ------------

Command Line: --module-path=C:\\Users\\GAMING\\.m2\\repository\\org\\openjfx\\javafx-base\\21.0.1\\javafx-base-21.0.1-win.jar;C:\\Users\\GAMING\\.m2\\repository\\org\\openjfx\\javafx-base\\21.0.1\\javafx-base-21.0.1.jar;C:\\Users\\GAMING\\.m2\\repository\\org\\openjfx\\javafx-controls\\21.0.1\\javafx-controls-21.0.1-win.jar;C:\\Users\\GAMING\\.m2\\repository\\org\\openjfx\\javafx-controls\\21.0.1\\javafx-controls-21.0.1.jar;C:\\Users\\GAMING\\.m2\\repository\\org\\openjfx\\javafx-fxml\\21.0.1\\javafx-fxml-21.0.1-win.jar;C:\\Users\\GAMING\\.m2\\repository\\org\\openjfx\\javafx-fxml\\21.0.1\\javafx-fxml-21.0.1.jar;C:\\Users\\GAMING\\.m2\\repository\\org\\openjfx\\javafx-graphics\\21.0.1\\javafx-graphics-21.0.1-win.jar;C:\\Users\\GAMING\\.m2\\repository\\org\\openjfx\\javafx-graphics\\21.0.1\\javafx-graphics-21.0.1.jar --add-modules=javafx.base,javafx.controls,javafx.fxml,javafx.graphics org.example.MainFX

Host: Intel(R) Core(TM) i5-9300HF CPU @ 2.40GHz, 8 cores, 15G,  Windows 11 , 64 bit Build 22621 (10.0.22621.3085)
Time: Mon Mar  4 18:55:32 2024 Romance Standard Time elapsed time: 2.364057 seconds (0d 0h 0m 2s)

---------------  T H R E A D  ---------------

Current thread (0x000001cae109e5c0):  VMThread "VM Thread"          [id=9928, stack(0x0000000c37800000,0x0000000c37900000) (1024K)]

Stack: [0x0000000c37800000,0x0000000c37900000]
Native frames: (J=compiled Java code, j=interpreted, Vv=VM code, C=native code)
V  [jvm.dll+0x6c9029]
V  [jvm.dll+0x854b81]
V  [jvm.dll+0x856e5e]
V  [jvm.dll+0x857543]
V  [jvm.dll+0x280c06]
V  [jvm.dll+0x6c5715]
V  [jvm.dll+0x6ba10a]
V  [jvm.dll+0x3557ea]
V  [jvm.dll+0x35d436]
V  [jvm.dll+0x3ae1be]
V  [jvm.dll+0x3ae468]
V  [jvm.dll+0x3291fc]
V  [jvm.dll+0x32baa6]
V  [jvm.dll+0x3359fe]
V  [jvm.dll+0x36bc65]
V  [jvm.dll+0x85d048]
V  [jvm.dll+0x85e144]
V  [jvm.dll+0x85e680]
V  [jvm.dll+0x85e923]
V  [jvm.dll+0x7fd728]
V  [jvm.dll+0x6c777d]
C  [ucrtbase.dll+0x29363]
C  [KERNEL32.DLL+0x1257d]
C  [ntdll.dll+0x5aa58]

VM_Operation (0x0000000c373ff750): G1PauseRemark, mode: safepoint, requested by thread 0x000001cae32fc330


---------------  P R O C E S S  ---------------

Threads class SMR info:
_java_thread_list=0x000001cac947b150, length=19, elements={
0x000001cae10c9790, 0x000001ca823f68b0, 0x000001ca823f7510, 0x000001ca823f8170,
0x000001ca823faf40, 0x000001ca823fbc00, 0x000001ca823fc8c0, 0x000001ca82411990,
0x000001ca82416190, 0x000001ca8261f440, 0x000001cac82139b0, 0x000001cac84087c0,
0x000001cac86e43f0, 0x000001cac870eb00, 0x000001cac8b27130, 0x000001cac8b565d0,
0x000001cac8c17ec0, 0x000001cac9000430, 0x000001cac8ffe360
}

Java Threads: ( => current thread )
  0x000001cae10c9790 JavaThread "main"                              [_thread_blocked, id=7976, stack(0x0000000c37100000,0x0000000c37200000) (1024K)]
  0x000001ca823f68b0 JavaThread "Reference Handler"          daemon [_thread_blocked, id=33732, stack(0x0000000c37900000,0x0000000c37a00000) (1024K)]
  0x000001ca823f7510 JavaThread "Finalizer"                  daemon [_thread_blocked, id=19412, stack(0x0000000c37a00000,0x0000000c37b00000) (1024K)]
  0x000001ca823f8170 JavaThread "Signal Dispatcher"          daemon [_thread_blocked, id=37180, stack(0x0000000c37b00000,0x0000000c37c00000) (1024K)]
  0x000001ca823faf40 JavaThread "Attach Listener"            daemon [_thread_blocked, id=33908, stack(0x0000000c37c00000,0x0000000c37d00000) (1024K)]
  0x000001ca823fbc00 JavaThread "Service Thread"             daemon [_thread_blocked, id=12460, stack(0x0000000c37d00000,0x0000000c37e00000) (1024K)]
  0x000001ca823fc8c0 JavaThread "Monitor Deflation Thread"   daemon [_thread_blocked, id=1708, stack(0x0000000c37e00000,0x0000000c37f00000) (1024K)]
  0x000001ca82411990 JavaThread "C2 CompilerThread0"         daemon [_thread_blocked, id=404, stack(0x0000000c37f00000,0x0000000c38000000) (1024K)]
  0x000001ca82416190 JavaThread "C1 CompilerThread0"         daemon [_thread_blocked, id=24316, stack(0x0000000c38000000,0x0000000c38100000) (1024K)]
  0x000001ca8261f440 JavaThread "Common-Cleaner"             daemon [_thread_blocked, id=9120, stack(0x0000000c38100000,0x0000000c38200000) (1024K)]
  0x000001cac82139b0 JavaThread "Notification Thread"        daemon [_thread_blocked, id=20212, stack(0x0000000c38400000,0x0000000c38500000) (1024K)]
  0x000001cac84087c0 JavaThread "QuantumRenderer-0"          daemon [_thread_blocked, id=37884, stack(0x0000000c38500000,0x0000000c38600000) (1024K)]
  0x000001cac86e43f0 JavaThread "InvokeLaterDispatcher"      daemon [_thread_blocked, id=8524, stack(0x0000000c38700000,0x0000000c38800000) (1024K)]
  0x000001cac870eb00 JavaThread "JavaFX Application Thread"         [_thread_blocked, id=23000, stack(0x0000000c38800000,0x0000000c38900000) (1024K)]
  0x000001cac8b27130 JavaThread "JavaFX-Launcher"                   [_thread_blocked, id=5080, stack(0x0000000c38300000,0x0000000c38400000) (1024K)]
  0x000001cac8b565d0 JavaThread "Thread-2"                   daemon [_thread_blocked, id=23276, stack(0x0000000c38200000,0x0000000c38300000) (1024K)]
  0x000001cac8c17ec0 JavaThread "mysql-cj-abandoned-connection-cleanup" daemon [_thread_blocked, id=28024, stack(0x0000000c38f00000,0x0000000c39000000) (1024K)]
  0x000001cac9000430 JavaThread "Prism Font Disposer"        daemon [_thread_blocked, id=34688, stack(0x0000000c39600000,0x0000000c39700000) (1024K)]
  0x000001cac8ffe360 JavaThread "Cleaner-0"                  daemon [_thread_blocked, id=7692, stack(0x0000000c39700000,0x0000000c39800000) (1024K)]
Total: 19

Other Threads:
=>0x000001cae109e5c0 VMThread "VM Thread"                           [id=9928, stack(0x0000000c37800000,0x0000000c37900000) (1024K)]
  0x000001ca823bfc00 WatcherThread "VM Periodic Task Thread"        [id=14100, stack(0x0000000c37700000,0x0000000c37800000) (1024K)]
  0x000001cae109ed00 WorkerThread "GC Thread#0"                     [id=5856, stack(0x0000000c37200000,0x0000000c37300000) (1024K)]
  0x000001cae109fb80 WorkerThread "GC Thread#1"                     [id=13120, stack(0x0000000c38a00000,0x0000000c38b00000) (1024K)]
  0x000001cac8b831b0 WorkerThread "GC Thread#2"                     [id=10916, stack(0x0000000c38b00000,0x0000000c38c00000) (1024K)]
  0x000001cac8b826d0 WorkerThread "GC Thread#3"                     [id=27852, stack(0x0000000c38c00000,0x0000000c38d00000) (1024K)]
  0x000001cac8b84b10 WorkerThread "GC Thread#4"                     [id=38524, stack(0x0000000c38d00000,0x0000000c38e00000) (1024K)]
  0x000001cac8b860d0 WorkerThread "GC Thread#5"                     [id=29596, stack(0x0000000c38e00000,0x0000000c38f00000) (1024K)]
  0x000001cac8b82e10 WorkerThread "GC Thread#6"                     [id=9752, stack(0x0000000c39200000,0x0000000c39300000) (1024K)]
  0x000001cac8b82a70 WorkerThread "GC Thread#7"                     [id=17480, stack(0x0000000c39300000,0x0000000c39400000) (1024K)]
  0x000001cae32fc330 ConcurrentGCThread "G1 Main Marker"            [id=26792, stack(0x0000000c37300000,0x0000000c37400000) (1024K)]
  0x000001cae109e220 WorkerThread "G1 Conc#0"                       [id=38000, stack(0x0000000c37400000,0x0000000c37500000) (1024K)]
  0x000001cac8b84030 WorkerThread "G1 Conc#1"                       [id=4240, stack(0x0000000c39000000,0x0000000c39100000) (1024K)]
  0x000001cae333e9b0 ConcurrentGCThread "G1 Refine#0"               [id=12828, stack(0x0000000c37500000,0x0000000c37600000) (1024K)]
  0x000001ca822872d0 ConcurrentGCThread "G1 Service"                [id=13980, stack(0x0000000c37600000,0x0000000c37700000) (1024K)]
Total: 15

Threads with active compile tasks:
C2 CompilerThread0     2395 2137       4       java.util.concurrent.locks.ReentrantLock::lock (8 bytes)
Total: 1

VM state: at safepoint (normal execution)

VM Mutex/Monitor currently owned by a thread:  ([mutex/lock_event])
[0x00007ffb2747a5f8] Threads_lock - owner thread: 0x000001cae109e5c0
[0x00007ffb2747a6f8] Heap_lock - owner thread: 0x000001cae32fc330

Heap address: 0x0000000701e00000, size: 4066 MB, Compressed Oops mode: Zero based, Oop shift amount: 3

CDS archive(s) mapped at: [0x000001ca83000000-0x000001ca83c90000-0x000001ca83c90000), size 13172736, SharedBaseAddress: 0x000001ca83000000, ArchiveRelocationMode: 1.
Compressed class space mapped at: 0x000001ca84000000-0x000001cac4000000, reserved size: 1073741824
Narrow klass base: 0x000001ca83000000, Narrow klass shift: 0, Narrow klass range: 0x100000000

GC Precious Log:
 CardTable entry size: 512
 Card Set container configuration: InlinePtr #cards 4 size 8 Array Of Cards #cards 16 size 48 Howl #buckets 8 coarsen threshold 3686 Howl Bitmap #cards 512 size 80 coarsen threshold 460 Card regions per heap region 1 cards per card region 4096
 CPUs: 8 total, 8 available
 Memory: 16261M
 Large Page Support: Disabled
 NUMA Support: Disabled
 Compressed Oops: Enabled (Zero based)
 Heap Region Size: 2M
 Heap Min Capacity: 8M
 Heap Initial Capacity: 256M
 Heap Max Capacity: 4066M
 Pre-touch: Disabled
 Parallel Workers: 8
 Concurrent Workers: 2
 Concurrent Refinement Workers: 8
 Periodic GC: Disabled

Heap:
 garbage-first heap   total 321536K, used 191646K [0x0000000701e00000, 0x0000000800000000)
  region size 2048K, 4 young (8192K), 3 survivors (6144K)
 Metaspace       used 18019K, committed 18368K, reserved 1114112K
  class space    used 2652K, committed 2816K, reserved 1048576K

Heap Regions: E=young(eden), S=young(survivor), O=old, HS=humongous(starts), HC=humongous(continues), CS=collection set, F=free, TAMS=top-at-mark-start, PB=parsable bottom
|   0|0x0000000701e00000, 0x0000000702000000, 0x0000000702000000|100%| O|  |TAMS 0x0000000702000000| PB 0x0000000702000000| Updating 
|   1|0x0000000702000000, 0x0000000702200000, 0x0000000702200000|100%|HS|  |TAMS 0x0000000702200000| PB 0x0000000702000000| Complete 
|   2|0x0000000702200000, 0x0000000702400000, 0x0000000702400000|100%|HC|  |TAMS 0x0000000702400000| PB 0x0000000702200000| Complete 
|   3|0x0000000702400000, 0x0000000702600000, 0x0000000702600000|100%|HC|  |TAMS 0x0000000702600000| PB 0x0000000702400000| Complete 
|   4|0x0000000702600000, 0x0000000702800000, 0x0000000702800000|100%|HC|  |TAMS 0x0000000702800000| PB 0x0000000702600000| Complete 
|   5|0x0000000702800000, 0x0000000702a00000, 0x0000000702a00000|100%|HC|  |TAMS 0x0000000702a00000| PB 0x0000000702800000| Complete 
|   6|0x0000000702a00000, 0x0000000702c00000, 0x0000000702c00000|100%|HC|  |TAMS 0x0000000702c00000| PB 0x0000000702a00000| Complete 
|   7|0x0000000702c00000, 0x0000000702e00000, 0x0000000702e00000|100%|HC|  |TAMS 0x0000000702e00000| PB 0x0000000702c00000| Complete 
|   8|0x0000000702e00000, 0x0000000703000000, 0x0000000703000000|100%|HC|  |TAMS 0x0000000703000000| PB 0x0000000702e00000| Complete 
|   9|0x0000000703000000, 0x0000000703200000, 0x0000000703200000|100%|HC|  |TAMS 0x0000000703200000| PB 0x0000000703000000| Complete 
|  10|0x0000000703200000, 0x0000000703400000, 0x0000000703400000|100%|HC|  |TAMS 0x0000000703400000| PB 0x0000000703200000| Complete 
|  11|0x0000000703400000, 0x0000000703600000, 0x0000000703600000|100%|HC|  |TAMS 0x0000000703600000| PB 0x0000000703400000| Complete 
|  12|0x0000000703600000, 0x0000000703800000, 0x0000000703800000|100%|HC|  |TAMS 0x0000000703800000| PB 0x0000000703600000| Complete 
|  13|0x0000000703800000, 0x0000000703a00000, 0x0000000703a00000|100%|HC|  |TAMS 0x0000000703a00000| PB 0x0000000703800000| Complete 
|  14|0x0000000703a00000, 0x0000000703c00000, 0x0000000703c00000|100%|HC|  |TAMS 0x0000000703c00000| PB 0x0000000703a00000| Complete 
|  15|0x0000000703c00000, 0x0000000703e00000, 0x0000000703e00000|100%|HC|  |TAMS 0x0000000703e00000| PB 0x0000000703c00000| Complete 
|  16|0x0000000703e00000, 0x0000000704000000, 0x0000000704000000|100%|HC|  |TAMS 0x0000000704000000| PB 0x0000000703e00000| Complete 
|  17|0x0000000704000000, 0x0000000704200000, 0x0000000704200000|100%|HC|  |TAMS 0x0000000704200000| PB 0x0000000704000000| Complete 
|  18|0x0000000704200000, 0x0000000704400000, 0x0000000704400000|100%|HC|  |TAMS 0x0000000704400000| PB 0x0000000704200000| Complete 
|  19|0x0000000704400000, 0x0000000704600000, 0x0000000704600000|100%|HC|  |TAMS 0x0000000704600000| PB 0x0000000704400000| Complete 
|  20|0x0000000704600000, 0x0000000704800000, 0x0000000704800000|100%|HC|  |TAMS 0x0000000704800000| PB 0x0000000704600000| Complete 
|  21|0x0000000704800000, 0x0000000704a00000, 0x0000000704a00000|100%|HC|  |TAMS 0x0000000704a00000| PB 0x0000000704800000| Complete 
|  22|0x0000000704a00000, 0x0000000704c00000, 0x0000000704c00000|100%|HC|  |TAMS 0x0000000704c00000| PB 0x0000000704a00000| Complete 
|  23|0x0000000704c00000, 0x0000000704e00000, 0x0000000704e00000|100%|HC|  |TAMS 0x0000000704e00000| PB 0x0000000704c00000| Complete 
|  24|0x0000000704e00000, 0x0000000705000000, 0x0000000705000000|100%|HC|  |TAMS 0x0000000705000000| PB 0x0000000704e00000| Complete 
|  25|0x0000000705000000, 0x0000000705200000, 0x0000000705200000|100%|HC|  |TAMS 0x0000000705200000| PB 0x0000000705000000| Complete 
|  26|0x0000000705200000, 0x0000000705400000, 0x0000000705400000|100%|HC|  |TAMS 0x0000000705400000| PB 0x0000000705200000| Complete 
|  27|0x0000000705400000, 0x0000000705600000, 0x0000000705600000|100%|HC|  |TAMS 0x0000000705600000| PB 0x0000000705400000| Complete 
|  28|0x0000000705600000, 0x0000000705800000, 0x0000000705800000|100%|HC|  |TAMS 0x0000000705800000| PB 0x0000000705600000| Complete 
|  29|0x0000000705800000, 0x0000000705a00000, 0x0000000705a00000|100%|HC|  |TAMS 0x0000000705a00000| PB 0x0000000705800000| Complete 
|  30|0x0000000705a00000, 0x0000000705c00000, 0x0000000705c00000|100%|HC|  |TAMS 0x0000000705c00000| PB 0x0000000705a00000| Complete 
|  31|0x0000000705c00000, 0x0000000705e00000, 0x0000000705e00000|100%|HC|  |TAMS 0x0000000705e00000| PB 0x0000000705c00000| Complete 
|  32|0x0000000705e00000, 0x0000000706000000, 0x0000000706000000|100%|HC|  |TAMS 0x0000000706000000| PB 0x0000000705e00000| Complete 
|  33|0x0000000706000000, 0x0000000706200000, 0x0000000706200000|100%|HC|  |TAMS 0x0000000706200000| PB 0x0000000706000000| Complete 
|  34|0x0000000706200000, 0x0000000706400000, 0x0000000706400000|100%|HC|  |TAMS 0x0000000706400000| PB 0x0000000706200000| Complete 
|  35|0x0000000706400000, 0x0000000706600000, 0x0000000706600000|100%|HC|  |TAMS 0x0000000706600000| PB 0x0000000706400000| Complete 
|  36|0x0000000706600000, 0x0000000706800000, 0x0000000706800000|100%|HC|  |TAMS 0x0000000706800000| PB 0x0000000706600000| Complete 
|  37|0x0000000706800000, 0x0000000706a00000, 0x0000000706a00000|100%|HC|  |TAMS 0x0000000706a00000| PB 0x0000000706800000| Complete 
|  38|0x0000000706a00000, 0x0000000706c00000, 0x0000000706c00000|100%|HC|  |TAMS 0x0000000706c00000| PB 0x0000000706a00000| Complete 
|  39|0x0000000706c00000, 0x0000000706e00000, 0x0000000706e00000|100%|HC|  |TAMS 0x0000000706e00000| PB 0x0000000706c00000| Complete 
|  40|0x0000000706e00000, 0x0000000707000000, 0x0000000707000000|100%|HC|  |TAMS 0x0000000707000000| PB 0x0000000706e00000| Complete 
|  41|0x0000000707000000, 0x0000000707200000, 0x0000000707200000|100%|HC|  |TAMS 0x0000000707200000| PB 0x0000000707000000| Complete 
|  42|0x0000000707200000, 0x0000000707400000, 0x0000000707400000|100%|HC|  |TAMS 0x0000000707400000| PB 0x0000000707200000| Complete 
|  43|0x0000000707400000, 0x0000000707600000, 0x0000000707600000|100%|HC|  |TAMS 0x0000000707600000| PB 0x0000000707400000| Complete 
|  44|0x0000000707600000, 0x0000000707800000, 0x0000000707800000|100%|HC|  |TAMS 0x0000000707800000| PB 0x0000000707600000| Complete 
|  45|0x0000000707800000, 0x0000000707a00000, 0x0000000707a00000|100%|HC|  |TAMS 0x0000000707a00000| PB 0x0000000707800000| Complete 
|  46|0x0000000707a00000, 0x0000000707c00000, 0x0000000707c00000|100%|HC|  |TAMS 0x0000000707c00000| PB 0x0000000707a00000| Complete 
|  47|0x0000000707c00000, 0x0000000707e00000, 0x0000000707e00000|100%|HC|  |TAMS 0x0000000707e00000| PB 0x0000000707c00000| Complete 
|  48|0x0000000707e00000, 0x0000000708000000, 0x0000000708000000|100%|HC|  |TAMS 0x0000000708000000| PB 0x0000000707e00000| Complete 
|  49|0x0000000708000000, 0x0000000708200000, 0x0000000708200000|100%|HC|  |TAMS 0x0000000708200000| PB 0x0000000708000000| Complete 
|  50|0x0000000708200000, 0x0000000708400000, 0x0000000708400000|100%|HC|  |TAMS 0x0000000708400000| PB 0x0000000708200000| Complete 
|  51|0x0000000708400000, 0x0000000708600000, 0x0000000708600000|100%|HC|  |TAMS 0x0000000708600000| PB 0x0000000708400000| Complete 
|  52|0x0000000708600000, 0x0000000708800000, 0x0000000708800000|100%|HC|  |TAMS 0x0000000708800000| PB 0x0000000708600000| Complete 
|  53|0x0000000708800000, 0x0000000708a00000, 0x0000000708a00000|100%|HC|  |TAMS 0x0000000708a00000| PB 0x0000000708800000| Complete 
|  54|0x0000000708a00000, 0x0000000708c00000, 0x0000000708c00000|100%|HC|  |TAMS 0x0000000708c00000| PB 0x0000000708a00000| Complete 
|  55|0x0000000708c00000, 0x0000000708e00000, 0x0000000708e00000|100%|HC|  |TAMS 0x0000000708e00000| PB 0x0000000708c00000| Complete 
|  56|0x0000000708e00000, 0x0000000709000000, 0x0000000709000000|100%|HC|  |TAMS 0x0000000709000000| PB 0x0000000708e00000| Complete 
|  57|0x0000000709000000, 0x0000000709200000, 0x0000000709200000|100%|HC|  |TAMS 0x0000000709200000| PB 0x0000000709000000| Complete 
|  58|0x0000000709200000, 0x0000000709400000, 0x0000000709400000|100%|HC|  |TAMS 0x0000000709400000| PB 0x0000000709200000| Complete 
|  59|0x0000000709400000, 0x0000000709600000, 0x0000000709600000|100%|HC|  |TAMS 0x0000000709600000| PB 0x0000000709400000| Complete 
|  60|0x0000000709600000, 0x0000000709800000, 0x0000000709800000|100%|HC|  |TAMS 0x0000000709800000| PB 0x0000000709600000| Complete 
|  61|0x0000000709800000, 0x0000000709a00000, 0x0000000709a00000|100%|HC|  |TAMS 0x0000000709a00000| PB 0x0000000709800000| Complete 
|  62|0x0000000709a00000, 0x0000000709c00000, 0x0000000709c00000|100%|HC|  |TAMS 0x0000000709c00000| PB 0x0000000709a00000| Complete 
|  63|0x0000000709c00000, 0x0000000709e00000, 0x0000000709e00000|100%|HC|  |TAMS 0x0000000709e00000| PB 0x0000000709c00000| Complete 
|  64|0x0000000709e00000, 0x000000070a000000, 0x000000070a000000|100%|HC|  |TAMS 0x000000070a000000| PB 0x0000000709e00000| Complete 
|  65|0x000000070a000000, 0x000000070a200000, 0x000000070a200000|100%|HC|  |TAMS 0x000000070a200000| PB 0x000000070a000000| Complete 
|  66|0x000000070a200000, 0x000000070a400000, 0x000000070a400000|100%|HC|  |TAMS 0x000000070a400000| PB 0x000000070a200000| Complete 
|  67|0x000000070a400000, 0x000000070a600000, 0x000000070a600000|100%|HC|  |TAMS 0x000000070a600000| PB 0x000000070a400000| Complete 
|  68|0x000000070a600000, 0x000000070a800000, 0x000000070a800000|100%|HC|  |TAMS 0x000000070a800000| PB 0x000000070a600000| Complete 
|  69|0x000000070a800000, 0x000000070aa00000, 0x000000070aa00000|100%|HC|  |TAMS 0x000000070aa00000| PB 0x000000070a800000| Complete 
|  70|0x000000070aa00000, 0x000000070ac00000, 0x000000070ac00000|100%|HC|  |TAMS 0x000000070ac00000| PB 0x000000070aa00000| Complete 
|  71|0x000000070ac00000, 0x000000070ae00000, 0x000000070ae00000|100%|HC|  |TAMS 0x000000070ae00000| PB 0x000000070ac00000| Complete 
|  72|0x000000070ae00000, 0x000000070b000000, 0x000000070b000000|100%|HC|  |TAMS 0x000000070b000000| PB 0x000000070ae00000| Complete 
|  73|0x000000070b000000, 0x000000070b200000, 0x000000070b200000|100%|HC|  |TAMS 0x000000070b200000| PB 0x000000070b000000| Complete 
|  74|0x000000070b200000, 0x000000070b400000, 0x000000070b400000|100%|HC|  |TAMS 0x000000070b400000| PB 0x000000070b200000| Complete 
|  75|0x000000070b400000, 0x000000070b600000, 0x000000070b600000|100%|HC|  |TAMS 0x000000070b600000| PB 0x000000070b400000| Complete 
|  76|0x000000070b600000, 0x000000070b800000, 0x000000070b800000|100%|HC|  |TAMS 0x000000070b800000| PB 0x000000070b600000| Complete 
|  77|0x000000070b800000, 0x000000070ba00000, 0x000000070ba00000|100%|HC|  |TAMS 0x000000070ba00000| PB 0x000000070b800000| Complete 
|  78|0x000000070ba00000, 0x000000070bc00000, 0x000000070bc00000|100%|HC|  |TAMS 0x000000070bc00000| PB 0x000000070ba00000| Complete 
|  79|0x000000070bc00000, 0x000000070be00000, 0x000000070be00000|100%|HC|  |TAMS 0x000000070be00000| PB 0x000000070bc00000| Complete 
|  80|0x000000070be00000, 0x000000070c000000, 0x000000070c000000|100%|HC|  |TAMS 0x000000070c000000| PB 0x000000070be00000| Complete 
|  81|0x000000070c000000, 0x000000070c200000, 0x000000070c200000|100%|HC|  |TAMS 0x000000070c200000| PB 0x000000070c000000| Complete 
|  82|0x000000070c200000, 0x000000070c400000, 0x000000070c400000|100%|HC|  |TAMS 0x000000070c400000| PB 0x000000070c200000| Complete 
|  83|0x000000070c400000, 0x000000070c600000, 0x000000070c600000|100%|HC|  |TAMS 0x000000070c600000| PB 0x000000070c400000| Complete 
|  84|0x000000070c600000, 0x000000070c800000, 0x000000070c800000|100%|HC|  |TAMS 0x000000070c800000| PB 0x000000070c600000| Complete 
|  85|0x000000070c800000, 0x000000070ca00000, 0x000000070ca00000|100%|HC|  |TAMS 0x000000070ca00000| PB 0x000000070c800000| Complete 
|  86|0x000000070ca00000, 0x000000070cc00000, 0x000000070cc00000|100%|HC|  |TAMS 0x000000070cc00000| PB 0x000000070ca00000| Complete 
|  87|0x000000070cc00000, 0x000000070cd2e6d0, 0x000000070ce00000| 59%| O|  |TAMS 0x000000070cd2e6d0| PB 0x000000070cd2e6d0| Updating 
|  88|0x000000070ce00000, 0x000000070d000000, 0x000000070d000000|100%|HS|  |TAMS 0x000000070d000000| PB 0x000000070ce00000| Complete 
|  89|0x000000070d000000, 0x000000070d200000, 0x000000070d200000|100%|HC|  |TAMS 0x000000070d200000| PB 0x000000070d000000| Complete 
|  90|0x000000070d200000, 0x000000070d400000, 0x000000070d400000|100%|HS|  |TAMS 0x000000070d200000| PB 0x000000070d200000| Complete 
|  91|0x000000070d400000, 0x000000070d400000, 0x000000070d600000|  0%| F|  |TAMS 0x000000070d400000| PB 0x000000070d400000| Untracked 
|  92|0x000000070d600000, 0x000000070d600000, 0x000000070d800000|  0%| F|  |TAMS 0x000000070d600000| PB 0x000000070d600000| Untracked 
|  93|0x000000070d800000, 0x000000070d800000, 0x000000070da00000|  0%| F|  |TAMS 0x000000070d800000| PB 0x000000070d800000| Untracked 
|  94|0x000000070da00000, 0x000000070da00000, 0x000000070dc00000|  0%| F|  |TAMS 0x000000070da00000| PB 0x000000070da00000| Untracked 
|  95|0x000000070dc00000, 0x000000070dc00000, 0x000000070de00000|  0%| F|  |TAMS 0x000000070dc00000| PB 0x000000070dc00000| Untracked 
|  96|0x000000070de00000, 0x000000070de00000, 0x000000070e000000|  0%| F|  |TAMS 0x000000070de00000| PB 0x000000070de00000| Untracked 
|  97|0x000000070e000000, 0x000000070e000000, 0x000000070e200000|  0%| F|  |TAMS 0x000000070e000000| PB 0x000000070e000000| Untracked 
|  98|0x000000070e200000, 0x000000070e200000, 0x000000070e400000|  0%| F|  |TAMS 0x000000070e200000| PB 0x000000070e200000| Untracked 
|  99|0x000000070e400000, 0x000000070e400000, 0x000000070e600000|  0%| F|  |TAMS 0x000000070e400000| PB 0x000000070e400000| Untracked 
| 100|0x000000070e600000, 0x000000070e600000, 0x000000070e800000|  0%| F|  |TAMS 0x000000070e600000| PB 0x000000070e600000| Untracked 
| 101|0x000000070e800000, 0x000000070e800000, 0x000000070ea00000|  0%| F|  |TAMS 0x000000070e800000| PB 0x000000070e800000| Untracked 
| 102|0x000000070ea00000, 0x000000070ea00000, 0x000000070ec00000|  0%| F|  |TAMS 0x000000070ea00000| PB 0x000000070ea00000| Untracked 
| 103|0x000000070ec00000, 0x000000070ec00000, 0x000000070ee00000|  0%| F|  |TAMS 0x000000070ec00000| PB 0x000000070ec00000| Untracked 
| 104|0x000000070ee00000, 0x000000070ee00000, 0x000000070f000000|  0%| F|  |TAMS 0x000000070ee00000| PB 0x000000070ee00000| Untracked 
| 105|0x000000070f000000, 0x000000070f000000, 0x000000070f200000|  0%| F|  |TAMS 0x000000070f000000| PB 0x000000070f000000| Untracked 
| 106|0x000000070f200000, 0x000000070f200000, 0x000000070f400000|  0%| F|  |TAMS 0x000000070f200000| PB 0x000000070f200000| Untracked 
| 107|0x000000070f400000, 0x000000070f400000, 0x000000070f600000|  0%| F|  |TAMS 0x000000070f400000| PB 0x000000070f400000| Untracked 
| 108|0x000000070f600000, 0x000000070f600000, 0x000000070f800000|  0%| F|  |TAMS 0x000000070f600000| PB 0x000000070f600000| Untracked 
| 109|0x000000070f800000, 0x000000070f800000, 0x000000070fa00000|  0%| F|  |TAMS 0x000000070f800000| PB 0x000000070f800000| Untracked 
| 110|0x000000070fa00000, 0x000000070fa00000, 0x000000070fc00000|  0%| F|  |TAMS 0x000000070fa00000| PB 0x000000070fa00000| Untracked 
| 111|0x000000070fc00000, 0x000000070fc00000, 0x000000070fe00000|  0%| F|  |TAMS 0x000000070fc00000| PB 0x000000070fc00000| Untracked 
| 112|0x000000070fe00000, 0x000000070fe00000, 0x0000000710000000|  0%| F|  |TAMS 0x000000070fe00000| PB 0x000000070fe00000| Untracked 
| 113|0x0000000710000000, 0x0000000710000000, 0x0000000710200000|  0%| F|  |TAMS 0x0000000710000000| PB 0x0000000710000000| Untracked 
| 114|0x0000000710200000, 0x0000000710200000, 0x0000000710400000|  0%| F|  |TAMS 0x0000000710200000| PB 0x0000000710200000| Untracked 
| 115|0x0000000710400000, 0x0000000710400000, 0x0000000710600000|  0%| F|  |TAMS 0x0000000710400000| PB 0x0000000710400000| Untracked 
| 116|0x0000000710600000, 0x0000000710600000, 0x0000000710800000|  0%| F|  |TAMS 0x0000000710600000| PB 0x0000000710600000| Untracked 
| 117|0x0000000710800000, 0x0000000710800000, 0x0000000710a00000|  0%| F|  |TAMS 0x0000000710800000| PB 0x0000000710800000| Untracked 
| 118|0x0000000710a00000, 0x0000000710a00000, 0x0000000710c00000|  0%| F|  |TAMS 0x0000000710a00000| PB 0x0000000710a00000| Untracked 
| 119|0x0000000710c00000, 0x0000000710c00000, 0x0000000710e00000|  0%| F|  |TAMS 0x0000000710c00000| PB 0x0000000710c00000| Untracked 
| 120|0x0000000710e00000, 0x0000000710e00000, 0x0000000711000000|  0%| F|  |TAMS 0x0000000710e00000| PB 0x0000000710e00000| Untracked 
| 121|0x0000000711000000, 0x0000000711000000, 0x0000000711200000|  0%| F|  |TAMS 0x0000000711000000| PB 0x0000000711000000| Untracked 
| 122|0x0000000711200000, 0x0000000711200000, 0x0000000711400000|  0%| F|  |TAMS 0x0000000711200000| PB 0x0000000711200000| Untracked 
| 123|0x0000000711400000, 0x0000000711400000, 0x0000000711600000|  0%| F|  |TAMS 0x0000000711400000| PB 0x0000000711400000| Untracked 
| 124|0x0000000711600000, 0x0000000711600000, 0x0000000711800000|  0%| F|  |TAMS 0x0000000711600000| PB 0x0000000711600000| Untracked 
| 125|0x0000000711800000, 0x0000000711800000, 0x0000000711a00000|  0%| F|  |TAMS 0x0000000711800000| PB 0x0000000711800000| Untracked 
| 126|0x0000000711a00000, 0x0000000711a00000, 0x0000000711c00000|  0%| F|  |TAMS 0x0000000711a00000| PB 0x0000000711a00000| Untracked 
| 127|0x0000000711c00000, 0x0000000711c00000, 0x0000000711e00000|  0%| F|  |TAMS 0x0000000711c00000| PB 0x0000000711c00000| Untracked 
| 128|0x0000000711e00000, 0x0000000711e00000, 0x0000000712000000|  0%| F|  |TAMS 0x0000000711e00000| PB 0x0000000711e00000| Untracked 
| 129|0x0000000712000000, 0x0000000712000000, 0x0000000712200000|  0%| F|  |TAMS 0x0000000712000000| PB 0x0000000712000000| Untracked 
| 130|0x0000000712200000, 0x0000000712200000, 0x0000000712400000|  0%| F|  |TAMS 0x0000000712200000| PB 0x0000000712200000| Untracked 
| 131|0x0000000712400000, 0x0000000712400000, 0x0000000712600000|  0%| F|  |TAMS 0x0000000712400000| PB 0x0000000712400000| Untracked 
| 132|0x0000000712600000, 0x0000000712600000, 0x0000000712800000|  0%| F|  |TAMS 0x0000000712600000| PB 0x0000000712600000| Untracked 
| 133|0x0000000712800000, 0x0000000712800000, 0x0000000712a00000|  0%| F|  |TAMS 0x0000000712800000| PB 0x0000000712800000| Untracked 
| 134|0x0000000712a00000, 0x0000000712a00000, 0x0000000712c00000|  0%| F|  |TAMS 0x0000000712a00000| PB 0x0000000712a00000| Untracked 
| 135|0x0000000712c00000, 0x0000000712c00000, 0x0000000712e00000|  0%| F|  |TAMS 0x0000000712c00000| PB 0x0000000712c00000| Untracked 
| 136|0x0000000712e00000, 0x0000000712e00000, 0x0000000713000000|  0%| F|  |TAMS 0x0000000712e00000| PB 0x0000000712e00000| Untracked 
| 137|0x0000000713000000, 0x0000000713000000, 0x0000000713200000|  0%| F|  |TAMS 0x0000000713000000| PB 0x0000000713000000| Untracked 
| 138|0x0000000713200000, 0x0000000713200000, 0x0000000713400000|  0%| F|  |TAMS 0x0000000713200000| PB 0x0000000713200000| Untracked 
| 139|0x0000000713400000, 0x0000000713400000, 0x0000000713600000|  0%| F|  |TAMS 0x0000000713400000| PB 0x0000000713400000| Untracked 
| 140|0x0000000713600000, 0x00000007137f9290, 0x0000000713800000| 98%| S|CS|TAMS 0x0000000713600000| PB 0x0000000713600000| Complete 
| 141|0x0000000713800000, 0x0000000713a00000, 0x0000000713a00000|100%| S|CS|TAMS 0x0000000713800000| PB 0x0000000713800000| Complete 
| 142|0x0000000713a00000, 0x0000000713c00000, 0x0000000713c00000|100%| S|CS|TAMS 0x0000000713a00000| PB 0x0000000713a00000| Complete 
| 143|0x0000000713c00000, 0x0000000713c00000, 0x0000000713e00000|  0%| F|  |TAMS 0x0000000713c00000| PB 0x0000000713c00000| Untracked 
| 144|0x0000000713e00000, 0x0000000713e00000, 0x0000000714000000|  0%| F|  |TAMS 0x0000000713e00000| PB 0x0000000713e00000| Untracked 
| 145|0x0000000714000000, 0x0000000714000000, 0x0000000714200000|  0%| F|  |TAMS 0x0000000714000000| PB 0x0000000714000000| Untracked 
| 146|0x0000000714200000, 0x0000000714200000, 0x0000000714400000|  0%| F|  |TAMS 0x0000000714200000| PB 0x0000000714200000| Untracked 
| 147|0x0000000714400000, 0x0000000714400000, 0x0000000714600000|  0%| F|  |TAMS 0x0000000714400000| PB 0x0000000714400000| Untracked 
| 148|0x0000000714600000, 0x0000000714600000, 0x0000000714800000|  0%| F|  |TAMS 0x0000000714600000| PB 0x0000000714600000| Untracked 
| 149|0x0000000714800000, 0x0000000714800000, 0x0000000714a00000|  0%| F|  |TAMS 0x0000000714800000| PB 0x0000000714800000| Untracked 
| 150|0x0000000714a00000, 0x0000000714a00000, 0x0000000714c00000|  0%| F|  |TAMS 0x0000000714a00000| PB 0x0000000714a00000| Untracked 
| 151|0x0000000714c00000, 0x0000000714c00000, 0x0000000714e00000|  0%| F|  |TAMS 0x0000000714c00000| PB 0x0000000714c00000| Untracked 
| 152|0x0000000714e00000, 0x0000000714e00000, 0x0000000715000000|  0%| F|  |TAMS 0x0000000714e00000| PB 0x0000000714e00000| Untracked 
| 153|0x0000000715000000, 0x0000000715000000, 0x0000000715200000|  0%| F|  |TAMS 0x0000000715000000| PB 0x0000000715000000| Untracked 
| 154|0x0000000715200000, 0x0000000715200000, 0x0000000715400000|  0%| F|  |TAMS 0x0000000715200000| PB 0x0000000715200000| Untracked 
| 155|0x0000000715400000, 0x0000000715400000, 0x0000000715600000|  0%| F|  |TAMS 0x0000000715400000| PB 0x0000000715400000| Untracked 
| 156|0x0000000715600000, 0x00000007157001b0, 0x0000000715800000| 50%| E|  |TAMS 0x0000000715600000| PB 0x0000000715600000| Complete 

Card table byte_map: [0x000001cafb210000,0x000001cafba10000] _byte_map_base: 0x000001caf7a01000

Marking Bits: (CMBitMap*) 0x000001cae32eba90
 Bits: [0x000001cafba10000, 0x000001caff998000)

Polling page: 0x000001cae1070000

Metaspace:

Usage:
  Non-class:     15.01 MB used.
      Class:      2.59 MB used.
       Both:     17.60 MB used.

Virtual space:
  Non-class space:       64.00 MB reserved,      15.19 MB ( 24%) committed,  1 nodes.
      Class space:        1.00 GB reserved,       2.75 MB ( <1%) committed,  1 nodes.
             Both:        1.06 GB reserved,      17.94 MB (  2%) committed. 

Chunk freelists:
   Non-Class:  64.00 KB
       Class:  13.14 MB
        Both:  13.20 MB

MaxMetaspaceSize: unlimited
CompressedClassSpaceSize: 1.00 GB
Initial GC threshold: 21.00 MB
Current GC threshold: 21.00 MB
CDS: on
 - commit_granule_bytes: 65536.
 - commit_granule_words: 8192.
 - virtual_space_node_default_size: 8388608.
 - enlarge_chunks_in_place: 1.
 - use_allocation_guard: 0.


Internal statistics:

num_allocs_failed_limit: 0.
num_arena_births: 368.
num_arena_deaths: 0.
num_vsnodes_births: 2.
num_vsnodes_deaths: 0.
num_space_committed: 287.
num_space_uncommitted: 0.
num_chunks_returned_to_freelist: 0.
num_chunks_taken_from_freelist: 960.
num_chunk_merges: 0.
num_chunk_splits: 672.
num_chunks_enlarged: 496.
num_inconsistent_stats: 0.

CodeHeap 'non-profiled nmethods': size=120000Kb used=796Kb max_used=864Kb free=119203Kb
 bounds [0x000001caf31a0000, 0x000001caf3410000, 0x000001cafa6d0000]
CodeHeap 'profiled nmethods': size=120000Kb used=3466Kb max_used=4023Kb free=116533Kb
 bounds [0x000001caeb6d0000, 0x000001caebac0000, 0x000001caf2c00000]
CodeHeap 'non-nmethods': size=5760Kb used=1830Kb max_used=1839Kb free=3929Kb
 bounds [0x000001caf2c00000, 0x000001caf2e70000, 0x000001caf31a0000]
 total_blobs=2754 nmethods=1918 adapters=739
 compilation: enabled
              stopped_count=0, restarted_count=0
 full_count=0

Compilation events (20 events):
Event: 2.351 Thread 0x000001ca82411990 2128       4       jdk.internal.misc.Unsafe::getInt (7 bytes)
Event: 2.351 Thread 0x000001ca82416190 2130       3       java.lang.ref.ReferenceQueue::signal (10 bytes)
Event: 2.352 Thread 0x000001ca82411990 nmethod 2128 0x000001caf3276f10 code [0x000001caf32770a0, 0x000001caf3277130]
Event: 2.352 Thread 0x000001ca82416190 nmethod 2130 0x000001caebaba690 code [0x000001caebaba880, 0x000001caebabacb0]
Event: 2.352 Thread 0x000001ca82416190 2131       3       java.util.concurrent.locks.AbstractQueuedSynchronizer$ConditionObject::signalAll (34 bytes)
Event: 2.352 Thread 0x000001ca82411990 2136       4       java.util.concurrent.locks.ReentrantLock::unlock (10 bytes)
Event: 2.352 Thread 0x000001ca82416190 nmethod 2131 0x000001caebabae90 code [0x000001caebabb060, 0x000001caebabb3c8]
Event: 2.352 Thread 0x000001ca82416190 2138       3       jdk.internal.misc.InnocuousThread::eraseThreadLocals (23 bytes)
Event: 2.352 Thread 0x000001ca82416190 nmethod 2138 0x000001caebabb510 code [0x000001caebabb6c0, 0x000001caebabb8c0]
Event: 2.352 Thread 0x000001ca82416190 2132       3       java.lang.invoke.MethodHandleNatives$CallSiteContext::run (5 bytes)
Event: 2.352 Thread 0x000001ca82416190 nmethod 2132 0x000001caebabb990 code [0x000001caebabbb40, 0x000001caebabbc78]
Event: 2.352 Thread 0x000001ca82416190 2133   !   3       java.lang.ref.ReferenceQueue::remove (61 bytes)
Event: 2.353 Thread 0x000001ca82416190 nmethod 2133 0x000001caebabbd10 code [0x000001caebabbfa0, 0x000001caebabcba0]
Event: 2.353 Thread 0x000001ca82416190 2134       3       java.lang.ref.ReferenceQueue::remove0 (64 bytes)
Event: 2.353 Thread 0x000001ca82416190 nmethod 2134 0x000001caebabcf90 code [0x000001caebabd1a0, 0x000001caebabd658]
Event: 2.353 Thread 0x000001ca82416190 2135   !   3       jdk.internal.ref.PhantomCleanable::isListEmpty (34 bytes)
Event: 2.353 Thread 0x000001ca82416190 nmethod 2135 0x000001caebabd790 code [0x000001caebabd940, 0x000001caebabdbb0]
Event: 2.354 Thread 0x000001ca82411990 nmethod 2136 0x000001caf3277610 code [0x000001caf32777c0, 0x000001caf32779c8]
Event: 2.354 Thread 0x000001ca82411990 2137       4       java.util.concurrent.locks.ReentrantLock::lock (8 bytes)
Event: 2.359 Thread 0x000001ca82411990 nmethod 2137 0x000001caf3277b90 code [0x000001caf3277d40, 0x000001caf3278020]

GC Heap History (8 events):
Event: 0.631 GC heap before
{Heap before GC invocations=0 (full 0):
 garbage-first heap   total 262144K, used 22528K [0x0000000701e00000, 0x0000000800000000)
  region size 2048K, 11 young (22528K), 0 survivors (0K)
 Metaspace       used 3693K, committed 3904K, reserved 1114112K
  class space    used 386K, committed 448K, reserved 1048576K
}
Event: 0.634 GC heap after
{Heap after GC invocations=1 (full 0):
 garbage-first heap   total 262144K, used 2779K [0x0000000701e00000, 0x0000000800000000)
  region size 2048K, 2 young (4096K), 2 survivors (4096K)
 Metaspace       used 3693K, committed 3904K, reserved 1114112K
  class space    used 386K, committed 448K, reserved 1048576K
}
Event: 1.201 GC heap before
{Heap before GC invocations=1 (full 0):
 garbage-first heap   total 262144K, used 29403K [0x0000000701e00000, 0x0000000800000000)
  region size 2048K, 17 young (34816K), 2 survivors (4096K)
 Metaspace       used 12255K, committed 12480K, reserved 1114112K
  class space    used 1490K, committed 1600K, reserved 1048576K
}
Event: 1.206 GC heap after
{Heap after GC invocations=2 (full 0):
 garbage-first heap   total 262144K, used 6895K [0x0000000701e00000, 0x0000000800000000)
  region size 2048K, 3 young (6144K), 3 survivors (6144K)
 Metaspace       used 12255K, committed 12480K, reserved 1114112K
  class space    used 1490K, committed 1600K, reserved 1048576K
}
Event: 1.639 GC heap before
{Heap before GC invocations=2 (full 0):
 garbage-first heap   total 262144K, used 183023K [0x0000000701e00000, 0x0000000800000000)
  region size 2048K, 4 young (8192K), 3 survivors (6144K)
 Metaspace       used 12411K, committed 12736K, reserved 1114112K
  class space    used 1513K, committed 1664K, reserved 1048576K
}
Event: 1.643 GC heap after
{Heap after GC invocations=3 (full 0):
 garbage-first heap   total 262144K, used 183864K [0x0000000701e00000, 0x0000000800000000)
  region size 2048K, 3 young (6144K), 3 survivors (6144K)
 Metaspace       used 12411K, committed 12736K, reserved 1114112K
  class space    used 1513K, committed 1664K, reserved 1048576K
}
Event: 2.346 GC heap before
{Heap before GC invocations=4 (full 0):
 garbage-first heap   total 321536K, used 216632K [0x0000000701e00000, 0x0000000800000000)
  region size 2048K, 18 young (36864K), 3 survivors (6144K)
 Metaspace       used 17966K, committed 18368K, reserved 1114112K
  class space    used 2643K, committed 2816K, reserved 1048576K
}
Event: 2.351 GC heap after
{Heap after GC invocations=5 (full 0):
 garbage-first heap   total 321536K, used 189598K [0x0000000701e00000, 0x0000000800000000)
  region size 2048K, 3 young (6144K), 3 survivors (6144K)
 Metaspace       used 17966K, committed 18368K, reserved 1114112K
  class space    used 2643K, committed 2816K, reserved 1048576K
}

Dll operation events (20 events):
Event: 0.343 Loaded shared library C:\Users\GAMING\.openjfx\cache\21.0.1+6\amd64\api-ms-win-crt-multibyte-l1-1-0.dll
Event: 0.345 Loaded shared library C:\Users\GAMING\.openjfx\cache\21.0.1+6\amd64\api-ms-win-crt-private-l1-1-0.dll
Event: 0.347 Loaded shared library C:\Users\GAMING\.openjfx\cache\21.0.1+6\amd64\api-ms-win-crt-process-l1-1-0.dll
Event: 0.349 Loaded shared library C:\Users\GAMING\.openjfx\cache\21.0.1+6\amd64\api-ms-win-crt-runtime-l1-1-0.dll
Event: 0.351 Loaded shared library C:\Users\GAMING\.openjfx\cache\21.0.1+6\amd64\api-ms-win-crt-stdio-l1-1-0.dll
Event: 0.353 Loaded shared library C:\Users\GAMING\.openjfx\cache\21.0.1+6\amd64\api-ms-win-crt-string-l1-1-0.dll
Event: 0.354 Loaded shared library C:\Users\GAMING\.openjfx\cache\21.0.1+6\amd64\api-ms-win-crt-time-l1-1-0.dll
Event: 0.356 Loaded shared library C:\Users\GAMING\.openjfx\cache\21.0.1+6\amd64\api-ms-win-crt-utility-l1-1-0.dll
Event: 0.367 Loaded shared library C:\Users\GAMING\.openjfx\cache\21.0.1+6\amd64\ucrtbase.dll
Event: 0.370 Loaded shared library C:\Users\GAMING\.openjfx\cache\21.0.1+6\amd64\vcruntime140.dll
Event: 0.372 Loaded shared library C:\Users\GAMING\.openjfx\cache\21.0.1+6\amd64\vcruntime140_1.dll
Event: 0.379 Loaded shared library C:\Users\GAMING\.openjfx\cache\21.0.1+6\amd64\msvcp140.dll
Event: 0.381 Loaded shared library C:\Users\GAMING\.openjfx\cache\21.0.1+6\amd64\msvcp140_1.dll
Event: 0.386 Loaded shared library C:\Users\GAMING\.openjfx\cache\21.0.1+6\amd64\msvcp140_2.dll
Event: 0.421 Loaded shared library C:\Users\GAMING\.openjfx\cache\21.0.1+6\amd64\prism_d3d.dll
Event: 0.487 Loaded shared library C:\Users\GAMING\.openjfx\cache\21.0.1+6\amd64\glass.dll
Event: 0.615 Loaded shared library C:\Program Files\Java\jdk-21\bin\jimage.dll
Event: 0.767 Loaded shared library C:\Program Files\Java\jdk-21\bin\extnet.dll
Event: 1.024 Loaded shared library C:\Users\GAMING\.openjfx\cache\21.0.1+6\amd64\javafx_font.dll
Event: 1.199 Loaded shared library C:\Users\GAMING\.openjfx\cache\21.0.1+6\amd64\javafx_iio.dll

Deoptimization events (20 events):
Event: 2.055 Thread 0x000001cac870eb00 Uncommon trap: trap_request=0xffffff45 fr.pc=0x000001caf323e414 relative=0x0000000000000154
Event: 2.055 Thread 0x000001cac870eb00 Uncommon trap: reason=unstable_if action=reinterpret pc=0x000001caf323e414 method=java.util.concurrent.ConcurrentHashMap.addCount(JI)V @ 7 c2
Event: 2.055 Thread 0x000001cac870eb00 DEOPT PACKING pc=0x000001caf323e414 sp=0x0000000c388fc870
Event: 2.055 Thread 0x000001cac870eb00 DEOPT UNPACKING pc=0x000001caf2c546a2 sp=0x0000000c388fc7d0 mode 2
Event: 2.066 Thread 0x000001cac84087c0 Uncommon trap: trap_request=0xffffffde fr.pc=0x000001caf3223b54 relative=0x00000000000004d4
Event: 2.066 Thread 0x000001cac84087c0 Uncommon trap: reason=class_check action=maybe_recompile pc=0x000001caf3223b54 method=java.io.BufferedInputStream.read1([BII)I @ 52 c2
Event: 2.066 Thread 0x000001cac84087c0 DEOPT PACKING pc=0x000001caf3223b54 sp=0x0000000c385fdb90
Event: 2.066 Thread 0x000001cac84087c0 DEOPT UNPACKING pc=0x000001caf2c546a2 sp=0x0000000c385fdb48 mode 2
Event: 2.072 Thread 0x000001cac84087c0 Uncommon trap: trap_request=0xffffffde fr.pc=0x000001caf3223b54 relative=0x00000000000004d4
Event: 2.072 Thread 0x000001cac84087c0 Uncommon trap: reason=class_check action=maybe_recompile pc=0x000001caf3223b54 method=java.io.BufferedInputStream.read1([BII)I @ 52 c2
Event: 2.072 Thread 0x000001cac84087c0 DEOPT PACKING pc=0x000001caf3223b54 sp=0x0000000c385fd700
Event: 2.072 Thread 0x000001cac84087c0 DEOPT UNPACKING pc=0x000001caf2c546a2 sp=0x0000000c385fd6b8 mode 2
Event: 2.074 Thread 0x000001cac84087c0 Uncommon trap: trap_request=0xffffffde fr.pc=0x000001caf3223b54 relative=0x00000000000004d4
Event: 2.074 Thread 0x000001cac84087c0 Uncommon trap: reason=class_check action=maybe_recompile pc=0x000001caf3223b54 method=java.io.BufferedInputStream.read1([BII)I @ 52 c2
Event: 2.074 Thread 0x000001cac84087c0 DEOPT PACKING pc=0x000001caf3223b54 sp=0x0000000c385fd7d0
Event: 2.074 Thread 0x000001cac84087c0 DEOPT UNPACKING pc=0x000001caf2c546a2 sp=0x0000000c385fd788 mode 2
Event: 2.111 Thread 0x000001cac84087c0 Uncommon trap: trap_request=0xffffffde fr.pc=0x000001caf3223b54 relative=0x00000000000004d4
Event: 2.111 Thread 0x000001cac84087c0 Uncommon trap: reason=class_check action=maybe_recompile pc=0x000001caf3223b54 method=java.io.BufferedInputStream.read1([BII)I @ 52 c2
Event: 2.111 Thread 0x000001cac84087c0 DEOPT PACKING pc=0x000001caf3223b54 sp=0x0000000c385fd9f0
Event: 2.111 Thread 0x000001cac84087c0 DEOPT UNPACKING pc=0x000001caf2c546a2 sp=0x0000000c385fd9a8 mode 2

Classes loaded (20 events):
Event: 2.055 Loading class java/util/concurrent/ConcurrentLinkedQueue
Event: 2.055 Loading class java/util/concurrent/ConcurrentLinkedQueue done
Event: 2.055 Loading class java/util/concurrent/ConcurrentLinkedQueue$Node
Event: 2.055 Loading class java/util/concurrent/ConcurrentLinkedQueue$Node done
Event: 2.075 Loading class java/nio/ShortBuffer
Event: 2.075 Loading class java/nio/ShortBuffer done
Event: 2.075 Loading class java/nio/DoubleBuffer
Event: 2.076 Loading class java/nio/DoubleBuffer done
Event: 2.077 Loading class java/nio/DirectFloatBufferU
Event: 2.077 Loading class java/nio/DirectFloatBufferU done
Event: 2.258 Loading class java/lang/Throwable$WrappedPrintStream
Event: 2.258 Loading class java/lang/Throwable$PrintStreamOrWriter
Event: 2.258 Loading class java/lang/Throwable$PrintStreamOrWriter done
Event: 2.258 Loading class java/lang/Throwable$WrappedPrintStream done
Event: 2.320 Loading class jdk/internal/ref/CleanerImpl$InnocuousThreadFactory
Event: 2.320 Loading class jdk/internal/ref/CleanerImpl$InnocuousThreadFactory done
Event: 2.326 Loading class sun/misc/Unsafe
Event: 2.326 Loading class sun/misc/Unsafe done
Event: 2.327 Loading class java/lang/invoke/DirectMethodHandle$StaticAccessor
Event: 2.327 Loading class java/lang/invoke/DirectMethodHandle$StaticAccessor done

Classes unloaded (0 events):
No events

Classes redefined (0 events):
No events

Internal exceptions (20 events):
Event: 1.677 Thread 0x000001cac870eb00 Exception <a 'java/lang/NoSuchMethodError'{0x0000000711d1bbc8}: 'void java.lang.invoke.Invokers$Holder.invokeExact_MT(java.lang.Object, java.lang.Object, java.lang.Object, java.lang.Object)'> (0x0000000711d1bbc8) 
thrown [s\open\src\hotspot\share\interpreter\linkResolver.cpp, line 773]
Event: 1.688 Thread 0x000001cac870eb00 Exception <a 'java/lang/NoSuchMethodError'{0x0000000711d81158}: 'java.lang.Object java.lang.invoke.DelegatingMethodHandle$Holder.reinvoke_L(java.lang.Object, double, double, double, double)'> (0x0000000711d81158) 
thrown [s\open\src\hotspot\share\interpreter\linkResolver.cpp, line 773]
Event: 1.689 Thread 0x000001cac870eb00 Exception <a 'java/lang/NoSuchMethodError'{0x0000000711d8bde0}: 'java.lang.Object java.lang.invoke.DirectMethodHandle$Holder.invokeStatic(java.lang.Object, java.lang.Object, int)'> (0x0000000711d8bde0) 
thrown [s\open\src\hotspot\share\interpreter\linkResolver.cpp, line 773]
Event: 1.690 Thread 0x000001cac870eb00 Exception <a 'java/lang/NoSuchMethodError'{0x0000000711df0488}: 'void java.lang.invoke.DirectMethodHandle$Holder.invokeStatic(java.lang.Object, java.lang.Object, int, java.lang.Object)'> (0x0000000711df0488) 
thrown [s\open\src\hotspot\share\interpreter\linkResolver.cpp, line 773]
Event: 1.690 Thread 0x000001cac870eb00 Exception <a 'java/lang/NoSuchMethodError'{0x0000000711df6ef8}: 'void java.lang.invoke.DelegatingMethodHandle$Holder.delegate(java.lang.Object, java.lang.Object, int, java.lang.Object)'> (0x0000000711df6ef8) 
thrown [s\open\src\hotspot\share\interpreter\linkResolver.cpp, line 773]
Event: 1.730 Thread 0x000001cac870eb00 Implicit null exception at 0x000001caf3238966 to 0x000001caf3238a12
Event: 1.833 Thread 0x000001cac870eb00 Exception <a 'java/lang/NoSuchMethodError'{0x0000000714d57598}: 'java.lang.Object java.lang.invoke.DirectMethodHandle$Holder.invokeInterface(java.lang.Object, java.lang.Object, java.lang.Object)'> (0x0000000714d57598) 
thrown [s\open\src\hotspot\share\interpreter\linkResolver.cpp, line 773]
Event: 1.833 Thread 0x000001cac870eb00 Exception <a 'java/lang/IncompatibleClassChangeError'{0x0000000714d5a980}: Found class java.lang.Object, but interface was expected> (0x0000000714d5a980) 
thrown [s\open\src\hotspot\share\interpreter\linkResolver.cpp, line 840]
Event: 1.867 Thread 0x000001cac870eb00 Exception <a 'java/lang/ClassNotFoundException'{0x0000000714bf4220}: com/sun/javafx/scene/control/skin/resources/controls> (0x0000000714bf4220) 
thrown [s\open\src\hotspot\share\prims\jni.cpp, line 539]
Event: 1.867 Thread 0x000001cac870eb00 Exception <a 'java/lang/ClassNotFoundException'{0x00000007148028a8}: com/sun/javafx/scene/control/skin/resources/controls_en> (0x00000007148028a8) 
thrown [s\open\src\hotspot\share\prims\jni.cpp, line 539]
Event: 1.868 Thread 0x000001cac870eb00 Exception <a 'java/lang/ClassNotFoundException'{0x00000007148040e0}: com/sun/javafx/scene/control/skin/resources/controls_en_US> (0x00000007148040e0) 
thrown [s\open\src\hotspot\share\prims\jni.cpp, line 539]
Event: 1.906 Thread 0x000001cac870eb00 Exception <a 'java/lang/NoSuchMethodError'{0x00000007149e14f8}: 'void java.lang.invoke.DirectMethodHandle$Holder.invokeSpecial(java.lang.Object, java.lang.Object, java.lang.Object, java.lang.Object, java.lang.Object, java.lang.Object)'> (0x00000007149e14f8) 
thrown [s\open\src\hotspot\share\interpreter\linkResolver.cpp, line 773]
Event: 1.991 Thread 0x000001cac870eb00 Exception <a 'java/lang/NoSuchMethodError'{0x00000007142fb688}: 'int java.lang.invoke.DirectMethodHandle$Holder.invokeSpecial(java.lang.Object, java.lang.Object, int)'> (0x00000007142fb688) 
thrown [s\open\src\hotspot\share\interpreter\linkResolver.cpp, line 773]
Event: 2.003 Thread 0x000001cac870eb00 Exception <a 'java/lang/NoSuchMethodError'{0x0000000714356808}: 'java.lang.Object java.lang.invoke.DirectMethodHandle$Holder.newInvokeSpecial(java.lang.Object, java.lang.Object, int)'> (0x0000000714356808) 
thrown [s\open\src\hotspot\share\interpreter\linkResolver.cpp, line 773]
Event: 2.050 Thread 0x000001cac84087c0 Exception <a 'java/lang/NoSuchMethodError'{0x00000007140eb568}: 'int java.lang.invoke.DirectMethodHandle$Holder.invokeStaticInit(java.lang.Object, java.lang.Object)'> (0x00000007140eb568) 
thrown [s\open\src\hotspot\share\interpreter\linkResolver.cpp, line 773]
Event: 2.056 Thread 0x000001cac870eb00 Exception <a 'java/lang/NoSuchMethodError'{0x0000000714056ee0}: 'long java.lang.invoke.DirectMethodHandle$Holder.invokeStatic(java.lang.Object, java.lang.Object, java.lang.Object)'> (0x0000000714056ee0) 
thrown [s\open\src\hotspot\share\interpreter\linkResolver.cpp, line 773]
Event: 2.056 Thread 0x000001cac870eb00 Exception <a 'java/lang/NoSuchMethodError'{0x000000071405a2b0}: 'long java.lang.invoke.DirectMethodHandle$Holder.invokeStaticInit(java.lang.Object, java.lang.Object, java.lang.Object)'> (0x000000071405a2b0) 
thrown [s\open\src\hotspot\share\interpreter\linkResolver.cpp, line 773]
Event: 2.061 Thread 0x000001cac870eb00 Exception <a 'java/lang/NoSuchMethodError'{0x000000071406e7b0}: 'java.lang.Object java.lang.invoke.DirectMethodHandle$Holder.newInvokeSpecial(java.lang.Object, java.lang.Object, long)'> (0x000000071406e7b0) 
thrown [s\open\src\hotspot\share\interpreter\linkResolver.cpp, line 773]
Event: 2.061 Thread 0x000001cac870eb00 Exception <a 'java/lang/NoSuchMethodError'{0x00000007140720a8}: 'java.lang.Object java.lang.invoke.Invokers$Holder.linkToTargetMethod(java.lang.Object, long, java.lang.Object)'> (0x00000007140720a8) 
thrown [s\open\src\hotspot\share\interpreter\linkResolver.cpp, line 773]
Event: 2.066 Thread 0x000001cac84087c0 Exception <a 'java/lang/NoSuchMethodError'{0x000000071419f938}: 'java.lang.Object java.lang.invoke.Invokers$Holder.invokeExact_MT(java.lang.Object, java.lang.Object, java.lang.Object, java.lang.Object, java.lang.Object)'> (0x000000071419f938) 
thrown [s\open\src\hotspot\share\interpreter\linkResolver.cpp, line 773]

ZGC Phase Switch (0 events):
No events

VM Operations (20 events):
Event: 0.689 Executing VM operation: HandshakeAllThreads (Deoptimize) done
Event: 0.980 Executing VM operation: HandshakeAllThreads (Deoptimize)
Event: 0.980 Executing VM operation: HandshakeAllThreads (Deoptimize) done
Event: 1.200 Executing VM operation: G1TryInitiateConcMark (G1 Humongous Allocation)
Event: 1.206 Executing VM operation: G1TryInitiateConcMark (G1 Humongous Allocation) done
Event: 1.639 Executing VM operation: G1TryInitiateConcMark (G1 Humongous Allocation)
Event: 1.643 Executing VM operation: G1TryInitiateConcMark (G1 Humongous Allocation) done
Event: 1.645 Executing VM operation: G1PauseRemark
Event: 1.647 Executing VM operation: G1PauseRemark done
Event: 1.648 Executing VM operation: G1PauseCleanup
Event: 1.648 Executing VM operation: G1PauseCleanup done
Event: 1.687 Executing VM operation: HandshakeAllThreads (Deoptimize)
Event: 1.687 Executing VM operation: HandshakeAllThreads (Deoptimize) done
Event: 1.689 Executing VM operation: HandshakeAllThreads (Deoptimize)
Event: 1.689 Executing VM operation: HandshakeAllThreads (Deoptimize) done
Event: 1.978 Executing VM operation: ICBufferFull
Event: 1.978 Executing VM operation: ICBufferFull done
Event: 2.346 Executing VM operation: G1TryInitiateConcMark (G1 Humongous Allocation)
Event: 2.351 Executing VM operation: G1TryInitiateConcMark (G1 Humongous Allocation) done
Event: 2.359 Executing VM operation: G1PauseRemark

Events (20 events):
Event: 2.360 Thread 0x000001cae109e5c0 flushing nmethod 0x000001caf31c4510
Event: 2.360 Thread 0x000001cae109e5c0 flushing nmethod 0x000001caf31f3d90
Event: 2.360 Thread 0x000001cae109e5c0 flushing nmethod 0x000001caf31e8190
Event: 2.360 Thread 0x000001cae109e5c0 flushing nmethod 0x000001caf31e0690
Event: 2.360 Thread 0x000001cae109e5c0 flushing nmethod 0x000001caf31c9810
Event: 2.360 Thread 0x000001cae109e5c0 flushing nmethod 0x000001caf31c7990
Event: 2.360 Thread 0x000001cae109e5c0 flushing nmethod 0x000001caf31dc390
Event: 2.360 Thread 0x000001cae109e5c0 flushing nmethod 0x000001caf31dc090
Event: 2.360 Thread 0x000001cae109e5c0 flushing nmethod 0x000001caf31ac610
Event: 2.360 Thread 0x000001cae109e5c0 flushing nmethod 0x000001caf31b5c90
Event: 2.360 Thread 0x000001cae109e5c0 flushing nmethod 0x000001caf31b4d90
Event: 2.360 Thread 0x000001cae109e5c0 flushing nmethod 0x000001caf31bdf90
Event: 2.360 Thread 0x000001cae109e5c0 flushing nmethod 0x000001caf31bbf90
Event: 2.360 Thread 0x000001cae109e5c0 flushing nmethod 0x000001caf31b4110
Event: 2.360 Thread 0x000001cae109e5c0 flushing nmethod 0x000001caf31b2790
Event: 2.360 Thread 0x000001cae109e5c0 flushing nmethod 0x000001caf31b0490
Event: 2.360 Thread 0x000001cae109e5c0 flushing nmethod 0x000001caf31b7b90
Event: 2.360 Thread 0x000001cae109e5c0 flushing nmethod 0x000001caf31b1b10
Event: 2.360 Thread 0x000001cae109e5c0 flushing nmethod 0x000001caf31aad90
Event: 2.360 Thread 0x000001cae109e5c0 flushing nmethod 0x000001caf31aa390


Dynamic libraries:
0x00007ff647bc0000 - 0x00007ff647bd0000 	C:\Program Files\Java\jdk-21\bin\java.exe
0x00007ffb985f0000 - 0x00007ffb98807000 	C:\Windows\SYSTEM32\ntdll.dll
0x00007ffb97070000 - 0x00007ffb97134000 	C:\Windows\System32\KERNEL32.DLL
0x00007ffb95af0000 - 0x00007ffb95e96000 	C:\Windows\System32\KERNELBASE.dll
0x00007ffb95f50000 - 0x00007ffb96061000 	C:\Windows\System32\ucrtbase.dll
0x00007ffb8b2d0000 - 0x00007ffb8b2e9000 	C:\Program Files\Java\jdk-21\bin\jli.dll
0x00007ffb86090000 - 0x00007ffb860ab000 	C:\Program Files\Java\jdk-21\bin\VCRUNTIME140.dll
0x00007ffb96f20000 - 0x00007ffb96fd3000 	C:\Windows\System32\ADVAPI32.dll
0x00007ffb965c0000 - 0x00007ffb96667000 	C:\Windows\System32\msvcrt.dll
0x00007ffb983b0000 - 0x00007ffb98458000 	C:\Windows\System32\sechost.dll
0x00007ffb959a0000 - 0x00007ffb959c8000 	C:\Windows\System32\bcrypt.dll
0x00007ffb96470000 - 0x00007ffb96587000 	C:\Windows\System32\RPCRT4.dll
0x00007ffb97aa0000 - 0x00007ffb97c4e000 	C:\Windows\System32\USER32.dll
0x00007ffb95ea0000 - 0x00007ffb95ec6000 	C:\Windows\System32\win32u.dll
0x00007ffb7dbd0000 - 0x00007ffb7de63000 	C:\Windows\WinSxS\amd64_microsoft.windows.common-controls_6595b64144ccf1df_6.0.22621.2506_none_270c5ae97388e100\COMCTL32.dll
0x00007ffb98460000 - 0x00007ffb98489000 	C:\Windows\System32\GDI32.dll
0x00007ffb959d0000 - 0x00007ffb95ae8000 	C:\Windows\System32\gdi32full.dll
0x00007ffb962a0000 - 0x00007ffb9633a000 	C:\Windows\System32\msvcp_win.dll
0x00007ffb8df40000 - 0x00007ffb8df4a000 	C:\Windows\SYSTEM32\VERSION.dll
0x00007ffb98570000 - 0x00007ffb985a1000 	C:\Windows\System32\IMM32.DLL
0x00007ffb90810000 - 0x00007ffb9081c000 	C:\Program Files\Java\jdk-21\bin\vcruntime140_1.dll
0x00007ffb79ec0000 - 0x00007ffb79f4e000 	C:\Program Files\Java\jdk-21\bin\msvcp140.dll
0x00007ffb26840000 - 0x00007ffb27555000 	C:\Program Files\Java\jdk-21\bin\server\jvm.dll
0x00007ffb963a0000 - 0x00007ffb96411000 	C:\Windows\System32\WS2_32.dll
0x00007ffb94eb0000 - 0x00007ffb94efd000 	C:\Windows\SYSTEM32\POWRPROF.dll
0x00007ffb8e150000 - 0x00007ffb8e184000 	C:\Windows\SYSTEM32\WINMM.dll
0x00007ffb94e20000 - 0x00007ffb94e33000 	C:\Windows\SYSTEM32\UMPDC.dll
0x00007ffb94930000 - 0x00007ffb94948000 	C:\Windows\SYSTEM32\kernel.appcore.dll
0x00007ffb8b730000 - 0x00007ffb8b73a000 	C:\Program Files\Java\jdk-21\bin\jimage.dll
0x00007ffb8c560000 - 0x00007ffb8c793000 	C:\Windows\SYSTEM32\DBGHELP.DLL
0x00007ffb96670000 - 0x00007ffb969f9000 	C:\Windows\System32\combase.dll
0x00007ffb96e20000 - 0x00007ffb96ef7000 	C:\Windows\System32\OLEAUT32.dll
0x00007ffb7c070000 - 0x00007ffb7c0a2000 	C:\Windows\SYSTEM32\dbgcore.DLL
0x00007ffb95ed0000 - 0x00007ffb95f4a000 	C:\Windows\System32\bcryptPrimitives.dll
0x00007ffb85ca0000 - 0x00007ffb85cbf000 	C:\Program Files\Java\jdk-21\bin\java.dll
0x00007ffb97240000 - 0x00007ffb97a9b000 	C:\Windows\System32\SHELL32.dll
0x00007ffb93840000 - 0x00007ffb94136000 	C:\Windows\SYSTEM32\windows.storage.dll
0x00007ffb93700000 - 0x00007ffb9383e000 	C:\Windows\SYSTEM32\wintypes.dll
0x00007ffb982b0000 - 0x00007ffb983a3000 	C:\Windows\System32\SHCORE.dll
0x00007ffb98510000 - 0x00007ffb9856e000 	C:\Windows\System32\shlwapi.dll
0x00007ffb95860000 - 0x00007ffb95886000 	C:\Windows\SYSTEM32\profapi.dll
0x00007ffb578e0000 - 0x00007ffb579b7000 	C:\Program Files\Java\jdk-21\bin\jsvml.dll
0x00007ffb8a9e0000 - 0x00007ffb8a9f0000 	C:\Program Files\Java\jdk-21\bin\net.dll
0x00007ffb8f620000 - 0x00007ffb8f757000 	C:\Windows\SYSTEM32\WINHTTP.dll
0x00007ffb94e40000 - 0x00007ffb94ea9000 	C:\Windows\system32\mswsock.dll
0x00007ffb7f060000 - 0x00007ffb7f076000 	C:\Program Files\Java\jdk-21\bin\nio.dll
0x00007ffb80940000 - 0x00007ffb80958000 	C:\Program Files\Java\jdk-21\bin\zip.dll
0x000001ca82970000 - 0x000001ca82973000 	C:\Users\GAMING\.openjfx\cache\21.0.1+6\amd64\api-ms-win-core-console-l1-1-0.dll
0x000001ca82980000 - 0x000001ca82983000 	C:\Users\GAMING\.openjfx\cache\21.0.1+6\amd64\api-ms-win-core-console-l1-2-0.dll
0x000001ca82990000 - 0x000001ca82993000 	C:\Users\GAMING\.openjfx\cache\21.0.1+6\amd64\api-ms-win-core-datetime-l1-1-0.dll
0x000001ca829a0000 - 0x000001ca829a3000 	C:\Users\GAMING\.openjfx\cache\21.0.1+6\amd64\api-ms-win-core-debug-l1-1-0.dll
0x000001ca829b0000 - 0x000001ca829b3000 	C:\Users\GAMING\.openjfx\cache\21.0.1+6\amd64\api-ms-win-core-errorhandling-l1-1-0.dll
0x000001ca829c0000 - 0x000001ca829c4000 	C:\Users\GAMING\.openjfx\cache\21.0.1+6\amd64\api-ms-win-core-file-l1-1-0.dll
0x000001ca829d0000 - 0x000001ca829d3000 	C:\Users\GAMING\.openjfx\cache\21.0.1+6\amd64\api-ms-win-core-file-l1-2-0.dll
0x000001ca829e0000 - 0x000001ca829e3000 	C:\Users\GAMING\.openjfx\cache\21.0.1+6\amd64\api-ms-win-core-file-l2-1-0.dll
0x000001ca829f0000 - 0x000001ca829f3000 	C:\Users\GAMING\.openjfx\cache\21.0.1+6\amd64\api-ms-win-core-handle-l1-1-0.dll
0x000001ca82a00000 - 0x000001ca82a03000 	C:\Users\GAMING\.openjfx\cache\21.0.1+6\amd64\api-ms-win-core-heap-l1-1-0.dll
0x000001ca82a10000 - 0x000001ca82a13000 	C:\Users\GAMING\.openjfx\cache\21.0.1+6\amd64\api-ms-win-core-interlocked-l1-1-0.dll
0x000001ca82a20000 - 0x000001ca82a23000 	C:\Users\GAMING\.openjfx\cache\21.0.1+6\amd64\api-ms-win-core-libraryloader-l1-1-0.dll
0x000001ca82a30000 - 0x000001ca82a33000 	C:\Users\GAMING\.openjfx\cache\21.0.1+6\amd64\api-ms-win-core-localization-l1-2-0.dll
0x000001ca82a40000 - 0x000001ca82a43000 	C:\Users\GAMING\.openjfx\cache\21.0.1+6\amd64\api-ms-win-core-memory-l1-1-0.dll
0x000001ca82a50000 - 0x000001ca82a53000 	C:\Users\GAMING\.openjfx\cache\21.0.1+6\amd64\api-ms-win-core-namedpipe-l1-1-0.dll
0x000001ca82a60000 - 0x000001ca82a63000 	C:\Users\GAMING\.openjfx\cache\21.0.1+6\amd64\api-ms-win-core-processenvironment-l1-1-0.dll
0x000001ca82a70000 - 0x000001ca82a73000 	C:\Users\GAMING\.openjfx\cache\21.0.1+6\amd64\api-ms-win-core-processthreads-l1-1-0.dll
0x000001ca82a80000 - 0x000001ca82a83000 	C:\Users\GAMING\.openjfx\cache\21.0.1+6\amd64\api-ms-win-core-processthreads-l1-1-1.dll
0x000001ca82a90000 - 0x000001ca82a93000 	C:\Users\GAMING\.openjfx\cache\21.0.1+6\amd64\api-ms-win-core-profile-l1-1-0.dll
0x000001ca82aa0000 - 0x000001ca82aa3000 	C:\Users\GAMING\.openjfx\cache\21.0.1+6\amd64\api-ms-win-core-rtlsupport-l1-1-0.dll
0x000001ca82ab0000 - 0x000001ca82ab3000 	C:\Users\GAMING\.openjfx\cache\21.0.1+6\amd64\api-ms-win-core-string-l1-1-0.dll
0x000001ca82ac0000 - 0x000001ca82ac3000 	C:\Users\GAMING\.openjfx\cache\21.0.1+6\amd64\api-ms-win-core-synch-l1-1-0.dll
0x000001ca82ad0000 - 0x000001ca82ad3000 	C:\Users\GAMING\.openjfx\cache\21.0.1+6\amd64\api-ms-win-core-synch-l1-2-0.dll
0x000001ca82ae0000 - 0x000001ca82ae3000 	C:\Users\GAMING\.openjfx\cache\21.0.1+6\amd64\api-ms-win-core-sysinfo-l1-1-0.dll
0x000001ca82af0000 - 0x000001ca82af3000 	C:\Users\GAMING\.openjfx\cache\21.0.1+6\amd64\api-ms-win-core-timezone-l1-1-0.dll
0x000001ca82b00000 - 0x000001ca82b03000 	C:\Users\GAMING\.openjfx\cache\21.0.1+6\amd64\api-ms-win-core-util-l1-1-0.dll
0x000001ca82b10000 - 0x000001ca82b13000 	C:\Users\GAMING\.openjfx\cache\21.0.1+6\amd64\api-ms-win-crt-conio-l1-1-0.dll
0x000001ca82b20000 - 0x000001ca82b24000 	C:\Users\GAMING\.openjfx\cache\21.0.1+6\amd64\api-ms-win-crt-convert-l1-1-0.dll
0x000001ca82b30000 - 0x000001ca82b33000 	C:\Users\GAMING\.openjfx\cache\21.0.1+6\amd64\api-ms-win-crt-environment-l1-1-0.dll
0x000001ca82b40000 - 0x000001ca82b43000 	C:\Users\GAMING\.openjfx\cache\21.0.1+6\amd64\api-ms-win-crt-filesystem-l1-1-0.dll
0x000001ca82b50000 - 0x000001ca82b53000 	C:\Users\GAMING\.openjfx\cache\21.0.1+6\amd64\api-ms-win-crt-heap-l1-1-0.dll
0x000001ca82b60000 - 0x000001ca82b63000 	C:\Users\GAMING\.openjfx\cache\21.0.1+6\amd64\api-ms-win-crt-locale-l1-1-0.dll
0x000001ca82b70000 - 0x000001ca82b75000 	C:\Users\GAMING\.openjfx\cache\21.0.1+6\amd64\api-ms-win-crt-math-l1-1-0.dll
0x000001ca82b80000 - 0x000001ca82b85000 	C:\Users\GAMING\.openjfx\cache\21.0.1+6\amd64\api-ms-win-crt-multibyte-l1-1-0.dll
0x000001ca82b90000 - 0x000001ca82ba0000 	C:\Users\GAMING\.openjfx\cache\21.0.1+6\amd64\api-ms-win-crt-private-l1-1-0.dll
0x000001ca82ba0000 - 0x000001ca82ba3000 	C:\Users\GAMING\.openjfx\cache\21.0.1+6\amd64\api-ms-win-crt-process-l1-1-0.dll
0x000001ca82bb0000 - 0x000001ca82bb4000 	C:\Users\GAMING\.openjfx\cache\21.0.1+6\amd64\api-ms-win-crt-runtime-l1-1-0.dll
0x000001ca82bc0000 - 0x000001ca82bc4000 	C:\Users\GAMING\.openjfx\cache\21.0.1+6\amd64\api-ms-win-crt-stdio-l1-1-0.dll
0x000001ca82bd0000 - 0x000001ca82bd4000 	C:\Users\GAMING\.openjfx\cache\21.0.1+6\amd64\api-ms-win-crt-string-l1-1-0.dll
0x000001ca82be0000 - 0x000001ca82be3000 	C:\Users\GAMING\.openjfx\cache\21.0.1+6\amd64\api-ms-win-crt-time-l1-1-0.dll
0x000001ca82bf0000 - 0x000001ca82bf3000 	C:\Users\GAMING\.openjfx\cache\21.0.1+6\amd64\api-ms-win-crt-utility-l1-1-0.dll
0x00007ffb543d0000 - 0x00007ffb544cc000 	C:\Users\GAMING\.openjfx\cache\21.0.1+6\amd64\ucrtbase.dll
0x00007ffb7e570000 - 0x00007ffb7e58b000 	C:\Users\GAMING\.openjfx\cache\21.0.1+6\amd64\vcruntime140.dll
0x00007ffb7f050000 - 0x00007ffb7f05c000 	C:\Users\GAMING\.openjfx\cache\21.0.1+6\amd64\vcruntime140_1.dll
0x00007ffb5dfd0000 - 0x00007ffb5e05e000 	C:\Users\GAMING\.openjfx\cache\21.0.1+6\amd64\msvcp140.dll
0x00007ffb96c80000 - 0x00007ffb96e20000 	C:\Windows\System32\ole32.dll
0x00007ffb7e2e0000 - 0x00007ffb7e2e9000 	C:\Users\GAMING\.openjfx\cache\21.0.1+6\amd64\msvcp140_1.dll
0x00007ffb7dff0000 - 0x00007ffb7e01f000 	C:\Users\GAMING\.openjfx\cache\21.0.1+6\amd64\msvcp140_2.dll
0x00007ffb79a40000 - 0x00007ffb79a6f000 	C:\Users\GAMING\.openjfx\cache\21.0.1+6\amd64\prism_d3d.dll
0x00007ffb6d540000 - 0x00007ffb6d6e9000 	C:\Windows\system32\d3d9.dll
0x00007ffb930b0000 - 0x00007ffb930db000 	C:\Windows\SYSTEM32\dwmapi.dll
0x00007ffb92f60000 - 0x00007ffb92f99000 	C:\Windows\SYSTEM32\dxcore.dll
0x00007ffb92e30000 - 0x00007ffb92edb000 	C:\Windows\system32\uxtheme.dll
0x00007ffb8cdb0000 - 0x00007ffb8ce6e000 	C:\Windows\System32\DriverStore\FileRepository\nvlti.inf_amd64_4431f809be2dd54c\nvldumdx.dll
0x00007ffb955d0000 - 0x00007ffb955e2000 	C:\Windows\SYSTEM32\msasn1.dll
0x00007ffb8cd70000 - 0x00007ffb8cda2000 	C:\Windows\SYSTEM32\cryptnet.dll
0x00007ffb96070000 - 0x00007ffb961d6000 	C:\Windows\System32\CRYPT32.dll
0x00007ffb8cc10000 - 0x00007ffb8cd68000 	C:\Windows\SYSTEM32\drvstore.dll
0x00007ffb955f0000 - 0x00007ffb9561c000 	C:\Windows\SYSTEM32\devobj.dll
0x00007ffb95620000 - 0x00007ffb9566e000 	C:\Windows\SYSTEM32\cfgmgr32.dll
0x00007ffb95110000 - 0x00007ffb9515b000 	C:\Windows\SYSTEM32\wldp.dll
0x00007ffb951c0000 - 0x00007ffb951cc000 	C:\Windows\SYSTEM32\cryptbase.dll
0x00007ffb95930000 - 0x00007ffb9599b000 	C:\Windows\System32\wintrust.dll
0x00007ffb965a0000 - 0x00007ffb965bf000 	C:\Windows\System32\imagehlp.dll
0x00007ffb951e0000 - 0x00007ffb951fb000 	C:\Windows\SYSTEM32\CRYPTSP.dll
0x00007ffb94890000 - 0x00007ffb948c5000 	C:\Windows\system32\rsaenh.dll
0x00007ffb87b50000 - 0x00007ffb89d6d000 	C:\Windows\System32\DriverStore\FileRepository\nvlti.inf_amd64_4431f809be2dd54c\nvgpucomp64.dll
0x00007ffb34d70000 - 0x00007ffb3711f000 	C:\Windows\System32\DriverStore\FileRepository\nvlti.inf_amd64_4431f809be2dd54c\nvd3dumx.dll
0x00007ffb8fc80000 - 0x00007ffb8fcca000 	C:\Windows\SYSTEM32\directxdatabasehelper.dll
0x00007ffb6f3a0000 - 0x00007ffb6f3e2000 	C:\Users\GAMING\.openjfx\cache\21.0.1+6\amd64\glass.dll
0x00007ffb97140000 - 0x00007ffb97239000 	C:\Windows\System32\COMDLG32.dll
0x00007ffb97c50000 - 0x00007ffb97da1000 	C:\Windows\System32\MSCTF.dll
0x00007ffb44e40000 - 0x00007ffb45111000 	C:\Windows\system32\nvspcap64.dll
0x00007ffb94950000 - 0x00007ffb94984000 	C:\Windows\SYSTEM32\ntmarta.dll
0x00007ffb94f00000 - 0x00007ffb94f26000 	C:\Windows\SYSTEM32\gpapi.dll
0x00007ffb94410000 - 0x00007ffb94509000 	C:\Windows\SYSTEM32\DNSAPI.dll
0x00007ffb943a0000 - 0x00007ffb943cd000 	C:\Windows\SYSTEM32\IPHLPAPI.DLL
0x00007ffb96c70000 - 0x00007ffb96c79000 	C:\Windows\System32\NSI.dll
0x00007ffb89e50000 - 0x00007ffb89e5a000 	C:\Windows\System32\rasadhlp.dll
0x00007ffb8dd50000 - 0x00007ffb8ddd3000 	C:\Windows\System32\fwpuclnt.dll
0x00007ffb86dd0000 - 0x00007ffb86dd7000 	C:\Program Files\Java\jdk-21\bin\extnet.dll

dbghelp: loaded successfully - version: 4.0.5 - missing functions: none
symbol engine: initialized successfully - sym options: 0x614 - pdb path: .;C:\Program Files\Java\jdk-21\bin;C:\Windows\SYSTEM32;C:\Windows\WinSxS\amd64_microsoft.windows.common-controls_6595b64144ccf1df_6.0.22621.2506_none_270c5ae97388e100;C:\Program Files\Java\jdk-21\bin\server;C:\Users\GAMING\.openjfx\cache\21.0.1+6\amd64;C:\Windows\System32\DriverStore\FileRepository\nvlti.inf_amd64_4431f809be2dd54c;C:\Program Files\Common Files\Microsoft Shared\Ink

VM Arguments:
jvm_args: --module-path=C:\\Users\\GAMING\\.m2\\repository\\org\\openjfx\\javafx-base\\21.0.1\\javafx-base-21.0.1-win.jar;C:\\Users\\GAMING\\.m2\\repository\\org\\openjfx\\javafx-base\\21.0.1\\javafx-base-21.0.1.jar;C:\\Users\\GAMING\\.m2\\repository\\org\\openjfx\\javafx-controls\\21.0.1\\javafx-controls-21.0.1-win.jar;C:\\Users\\GAMING\\.m2\\repository\\org\\openjfx\\javafx-controls\\21.0.1\\javafx-controls-21.0.1.jar;C:\\Users\\GAMING\\.m2\\repository\\org\\openjfx\\javafx-fxml\\21.0.1\\javafx-fxml-21.0.1-win.jar;C:\\Users\\GAMING\\.m2\\repository\\org\\openjfx\\javafx-fxml\\21.0.1\\javafx-fxml-21.0.1.jar;C:\\Users\\GAMING\\.m2\\repository\\org\\openjfx\\javafx-graphics\\21.0.1\\javafx-graphics-21.0.1-win.jar;C:\\Users\\GAMING\\.m2\\repository\\org\\openjfx\\javafx-graphics\\21.0.1\\javafx-graphics-21.0.1.jar --add-modules=javafx.base,javafx.controls,javafx.fxml,javafx.graphics 
java_command: org.example.MainFX
java_class_path (initial): C:\\Users\\GAMING\\Desktop\\pidev-2024\\pidev-2024\\target\\classes;C:\\Users\\GAMING\\.m2\\repository\\com\\google\\protobuf\\protobuf-java\\3.19.4\\protobuf-java-3.19.4.jar;C:\\Users\\GAMING\\.m2\\repository\\com\\mysql\\mysql-connector-j\\8.0.31\\mysql-connector-j-8.0.31.jar;C:\\Users\\GAMING\\.m2\\repository\\com\\squareup\\okhttp3\\okhttp\\4.12.0\\okhttp-4.12.0.jar;C:\\Users\\GAMING\\.m2\\repository\\com\\squareup\\okio\\okio\\3.6.0\\okio-3.6.0.jar;C:\\Users\\GAMING\\.m2\\repository\\com\\squareup\\okio\\okio-jvm\\3.6.0\\okio-jvm-3.6.0.jar;C:\\Users\\GAMING\\.m2\\repository\\javax\\activation\\activation\\1.1\\activation-1.1.jar;C:\\Users\\GAMING\\.m2\\repository\\javax\\mail\\mail\\1.4\\mail-1.4.jar;C:\\Users\\GAMING\\.m2\\repository\\org\\jetbrains\\annotations\\13.0\\annotations-13.0.jar;C:\\Users\\GAMING\\.m2\\repository\\org\\jetbrains\\kotlin\\kotlin-stdlib\\1.8.21\\kotlin-stdlib-1.8.21.jar;C:\\Users\\GAMING\\.m2\\repository\\org\\jetbrains\\kotlin\\kotlin-stdlib-common\\1.9.10\\kotlin-stdlib-common-1.9.10.jar;C:\\Users\\GAMING\\.m2\\repository\\org\\jetbrains\\kotlin\\kotlin-stdlib-jdk7\\1.8.21\\kotlin-stdlib-jdk7-1.8.21.jar;C:\\Users\\GAMING\\.m2\\repository\\org\\jetbrains\\kotlin\\kotlin-stdlib-jdk8\\1.8.21\\kotlin-stdlib-jdk8-1.8.21.jar;C:\\Users\\GAMING\\.m2\\repository\\org\\json\\json\\20240205\\json-20240205.jar;C:\\Users\\GAMING\\.m2\\repository\\org\\mindrot\\jbcrypt\\0.4\\jbcrypt-0.4.jar
Launcher Type: SUN_STANDARD

[Global flags]
     intx CICompilerCount                          = 4                                         {product} {ergonomic}
     uint ConcGCThreads                            = 2                                         {product} {ergonomic}
     uint G1ConcRefinementThreads                  = 8                                         {product} {ergonomic}
   size_t G1HeapRegionSize                         = 2097152                                   {product} {ergonomic}
    uintx GCDrainStackTargetSize                   = 64                                        {product} {ergonomic}
   size_t InitialHeapSize                          = 268435456                                 {product} {ergonomic}
   size_t MarkStackSize                            = 4194304                                   {product} {ergonomic}
   size_t MaxHeapSize                              = 4263510016                                {product} {ergonomic}
   size_t MaxNewSize                               = 2556428288                                {product} {ergonomic}
   size_t MinHeapDeltaBytes                        = 2097152                                   {product} {ergonomic}
   size_t MinHeapSize                              = 8388608                                   {product} {ergonomic}
    uintx NonNMethodCodeHeapSize                   = 5839372                                {pd product} {ergonomic}
    uintx NonProfiledCodeHeapSize                  = 122909434                              {pd product} {ergonomic}
    uintx ProfiledCodeHeapSize                     = 122909434                              {pd product} {ergonomic}
    uintx ReservedCodeCacheSize                    = 251658240                              {pd product} {ergonomic}
     bool SegmentedCodeCache                       = true                                      {product} {ergonomic}
   size_t SoftMaxHeapSize                          = 4263510016                             {manageable} {ergonomic}
     bool UseCompressedOops                        = true                           {product lp64_product} {ergonomic}
     bool UseG1GC                                  = true                                      {product} {ergonomic}
     bool UseLargePagesIndividualAllocation        = false                                  {pd product} {ergonomic}

Logging:
Log output configuration:
 #0: stdout all=warning uptime,level,tags foldmultilines=false
 #1: stderr all=off uptime,level,tags foldmultilines=false

Environment Variables:
PATH=C:\oraclexe\app\oracle\product\11.2.0\server\bin;;C:\Program Files\Python312\Scripts\;C:\Program Files\Python312\;C:\Program Files\Common Files\Oracle\Java\javapath;C:\Windows\system32;C:\Windows;C:\Windows\System32\Wbem;C:\Windows\System32\WindowsPowerShell\v1.0\;C:\Windows\System32\OpenSSH\;C:\Program Files\Java\jdk-21\bin;C:\Program Files\Git\cmd;C:\Program Files\NVIDIA Corporation\NVIDIA NvDLISR;C:\Program Files (x86)\NVIDIA Corporation\PhysX\Common;C:\Program Files\apache-maven-3.9.6\bin;C:\Program Files\nodejs\;C:\xampp\php;C:\ProgramData\ComposerSetup\bin;C:\Users\GAMING\scoop\shims;C:\Users\GAMING\AppData\Local\Microsoft\WindowsApps;;C:\Users\GAMING\AppData\Local\Programs\Microsoft VS Code\bin;C:\Program Files\JetBrains\IntelliJ IDEA Educational Edition 2022.2.2\bin;;C:\Users\GAMING\AppData\Roaming\npm;C:\Users\GAMING\AppData\Roaming\Composer\vendor\bin
USERNAME=GAMING
OS=Windows_NT
PROCESSOR_IDENTIFIER=Intel64 Family 6 Model 158 Stepping 13, GenuineIntel
TMP=C:\Users\GAMING\AppData\Local\Temp
TEMP=C:\Users\GAMING\AppData\Local\Temp




Periodic native trim disabled

---------------  S Y S T E M  ---------------

OS:
 Windows 11 , 64 bit Build 22621 (10.0.22621.3085)
OS uptime: 9 days 7:04 hours
Hyper-V role detected

CPU: total 8 (initial active 8) (4 cores per cpu, 2 threads per core) family 6 model 158 stepping 13 microcode 0xf0, cx8, cmov, fxsr, ht, mmx, 3dnowpref, sse, sse2, sse3, ssse3, sse4.1, sse4.2, popcnt, lzcnt, tsc, tscinvbit, avx, avx2, aes, erms, clmul, bmi1, bmi2, adx, fma, vzeroupper, clflush, clflushopt, hv, rdtscp, f16c
Processor Information for processor 0
  Max Mhz: 2400, Current Mhz: 2400, Mhz Limit: 2400
Processor Information for processor 1
  Max Mhz: 2400, Current Mhz: 1500, Mhz Limit: 2400
Processor Information for processor 2
  Max Mhz: 2400, Current Mhz: 1500, Mhz Limit: 2400
Processor Information for processor 3
  Max Mhz: 2400, Current Mhz: 1500, Mhz Limit: 2400
Processor Information for processor 4
  Max Mhz: 2400, Current Mhz: 2400, Mhz Limit: 2400
Processor Information for processor 5
  Max Mhz: 2400, Current Mhz: 1500, Mhz Limit: 2400
Processor Information for processor 6
  Max Mhz: 2400, Current Mhz: 1500, Mhz Limit: 2400
Processor Information for processor 7
  Max Mhz: 2400, Current Mhz: 2400, Mhz Limit: 2400

Memory: 4k page, system-wide physical 16261M (1286M free)
TotalPageFile size 46674M (AvailPageFile size 5M)
current process WorkingSet (physical memory assigned to process): 427M, peak: 431M
current process commit charge ("private bytes"): 798M, peak: 805M

vm_info: Java HotSpot(TM) 64-Bit Server VM (21.0.1+12-LTS-29) for windows-amd64 JRE (21.0.1+12-LTS-29), built on 2023-10-05T13:27:09Z by "mach5one" with MS VC++ 17.1 (VS2022)

END.
